[0.008s] Invoking command in '/rm_version/build/rm_tracker': AMENT_PREFIX_PATH=/rm_version/install/rm_msg_interfaces:${AMENT_PREFIX_PATH} CMAKE_PREFIX_PATH=/rm_version/install/rm_msg_interfaces:/ros_ws/install/ros2_video:/ros_ws/install/rm_vision_bringup:/ros_ws/install/rm_serial_driver:/ros_ws/install/rm_gimbal_description:/ros_ws/install/rm_auto_aim:/ros_ws/install/mindvision_camera:/ros_ws/install/hik_camera:/ros_ws/install/armor_tracker:/ros_ws/install/armor_detector:/ros_ws/install/auto_aim_interfaces:/opt/ros/humble LD_LIBRARY_PATH=/rm_version/install/rm_msg_interfaces/lib:${LD_LIBRARY_PATH} PYTHONPATH=/rm_version/install/rm_msg_interfaces/local/lib/python3.10/dist-packages:${PYTHONPATH} /usr/bin/cmake --build /rm_version/build/rm_tracker -- -j20 -l20
[0.031s] [35m[1mConsolidate compiler generated dependencies of target rm_tracker[0m
[0.036s] [ 33%] Built target rm_tracker_node
[0.050s] [ 50%] [32mBuilding CXX object CMakeFiles/rm_tracker.dir/src/extended_kalman_filiter.cpp.o[0m
[0.051s] [ 66%] [32mBuilding CXX object CMakeFiles/rm_tracker.dir/src/tracker.cpp.o[0m
[0.052s] [ 83%] [32mBuilding CXX object CMakeFiles/rm_tracker.dir/src/tracker_node.cpp.o[0m
[6.632s] [100%] [32m[1mLinking CXX shared library librm_tracker.so[0m
[7.072s] [100%] Built target rm_tracker
[7.079s] Invoked command in '/rm_version/build/rm_tracker' returned '0': AMENT_PREFIX_PATH=/rm_version/install/rm_msg_interfaces:${AMENT_PREFIX_PATH} CMAKE_PREFIX_PATH=/rm_version/install/rm_msg_interfaces:/ros_ws/install/ros2_video:/ros_ws/install/rm_vision_bringup:/ros_ws/install/rm_serial_driver:/ros_ws/install/rm_gimbal_description:/ros_ws/install/rm_auto_aim:/ros_ws/install/mindvision_camera:/ros_ws/install/hik_camera:/ros_ws/install/armor_tracker:/ros_ws/install/armor_detector:/ros_ws/install/auto_aim_interfaces:/opt/ros/humble LD_LIBRARY_PATH=/rm_version/install/rm_msg_interfaces/lib:${LD_LIBRARY_PATH} PYTHONPATH=/rm_version/install/rm_msg_interfaces/local/lib/python3.10/dist-packages:${PYTHONPATH} /usr/bin/cmake --build /rm_version/build/rm_tracker -- -j20 -l20
[7.094s] Invoking command in '/rm_version/build/rm_tracker': AMENT_PREFIX_PATH=/rm_version/install/rm_msg_interfaces:${AMENT_PREFIX_PATH} CMAKE_PREFIX_PATH=/rm_version/install/rm_msg_interfaces:/ros_ws/install/ros2_video:/ros_ws/install/rm_vision_bringup:/ros_ws/install/rm_serial_driver:/ros_ws/install/rm_gimbal_description:/ros_ws/install/rm_auto_aim:/ros_ws/install/mindvision_camera:/ros_ws/install/hik_camera:/ros_ws/install/armor_tracker:/ros_ws/install/armor_detector:/ros_ws/install/auto_aim_interfaces:/opt/ros/humble LD_LIBRARY_PATH=/rm_version/install/rm_msg_interfaces/lib:${LD_LIBRARY_PATH} PYTHONPATH=/rm_version/install/rm_msg_interfaces/local/lib/python3.10/dist-packages:${PYTHONPATH} /usr/bin/cmake --install /rm_version/build/rm_tracker
[7.097s] -- Install configuration: ""
[7.097s] -- Up-to-date: /rm_version/install/rm_tracker/lib/rm_tracker/rm_tracker_node
[7.097s] -- Up-to-date: /rm_version/install/rm_tracker/include
[7.097s] -- Installing: /rm_version/install/rm_tracker/include/tracker_node.hpp
[7.097s] -- Up-to-date: /rm_version/install/rm_tracker/include/tracker.hpp
[7.097s] -- Up-to-date: /rm_version/install/rm_tracker/include/extended_kalman_filiter.hpp
[7.098s] -- Up-to-date: /rm_version/install/rm_tracker/share/rm_tracker/environment/library_path.sh
[7.098s] -- Up-to-date: /rm_version/install/rm_tracker/share/rm_tracker/environment/library_path.dsv
[7.098s] -- Installing: /rm_version/install/rm_tracker/lib/librm_tracker.so
[7.104s] -- Set runtime path of "/rm_version/install/rm_tracker/lib/librm_tracker.so" to ""
[7.104s] -- Up-to-date: /rm_version/install/rm_tracker/share/rm_tracker/config
[7.104s] -- Up-to-date: /rm_version/install/rm_tracker/share/rm_tracker/config/tracker.yaml
[7.104s] -- Up-to-date: /rm_version/install/rm_tracker/share/rm_tracker/launch
[7.104s] -- Up-to-date: /rm_version/install/rm_tracker/share/ament_index/resource_index/package_run_dependencies/rm_tracker
[7.104s] -- Up-to-date: /rm_version/install/rm_tracker/share/ament_index/resource_index/parent_prefix_path/rm_tracker
[7.105s] -- Up-to-date: /rm_version/install/rm_tracker/share/rm_tracker/environment/ament_prefix_path.sh
[7.105s] -- Up-to-date: /rm_version/install/rm_tracker/share/rm_tracker/environment/ament_prefix_path.dsv
[7.105s] -- Up-to-date: /rm_version/install/rm_tracker/share/rm_tracker/environment/path.sh
[7.105s] -- Up-to-date: /rm_version/install/rm_tracker/share/rm_tracker/environment/path.dsv
[7.105s] -- Up-to-date: /rm_version/install/rm_tracker/share/rm_tracker/local_setup.bash
[7.105s] -- Up-to-date: /rm_version/install/rm_tracker/share/rm_tracker/local_setup.sh
[7.105s] -- Up-to-date: /rm_version/install/rm_tracker/share/rm_tracker/local_setup.zsh
[7.105s] -- Up-to-date: /rm_version/install/rm_tracker/share/rm_tracker/local_setup.dsv
[7.105s] -- Installing: /rm_version/install/rm_tracker/share/rm_tracker/package.dsv
[7.105s] -- Up-to-date: /rm_version/install/rm_tracker/share/ament_index/resource_index/packages/rm_tracker
[7.105s] -- Up-to-date: /rm_version/install/rm_tracker/share/ament_index/resource_index/rclcpp_components/rm_tracker
[7.105s] -- Up-to-date: /rm_version/install/rm_tracker/share/rm_tracker/cmake/ament_cmake_export_dependencies-extras.cmake
[7.105s] -- Up-to-date: /rm_version/install/rm_tracker/share/rm_tracker/cmake/ament_cmake_export_include_directories-extras.cmake
[7.105s] -- Up-to-date: /rm_version/install/rm_tracker/share/rm_tracker/cmake/ament_cmake_export_libraries-extras.cmake
[7.105s] -- Up-to-date: /rm_version/install/rm_tracker/share/rm_tracker/cmake/rm_trackerConfig.cmake
[7.105s] -- Up-to-date: /rm_version/install/rm_tracker/share/rm_tracker/cmake/rm_trackerConfig-version.cmake
[7.105s] -- Up-to-date: /rm_version/install/rm_tracker/share/rm_tracker/package.xml
[7.106s] Invoked command in '/rm_version/build/rm_tracker' returned '0': AMENT_PREFIX_PATH=/rm_version/install/rm_msg_interfaces:${AMENT_PREFIX_PATH} CMAKE_PREFIX_PATH=/rm_version/install/rm_msg_interfaces:/ros_ws/install/ros2_video:/ros_ws/install/rm_vision_bringup:/ros_ws/install/rm_serial_driver:/ros_ws/install/rm_gimbal_description:/ros_ws/install/rm_auto_aim:/ros_ws/install/mindvision_camera:/ros_ws/install/hik_camera:/ros_ws/install/armor_tracker:/ros_ws/install/armor_detector:/ros_ws/install/auto_aim_interfaces:/opt/ros/humble LD_LIBRARY_PATH=/rm_version/install/rm_msg_interfaces/lib:${LD_LIBRARY_PATH} PYTHONPATH=/rm_version/install/rm_msg_interfaces/local/lib/python3.10/dist-packages:${PYTHONPATH} /usr/bin/cmake --install /rm_version/build/rm_tracker
