[0.027s] Invoking command in '/rm_version/build/hik_camera': CMAKE_PREFIX_PATH=${CMAKE_PREFIX_PATH}:/opt/ros/humble /usr/bin/cmake --build /rm_version/build/hik_camera -- -j20 -l20
[0.066s] [ 50%] Built target hik_camera
[0.068s] [100%] Built target hik_camera_node
[0.081s] Invoked command in '/rm_version/build/hik_camera' returned '0': CMAKE_PREFIX_PATH=${CMAKE_PREFIX_PATH}:/opt/ros/humble /usr/bin/cmake --build /rm_version/build/hik_camera -- -j20 -l20
[0.113s] Invoking command in '/rm_version/build/hik_camera': CMAKE_PREFIX_PATH=${CMAKE_PREFIX_PATH}:/opt/ros/humble /usr/bin/cmake --install /rm_version/build/hik_camera
[0.115s] -- Install configuration: ""
[0.116s] -- Up-to-date: /rm_version/install/hik_camera/lib
[0.116s] -- Up-to-date: /rm_version/install/hik_camera/lib/libMediaProcess.so
[0.116s] -- Up-to-date: /rm_version/install/hik_camera/lib/libFormatConversion.so
[0.116s] -- Up-to-date: /rm_version/install/hik_camera/lib/libMVRender.so
[0.116s] -- Up-to-date: /rm_version/install/hik_camera/lib/libMvCameraControl.so
[0.116s] -- Up-to-date: /rm_version/install/hik_camera/lib/libMvUsb3vTL.so
[0.116s] -- Up-to-date: /rm_version/install/hik_camera/lib/hik_camera/hik_camera_node
[0.117s] -- Up-to-date: /rm_version/install/hik_camera/share/hik_camera/environment/library_path.sh
[0.117s] -- Up-to-date: /rm_version/install/hik_camera/share/hik_camera/environment/library_path.dsv
[0.117s] -- Up-to-date: /rm_version/install/hik_camera/lib/libhik_camera.so
[0.117s] -- Up-to-date: /rm_version/install/hik_camera/share/hik_camera/launch
[0.117s] -- Up-to-date: /rm_version/install/hik_camera/share/hik_camera/launch/hik_node.launch.py
[0.117s] -- Up-to-date: /rm_version/install/hik_camera/share/hik_camera/config
[0.117s] -- Up-to-date: /rm_version/install/hik_camera/share/hik_camera/config/camera_param.yaml
[0.117s] -- Up-to-date: /rm_version/install/hik_camera/share/ament_index/resource_index/package_run_dependencies/hik_camera
[0.117s] -- Up-to-date: /rm_version/install/hik_camera/share/ament_index/resource_index/parent_prefix_path/hik_camera
[0.117s] -- Up-to-date: /rm_version/install/hik_camera/share/hik_camera/environment/ament_prefix_path.sh
[0.118s] -- Up-to-date: /rm_version/install/hik_camera/share/hik_camera/environment/ament_prefix_path.dsv
[0.118s] -- Up-to-date: /rm_version/install/hik_camera/share/hik_camera/environment/path.sh
[0.118s] -- Up-to-date: /rm_version/install/hik_camera/share/hik_camera/environment/path.dsv
[0.118s] -- Up-to-date: /rm_version/install/hik_camera/share/hik_camera/local_setup.bash
[0.118s] -- Up-to-date: /rm_version/install/hik_camera/share/hik_camera/local_setup.sh
[0.118s] -- Up-to-date: /rm_version/install/hik_camera/share/hik_camera/local_setup.zsh
[0.118s] -- Up-to-date: /rm_version/install/hik_camera/share/hik_camera/local_setup.dsv
[0.118s] -- Installing: /rm_version/install/hik_camera/share/hik_camera/package.dsv
[0.118s] -- Up-to-date: /rm_version/install/hik_camera/share/ament_index/resource_index/packages/hik_camera
[0.118s] -- Up-to-date: /rm_version/install/hik_camera/share/ament_index/resource_index/rclcpp_components/hik_camera
[0.119s] -- Up-to-date: /rm_version/install/hik_camera/share/hik_camera/cmake/ament_cmake_export_dependencies-extras.cmake
[0.119s] -- Up-to-date: /rm_version/install/hik_camera/share/hik_camera/cmake/ament_cmake_export_libraries-extras.cmake
[0.119s] -- Up-to-date: /rm_version/install/hik_camera/share/hik_camera/cmake/hik_cameraConfig.cmake
[0.119s] -- Up-to-date: /rm_version/install/hik_camera/share/hik_camera/cmake/hik_cameraConfig-version.cmake
[0.119s] -- Up-to-date: /rm_version/install/hik_camera/share/hik_camera/package.xml
[0.135s] Invoked command in '/rm_version/build/hik_camera' returned '0': CMAKE_PREFIX_PATH=${CMAKE_PREFIX_PATH}:/opt/ros/humble /usr/bin/cmake --install /rm_version/build/hik_camera
