[  2%] Built target rm_msg_interfaces__cpp
[ 12%] Built target rm_msg_interfaces__rosidl_generator_c
[ 12%] Built target ament_cmake_python_copy_rm_msg_interfaces
[ 23%] Built target rm_msg_interfaces__rosidl_typesupport_introspection_c
[ 33%] Built target rm_msg_interfaces__rosidl_typesupport_cpp
[ 43%] Built target rm_msg_interfaces__rosidl_typesupport_introspection_cpp
[ 53%] Built target rm_msg_interfaces__rosidl_typesupport_fastrtps_cpp
[ 64%] Built target rm_msg_interfaces__rosidl_typesupport_c
[ 74%] Built target rm_msg_interfaces__rosidl_typesupport_fastrtps_c
[ 74%] Built target rm_msg_interfaces
[ 76%] Built target rm_msg_interfaces__py
[ 84%] Built target rm_msg_interfaces__rosidl_generator_py
[ 89%] Built target rm_msg_interfaces__rosidl_typesupport_introspection_c__pyext
[ 94%] Built target rm_msg_interfaces__rosidl_typesupport_fastrtps_c__pyext
[100%] Built target rm_msg_interfaces__rosidl_typesupport_c__pyext
running egg_info
writing rm_msg_interfaces.egg-info/PKG-INFO
writing dependency_links to rm_msg_interfaces.egg-info/dependency_links.txt
writing top-level names to rm_msg_interfaces.egg-info/top_level.txt
reading manifest file 'rm_msg_interfaces.egg-info/SOURCES.txt'
writing manifest file 'rm_msg_interfaces.egg-info/SOURCES.txt'
[100%] Built target ament_cmake_python_build_rm_msg_interfaces_egg
