[0.029s] Invoking command in '/rm_version/build/rm_msg_interfaces': CMAKE_PREFIX_PATH=${CMAKE_PREFIX_PATH}:/opt/ros/humble /usr/bin/cmake --build /rm_version/build/rm_msg_interfaces -- -j20 -l20
[0.071s] [  2%] Built target rm_msg_interfaces__cpp
[0.075s] [ 12%] Built target rm_msg_interfaces__rosidl_generator_c
[0.082s] [ 12%] Built target ament_cmake_python_copy_rm_msg_interfaces
[0.089s] [ 23%] Built target rm_msg_interfaces__rosidl_typesupport_introspection_c
[0.090s] [ 33%] Built target rm_msg_interfaces__rosidl_typesupport_cpp
[0.092s] [ 43%] Built target rm_msg_interfaces__rosidl_typesupport_introspection_cpp
[0.092s] [ 53%] Built target rm_msg_interfaces__rosidl_typesupport_fastrtps_cpp
[0.094s] [ 64%] Built target rm_msg_interfaces__rosidl_typesupport_c
[0.098s] [ 74%] Built target rm_msg_interfaces__rosidl_typesupport_fastrtps_c
[0.108s] [ 74%] Built target rm_msg_interfaces
[0.123s] [ 76%] Built target rm_msg_interfaces__py
[0.137s] [ 84%] Built target rm_msg_interfaces__rosidl_generator_py
[0.150s] [ 89%] Built target rm_msg_interfaces__rosidl_typesupport_introspection_c__pyext
[0.150s] [ 94%] Built target rm_msg_interfaces__rosidl_typesupport_fastrtps_c__pyext
[0.150s] [100%] Built target rm_msg_interfaces__rosidl_typesupport_c__pyext
[0.199s] running egg_info
[0.200s] writing rm_msg_interfaces.egg-info/PKG-INFO
[0.200s] writing dependency_links to rm_msg_interfaces.egg-info/dependency_links.txt
[0.200s] writing top-level names to rm_msg_interfaces.egg-info/top_level.txt
[0.202s] reading manifest file 'rm_msg_interfaces.egg-info/SOURCES.txt'
[0.203s] writing manifest file 'rm_msg_interfaces.egg-info/SOURCES.txt'
[0.221s] [100%] Built target ament_cmake_python_build_rm_msg_interfaces_egg
[0.228s] Invoked command in '/rm_version/build/rm_msg_interfaces' returned '0': CMAKE_PREFIX_PATH=${CMAKE_PREFIX_PATH}:/opt/ros/humble /usr/bin/cmake --build /rm_version/build/rm_msg_interfaces -- -j20 -l20
