[0.028s] Invoking command in '/rm_version/build/start_dirtectory': CMAKE_PREFIX_PATH=${CMAKE_PREFIX_PATH}:/opt/ros/humble /usr/bin/cmake --build /rm_version/build/start_dirtectory -- -j20 -l20
[0.039s] -- Found ament_cmake_auto: 1.3.4 (/opt/ros/humble/share/ament_cmake_auto/cmake)
[0.120s] -- Found ament_lint_auto: 0.12.6 (/opt/ros/humble/share/ament_lint_auto/cmake)
[0.161s] -- Configuring done
[0.162s] -- Generating done
[0.162s] -- Build files have been written to: /rm_version/build/start_dirtectory
[0.174s] Invoked command in '/rm_version/build/start_dirtectory' returned '0': CMAKE_PREFIX_PATH=${CMAKE_PREFIX_PATH}:/opt/ros/humble /usr/bin/cmake --build /rm_version/build/start_dirtectory -- -j20 -l20
[0.186s] Invoking command in '/rm_version/build/start_dirtectory': CMAKE_PREFIX_PATH=${CMAKE_PREFIX_PATH}:/opt/ros/humble /usr/bin/cmake --install /rm_version/build/start_dirtectory
[0.190s] -- Install configuration: ""
[0.190s] -- Up-to-date: /rm_version/install/start_dirtectory/share/start_dirtectory/launch
[0.190s] -- Installing: /rm_version/install/start_dirtectory/share/start_dirtectory/launch/test.launch.py
[0.190s] -- Installing: /rm_version/install/start_dirtectory/share/start_dirtectory/config
[0.190s] -- Installing: /rm_version/install/start_dirtectory/share/start_dirtectory/config/launch_param.yaml
[0.191s] -- Up-to-date: /rm_version/install/start_dirtectory/share/ament_index/resource_index/package_run_dependencies/start_dirtectory
[0.191s] -- Installing: /rm_version/install/start_dirtectory/share/ament_index/resource_index/parent_prefix_path/start_dirtectory
[0.191s] -- Up-to-date: /rm_version/install/start_dirtectory/share/start_dirtectory/environment/ament_prefix_path.sh
[0.191s] -- Installing: /rm_version/install/start_dirtectory/share/start_dirtectory/environment/ament_prefix_path.dsv
[0.191s] -- Up-to-date: /rm_version/install/start_dirtectory/share/start_dirtectory/environment/path.sh
[0.191s] -- Installing: /rm_version/install/start_dirtectory/share/start_dirtectory/environment/path.dsv
[0.192s] -- Up-to-date: /rm_version/install/start_dirtectory/share/start_dirtectory/local_setup.bash
[0.192s] -- Up-to-date: /rm_version/install/start_dirtectory/share/start_dirtectory/local_setup.sh
[0.192s] -- Up-to-date: /rm_version/install/start_dirtectory/share/start_dirtectory/local_setup.zsh
[0.192s] -- Installing: /rm_version/install/start_dirtectory/share/start_dirtectory/local_setup.dsv
[0.192s] -- Installing: /rm_version/install/start_dirtectory/share/start_dirtectory/package.dsv
[0.192s] -- Up-to-date: /rm_version/install/start_dirtectory/share/ament_index/resource_index/packages/start_dirtectory
[0.192s] -- Up-to-date: /rm_version/install/start_dirtectory/share/start_dirtectory/cmake/start_dirtectoryConfig.cmake
[0.192s] -- Up-to-date: /rm_version/install/start_dirtectory/share/start_dirtectory/cmake/start_dirtectoryConfig-version.cmake
[0.193s] -- Up-to-date: /rm_version/install/start_dirtectory/share/start_dirtectory/package.xml
[0.195s] Invoked command in '/rm_version/build/start_dirtectory' returned '0': CMAKE_PREFIX_PATH=${CMAKE_PREFIX_PATH}:/opt/ros/humble /usr/bin/cmake --install /rm_version/build/start_dirtectory
