[ 25%] Built target rm_detector_node
[ 37%] [32mBuilding CXX object CMakeFiles/rm_detector.dir/src/detector_node.cpp.o[0m
[ 50%] [32m[1mLinking CXX shared library librm_detector.so[0m
[100%] Built target rm_detector
-- Install configuration: ""
-- Up-to-date: /rm_version/install/rm_detector/lib/rm_detector/rm_detector_node
-- Up-to-date: /rm_version/install/rm_detector/include
-- Up-to-date: /rm_version/install/rm_detector/include/number_classifier.hpp
-- Up-to-date: /rm_version/install/rm_detector/include/detector_node.hpp
-- Up-to-date: /rm_version/install/rm_detector/include/detector.hpp
-- Up-to-date: /rm_version/install/rm_detector/include/armor.hpp
-- Up-to-date: /rm_version/install/rm_detector/include/pnp_solver.hpp
-- Up-to-date: /rm_version/install/rm_detector/share/rm_detector/environment/library_path.sh
-- Up-to-date: /rm_version/install/rm_detector/share/rm_detector/environment/library_path.dsv
-- Installing: /rm_version/install/rm_detector/lib/librm_detector.so
-- Set runtime path of "/rm_version/install/rm_detector/lib/librm_detector.so" to ""
-- Up-to-date: /rm_version/install/rm_detector/share/rm_detector/model
-- Up-to-date: /rm_version/install/rm_detector/share/rm_detector/model/mlp.onnx
-- Up-to-date: /rm_version/install/rm_detector/share/rm_detector/model/label.txt
-- Up-to-date: /rm_version/install/rm_detector/share/rm_detector/config
-- Up-to-date: /rm_version/install/rm_detector/share/rm_detector/config/camera_parm.yaml
-- Up-to-date: /rm_version/install/rm_detector/share/rm_detector/config/detector.yaml
-- Up-to-date: /rm_version/install/rm_detector/share/rm_detector/launch
-- Up-to-date: /rm_version/install/rm_detector/share/rm_detector/launch/armor_detector.launch.py
-- Up-to-date: /rm_version/install/rm_detector/share/ament_index/resource_index/package_run_dependencies/rm_detector
-- Up-to-date: /rm_version/install/rm_detector/share/ament_index/resource_index/parent_prefix_path/rm_detector
-- Up-to-date: /rm_version/install/rm_detector/share/rm_detector/environment/ament_prefix_path.sh
-- Up-to-date: /rm_version/install/rm_detector/share/rm_detector/environment/ament_prefix_path.dsv
-- Up-to-date: /rm_version/install/rm_detector/share/rm_detector/environment/path.sh
-- Up-to-date: /rm_version/install/rm_detector/share/rm_detector/environment/path.dsv
-- Up-to-date: /rm_version/install/rm_detector/share/rm_detector/local_setup.bash
-- Up-to-date: /rm_version/install/rm_detector/share/rm_detector/local_setup.sh
-- Up-to-date: /rm_version/install/rm_detector/share/rm_detector/local_setup.zsh
-- Up-to-date: /rm_version/install/rm_detector/share/rm_detector/local_setup.dsv
-- Installing: /rm_version/install/rm_detector/share/rm_detector/package.dsv
-- Up-to-date: /rm_version/install/rm_detector/share/ament_index/resource_index/packages/rm_detector
-- Up-to-date: /rm_version/install/rm_detector/share/ament_index/resource_index/rclcpp_components/rm_detector
-- Up-to-date: /rm_version/install/rm_detector/share/rm_detector/cmake/ament_cmake_export_dependencies-extras.cmake
-- Up-to-date: /rm_version/install/rm_detector/share/rm_detector/cmake/ament_cmake_export_include_directories-extras.cmake
-- Up-to-date: /rm_version/install/rm_detector/share/rm_detector/cmake/ament_cmake_export_libraries-extras.cmake
-- Up-to-date: /rm_version/install/rm_detector/share/rm_detector/cmake/rm_detectorConfig.cmake
-- Up-to-date: /rm_version/install/rm_detector/share/rm_detector/cmake/rm_detectorConfig-version.cmake
-- Up-to-date: /rm_version/install/rm_detector/share/rm_detector/package.xml
