[0.033s] Invoking command in '/rm_version/build/start_directory': CMAKE_PREFIX_PATH=${CMAKE_PREFIX_PATH}:/opt/ros/humble /usr/bin/cmake --build /rm_version/build/start_directory -- -j20 -l20
[0.061s] Invoked command in '/rm_version/build/start_directory' returned '0': CMAKE_PREFIX_PATH=${CMAKE_PREFIX_PATH}:/opt/ros/humble /usr/bin/cmake --build /rm_version/build/start_directory -- -j20 -l20
[0.082s] Invoking command in '/rm_version/build/start_directory': CMAKE_PREFIX_PATH=${CMAKE_PREFIX_PATH}:/opt/ros/humble /usr/bin/cmake --install /rm_version/build/start_directory
[0.088s] -- Install configuration: ""
[0.089s] -- Up-to-date: /rm_version/install/start_directory/share/start_directory/launch
[0.089s] -- Up-to-date: /rm_version/install/start_directory/share/start_directory/launch/test.launch.py
[0.089s] -- Up-to-date: /rm_version/install/start_directory/share/start_directory/config
[0.090s] -- Up-to-date: /rm_version/install/start_directory/share/start_directory/config/launch_param.yaml
[0.090s] -- Up-to-date: /rm_version/install/start_directory/share/ament_index/resource_index/package_run_dependencies/start_directory
[0.090s] -- Up-to-date: /rm_version/install/start_directory/share/ament_index/resource_index/parent_prefix_path/start_directory
[0.090s] -- Up-to-date: /rm_version/install/start_directory/share/start_directory/environment/ament_prefix_path.sh
[0.090s] -- Up-to-date: /rm_version/install/start_directory/share/start_directory/environment/ament_prefix_path.dsv
[0.091s] -- Up-to-date: /rm_version/install/start_directory/share/start_directory/environment/path.sh
[0.091s] -- Up-to-date: /rm_version/install/start_directory/share/start_directory/environment/path.dsv
[0.091s] -- Up-to-date: /rm_version/install/start_directory/share/start_directory/local_setup.bash
[0.091s] -- Up-to-date: /rm_version/install/start_directory/share/start_directory/local_setup.sh
[0.091s] -- Up-to-date: /rm_version/install/start_directory/share/start_directory/local_setup.zsh
[0.091s] -- Up-to-date: /rm_version/install/start_directory/share/start_directory/local_setup.dsv
[0.091s] -- Installing: /rm_version/install/start_directory/share/start_directory/package.dsv
[0.092s] -- Up-to-date: /rm_version/install/start_directory/share/ament_index/resource_index/packages/start_directory
[0.092s] -- Up-to-date: /rm_version/install/start_directory/share/start_directory/cmake/start_directoryConfig.cmake
[0.092s] -- Up-to-date: /rm_version/install/start_directory/share/start_directory/cmake/start_directoryConfig-version.cmake
[0.092s] -- Up-to-date: /rm_version/install/start_directory/share/start_directory/package.xml
[0.112s] Invoked command in '/rm_version/build/start_directory' returned '0': CMAKE_PREFIX_PATH=${CMAKE_PREFIX_PATH}:/opt/ros/humble /usr/bin/cmake --install /rm_version/build/start_directory
