[0.011s] Invoking command in '/rm_version/build/rm_tracker': AMENT_PREFIX_PATH=/rm_version/install/rm_msg_interfaces:${AMENT_PREFIX_PATH} CMAKE_PREFIX_PATH=/rm_version/install/rm_msg_interfaces:/ros_ws/install/ros2_video:/ros_ws/install/rm_vision_bringup:/ros_ws/install/rm_serial_driver:/ros_ws/install/rm_gimbal_description:/ros_ws/install/rm_auto_aim:/ros_ws/install/mindvision_camera:/ros_ws/install/hik_camera:/ros_ws/install/armor_tracker:/ros_ws/install/armor_detector:/ros_ws/install/auto_aim_interfaces:/opt/ros/humble LD_LIBRARY_PATH=/rm_version/install/rm_msg_interfaces/lib:${LD_LIBRARY_PATH} PYTHONPATH=/rm_version/install/rm_msg_interfaces/local/lib/python3.10/dist-packages:${PYTHONPATH} /usr/bin/cmake --build /rm_version/build/rm_tracker -- -j20 -l20
[0.024s] -- Found ament_cmake_auto: 1.3.4 (/opt/ros/humble/share/ament_cmake_auto/cmake)
[0.166s] -- Found rosidl_generator_c: 3.1.4 (/opt/ros/humble/share/rosidl_generator_c/cmake)
[0.168s] -- Found rosidl_adapter: 3.1.4 (/opt/ros/humble/share/rosidl_adapter/cmake)
[0.173s] -- Found rosidl_generator_cpp: 3.1.4 (/opt/ros/humble/share/rosidl_generator_cpp/cmake)
[0.182s] -- Using all available rosidl_typesupport_c: rosidl_typesupport_fastrtps_c;rosidl_typesupport_introspection_c
[0.194s] -- Using all available rosidl_typesupport_cpp: rosidl_typesupport_fastrtps_cpp;rosidl_typesupport_introspection_cpp
[0.247s] -- Found rmw_implementation_cmake: 6.1.1 (/opt/ros/humble/share/rmw_implementation_cmake/cmake)
[0.249s] -- Found rmw_fastrtps_cpp: 6.2.2 (/opt/ros/humble/share/rmw_fastrtps_cpp/cmake)
[0.319s] -- Using RMW implementation 'rmw_fastrtps_cpp' as default
[0.650s] -- Found eigen3_cmake_module: 0.1.1 (/opt/ros/humble/share/eigen3_cmake_module/cmake)
[0.651s] -- Ensuring Eigen3 include directory is part of orocos-kdl CMake target
[0.859s] -- Found ament_lint_auto: 0.12.6 (/opt/ros/humble/share/ament_lint_auto/cmake)
[0.873s] -- Added test 'cppcheck' to perform static code analysis on C / C++ code
[0.873s] -- Configured cppcheck include dirs: /rm_version/src/rm_tracker/include
[0.873s] -- Configured cppcheck exclude dirs and/or files: 
[0.873s] -- Added test 'lint_cmake' to check CMake code style
[0.873s] -- Added test 'xmllint' to check XML markup files
[0.874s] -- Added test 'clang_format' to check C / C++ code style
[0.876s] -- Configuring done
[0.888s] -- Generating done
[0.889s] -- Build files have been written to: /rm_version/build/rm_tracker
[0.903s] [35m[1mConsolidate compiler generated dependencies of target rm_tracker_node[0m
[0.903s] [35m[1mConsolidate compiler generated dependencies of target rm_tracker[0m
[0.912s] [ 16%] [32mBuilding CXX object CMakeFiles/rm_tracker_node.dir/rclcpp_components/node_main_rm_tracker_node.cpp.o[0m
[0.915s] [ 33%] [32mBuilding CXX object CMakeFiles/rm_tracker.dir/src/tracker.cpp.o[0m
[0.916s] [ 50%] [32mBuilding CXX object CMakeFiles/rm_tracker.dir/src/tracker_node.cpp.o[0m
[2.551s] [ 66%] [32m[1mLinking CXX executable rm_tracker_node[0m
[2.649s] [ 66%] Built target rm_tracker_node
[2.706s] [01m[K/rm_version/src/rm_tracker/src/tracker_node.cpp:13:1:[m[K [01;31m[Kerror: [m[Kexpected unqualified-id before ‘[01m[Knamespace[m[K’
[2.706s]    13 | [01;31m[Knamespace[m[K rm_auto_aim{
[2.706s]       | [01;31m[K^~~~~~~~~[m[K
[2.972s] gmake[2]: *** [CMakeFiles/rm_tracker.dir/build.make:104: CMakeFiles/rm_tracker.dir/src/tracker_node.cpp.o] Error 1
[2.972s] gmake[1]: *** [CMakeFiles/Makefile2:139: CMakeFiles/rm_tracker.dir/all] Error 2
[2.972s] gmake: *** [Makefile:146: all] Error 2
[2.974s] Invoked command in '/rm_version/build/rm_tracker' returned '2': AMENT_PREFIX_PATH=/rm_version/install/rm_msg_interfaces:${AMENT_PREFIX_PATH} CMAKE_PREFIX_PATH=/rm_version/install/rm_msg_interfaces:/ros_ws/install/ros2_video:/ros_ws/install/rm_vision_bringup:/ros_ws/install/rm_serial_driver:/ros_ws/install/rm_gimbal_description:/ros_ws/install/rm_auto_aim:/ros_ws/install/mindvision_camera:/ros_ws/install/hik_camera:/ros_ws/install/armor_tracker:/ros_ws/install/armor_detector:/ros_ws/install/auto_aim_interfaces:/opt/ros/humble LD_LIBRARY_PATH=/rm_version/install/rm_msg_interfaces/lib:${LD_LIBRARY_PATH} PYTHONPATH=/rm_version/install/rm_msg_interfaces/local/lib/python3.10/dist-packages:${PYTHONPATH} /usr/bin/cmake --build /rm_version/build/rm_tracker -- -j20 -l20
