[0.015s] Invoking command in '/rm_version/build/rm_serial': AMENT_PREFIX_PATH=/rm_version/install/rm_msg_interfaces:${AMENT_PREFIX_PATH} CMAKE_PREFIX_PATH=/rm_version/install/rm_msg_interfaces:/ros_ws/install/ros2_video:/ros_ws/install/rm_vision_bringup:/ros_ws/install/rm_serial_driver:/ros_ws/install/rm_gimbal_description:/ros_ws/install/rm_auto_aim:/ros_ws/install/mindvision_camera:/ros_ws/install/hik_camera:/ros_ws/install/armor_tracker:/ros_ws/install/armor_detector:/ros_ws/install/auto_aim_interfaces:/opt/ros/humble LD_LIBRARY_PATH=/rm_version/install/rm_msg_interfaces/lib:${LD_LIBRARY_PATH} PYTHONPATH=/rm_version/install/rm_msg_interfaces/local/lib/python3.10/dist-packages:${PYTHONPATH} /usr/bin/cmake --build /rm_version/build/rm_serial -- -j20 -l20
[0.027s] -- Found rm_msg_interfaces: 0.0.0 (/rm_version/install/rm_msg_interfaces/share/rm_msg_interfaces/cmake)
[0.158s] -- Found rosidl_generator_c: 3.1.4 (/opt/ros/humble/share/rosidl_generator_c/cmake)
[0.161s] -- Found rosidl_adapter: 3.1.4 (/opt/ros/humble/share/rosidl_adapter/cmake)
[0.167s] -- Found rosidl_generator_cpp: 3.1.4 (/opt/ros/humble/share/rosidl_generator_cpp/cmake)
[0.178s] -- Using all available rosidl_typesupport_c: rosidl_typesupport_fastrtps_c;rosidl_typesupport_introspection_c
[0.192s] -- Using all available rosidl_typesupport_cpp: rosidl_typesupport_fastrtps_cpp;rosidl_typesupport_introspection_cpp
[0.297s] -- Found ament_cmake_auto: 1.3.4 (/opt/ros/humble/share/ament_cmake_auto/cmake)
[0.381s] -- Found rmw_implementation_cmake: 6.1.1 (/opt/ros/humble/share/rmw_implementation_cmake/cmake)
[0.383s] -- Found rmw_fastrtps_cpp: 6.2.2 (/opt/ros/humble/share/rmw_fastrtps_cpp/cmake)
[0.456s] -- Using RMW implementation 'rmw_fastrtps_cpp' as default
[0.734s] -- Found eigen3_cmake_module: 0.1.1 (/opt/ros/humble/share/eigen3_cmake_module/cmake)
[0.735s] -- Ensuring Eigen3 include directory is part of orocos-kdl CMake target
[0.911s] -- Found ament_lint_auto: 0.12.6 (/opt/ros/humble/share/ament_lint_auto/cmake)
[0.923s] -- Added test 'cppcheck' to perform static code analysis on C / C++ code
[0.923s] -- Configured cppcheck include dirs: /rm_version/src/rm_serial/include
[0.923s] -- Configured cppcheck exclude dirs and/or files: 
[0.923s] -- Added test 'flake8' to check Python code syntax and style conventions
[0.924s] -- Added test 'lint_cmake' to check CMake code style
[0.924s] -- Added test 'pep257' to check Python code against some of the docstring style conventions in PEP 257
[0.924s] -- Added test 'xmllint' to check XML markup files
[0.925s] -- Added test 'clang_format' to check C / C++ code style
[0.928s] -- Configuring done
[0.940s] -- Generating done
[0.941s] -- Build files have been written to: /rm_version/build/rm_serial
[0.955s] [35m[1mConsolidate compiler generated dependencies of target rm_serial[0m
[0.955s] [35m[1mConsolidate compiler generated dependencies of target rm_serial_node[0m
[0.964s] [ 50%] Built target rm_serial_node
[0.964s] [ 75%] [32mBuilding CXX object CMakeFiles/rm_serial.dir/src/rm_serial_node.cpp.o[0m
[5.699s] [100%] [32m[1mLinking CXX shared library librm_serial.so[0m
[5.942s] [100%] Built target rm_serial
[5.948s] Invoked command in '/rm_version/build/rm_serial' returned '0': AMENT_PREFIX_PATH=/rm_version/install/rm_msg_interfaces:${AMENT_PREFIX_PATH} CMAKE_PREFIX_PATH=/rm_version/install/rm_msg_interfaces:/ros_ws/install/ros2_video:/ros_ws/install/rm_vision_bringup:/ros_ws/install/rm_serial_driver:/ros_ws/install/rm_gimbal_description:/ros_ws/install/rm_auto_aim:/ros_ws/install/mindvision_camera:/ros_ws/install/hik_camera:/ros_ws/install/armor_tracker:/ros_ws/install/armor_detector:/ros_ws/install/auto_aim_interfaces:/opt/ros/humble LD_LIBRARY_PATH=/rm_version/install/rm_msg_interfaces/lib:${LD_LIBRARY_PATH} PYTHONPATH=/rm_version/install/rm_msg_interfaces/local/lib/python3.10/dist-packages:${PYTHONPATH} /usr/bin/cmake --build /rm_version/build/rm_serial -- -j20 -l20
[5.963s] Invoking command in '/rm_version/build/rm_serial': AMENT_PREFIX_PATH=/rm_version/install/rm_msg_interfaces:${AMENT_PREFIX_PATH} CMAKE_PREFIX_PATH=/rm_version/install/rm_msg_interfaces:/ros_ws/install/ros2_video:/ros_ws/install/rm_vision_bringup:/ros_ws/install/rm_serial_driver:/ros_ws/install/rm_gimbal_description:/ros_ws/install/rm_auto_aim:/ros_ws/install/mindvision_camera:/ros_ws/install/hik_camera:/ros_ws/install/armor_tracker:/ros_ws/install/armor_detector:/ros_ws/install/auto_aim_interfaces:/opt/ros/humble LD_LIBRARY_PATH=/rm_version/install/rm_msg_interfaces/lib:${LD_LIBRARY_PATH} PYTHONPATH=/rm_version/install/rm_msg_interfaces/local/lib/python3.10/dist-packages:${PYTHONPATH} /usr/bin/cmake --install /rm_version/build/rm_serial
[5.967s] -- Install configuration: ""
[5.967s] -- Up-to-date: /rm_version/install/rm_serial/lib/rm_serial/rm_serial_node
[5.967s] -- Up-to-date: /rm_version/install/rm_serial/include
[5.967s] -- Installing: /rm_version/install/rm_serial/include/rm_serial_node.hpp
[5.968s] -- Up-to-date: /rm_version/install/rm_serial/share/rm_serial/environment/library_path.sh
[5.968s] -- Installing: /rm_version/install/rm_serial/share/rm_serial/environment/library_path.dsv
[5.968s] -- Installing: /rm_version/install/rm_serial/lib/librm_serial.so
[5.971s] -- Set runtime path of "/rm_version/install/rm_serial/lib/librm_serial.so" to ""
[5.971s] -- Installing: /rm_version/install/rm_serial/share/rm_serial/launch
[5.971s] -- Installing: /rm_version/install/rm_serial/share/rm_serial/launch/rm_serial_node.launch.py
[5.972s] -- Up-to-date: /rm_version/install/rm_serial/share/ament_index/resource_index/package_run_dependencies/rm_serial
[5.972s] -- Up-to-date: /rm_version/install/rm_serial/share/ament_index/resource_index/parent_prefix_path/rm_serial
[5.972s] -- Up-to-date: /rm_version/install/rm_serial/share/rm_serial/environment/ament_prefix_path.sh
[5.972s] -- Installing: /rm_version/install/rm_serial/share/rm_serial/environment/ament_prefix_path.dsv
[5.972s] -- Up-to-date: /rm_version/install/rm_serial/share/rm_serial/environment/path.sh
[5.972s] -- Installing: /rm_version/install/rm_serial/share/rm_serial/environment/path.dsv
[5.972s] -- Up-to-date: /rm_version/install/rm_serial/share/rm_serial/local_setup.bash
[5.972s] -- Up-to-date: /rm_version/install/rm_serial/share/rm_serial/local_setup.sh
[5.972s] -- Up-to-date: /rm_version/install/rm_serial/share/rm_serial/local_setup.zsh
[5.972s] -- Installing: /rm_version/install/rm_serial/share/rm_serial/local_setup.dsv
[5.972s] -- Installing: /rm_version/install/rm_serial/share/rm_serial/package.dsv
[5.972s] -- Up-to-date: /rm_version/install/rm_serial/share/ament_index/resource_index/packages/rm_serial
[5.972s] -- Up-to-date: /rm_version/install/rm_serial/share/ament_index/resource_index/rclcpp_components/rm_serial
[5.972s] -- Up-to-date: /rm_version/install/rm_serial/share/rm_serial/cmake/ament_cmake_export_dependencies-extras.cmake
[5.972s] -- Up-to-date: /rm_version/install/rm_serial/share/rm_serial/cmake/ament_cmake_export_include_directories-extras.cmake
[5.972s] -- Up-to-date: /rm_version/install/rm_serial/share/rm_serial/cmake/ament_cmake_export_libraries-extras.cmake
[5.973s] -- Up-to-date: /rm_version/install/rm_serial/share/rm_serial/cmake/rm_serialConfig.cmake
[5.973s] -- Up-to-date: /rm_version/install/rm_serial/share/rm_serial/cmake/rm_serialConfig-version.cmake
[5.973s] -- Up-to-date: /rm_version/install/rm_serial/share/rm_serial/package.xml
[5.976s] Invoked command in '/rm_version/build/rm_serial' returned '0': AMENT_PREFIX_PATH=/rm_version/install/rm_msg_interfaces:${AMENT_PREFIX_PATH} CMAKE_PREFIX_PATH=/rm_version/install/rm_msg_interfaces:/ros_ws/install/ros2_video:/ros_ws/install/rm_vision_bringup:/ros_ws/install/rm_serial_driver:/ros_ws/install/rm_gimbal_description:/ros_ws/install/rm_auto_aim:/ros_ws/install/mindvision_camera:/ros_ws/install/hik_camera:/ros_ws/install/armor_tracker:/ros_ws/install/armor_detector:/ros_ws/install/auto_aim_interfaces:/opt/ros/humble LD_LIBRARY_PATH=/rm_version/install/rm_msg_interfaces/lib:${LD_LIBRARY_PATH} PYTHONPATH=/rm_version/install/rm_msg_interfaces/local/lib/python3.10/dist-packages:${PYTHONPATH} /usr/bin/cmake --install /rm_version/build/rm_serial
