-- Found ament_cmake_auto: 1.3.4 (/opt/ros/humble/share/ament_cmake_auto/cmake)
-- Found rosidl_generator_c: 3.1.4 (/opt/ros/humble/share/rosidl_generator_c/cmake)
-- Found rosidl_adapter: 3.1.4 (/opt/ros/humble/share/rosidl_adapter/cmake)
-- Found rosidl_generator_cpp: 3.1.4 (/opt/ros/humble/share/rosidl_generator_cpp/cmake)
-- Using all available rosidl_typesupport_c: rosidl_typesupport_fastrtps_c;rosidl_typesupport_introspection_c
-- Using all available rosidl_typesupport_cpp: rosidl_typesupport_fastrtps_cpp;rosidl_typesupport_introspection_cpp
-- Found rmw_implementation_cmake: 6.1.1 (/opt/ros/humble/share/rmw_implementation_cmake/cmake)
-- Found rmw_fastrtps_cpp: 6.2.2 (/opt/ros/humble/share/rmw_fastrtps_cpp/cmake)
-- Using RMW implementation 'rmw_fastrtps_cpp' as default
-- Found eigen3_cmake_module: 0.1.1 (/opt/ros/humble/share/eigen3_cmake_module/cmake)
-- Ensuring Eigen3 include directory is part of orocos-kdl CMake target
-- Found ament_lint_auto: 0.12.6 (/opt/ros/humble/share/ament_lint_auto/cmake)
-- Added test 'cppcheck' to perform static code analysis on C / C++ code
-- Configured cppcheck include dirs: /rm_version/src/hik_camera_node/hikSDK/include
-- Configured cppcheck exclude dirs and/or files: 
-- Added test 'lint_cmake' to check CMake code style
-- Added test 'xmllint' to check XML markup files
-- Configuring done
-- Generating done
-- Build files have been written to: /rm_version/build/hik_camera
[35m[1mConsolidate compiler generated dependencies of target hik_camera_node[0m
[35m[1mConsolidate compiler generated dependencies of target hik_camera[0m
[ 50%] [32mBuilding CXX object CMakeFiles/hik_camera_node.dir/rclcpp_components/node_main_hik_camera_node.cpp.o[0m
[ 50%] [32mBuilding CXX object CMakeFiles/hik_camera.dir/src/hik_node.cpp.o[0m
[ 75%] [32m[1mLinking CXX executable hik_camera_node[0m
[ 75%] Built target hik_camera_node
[100%] [32m[1mLinking CXX shared library libhik_camera.so[0m
[100%] Built target hik_camera
-- Install configuration: ""
-- Installing: /rm_version/install/hik_camera/lib
-- Installing: /rm_version/install/hik_camera/lib/libMediaProcess.so
-- Installing: /rm_version/install/hik_camera/lib/libFormatConversion.so
-- Installing: /rm_version/install/hik_camera/lib/libMVRender.so
-- Installing: /rm_version/install/hik_camera/lib/libMvCameraControl.so
-- Installing: /rm_version/install/hik_camera/lib/libMvUsb3vTL.so
-- Installing: /rm_version/install/hik_camera/lib/hik_camera/hik_camera_node
-- Set runtime path of "/rm_version/install/hik_camera/lib/hik_camera/hik_camera_node" to ""
-- Installing: /rm_version/install/hik_camera/share/hik_camera/environment/library_path.sh
-- Installing: /rm_version/install/hik_camera/share/hik_camera/environment/library_path.dsv
-- Installing: /rm_version/install/hik_camera/lib/libhik_camera.so
-- Set runtime path of "/rm_version/install/hik_camera/lib/libhik_camera.so" to ""
-- Installing: /rm_version/install/hik_camera/share/ament_index/resource_index/package_run_dependencies/hik_camera
-- Installing: /rm_version/install/hik_camera/share/ament_index/resource_index/parent_prefix_path/hik_camera
-- Installing: /rm_version/install/hik_camera/share/hik_camera/environment/ament_prefix_path.sh
-- Installing: /rm_version/install/hik_camera/share/hik_camera/environment/ament_prefix_path.dsv
-- Installing: /rm_version/install/hik_camera/share/hik_camera/environment/path.sh
-- Installing: /rm_version/install/hik_camera/share/hik_camera/environment/path.dsv
-- Installing: /rm_version/install/hik_camera/share/hik_camera/local_setup.bash
-- Installing: /rm_version/install/hik_camera/share/hik_camera/local_setup.sh
-- Installing: /rm_version/install/hik_camera/share/hik_camera/local_setup.zsh
-- Installing: /rm_version/install/hik_camera/share/hik_camera/local_setup.dsv
-- Installing: /rm_version/install/hik_camera/share/hik_camera/package.dsv
-- Installing: /rm_version/install/hik_camera/share/ament_index/resource_index/packages/hik_camera
-- Installing: /rm_version/install/hik_camera/share/ament_index/resource_index/rclcpp_components/hik_camera
-- Installing: /rm_version/install/hik_camera/share/hik_camera/cmake/ament_cmake_export_dependencies-extras.cmake
-- Installing: /rm_version/install/hik_camera/share/hik_camera/cmake/ament_cmake_export_libraries-extras.cmake
-- Installing: /rm_version/install/hik_camera/share/hik_camera/cmake/hik_cameraConfig.cmake
-- Installing: /rm_version/install/hik_camera/share/hik_camera/cmake/hik_cameraConfig-version.cmake
-- Installing: /rm_version/install/hik_camera/share/hik_camera/package.xml
