[0.031s] Invoking command in '/rm_version/build/hik_camera': CMAKE_PREFIX_PATH=${CMAKE_PREFIX_PATH}:/opt/ros/humble /usr/bin/cmake --build /rm_version/build/hik_camera -- -j20 -l20
[0.045s] -- Found ament_cmake_auto: 1.3.4 (/opt/ros/humble/share/ament_cmake_auto/cmake)
[0.182s] -- Found rosidl_generator_c: 3.1.4 (/opt/ros/humble/share/rosidl_generator_c/cmake)
[0.183s] -- Found rosidl_adapter: 3.1.4 (/opt/ros/humble/share/rosidl_adapter/cmake)
[0.187s] -- Found rosidl_generator_cpp: 3.1.4 (/opt/ros/humble/share/rosidl_generator_cpp/cmake)
[0.193s] -- Using all available rosidl_typesupport_c: rosidl_typesupport_fastrtps_c;rosidl_typesupport_introspection_c
[0.201s] -- Using all available rosidl_typesupport_cpp: rosidl_typesupport_fastrtps_cpp;rosidl_typesupport_introspection_cpp
[0.234s] -- Found rmw_implementation_cmake: 6.1.1 (/opt/ros/humble/share/rmw_implementation_cmake/cmake)
[0.235s] -- Found rmw_fastrtps_cpp: 6.2.2 (/opt/ros/humble/share/rmw_fastrtps_cpp/cmake)
[0.291s] -- Using RMW implementation 'rmw_fastrtps_cpp' as default
[0.614s] -- Found eigen3_cmake_module: 0.1.1 (/opt/ros/humble/share/eigen3_cmake_module/cmake)
[0.615s] -- Ensuring Eigen3 include directory is part of orocos-kdl CMake target
[0.797s] -- Found ament_lint_auto: 0.12.6 (/opt/ros/humble/share/ament_lint_auto/cmake)
[0.802s] -- Added test 'cppcheck' to perform static code analysis on C / C++ code
[0.802s] -- Configured cppcheck include dirs: /rm_version/src/hik_camera_node/hikSDK/include
[0.802s] -- Configured cppcheck exclude dirs and/or files: 
[0.802s] -- Added test 'lint_cmake' to check CMake code style
[0.803s] -- Added test 'xmllint' to check XML markup files
[0.803s] -- Configuring done
[0.814s] -- Generating done
[0.816s] -- Build files have been written to: /rm_version/build/hik_camera
[0.832s] [35m[1mConsolidate compiler generated dependencies of target hik_camera_node[0m
[0.832s] [35m[1mConsolidate compiler generated dependencies of target hik_camera[0m
[0.841s] [ 50%] [32mBuilding CXX object CMakeFiles/hik_camera_node.dir/rclcpp_components/node_main_hik_camera_node.cpp.o[0m
[0.841s] [ 50%] [32mBuilding CXX object CMakeFiles/hik_camera.dir/src/hik_node.cpp.o[0m
[2.513s] [ 75%] [32m[1mLinking CXX executable hik_camera_node[0m
[2.574s] [ 75%] Built target hik_camera_node
[2.679s] [100%] [32m[1mLinking CXX shared library libhik_camera.so[0m
[2.760s] [100%] Built target hik_camera
[2.766s] Invoked command in '/rm_version/build/hik_camera' returned '0': CMAKE_PREFIX_PATH=${CMAKE_PREFIX_PATH}:/opt/ros/humble /usr/bin/cmake --build /rm_version/build/hik_camera -- -j20 -l20
[2.779s] Invoking command in '/rm_version/build/hik_camera': CMAKE_PREFIX_PATH=${CMAKE_PREFIX_PATH}:/opt/ros/humble /usr/bin/cmake --install /rm_version/build/hik_camera
[2.782s] -- Install configuration: ""
[2.782s] -- Installing: /rm_version/install/hik_camera/lib
[2.782s] -- Installing: /rm_version/install/hik_camera/lib/libMediaProcess.so
[2.787s] -- Installing: /rm_version/install/hik_camera/lib/libFormatConversion.so
[2.789s] -- Installing: /rm_version/install/hik_camera/lib/libMVRender.so
[2.789s] -- Installing: /rm_version/install/hik_camera/lib/libMvCameraControl.so
[2.801s] -- Installing: /rm_version/install/hik_camera/lib/libMvUsb3vTL.so
[2.812s] -- Installing: /rm_version/install/hik_camera/lib/hik_camera/hik_camera_node
[2.813s] -- Set runtime path of "/rm_version/install/hik_camera/lib/hik_camera/hik_camera_node" to ""
[2.813s] -- Installing: /rm_version/install/hik_camera/share/hik_camera/environment/library_path.sh
[2.813s] -- Installing: /rm_version/install/hik_camera/share/hik_camera/environment/library_path.dsv
[2.813s] -- Installing: /rm_version/install/hik_camera/lib/libhik_camera.so
[2.813s] -- Set runtime path of "/rm_version/install/hik_camera/lib/libhik_camera.so" to ""
[2.813s] -- Installing: /rm_version/install/hik_camera/share/ament_index/resource_index/package_run_dependencies/hik_camera
[2.814s] -- Installing: /rm_version/install/hik_camera/share/ament_index/resource_index/parent_prefix_path/hik_camera
[2.814s] -- Installing: /rm_version/install/hik_camera/share/hik_camera/environment/ament_prefix_path.sh
[2.814s] -- Installing: /rm_version/install/hik_camera/share/hik_camera/environment/ament_prefix_path.dsv
[2.814s] -- Installing: /rm_version/install/hik_camera/share/hik_camera/environment/path.sh
[2.814s] -- Installing: /rm_version/install/hik_camera/share/hik_camera/environment/path.dsv
[2.814s] -- Installing: /rm_version/install/hik_camera/share/hik_camera/local_setup.bash
[2.814s] -- Installing: /rm_version/install/hik_camera/share/hik_camera/local_setup.sh
[2.814s] -- Installing: /rm_version/install/hik_camera/share/hik_camera/local_setup.zsh
[2.814s] -- Installing: /rm_version/install/hik_camera/share/hik_camera/local_setup.dsv
[2.814s] -- Installing: /rm_version/install/hik_camera/share/hik_camera/package.dsv
[2.814s] -- Installing: /rm_version/install/hik_camera/share/ament_index/resource_index/packages/hik_camera
[2.815s] -- Installing: /rm_version/install/hik_camera/share/ament_index/resource_index/rclcpp_components/hik_camera
[2.815s] -- Installing: /rm_version/install/hik_camera/share/hik_camera/cmake/ament_cmake_export_dependencies-extras.cmake
[2.815s] -- Installing: /rm_version/install/hik_camera/share/hik_camera/cmake/ament_cmake_export_libraries-extras.cmake
[2.815s] -- Installing: /rm_version/install/hik_camera/share/hik_camera/cmake/hik_cameraConfig.cmake
[2.815s] -- Installing: /rm_version/install/hik_camera/share/hik_camera/cmake/hik_cameraConfig-version.cmake
[2.815s] -- Installing: /rm_version/install/hik_camera/share/hik_camera/package.xml
[2.817s] Invoked command in '/rm_version/build/hik_camera' returned '0': CMAKE_PREFIX_PATH=${CMAKE_PREFIX_PATH}:/opt/ros/humble /usr/bin/cmake --install /rm_version/build/hik_camera
