[0.012s] Invoking command in '/rm_version/build/rm_detector': AMENT_PREFIX_PATH=/rm_version/install/rm_msg_interfaces:${AMENT_PREFIX_PATH} CMAKE_PREFIX_PATH=/rm_version/install/rm_msg_interfaces:/ros_ws/install/ros2_video:/ros_ws/install/rm_vision_bringup:/ros_ws/install/rm_serial_driver:/ros_ws/install/rm_gimbal_description:/ros_ws/install/rm_auto_aim:/ros_ws/install/mindvision_camera:/ros_ws/install/hik_camera:/ros_ws/install/armor_tracker:/ros_ws/install/armor_detector:/ros_ws/install/auto_aim_interfaces:/opt/ros/humble LD_LIBRARY_PATH=/rm_version/install/rm_msg_interfaces/lib:${LD_LIBRARY_PATH} PYTHONPATH=/rm_version/install/rm_msg_interfaces/local/lib/python3.10/dist-packages:${PYTHONPATH} /usr/bin/cmake --build /rm_version/build/rm_detector -- -j20 -l20
[0.025s] -- Found ament_cmake_auto: 1.3.4 (/opt/ros/humble/share/ament_cmake_auto/cmake)
[0.105s] -- Found rm_msg_interfaces: 0.0.0 (/rm_version/install/rm_msg_interfaces/share/rm_msg_interfaces/cmake)
[0.118s] -- Found rosidl_generator_c: 3.1.4 (/opt/ros/humble/share/rosidl_generator_c/cmake)
[0.119s] -- Found rosidl_adapter: 3.1.4 (/opt/ros/humble/share/rosidl_adapter/cmake)
[0.123s] -- Found rosidl_generator_cpp: 3.1.4 (/opt/ros/humble/share/rosidl_generator_cpp/cmake)
[0.129s] -- Using all available rosidl_typesupport_c: rosidl_typesupport_fastrtps_c;rosidl_typesupport_introspection_c
[0.137s] -- Using all available rosidl_typesupport_cpp: rosidl_typesupport_fastrtps_cpp;rosidl_typesupport_introspection_cpp
[0.294s] -- Found rmw_implementation_cmake: 6.1.1 (/opt/ros/humble/share/rmw_implementation_cmake/cmake)
[0.295s] -- Found rmw_fastrtps_cpp: 6.2.2 (/opt/ros/humble/share/rmw_fastrtps_cpp/cmake)
[0.352s] -- Using RMW implementation 'rmw_fastrtps_cpp' as default
[0.605s] -- Found eigen3_cmake_module: 0.1.1 (/opt/ros/humble/share/eigen3_cmake_module/cmake)
[0.605s] -- Ensuring Eigen3 include directory is part of orocos-kdl CMake target
[0.765s] -- Found ament_lint_auto: 0.12.6 (/opt/ros/humble/share/ament_lint_auto/cmake)
[0.773s] -- Added test 'cppcheck' to perform static code analysis on C / C++ code
[0.773s] -- Configured cppcheck include dirs: /rm_version/src/rm_detector/include
[0.773s] -- Configured cppcheck exclude dirs and/or files: 
[0.773s] -- Added test 'flake8' to check Python code syntax and style conventions
[0.773s] -- Added test 'lint_cmake' to check CMake code style
[0.773s] -- Added test 'pep257' to check Python code against some of the docstring style conventions in PEP 257
[0.773s] -- Added test 'xmllint' to check XML markup files
[0.774s] -- Added test 'clang_format' to check C / C++ code style
[0.778s] -- Configuring done
[0.796s] -- Generating done
[0.797s] -- Build files have been written to: /rm_version/build/rm_detector
[0.813s] [35m[1mConsolidate compiler generated dependencies of target rm_detector_node[0m
[0.823s] [35m[1mConsolidate compiler generated dependencies of target rm_detector[0m
[0.823s] [ 25%] Built target rm_detector_node
[0.840s] [ 37%] [32mBuilding CXX object CMakeFiles/rm_detector.dir/src/detector_node.cpp.o[0m
[7.144s] [ 50%] [32m[1mLinking CXX shared library librm_detector.so[0m
[7.525s] [100%] Built target rm_detector
