[0.026s] Invoking command in '/rm_version/build/hik_camera_node': CMAKE_PREFIX_PATH=${CMAKE_PREFIX_PATH}:/opt/ros/humble /usr/bin/cmake /rm_version/src/hik_camera_node -DCMAKE_INSTALL_PREFIX=/rm_version/install/hik_camera_node
[0.114s] -- The C compiler identification is GNU 11.3.0
[0.169s] -- The CXX compiler identification is GNU 11.3.0
[0.173s] -- Detecting C compiler ABI info
[0.209s] -- Detecting C compiler ABI info - done
[0.213s] -- Check for working C compiler: /usr/bin/cc - skipped
[0.213s] -- Detecting C compile features
[0.213s] -- Detecting C compile features - done
[0.215s] -- Detecting CXX compiler ABI info
[0.253s] -- Detecting CXX compiler ABI info - done
[0.258s] -- Check for working CXX compiler: /usr/bin/c++ - skipped
[0.259s] -- Detecting CXX compile features
[0.259s] -- Detecting CXX compile features - done
[0.261s] -- Found ament_cmake_auto: 1.3.4 (/opt/ros/humble/share/ament_cmake_auto/cmake)
[0.344s] -- Found Python3: /usr/bin/python3.10 (found version "3.10.6") found components: Interpreter 
[0.416s] -- Found OpenCV: /usr (found version "4.5.4") 
[0.490s] -- Found rosidl_generator_c: 3.1.4 (/opt/ros/humble/share/rosidl_generator_c/cmake)
[0.494s] -- Found rosidl_adapter: 3.1.4 (/opt/ros/humble/share/rosidl_adapter/cmake)
[0.504s] -- Found rosidl_generator_cpp: 3.1.4 (/opt/ros/humble/share/rosidl_generator_cpp/cmake)
[0.516s] -- Using all available rosidl_typesupport_c: rosidl_typesupport_fastrtps_c;rosidl_typesupport_introspection_c
[0.531s] -- Using all available rosidl_typesupport_cpp: rosidl_typesupport_fastrtps_cpp;rosidl_typesupport_introspection_cpp
[0.583s] -- Found rmw_implementation_cmake: 6.1.1 (/opt/ros/humble/share/rmw_implementation_cmake/cmake)
[0.586s] -- Found rmw_fastrtps_cpp: 6.2.2 (/opt/ros/humble/share/rmw_fastrtps_cpp/cmake)
[0.648s] -- Found OpenSSL: /usr/lib/x86_64-linux-gnu/libcrypto.so (found version "3.0.2")  
[0.660s] -- Found FastRTPS: /opt/ros/humble/include  
[0.683s] -- Using RMW implementation 'rmw_fastrtps_cpp' as default
[0.691s] -- Looking for pthread.h
[0.726s] -- Looking for pthread.h - found
[0.726s] -- Performing Test CMAKE_HAVE_LIBC_PTHREAD
[0.761s] -- Performing Test CMAKE_HAVE_LIBC_PTHREAD - Success
[0.762s] -- Found Threads: TRUE  
[1.169s] -- Found eigen3_cmake_module: 0.1.1 (/opt/ros/humble/share/eigen3_cmake_module/cmake)
[1.171s] -- Found Eigen3: TRUE (found version "3.4.0") 
[1.171s] -- Ensuring Eigen3 include directory is part of orocos-kdl CMake target
[1.347s] [31mCMake Error at CMakeLists.txt:28 (target_include_directories):
[1.347s]   Cannot specify include directories for target "hik_camera_node" which is
[1.347s]   not built by this project.
[1.347s] 
[1.347s] [0m
[1.347s] [31mCMake Error at CMakeLists.txt:29 (target_link_libraries):
[1.347s]   Cannot specify link libraries for target "hik_camera_node" which is not
[1.347s]   built by this project.
[1.347s] 
[1.347s] [0m
[1.348s] -- Configuring incomplete, errors occurred!
[1.348s] See also "/rm_version/build/hik_camera_node/CMakeFiles/CMakeOutput.log".
[1.352s] Invoked command in '/rm_version/build/hik_camera_node' returned '1': CMAKE_PREFIX_PATH=${CMAKE_PREFIX_PATH}:/opt/ros/humble /usr/bin/cmake /rm_version/src/hik_camera_node -DCMAKE_INSTALL_PREFIX=/rm_version/install/hik_camera_node
