[0.035s] Invoking command in '/rm_version/build/ros2_video': CMAKE_PREFIX_PATH=${CMAKE_PREFIX_PATH}:/opt/ros/humble /usr/bin/cmake --build /rm_version/build/ros2_video -- -j20 -l20
[0.066s] [35m[1mConsolidate compiler generated dependencies of target ros2_video[0m
[0.073s] [ 40%] Built target gtest_main
[0.073s] [ 40%] Built target gtest
[0.078s] [ 60%] Built target ros2_video_node
[0.082s] [ 70%] [32mBuilding CXX object CMakeFiles/ros2_video.dir/src/video_node.cpp.o[0m
[3.272s] [ 80%] [32m[1mLinking CXX shared library libros2_video.so[0m
[3.457s] [ 80%] Built target ros2_video
[3.471s] [ 90%] [32mBuilding CXX object CMakeFiles/video_node.dir/src/video_node.cpp.o[0m
[6.639s] [100%] [32m[1mLinking CXX executable video_node[0m
[7.002s] [100%] Built target video_node
[7.008s] Invoked command in '/rm_version/build/ros2_video' returned '0': CMAKE_PREFIX_PATH=${CMAKE_PREFIX_PATH}:/opt/ros/humble /usr/bin/cmake --build /rm_version/build/ros2_video -- -j20 -l20
[7.024s] Invoking command in '/rm_version/build/ros2_video': CMAKE_PREFIX_PATH=${CMAKE_PREFIX_PATH}:/opt/ros/humble /usr/bin/cmake --install /rm_version/build/ros2_video
[7.028s] -- Install configuration: ""
[7.029s] -- Up-to-date: /rm_version/install/ros2_video/lib/ros2_video/ros2_video_node
[7.029s] -- Up-to-date: /rm_version/install/ros2_video/include
[7.029s] -- Up-to-date: /rm_version/install/ros2_video/share/ros2_video/environment/library_path.sh
[7.029s] -- Up-to-date: /rm_version/install/ros2_video/share/ros2_video/environment/library_path.dsv
[7.029s] -- Installing: /rm_version/install/ros2_video/lib/libros2_video.so
[7.030s] -- Set runtime path of "/rm_version/install/ros2_video/lib/libros2_video.so" to ""
[7.030s] -- Up-to-date: /rm_version/install/ros2_video/share/ros2_video/launch
[7.030s] -- Installing: /rm_version/install/ros2_video/share/ros2_video/launch/video_node.launch.py
[7.030s] -- Up-to-date: /rm_version/install/ros2_video/share/ros2_video/config
[7.030s] -- Up-to-date: /rm_version/install/ros2_video/share/ros2_video/config/node_params.yaml
[7.030s] -- Up-to-date: /rm_version/install/ros2_video/share/ament_index/resource_index/package_run_dependencies/ros2_video
[7.031s] -- Up-to-date: /rm_version/install/ros2_video/share/ament_index/resource_index/parent_prefix_path/ros2_video
[7.031s] -- Up-to-date: /rm_version/install/ros2_video/share/ros2_video/environment/ament_prefix_path.sh
[7.031s] -- Up-to-date: /rm_version/install/ros2_video/share/ros2_video/environment/ament_prefix_path.dsv
[7.031s] -- Up-to-date: /rm_version/install/ros2_video/share/ros2_video/environment/path.sh
[7.031s] -- Up-to-date: /rm_version/install/ros2_video/share/ros2_video/environment/path.dsv
[7.031s] -- Up-to-date: /rm_version/install/ros2_video/share/ros2_video/local_setup.bash
[7.031s] -- Up-to-date: /rm_version/install/ros2_video/share/ros2_video/local_setup.sh
[7.031s] -- Up-to-date: /rm_version/install/ros2_video/share/ros2_video/local_setup.zsh
[7.031s] -- Up-to-date: /rm_version/install/ros2_video/share/ros2_video/local_setup.dsv
[7.031s] -- Installing: /rm_version/install/ros2_video/share/ros2_video/package.dsv
[7.032s] -- Up-to-date: /rm_version/install/ros2_video/share/ament_index/resource_index/packages/ros2_video
[7.032s] -- Up-to-date: /rm_version/install/ros2_video/share/ament_index/resource_index/rclcpp_components/ros2_video
[7.032s] -- Up-to-date: /rm_version/install/ros2_video/share/ros2_video/cmake/ament_cmake_export_dependencies-extras.cmake
[7.032s] -- Up-to-date: /rm_version/install/ros2_video/share/ros2_video/cmake/ament_cmake_export_include_directories-extras.cmake
[7.032s] -- Up-to-date: /rm_version/install/ros2_video/share/ros2_video/cmake/ament_cmake_export_libraries-extras.cmake
[7.032s] -- Up-to-date: /rm_version/install/ros2_video/share/ros2_video/cmake/ros2_videoConfig.cmake
[7.032s] -- Up-to-date: /rm_version/install/ros2_video/share/ros2_video/cmake/ros2_videoConfig-version.cmake
[7.032s] -- Up-to-date: /rm_version/install/ros2_video/share/ros2_video/package.xml
[7.035s] Invoked command in '/rm_version/build/ros2_video' returned '0': CMAKE_PREFIX_PATH=${CMAKE_PREFIX_PATH}:/opt/ros/humble /usr/bin/cmake --install /rm_version/build/ros2_video
