[0.028s] Invoking command in '/rm_version/build/hik_camera': CMAKE_PREFIX_PATH=${CMAKE_PREFIX_PATH}:/opt/ros/humble /usr/bin/cmake --build /rm_version/build/hik_camera -- -j20 -l20
[0.044s] -- Found ament_cmake_auto: 1.3.4 (/opt/ros/humble/share/ament_cmake_auto/cmake)
[0.192s] -- Found rosidl_generator_c: 3.1.4 (/opt/ros/humble/share/rosidl_generator_c/cmake)
[0.194s] -- Found rosidl_adapter: 3.1.4 (/opt/ros/humble/share/rosidl_adapter/cmake)
[0.197s] -- Found rosidl_generator_cpp: 3.1.4 (/opt/ros/humble/share/rosidl_generator_cpp/cmake)
[0.204s] -- Using all available rosidl_typesupport_c: rosidl_typesupport_fastrtps_c;rosidl_typesupport_introspection_c
[0.213s] -- Using all available rosidl_typesupport_cpp: rosidl_typesupport_fastrtps_cpp;rosidl_typesupport_introspection_cpp
[0.247s] -- Found rmw_implementation_cmake: 6.1.1 (/opt/ros/humble/share/rmw_implementation_cmake/cmake)
[0.248s] -- Found rmw_fastrtps_cpp: 6.2.2 (/opt/ros/humble/share/rmw_fastrtps_cpp/cmake)
[0.308s] -- Using RMW implementation 'rmw_fastrtps_cpp' as default
[0.635s] -- Found eigen3_cmake_module: 0.1.1 (/opt/ros/humble/share/eigen3_cmake_module/cmake)
[0.636s] -- Ensuring Eigen3 include directory is part of orocos-kdl CMake target
[0.815s] [31mCMake Error at CMakeLists.txt:28 (target_include_directories):
[0.815s]   Cannot specify include directories for target "hik_camera" which is not
[0.815s]   built by this project.
[0.815s] 
[0.815s] [0m
[0.815s] [31mCMake Error at CMakeLists.txt:31 (target_link_directories):
[0.815s]   Cannot specify link directories for target "hik_camera" which is not built
[0.815s]   by this project.
[0.816s] 
[0.816s] [0m
[0.816s] [31mCMake Error at CMakeLists.txt:46 (target_link_libraries):
[0.816s]   Cannot specify link libraries for target "hik_camera" which is not built by
[0.816s]   this project.
[0.816s] 
[0.816s] [0m
[0.816s] -- Configuring incomplete, errors occurred!
[0.816s] See also "/rm_version/build/hik_camera/CMakeFiles/CMakeOutput.log".
[0.819s] gmake: *** [Makefile:308: cmake_check_build_system] Error 1
[0.821s] Invoked command in '/rm_version/build/hik_camera' returned '2': CMAKE_PREFIX_PATH=${CMAKE_PREFIX_PATH}:/opt/ros/humble /usr/bin/cmake --build /rm_version/build/hik_camera -- -j20 -l20
