[0.016s] Invoking command in '/rm_version/build/rm_msg_interfaces': CMAKE_PREFIX_PATH=${CMAKE_PREFIX_PATH}:/opt/ros/humble /usr/bin/cmake --build /rm_version/build/rm_msg_interfaces -- -j20 -l20
[0.046s] [  2%] Built target rm_msg_interfaces__cpp
[0.047s] [ 12%] Built target rm_msg_interfaces__rosidl_generator_c
[0.054s] [ 12%] Built target ament_cmake_python_copy_rm_msg_interfaces
[0.062s] [ 23%] Built target rm_msg_interfaces__rosidl_typesupport_cpp
[0.063s] [ 44%] Built target rm_msg_interfaces__rosidl_typesupport_introspection_cpp
[0.063s] [ 44%] Built target rm_msg_interfaces__rosidl_typesupport_fastrtps_cpp
[0.069s] [ 65%] Built target rm_msg_interfaces__rosidl_typesupport_fastrtps_c
[0.069s] [ 65%] Built target rm_msg_interfaces__rosidl_typesupport_introspection_c
[0.069s] [ 76%] Built target rm_msg_interfaces__rosidl_typesupport_c
[0.078s] [ 76%] Built target rm_msg_interfaces
[0.087s] [ 78%] Built target rm_msg_interfaces__py
[0.097s] [ 87%] Built target rm_msg_interfaces__rosidl_generator_py
[0.109s] [ 91%] Built target rm_msg_interfaces__rosidl_typesupport_fastrtps_c__pyext
[0.109s] [ 95%] Built target rm_msg_interfaces__rosidl_typesupport_introspection_c__pyext
[0.109s] [100%] Built target rm_msg_interfaces__rosidl_typesupport_c__pyext
[0.164s] running egg_info
[0.164s] writing rm_msg_interfaces.egg-info/PKG-INFO
[0.164s] writing dependency_links to rm_msg_interfaces.egg-info/dependency_links.txt
[0.164s] writing top-level names to rm_msg_interfaces.egg-info/top_level.txt
[0.166s] reading manifest file 'rm_msg_interfaces.egg-info/SOURCES.txt'
[0.166s] writing manifest file 'rm_msg_interfaces.egg-info/SOURCES.txt'
[0.184s] [100%] Built target ament_cmake_python_build_rm_msg_interfaces_egg
[0.190s] Invoked command in '/rm_version/build/rm_msg_interfaces' returned '0': CMAKE_PREFIX_PATH=${CMAKE_PREFIX_PATH}:/opt/ros/humble /usr/bin/cmake --build /rm_version/build/rm_msg_interfaces -- -j20 -l20
[0.237s] Invoking command in '/rm_version/build/rm_msg_interfaces': CMAKE_PREFIX_PATH=${CMAKE_PREFIX_PATH}:/opt/ros/humble /usr/bin/cmake --install /rm_version/build/rm_msg_interfaces
[0.241s] -- Install configuration: ""
[0.241s] -- Up-to-date: /rm_version/install/rm_msg_interfaces/share/ament_index/resource_index/rosidl_interfaces/rm_msg_interfaces
[0.241s] -- Up-to-date: /rm_version/install/rm_msg_interfaces/include/rm_msg_interfaces/rm_msg_interfaces
[0.241s] -- Up-to-date: /rm_version/install/rm_msg_interfaces/include/rm_msg_interfaces/rm_msg_interfaces/msg
[0.241s] -- Up-to-date: /rm_version/install/rm_msg_interfaces/include/rm_msg_interfaces/rm_msg_interfaces/msg/tracker.h
[0.241s] -- Up-to-date: /rm_version/install/rm_msg_interfaces/include/rm_msg_interfaces/rm_msg_interfaces/msg/armors.h
[0.241s] -- Up-to-date: /rm_version/install/rm_msg_interfaces/include/rm_msg_interfaces/rm_msg_interfaces/msg/armor.h
[0.241s] -- Up-to-date: /rm_version/install/rm_msg_interfaces/include/rm_msg_interfaces/rm_msg_interfaces/msg/rosidl_generator_c__visibility_control.h
[0.241s] -- Up-to-date: /rm_version/install/rm_msg_interfaces/include/rm_msg_interfaces/rm_msg_interfaces/msg/detail
[0.241s] -- Up-to-date: /rm_version/install/rm_msg_interfaces/include/rm_msg_interfaces/rm_msg_interfaces/msg/detail/tracker__struct.h
[0.242s] -- Up-to-date: /rm_version/install/rm_msg_interfaces/include/rm_msg_interfaces/rm_msg_interfaces/msg/detail/armor__functions.c
[0.242s] -- Up-to-date: /rm_version/install/rm_msg_interfaces/include/rm_msg_interfaces/rm_msg_interfaces/msg/detail/tracker__type_support.h
[0.242s] -- Up-to-date: /rm_version/install/rm_msg_interfaces/include/rm_msg_interfaces/rm_msg_interfaces/msg/detail/armors__struct.h
[0.242s] -- Up-to-date: /rm_version/install/rm_msg_interfaces/include/rm_msg_interfaces/rm_msg_interfaces/msg/detail/armor__type_support.h
[0.242s] -- Up-to-date: /rm_version/install/rm_msg_interfaces/include/rm_msg_interfaces/rm_msg_interfaces/msg/detail/armor__struct.h
[0.242s] -- Up-to-date: /rm_version/install/rm_msg_interfaces/include/rm_msg_interfaces/rm_msg_interfaces/msg/detail/armors__type_support.h
[0.242s] -- Up-to-date: /rm_version/install/rm_msg_interfaces/include/rm_msg_interfaces/rm_msg_interfaces/msg/detail/armor__functions.h
[0.242s] -- Up-to-date: /rm_version/install/rm_msg_interfaces/include/rm_msg_interfaces/rm_msg_interfaces/msg/detail/armors__functions.h
[0.242s] -- Up-to-date: /rm_version/install/rm_msg_interfaces/include/rm_msg_interfaces/rm_msg_interfaces/msg/detail/tracker__functions.h
[0.242s] -- Up-to-date: /rm_version/install/rm_msg_interfaces/include/rm_msg_interfaces/rm_msg_interfaces/msg/detail/armors__functions.c
[0.242s] -- Up-to-date: /rm_version/install/rm_msg_interfaces/include/rm_msg_interfaces/rm_msg_interfaces/msg/detail/tracker__functions.c
[0.243s] -- Up-to-date: /rm_version/install/rm_msg_interfaces/share/rm_msg_interfaces/environment/library_path.sh
[0.243s] -- Up-to-date: /rm_version/install/rm_msg_interfaces/share/rm_msg_interfaces/environment/library_path.dsv
[0.243s] -- Up-to-date: /rm_version/install/rm_msg_interfaces/lib/librm_msg_interfaces__rosidl_generator_c.so
[0.243s] -- Up-to-date: /rm_version/install/rm_msg_interfaces/include/rm_msg_interfaces/rm_msg_interfaces
[0.243s] -- Up-to-date: /rm_version/install/rm_msg_interfaces/include/rm_msg_interfaces/rm_msg_interfaces/msg
[0.243s] -- Up-to-date: /rm_version/install/rm_msg_interfaces/include/rm_msg_interfaces/rm_msg_interfaces/msg/rosidl_typesupport_fastrtps_c__visibility_control.h
[0.243s] -- Up-to-date: /rm_version/install/rm_msg_interfaces/include/rm_msg_interfaces/rm_msg_interfaces/msg/detail
[0.243s] -- Up-to-date: /rm_version/install/rm_msg_interfaces/include/rm_msg_interfaces/rm_msg_interfaces/msg/detail/tracker__rosidl_typesupport_fastrtps_c.h
[0.243s] -- Up-to-date: /rm_version/install/rm_msg_interfaces/include/rm_msg_interfaces/rm_msg_interfaces/msg/detail/armors__rosidl_typesupport_fastrtps_c.h
[0.243s] -- Up-to-date: /rm_version/install/rm_msg_interfaces/include/rm_msg_interfaces/rm_msg_interfaces/msg/detail/armor__rosidl_typesupport_fastrtps_c.h
[0.243s] -- Up-to-date: /rm_version/install/rm_msg_interfaces/lib/librm_msg_interfaces__rosidl_typesupport_fastrtps_c.so
[0.243s] -- Up-to-date: /rm_version/install/rm_msg_interfaces/include/rm_msg_interfaces/rm_msg_interfaces
[0.244s] -- Up-to-date: /rm_version/install/rm_msg_interfaces/include/rm_msg_interfaces/rm_msg_interfaces/msg
[0.244s] -- Up-to-date: /rm_version/install/rm_msg_interfaces/include/rm_msg_interfaces/rm_msg_interfaces/msg/rosidl_typesupport_introspection_c__visibility_control.h
[0.244s] -- Up-to-date: /rm_version/install/rm_msg_interfaces/include/rm_msg_interfaces/rm_msg_interfaces/msg/detail
[0.244s] -- Up-to-date: /rm_version/install/rm_msg_interfaces/include/rm_msg_interfaces/rm_msg_interfaces/msg/detail/tracker__type_support.c
[0.244s] -- Up-to-date: /rm_version/install/rm_msg_interfaces/include/rm_msg_interfaces/rm_msg_interfaces/msg/detail/armor__rosidl_typesupport_introspection_c.h
[0.244s] -- Up-to-date: /rm_version/install/rm_msg_interfaces/include/rm_msg_interfaces/rm_msg_interfaces/msg/detail/armors__type_support.c
[0.244s] -- Up-to-date: /rm_version/install/rm_msg_interfaces/include/rm_msg_interfaces/rm_msg_interfaces/msg/detail/armor__type_support.c
[0.244s] -- Up-to-date: /rm_version/install/rm_msg_interfaces/include/rm_msg_interfaces/rm_msg_interfaces/msg/detail/armors__rosidl_typesupport_introspection_c.h
[0.244s] -- Up-to-date: /rm_version/install/rm_msg_interfaces/include/rm_msg_interfaces/rm_msg_interfaces/msg/detail/tracker__rosidl_typesupport_introspection_c.h
[0.244s] -- Up-to-date: /rm_version/install/rm_msg_interfaces/lib/librm_msg_interfaces__rosidl_typesupport_introspection_c.so
[0.244s] -- Up-to-date: /rm_version/install/rm_msg_interfaces/lib/librm_msg_interfaces__rosidl_typesupport_c.so
[0.244s] -- Up-to-date: /rm_version/install/rm_msg_interfaces/include/rm_msg_interfaces/rm_msg_interfaces
[0.244s] -- Up-to-date: /rm_version/install/rm_msg_interfaces/include/rm_msg_interfaces/rm_msg_interfaces/msg
[0.244s] -- Up-to-date: /rm_version/install/rm_msg_interfaces/include/rm_msg_interfaces/rm_msg_interfaces/msg/armors.hpp
[0.244s] -- Up-to-date: /rm_version/install/rm_msg_interfaces/include/rm_msg_interfaces/rm_msg_interfaces/msg/tracker.hpp
[0.244s] -- Up-to-date: /rm_version/install/rm_msg_interfaces/include/rm_msg_interfaces/rm_msg_interfaces/msg/armor.hpp
[0.244s] -- Up-to-date: /rm_version/install/rm_msg_interfaces/include/rm_msg_interfaces/rm_msg_interfaces/msg/detail
[0.244s] -- Up-to-date: /rm_version/install/rm_msg_interfaces/include/rm_msg_interfaces/rm_msg_interfaces/msg/detail/tracker__traits.hpp
[0.244s] -- Up-to-date: /rm_version/install/rm_msg_interfaces/include/rm_msg_interfaces/rm_msg_interfaces/msg/detail/armors__traits.hpp
[0.244s] -- Up-to-date: /rm_version/install/rm_msg_interfaces/include/rm_msg_interfaces/rm_msg_interfaces/msg/detail/tracker__builder.hpp
[0.244s] -- Up-to-date: /rm_version/install/rm_msg_interfaces/include/rm_msg_interfaces/rm_msg_interfaces/msg/detail/armor__builder.hpp
[0.244s] -- Up-to-date: /rm_version/install/rm_msg_interfaces/include/rm_msg_interfaces/rm_msg_interfaces/msg/detail/armor__struct.hpp
[0.244s] -- Up-to-date: /rm_version/install/rm_msg_interfaces/include/rm_msg_interfaces/rm_msg_interfaces/msg/detail/armor__traits.hpp
[0.244s] -- Up-to-date: /rm_version/install/rm_msg_interfaces/include/rm_msg_interfaces/rm_msg_interfaces/msg/detail/armors__builder.hpp
[0.245s] -- Up-to-date: /rm_version/install/rm_msg_interfaces/include/rm_msg_interfaces/rm_msg_interfaces/msg/detail/tracker__struct.hpp
[0.245s] -- Up-to-date: /rm_version/install/rm_msg_interfaces/include/rm_msg_interfaces/rm_msg_interfaces/msg/detail/armors__struct.hpp
[0.245s] -- Up-to-date: /rm_version/install/rm_msg_interfaces/include/rm_msg_interfaces/rm_msg_interfaces
[0.245s] -- Up-to-date: /rm_version/install/rm_msg_interfaces/include/rm_msg_interfaces/rm_msg_interfaces/msg
[0.245s] -- Up-to-date: /rm_version/install/rm_msg_interfaces/include/rm_msg_interfaces/rm_msg_interfaces/msg/rosidl_typesupport_fastrtps_cpp__visibility_control.h
[0.245s] -- Up-to-date: /rm_version/install/rm_msg_interfaces/include/rm_msg_interfaces/rm_msg_interfaces/msg/detail
[0.245s] -- Up-to-date: /rm_version/install/rm_msg_interfaces/include/rm_msg_interfaces/rm_msg_interfaces/msg/detail/tracker__rosidl_typesupport_fastrtps_cpp.hpp
[0.245s] -- Up-to-date: /rm_version/install/rm_msg_interfaces/include/rm_msg_interfaces/rm_msg_interfaces/msg/detail/armor__rosidl_typesupport_fastrtps_cpp.hpp
[0.245s] -- Up-to-date: /rm_version/install/rm_msg_interfaces/include/rm_msg_interfaces/rm_msg_interfaces/msg/detail/armors__rosidl_typesupport_fastrtps_cpp.hpp
[0.245s] -- Up-to-date: /rm_version/install/rm_msg_interfaces/include/rm_msg_interfaces/rm_msg_interfaces/msg/detail/dds_fastrtps
[0.245s] -- Up-to-date: /rm_version/install/rm_msg_interfaces/lib/librm_msg_interfaces__rosidl_typesupport_fastrtps_cpp.so
[0.245s] -- Up-to-date: /rm_version/install/rm_msg_interfaces/include/rm_msg_interfaces/rm_msg_interfaces
[0.245s] -- Up-to-date: /rm_version/install/rm_msg_interfaces/include/rm_msg_interfaces/rm_msg_interfaces/msg
[0.245s] -- Up-to-date: /rm_version/install/rm_msg_interfaces/include/rm_msg_interfaces/rm_msg_interfaces/msg/detail
[0.245s] -- Up-to-date: /rm_version/install/rm_msg_interfaces/include/rm_msg_interfaces/rm_msg_interfaces/msg/detail/armors__rosidl_typesupport_introspection_cpp.hpp
[0.245s] -- Up-to-date: /rm_version/install/rm_msg_interfaces/include/rm_msg_interfaces/rm_msg_interfaces/msg/detail/armors__type_support.cpp
[0.245s] -- Up-to-date: /rm_version/install/rm_msg_interfaces/include/rm_msg_interfaces/rm_msg_interfaces/msg/detail/armor__type_support.cpp
[0.245s] -- Up-to-date: /rm_version/install/rm_msg_interfaces/include/rm_msg_interfaces/rm_msg_interfaces/msg/detail/tracker__rosidl_typesupport_introspection_cpp.hpp
[0.245s] -- Up-to-date: /rm_version/install/rm_msg_interfaces/include/rm_msg_interfaces/rm_msg_interfaces/msg/detail/tracker__type_support.cpp
[0.245s] -- Up-to-date: /rm_version/install/rm_msg_interfaces/include/rm_msg_interfaces/rm_msg_interfaces/msg/detail/armor__rosidl_typesupport_introspection_cpp.hpp
[0.245s] -- Up-to-date: /rm_version/install/rm_msg_interfaces/lib/librm_msg_interfaces__rosidl_typesupport_introspection_cpp.so
[0.245s] -- Up-to-date: /rm_version/install/rm_msg_interfaces/lib/librm_msg_interfaces__rosidl_typesupport_cpp.so
[0.245s] -- Up-to-date: /rm_version/install/rm_msg_interfaces/share/rm_msg_interfaces/environment/pythonpath.sh
[0.245s] -- Up-to-date: /rm_version/install/rm_msg_interfaces/share/rm_msg_interfaces/environment/pythonpath.dsv
[0.245s] -- Up-to-date: /rm_version/install/rm_msg_interfaces/local/lib/python3.10/dist-packages/rm_msg_interfaces-0.0.0-py3.10.egg-info
[0.245s] -- Installing: /rm_version/install/rm_msg_interfaces/local/lib/python3.10/dist-packages/rm_msg_interfaces-0.0.0-py3.10.egg-info/top_level.txt
[0.245s] -- Installing: /rm_version/install/rm_msg_interfaces/local/lib/python3.10/dist-packages/rm_msg_interfaces-0.0.0-py3.10.egg-info/dependency_links.txt
[0.245s] -- Installing: /rm_version/install/rm_msg_interfaces/local/lib/python3.10/dist-packages/rm_msg_interfaces-0.0.0-py3.10.egg-info/SOURCES.txt
[0.245s] -- Installing: /rm_version/install/rm_msg_interfaces/local/lib/python3.10/dist-packages/rm_msg_interfaces-0.0.0-py3.10.egg-info/PKG-INFO
[0.245s] -- Up-to-date: /rm_version/install/rm_msg_interfaces/local/lib/python3.10/dist-packages/rm_msg_interfaces
[0.245s] -- Up-to-date: /rm_version/install/rm_msg_interfaces/local/lib/python3.10/dist-packages/rm_msg_interfaces/rm_msg_interfaces_s__rosidl_typesupport_fastrtps_c.cpython-310-x86_64-linux-gnu.so
[0.245s] -- Up-to-date: /rm_version/install/rm_msg_interfaces/local/lib/python3.10/dist-packages/rm_msg_interfaces/_rm_msg_interfaces_s.ep.rosidl_typesupport_introspection_c.c
[0.245s] -- Up-to-date: /rm_version/install/rm_msg_interfaces/local/lib/python3.10/dist-packages/rm_msg_interfaces/_rm_msg_interfaces_s.ep.rosidl_typesupport_c.c
[0.246s] -- Up-to-date: /rm_version/install/rm_msg_interfaces/local/lib/python3.10/dist-packages/rm_msg_interfaces/msg
[0.246s] -- Up-to-date: /rm_version/install/rm_msg_interfaces/local/lib/python3.10/dist-packages/rm_msg_interfaces/msg/_tracker_s.c
[0.246s] -- Up-to-date: /rm_version/install/rm_msg_interfaces/local/lib/python3.10/dist-packages/rm_msg_interfaces/msg/_armors.py
[0.246s] -- Up-to-date: /rm_version/install/rm_msg_interfaces/local/lib/python3.10/dist-packages/rm_msg_interfaces/msg/_armor_s.c
[0.246s] -- Up-to-date: /rm_version/install/rm_msg_interfaces/local/lib/python3.10/dist-packages/rm_msg_interfaces/msg/_armor.py
[0.246s] -- Up-to-date: /rm_version/install/rm_msg_interfaces/local/lib/python3.10/dist-packages/rm_msg_interfaces/msg/_tracker.py
[0.246s] -- Up-to-date: /rm_version/install/rm_msg_interfaces/local/lib/python3.10/dist-packages/rm_msg_interfaces/msg/_armors_s.c
[0.246s] -- Up-to-date: /rm_version/install/rm_msg_interfaces/local/lib/python3.10/dist-packages/rm_msg_interfaces/msg/__init__.py
[0.246s] -- Up-to-date: /rm_version/install/rm_msg_interfaces/local/lib/python3.10/dist-packages/rm_msg_interfaces/librm_msg_interfaces__rosidl_generator_py.so
[0.246s] -- Up-to-date: /rm_version/install/rm_msg_interfaces/local/lib/python3.10/dist-packages/rm_msg_interfaces/_rm_msg_interfaces_s.ep.rosidl_typesupport_fastrtps_c.c
[0.246s] -- Up-to-date: /rm_version/install/rm_msg_interfaces/local/lib/python3.10/dist-packages/rm_msg_interfaces/rm_msg_interfaces_s__rosidl_typesupport_c.cpython-310-x86_64-linux-gnu.so
[0.246s] -- Up-to-date: /rm_version/install/rm_msg_interfaces/local/lib/python3.10/dist-packages/rm_msg_interfaces/__init__.py
[0.246s] -- Up-to-date: /rm_version/install/rm_msg_interfaces/local/lib/python3.10/dist-packages/rm_msg_interfaces/rm_msg_interfaces_s__rosidl_typesupport_introspection_c.cpython-310-x86_64-linux-gnu.so
[0.260s] Listing '/rm_version/install/rm_msg_interfaces/local/lib/python3.10/dist-packages/rm_msg_interfaces'...
[0.260s] Listing '/rm_version/install/rm_msg_interfaces/local/lib/python3.10/dist-packages/rm_msg_interfaces/msg'...
[0.263s] -- Up-to-date: /rm_version/install/rm_msg_interfaces/local/lib/python3.10/dist-packages/rm_msg_interfaces/rm_msg_interfaces_s__rosidl_typesupport_fastrtps_c.cpython-310-x86_64-linux-gnu.so
[0.263s] -- Up-to-date: /rm_version/install/rm_msg_interfaces/local/lib/python3.10/dist-packages/rm_msg_interfaces/rm_msg_interfaces_s__rosidl_typesupport_introspection_c.cpython-310-x86_64-linux-gnu.so
[0.263s] -- Up-to-date: /rm_version/install/rm_msg_interfaces/local/lib/python3.10/dist-packages/rm_msg_interfaces/rm_msg_interfaces_s__rosidl_typesupport_c.cpython-310-x86_64-linux-gnu.so
[0.263s] -- Up-to-date: /rm_version/install/rm_msg_interfaces/lib/librm_msg_interfaces__rosidl_generator_py.so
[0.263s] -- Up-to-date: /rm_version/install/rm_msg_interfaces/share/rm_msg_interfaces/msg/Armor.idl
[0.263s] -- Up-to-date: /rm_version/install/rm_msg_interfaces/share/rm_msg_interfaces/msg/Armors.idl
[0.263s] -- Up-to-date: /rm_version/install/rm_msg_interfaces/share/rm_msg_interfaces/msg/Tracker.idl
[0.263s] -- Up-to-date: /rm_version/install/rm_msg_interfaces/share/rm_msg_interfaces/msg/Armor.msg
[0.263s] -- Up-to-date: /rm_version/install/rm_msg_interfaces/share/rm_msg_interfaces/msg/Armors.msg
[0.264s] -- Up-to-date: /rm_version/install/rm_msg_interfaces/share/rm_msg_interfaces/msg/Tracker.msg
[0.264s] -- Up-to-date: /rm_version/install/rm_msg_interfaces/share/ament_index/resource_index/package_run_dependencies/rm_msg_interfaces
[0.264s] -- Up-to-date: /rm_version/install/rm_msg_interfaces/share/ament_index/resource_index/parent_prefix_path/rm_msg_interfaces
[0.264s] -- Up-to-date: /rm_version/install/rm_msg_interfaces/share/rm_msg_interfaces/environment/ament_prefix_path.sh
[0.264s] -- Up-to-date: /rm_version/install/rm_msg_interfaces/share/rm_msg_interfaces/environment/ament_prefix_path.dsv
[0.264s] -- Up-to-date: /rm_version/install/rm_msg_interfaces/share/rm_msg_interfaces/environment/path.sh
[0.264s] -- Up-to-date: /rm_version/install/rm_msg_interfaces/share/rm_msg_interfaces/environment/path.dsv
[0.264s] -- Up-to-date: /rm_version/install/rm_msg_interfaces/share/rm_msg_interfaces/local_setup.bash
[0.264s] -- Up-to-date: /rm_version/install/rm_msg_interfaces/share/rm_msg_interfaces/local_setup.sh
[0.264s] -- Up-to-date: /rm_version/install/rm_msg_interfaces/share/rm_msg_interfaces/local_setup.zsh
[0.264s] -- Up-to-date: /rm_version/install/rm_msg_interfaces/share/rm_msg_interfaces/local_setup.dsv
[0.264s] -- Installing: /rm_version/install/rm_msg_interfaces/share/rm_msg_interfaces/package.dsv
[0.264s] -- Up-to-date: /rm_version/install/rm_msg_interfaces/share/ament_index/resource_index/packages/rm_msg_interfaces
[0.264s] -- Up-to-date: /rm_version/install/rm_msg_interfaces/share/rm_msg_interfaces/cmake/export_rm_msg_interfaces__rosidl_generator_cExport.cmake
[0.264s] -- Up-to-date: /rm_version/install/rm_msg_interfaces/share/rm_msg_interfaces/cmake/export_rm_msg_interfaces__rosidl_generator_cExport-noconfig.cmake
[0.264s] -- Up-to-date: /rm_version/install/rm_msg_interfaces/share/rm_msg_interfaces/cmake/export_rm_msg_interfaces__rosidl_typesupport_fastrtps_cExport.cmake
[0.265s] -- Up-to-date: /rm_version/install/rm_msg_interfaces/share/rm_msg_interfaces/cmake/export_rm_msg_interfaces__rosidl_typesupport_fastrtps_cExport-noconfig.cmake
[0.265s] -- Up-to-date: /rm_version/install/rm_msg_interfaces/share/rm_msg_interfaces/cmake/rm_msg_interfaces__rosidl_typesupport_introspection_cExport.cmake
[0.265s] -- Up-to-date: /rm_version/install/rm_msg_interfaces/share/rm_msg_interfaces/cmake/rm_msg_interfaces__rosidl_typesupport_introspection_cExport-noconfig.cmake
[0.265s] -- Up-to-date: /rm_version/install/rm_msg_interfaces/share/rm_msg_interfaces/cmake/rm_msg_interfaces__rosidl_typesupport_cExport.cmake
[0.265s] -- Up-to-date: /rm_version/install/rm_msg_interfaces/share/rm_msg_interfaces/cmake/rm_msg_interfaces__rosidl_typesupport_cExport-noconfig.cmake
[0.265s] -- Up-to-date: /rm_version/install/rm_msg_interfaces/share/rm_msg_interfaces/cmake/export_rm_msg_interfaces__rosidl_generator_cppExport.cmake
[0.265s] -- Up-to-date: /rm_version/install/rm_msg_interfaces/share/rm_msg_interfaces/cmake/export_rm_msg_interfaces__rosidl_typesupport_fastrtps_cppExport.cmake
[0.265s] -- Up-to-date: /rm_version/install/rm_msg_interfaces/share/rm_msg_interfaces/cmake/export_rm_msg_interfaces__rosidl_typesupport_fastrtps_cppExport-noconfig.cmake
[0.265s] -- Up-to-date: /rm_version/install/rm_msg_interfaces/share/rm_msg_interfaces/cmake/rm_msg_interfaces__rosidl_typesupport_introspection_cppExport.cmake
[0.265s] -- Up-to-date: /rm_version/install/rm_msg_interfaces/share/rm_msg_interfaces/cmake/rm_msg_interfaces__rosidl_typesupport_introspection_cppExport-noconfig.cmake
[0.265s] -- Up-to-date: /rm_version/install/rm_msg_interfaces/share/rm_msg_interfaces/cmake/rm_msg_interfaces__rosidl_typesupport_cppExport.cmake
[0.265s] -- Up-to-date: /rm_version/install/rm_msg_interfaces/share/rm_msg_interfaces/cmake/rm_msg_interfaces__rosidl_typesupport_cppExport-noconfig.cmake
[0.265s] -- Up-to-date: /rm_version/install/rm_msg_interfaces/share/rm_msg_interfaces/cmake/export_rm_msg_interfaces__rosidl_generator_pyExport.cmake
[0.265s] -- Up-to-date: /rm_version/install/rm_msg_interfaces/share/rm_msg_interfaces/cmake/export_rm_msg_interfaces__rosidl_generator_pyExport-noconfig.cmake
[0.265s] -- Up-to-date: /rm_version/install/rm_msg_interfaces/share/rm_msg_interfaces/cmake/rosidl_cmake-extras.cmake
[0.265s] -- Up-to-date: /rm_version/install/rm_msg_interfaces/share/rm_msg_interfaces/cmake/ament_cmake_export_dependencies-extras.cmake
[0.265s] -- Up-to-date: /rm_version/install/rm_msg_interfaces/share/rm_msg_interfaces/cmake/ament_cmake_export_include_directories-extras.cmake
[0.265s] -- Up-to-date: /rm_version/install/rm_msg_interfaces/share/rm_msg_interfaces/cmake/ament_cmake_export_libraries-extras.cmake
[0.265s] -- Up-to-date: /rm_version/install/rm_msg_interfaces/share/rm_msg_interfaces/cmake/ament_cmake_export_targets-extras.cmake
[0.265s] -- Up-to-date: /rm_version/install/rm_msg_interfaces/share/rm_msg_interfaces/cmake/rosidl_cmake_export_typesupport_targets-extras.cmake
[0.265s] -- Up-to-date: /rm_version/install/rm_msg_interfaces/share/rm_msg_interfaces/cmake/rosidl_cmake_export_typesupport_libraries-extras.cmake
[0.265s] -- Up-to-date: /rm_version/install/rm_msg_interfaces/share/rm_msg_interfaces/cmake/rm_msg_interfacesConfig.cmake
[0.265s] -- Up-to-date: /rm_version/install/rm_msg_interfaces/share/rm_msg_interfaces/cmake/rm_msg_interfacesConfig-version.cmake
[0.265s] -- Up-to-date: /rm_version/install/rm_msg_interfaces/share/rm_msg_interfaces/package.xml
[0.267s] Invoked command in '/rm_version/build/rm_msg_interfaces' returned '0': CMAKE_PREFIX_PATH=${CMAKE_PREFIX_PATH}:/opt/ros/humble /usr/bin/cmake --install /rm_version/build/rm_msg_interfaces
