[0.029s] Invoking command in '/rm_version/build/rm_msg_interfaces': CMAKE_PREFIX_PATH=${CMAKE_PREFIX_PATH}:/opt/ros/humble /usr/bin/cmake --build /rm_version/build/rm_msg_interfaces -- -j20 -l20
[0.059s] [  2%] Built target rm_msg_interfaces__cpp
[0.059s] [ 12%] Built target rm_msg_interfaces__rosidl_generator_c
[0.066s] [ 12%] Built target ament_cmake_python_copy_rm_msg_interfaces
[0.071s] [ 23%] Built target rm_msg_interfaces__rosidl_typesupport_introspection_c
[0.073s] [ 34%] Built target rm_msg_interfaces__rosidl_typesupport_fastrtps_c
[0.073s] [ 44%] Built target rm_msg_interfaces__rosidl_typesupport_cpp
[0.074s] [ 55%] Built target rm_msg_interfaces__rosidl_typesupport_c
[0.074s] [ 65%] Built target rm_msg_interfaces__rosidl_typesupport_fastrtps_cpp
[0.075s] [ 76%] Built target rm_msg_interfaces__rosidl_typesupport_introspection_cpp
[0.087s] [ 76%] Built target rm_msg_interfaces
[0.094s] [ 78%] Built target rm_msg_interfaces__py
[0.103s] [ 87%] Built target rm_msg_interfaces__rosidl_generator_py
[0.114s] [ 91%] Built target rm_msg_interfaces__rosidl_typesupport_introspection_c__pyext
[0.114s] [ 95%] Built target rm_msg_interfaces__rosidl_typesupport_fastrtps_c__pyext
[0.117s] [100%] Built target rm_msg_interfaces__rosidl_typesupport_c__pyext
[0.172s] running egg_info
[0.172s] writing rm_msg_interfaces.egg-info/PKG-INFO
[0.172s] writing dependency_links to rm_msg_interfaces.egg-info/dependency_links.txt
[0.172s] writing top-level names to rm_msg_interfaces.egg-info/top_level.txt
[0.173s] reading manifest file 'rm_msg_interfaces.egg-info/SOURCES.txt'
[0.174s] writing manifest file 'rm_msg_interfaces.egg-info/SOURCES.txt'
[0.186s] [100%] Built target ament_cmake_python_build_rm_msg_interfaces_egg
