[0.019s] Invoking command in '/rm_version/build/start_dirtectory': CMAKE_PREFIX_PATH=${CMAKE_PREFIX_PATH}:/opt/ros/humble /usr/bin/cmake /rm_version/src/start_dirtectory -DCMAKE_INSTALL_PREFIX=/rm_version/install/start_dirtectory
[0.123s] -- The C compiler identification is GNU 11.3.0
[0.174s] -- The CXX compiler identification is GNU 11.3.0
[0.180s] -- Detecting C compiler ABI info
[0.222s] -- Detecting C compiler ABI info - done
[0.226s] -- Check for working C compiler: /usr/bin/cc - skipped
[0.226s] -- Detecting C compile features
[0.227s] -- Detecting C compile features - done
[0.229s] -- Detecting CXX compiler ABI info
[0.317s] -- Detecting CXX compiler ABI info - done
[0.322s] -- Check for working CXX compiler: /usr/bin/c++ - skipped
[0.322s] -- Detecting CXX compile features
[0.322s] -- Detecting CXX compile features - done
[0.323s] -- Found ament_cmake_auto: 1.3.4 (/opt/ros/humble/share/ament_cmake_auto/cmake)
[0.412s] -- Found Python3: /usr/bin/python3.10 (found version "3.10.6") found components: Interpreter 
[0.483s] -- Found ament_lint_auto: 0.12.6 (/opt/ros/humble/share/ament_lint_auto/cmake)
[0.526s] -- Configuring done
[0.527s] -- Generating done
[0.528s] -- Build files have been written to: /rm_version/build/start_dirtectory
[0.531s] Invoked command in '/rm_version/build/start_dirtectory' returned '0': CMAKE_PREFIX_PATH=${CMAKE_PREFIX_PATH}:/opt/ros/humble /usr/bin/cmake /rm_version/src/start_dirtectory -DCMAKE_INSTALL_PREFIX=/rm_version/install/start_dirtectory
[0.532s] Invoking command in '/rm_version/build/start_dirtectory': CMAKE_PREFIX_PATH=${CMAKE_PREFIX_PATH}:/opt/ros/humble /usr/bin/cmake --build /rm_version/build/start_dirtectory -- -j20 -l20
[0.551s] Invoked command in '/rm_version/build/start_dirtectory' returned '0': CMAKE_PREFIX_PATH=${CMAKE_PREFIX_PATH}:/opt/ros/humble /usr/bin/cmake --build /rm_version/build/start_dirtectory -- -j20 -l20
[0.562s] Invoking command in '/rm_version/build/start_dirtectory': CMAKE_PREFIX_PATH=${CMAKE_PREFIX_PATH}:/opt/ros/humble /usr/bin/cmake --install /rm_version/build/start_dirtectory
[0.565s] -- Install configuration: ""
[0.565s] -- Installing: /rm_version/install/start_dirtectory/share/start_dirtectory/launch
[0.565s] -- Installing: /rm_version/install/start_dirtectory/share/start_dirtectory/launch/test.launch.py
[0.565s] -- Installing: /rm_version/install/start_dirtectory/share/ament_index/resource_index/package_run_dependencies/start_dirtectory
[0.565s] -- Installing: /rm_version/install/start_dirtectory/share/ament_index/resource_index/parent_prefix_path/start_dirtectory
[0.565s] -- Installing: /rm_version/install/start_dirtectory/share/start_dirtectory/environment/ament_prefix_path.sh
[0.565s] -- Installing: /rm_version/install/start_dirtectory/share/start_dirtectory/environment/ament_prefix_path.dsv
[0.565s] -- Installing: /rm_version/install/start_dirtectory/share/start_dirtectory/environment/path.sh
[0.566s] -- Installing: /rm_version/install/start_dirtectory/share/start_dirtectory/environment/path.dsv
[0.566s] -- Installing: /rm_version/install/start_dirtectory/share/start_dirtectory/local_setup.bash
[0.566s] -- Installing: /rm_version/install/start_dirtectory/share/start_dirtectory/local_setup.sh
[0.566s] -- Installing: /rm_version/install/start_dirtectory/share/start_dirtectory/local_setup.zsh
[0.566s] -- Installing: /rm_version/install/start_dirtectory/share/start_dirtectory/local_setup.dsv
[0.566s] -- Installing: /rm_version/install/start_dirtectory/share/start_dirtectory/package.dsv
[0.566s] -- Installing: /rm_version/install/start_dirtectory/share/ament_index/resource_index/packages/start_dirtectory
[0.566s] -- Installing: /rm_version/install/start_dirtectory/share/start_dirtectory/cmake/start_dirtectoryConfig.cmake
[0.566s] -- Installing: /rm_version/install/start_dirtectory/share/start_dirtectory/cmake/start_dirtectoryConfig-version.cmake
[0.567s] -- Installing: /rm_version/install/start_dirtectory/share/start_dirtectory/package.xml
[0.569s] Invoked command in '/rm_version/build/start_dirtectory' returned '0': CMAKE_PREFIX_PATH=${CMAKE_PREFIX_PATH}:/opt/ros/humble /usr/bin/cmake --install /rm_version/build/start_dirtectory
