[0.025s] Invoking command in '/rm_version/build/start_dirtectory': CMAKE_PREFIX_PATH=${CMAKE_PREFIX_PATH}:/opt/ros/humble /usr/bin/cmake --build /rm_version/build/start_dirtectory -- -j20 -l20
[0.055s] Invoked command in '/rm_version/build/start_dirtectory' returned '0': CMAKE_PREFIX_PATH=${CMAKE_PREFIX_PATH}:/opt/ros/humble /usr/bin/cmake --build /rm_version/build/start_dirtectory -- -j20 -l20
[0.073s] Invoking command in '/rm_version/build/start_dirtectory': CMAKE_PREFIX_PATH=${CMAKE_PREFIX_PATH}:/opt/ros/humble /usr/bin/cmake --install /rm_version/build/start_dirtectory
[0.077s] -- Install configuration: ""
[0.077s] -- Up-to-date: /rm_version/install/start_dirtectory/share/start_dirtectory/launch
[0.077s] -- Installing: /rm_version/install/start_dirtectory/share/start_dirtectory/launch/test.launch.py
[0.077s] -- Up-to-date: /rm_version/install/start_dirtectory/share/ament_index/resource_index/package_run_dependencies/start_dirtectory
[0.077s] -- Up-to-date: /rm_version/install/start_dirtectory/share/ament_index/resource_index/parent_prefix_path/start_dirtectory
[0.077s] -- Up-to-date: /rm_version/install/start_dirtectory/share/start_dirtectory/environment/ament_prefix_path.sh
[0.077s] -- Up-to-date: /rm_version/install/start_dirtectory/share/start_dirtectory/environment/ament_prefix_path.dsv
[0.077s] -- Up-to-date: /rm_version/install/start_dirtectory/share/start_dirtectory/environment/path.sh
[0.077s] -- Up-to-date: /rm_version/install/start_dirtectory/share/start_dirtectory/environment/path.dsv
[0.077s] -- Up-to-date: /rm_version/install/start_dirtectory/share/start_dirtectory/local_setup.bash
[0.077s] -- Up-to-date: /rm_version/install/start_dirtectory/share/start_dirtectory/local_setup.sh
[0.077s] -- Up-to-date: /rm_version/install/start_dirtectory/share/start_dirtectory/local_setup.zsh
[0.078s] -- Up-to-date: /rm_version/install/start_dirtectory/share/start_dirtectory/local_setup.dsv
[0.078s] -- Installing: /rm_version/install/start_dirtectory/share/start_dirtectory/package.dsv
[0.078s] -- Up-to-date: /rm_version/install/start_dirtectory/share/ament_index/resource_index/packages/start_dirtectory
[0.078s] -- Up-to-date: /rm_version/install/start_dirtectory/share/start_dirtectory/cmake/start_dirtectoryConfig.cmake
[0.078s] -- Up-to-date: /rm_version/install/start_dirtectory/share/start_dirtectory/cmake/start_dirtectoryConfig-version.cmake
[0.078s] -- Up-to-date: /rm_version/install/start_dirtectory/share/start_dirtectory/package.xml
[0.079s] Invoked command in '/rm_version/build/start_dirtectory' returned '0': CMAKE_PREFIX_PATH=${CMAKE_PREFIX_PATH}:/opt/ros/humble /usr/bin/cmake --install /rm_version/build/start_dirtectory
