[0.160s] DEBUG:colcon:Command line arguments: ['/usr/bin/colcon', 'build']
[0.160s] DEBUG:colcon:Parsed command line arguments: Namespace(log_base=None, log_level=None, verb_name='build', build_base='build', install_base='install', merge_install=False, symlink_install=False, test_result_base=None, continue_on_error=False, executor='parallel', parallel_workers=20, event_handlers=None, ignore_user_meta=False, metas=['./colcon.meta'], base_paths=['.'], packages_ignore=None, packages_ignore_regex=None, paths=None, packages_up_to=None, packages_up_to_regex=None, packages_above=None, packages_above_and_dependencies=None, packages_above_depth=None, packages_select_by_dep=None, packages_skip_by_dep=None, packages_skip_up_to=None, packages_select_build_failed=False, packages_skip_build_finished=False, packages_select_test_failures=False, packages_skip_test_passed=False, packages_select=None, packages_skip=None, packages_select_regex=None, packages_skip_regex=None, packages_start=None, packages_end=None, cmake_args=None, cmake_target=None, cmake_target_skip_unavailable=False, cmake_clean_cache=False, cmake_clean_first=False, cmake_force_configure=False, ament_cmake_args=None, catkin_cmake_args=None, catkin_skip_building_tests=False, mixin_files=None, mixin=None, verb_parser=<colcon_mixin.mixin.mixin_argument.MixinArgumentDecorator object at 0x7f046b3b5e10>, verb_extension=<colcon_core.verb.build.BuildVerb object at 0x7f046bd77a90>, main=<bound method BuildVerb.main of <colcon_core.verb.build.BuildVerb object at 0x7f046bd77a90>>, mixin_verb=('build',))
[0.175s] Level 1:colcon.colcon_core.package_discovery:discover_packages(colcon_meta) check parameters
[0.175s] INFO:colcon.colcon_metadata.package_discovery.colcon_meta:Using configuration from '/root/.colcon/metadata/default/Gazebo.meta'
[0.175s] INFO:colcon.colcon_metadata.package_discovery.colcon_meta:Using configuration from '/root/.colcon/metadata/default/fastrtps.meta'
[0.175s] Level 1:colcon.colcon_core.package_discovery:discover_packages(recursive) check parameters
[0.175s] Level 1:colcon.colcon_core.package_discovery:discover_packages(ignore) check parameters
[0.175s] Level 1:colcon.colcon_core.package_discovery:discover_packages(path) check parameters
[0.175s] Level 1:colcon.colcon_core.package_discovery:discover_packages(colcon_meta) discover
[0.176s] Level 1:colcon.colcon_core.package_discovery:discover_packages(recursive) discover
[0.176s] INFO:colcon.colcon_core.package_discovery:Crawling recursively for packages in '/rm_version'
[0.176s] Level 1:colcon.colcon_core.package_identification:_identify(.) by extensions ['ignore', 'ignore_ament_install']
[0.176s] Level 1:colcon.colcon_core.package_identification:_identify(.) by extension 'ignore'
[0.176s] Level 1:colcon.colcon_core.package_identification:_identify(.) by extension 'ignore_ament_install'
[0.176s] Level 1:colcon.colcon_core.package_identification:_identify(.) by extensions ['colcon_pkg']
[0.176s] Level 1:colcon.colcon_core.package_identification:_identify(.) by extension 'colcon_pkg'
[0.176s] Level 1:colcon.colcon_core.package_identification:_identify(.) by extensions ['colcon_meta']
[0.176s] Level 1:colcon.colcon_core.package_identification:_identify(.) by extension 'colcon_meta'
[0.176s] Level 1:colcon.colcon_core.package_identification:_identify(.) by extensions ['ros']
[0.176s] Level 1:colcon.colcon_core.package_identification:_identify(.) by extension 'ros'
[0.187s] Level 1:colcon.colcon_core.package_identification:_identify(.) by extensions ['cmake', 'python']
[0.187s] Level 1:colcon.colcon_core.package_identification:_identify(.) by extension 'cmake'
[0.187s] Level 1:colcon.colcon_core.package_identification:_identify(.) by extension 'python'
[0.187s] Level 1:colcon.colcon_core.package_identification:_identify(.) by extensions ['python_setup_py']
[0.187s] Level 1:colcon.colcon_core.package_identification:_identify(.) by extension 'python_setup_py'
[0.187s] Level 1:colcon.colcon_core.package_identification:_identify(build) by extensions ['ignore', 'ignore_ament_install']
[0.187s] Level 1:colcon.colcon_core.package_identification:_identify(build) by extension 'ignore'
[0.187s] Level 1:colcon.colcon_core.package_identification:_identify(build) ignored
[0.187s] Level 1:colcon.colcon_core.package_identification:_identify(install) by extensions ['ignore', 'ignore_ament_install']
[0.187s] Level 1:colcon.colcon_core.package_identification:_identify(install) by extension 'ignore'
[0.187s] Level 1:colcon.colcon_core.package_identification:_identify(install) ignored
[0.187s] Level 1:colcon.colcon_core.package_identification:_identify(log) by extensions ['ignore', 'ignore_ament_install']
[0.187s] Level 1:colcon.colcon_core.package_identification:_identify(log) by extension 'ignore'
[0.187s] Level 1:colcon.colcon_core.package_identification:_identify(log) ignored
[0.188s] Level 1:colcon.colcon_core.package_identification:_identify(src) by extensions ['ignore', 'ignore_ament_install']
[0.188s] Level 1:colcon.colcon_core.package_identification:_identify(src) by extension 'ignore'
[0.188s] Level 1:colcon.colcon_core.package_identification:_identify(src) by extension 'ignore_ament_install'
[0.188s] Level 1:colcon.colcon_core.package_identification:_identify(src) by extensions ['colcon_pkg']
[0.188s] Level 1:colcon.colcon_core.package_identification:_identify(src) by extension 'colcon_pkg'
[0.188s] Level 1:colcon.colcon_core.package_identification:_identify(src) by extensions ['colcon_meta']
[0.188s] Level 1:colcon.colcon_core.package_identification:_identify(src) by extension 'colcon_meta'
[0.188s] Level 1:colcon.colcon_core.package_identification:_identify(src) by extensions ['ros']
[0.188s] Level 1:colcon.colcon_core.package_identification:_identify(src) by extension 'ros'
[0.188s] Level 1:colcon.colcon_core.package_identification:_identify(src) by extensions ['cmake', 'python']
[0.188s] Level 1:colcon.colcon_core.package_identification:_identify(src) by extension 'cmake'
[0.188s] Level 1:colcon.colcon_core.package_identification:_identify(src) by extension 'python'
[0.188s] Level 1:colcon.colcon_core.package_identification:_identify(src) by extensions ['python_setup_py']
[0.188s] Level 1:colcon.colcon_core.package_identification:_identify(src) by extension 'python_setup_py'
[0.188s] Level 1:colcon.colcon_core.package_identification:_identify(src/hik_camera_node) by extensions ['ignore', 'ignore_ament_install']
[0.188s] Level 1:colcon.colcon_core.package_identification:_identify(src/hik_camera_node) by extension 'ignore'
[0.188s] Level 1:colcon.colcon_core.package_identification:_identify(src/hik_camera_node) by extension 'ignore_ament_install'
[0.188s] Level 1:colcon.colcon_core.package_identification:_identify(src/hik_camera_node) by extensions ['colcon_pkg']
[0.188s] Level 1:colcon.colcon_core.package_identification:_identify(src/hik_camera_node) by extension 'colcon_pkg'
[0.188s] Level 1:colcon.colcon_core.package_identification:_identify(src/hik_camera_node) by extensions ['colcon_meta']
[0.188s] Level 1:colcon.colcon_core.package_identification:_identify(src/hik_camera_node) by extension 'colcon_meta'
[0.188s] Level 1:colcon.colcon_core.package_identification:_identify(src/hik_camera_node) by extensions ['ros']
[0.188s] Level 1:colcon.colcon_core.package_identification:_identify(src/hik_camera_node) by extension 'ros'
[0.190s] DEBUG:colcon.colcon_core.package_identification:Package 'src/hik_camera_node' with type 'ros.ament_cmake' and name 'hik_camera'
[0.190s] Level 1:colcon.colcon_core.package_identification:_identify(src/rm_carme) by extensions ['ignore', 'ignore_ament_install']
[0.190s] Level 1:colcon.colcon_core.package_identification:_identify(src/rm_carme) by extension 'ignore'
[0.191s] Level 1:colcon.colcon_core.package_identification:_identify(src/rm_carme) by extension 'ignore_ament_install'
[0.191s] Level 1:colcon.colcon_core.package_identification:_identify(src/rm_carme) by extensions ['colcon_pkg']
[0.191s] Level 1:colcon.colcon_core.package_identification:_identify(src/rm_carme) by extension 'colcon_pkg'
[0.191s] Level 1:colcon.colcon_core.package_identification:_identify(src/rm_carme) by extensions ['colcon_meta']
[0.191s] Level 1:colcon.colcon_core.package_identification:_identify(src/rm_carme) by extension 'colcon_meta'
[0.191s] Level 1:colcon.colcon_core.package_identification:_identify(src/rm_carme) by extensions ['ros']
[0.191s] Level 1:colcon.colcon_core.package_identification:_identify(src/rm_carme) by extension 'ros'
[0.191s] Level 1:colcon.colcon_core.package_identification:_identify(src/rm_carme) by extensions ['cmake', 'python']
[0.191s] Level 1:colcon.colcon_core.package_identification:_identify(src/rm_carme) by extension 'cmake'
[0.191s] Level 1:colcon.colcon_core.package_identification:_identify(src/rm_carme) by extension 'python'
[0.191s] Level 1:colcon.colcon_core.package_identification:_identify(src/rm_carme) by extensions ['python_setup_py']
[0.191s] Level 1:colcon.colcon_core.package_identification:_identify(src/rm_carme) by extension 'python_setup_py'
[0.191s] Level 1:colcon.colcon_core.package_identification:_identify(src/rm_detector) by extensions ['ignore', 'ignore_ament_install']
[0.191s] Level 1:colcon.colcon_core.package_identification:_identify(src/rm_detector) by extension 'ignore'
[0.191s] Level 1:colcon.colcon_core.package_identification:_identify(src/rm_detector) by extension 'ignore_ament_install'
[0.191s] Level 1:colcon.colcon_core.package_identification:_identify(src/rm_detector) by extensions ['colcon_pkg']
[0.191s] Level 1:colcon.colcon_core.package_identification:_identify(src/rm_detector) by extension 'colcon_pkg'
[0.191s] Level 1:colcon.colcon_core.package_identification:_identify(src/rm_detector) by extensions ['colcon_meta']
[0.191s] Level 1:colcon.colcon_core.package_identification:_identify(src/rm_detector) by extension 'colcon_meta'
[0.191s] Level 1:colcon.colcon_core.package_identification:_identify(src/rm_detector) by extensions ['ros']
[0.191s] Level 1:colcon.colcon_core.package_identification:_identify(src/rm_detector) by extension 'ros'
[0.192s] DEBUG:colcon.colcon_core.package_identification:Package 'src/rm_detector' with type 'ros.ament_cmake' and name 'rm_detector'
[0.192s] Level 1:colcon.colcon_core.package_identification:_identify(src/rm_gimbal_description) by extensions ['ignore', 'ignore_ament_install']
[0.192s] Level 1:colcon.colcon_core.package_identification:_identify(src/rm_gimbal_description) by extension 'ignore'
[0.192s] Level 1:colcon.colcon_core.package_identification:_identify(src/rm_gimbal_description) by extension 'ignore_ament_install'
[0.192s] Level 1:colcon.colcon_core.package_identification:_identify(src/rm_gimbal_description) by extensions ['colcon_pkg']
[0.192s] Level 1:colcon.colcon_core.package_identification:_identify(src/rm_gimbal_description) by extension 'colcon_pkg'
[0.192s] Level 1:colcon.colcon_core.package_identification:_identify(src/rm_gimbal_description) by extensions ['colcon_meta']
[0.192s] Level 1:colcon.colcon_core.package_identification:_identify(src/rm_gimbal_description) by extension 'colcon_meta'
[0.192s] Level 1:colcon.colcon_core.package_identification:_identify(src/rm_gimbal_description) by extensions ['ros']
[0.192s] Level 1:colcon.colcon_core.package_identification:_identify(src/rm_gimbal_description) by extension 'ros'
[0.193s] DEBUG:colcon.colcon_core.package_identification:Package 'src/rm_gimbal_description' with type 'ros.ament_cmake' and name 'rm_gimbal_description'
[0.193s] Level 1:colcon.colcon_core.package_identification:_identify(src/rm_msg_interfaces) by extensions ['ignore', 'ignore_ament_install']
[0.193s] Level 1:colcon.colcon_core.package_identification:_identify(src/rm_msg_interfaces) by extension 'ignore'
[0.193s] Level 1:colcon.colcon_core.package_identification:_identify(src/rm_msg_interfaces) by extension 'ignore_ament_install'
[0.193s] Level 1:colcon.colcon_core.package_identification:_identify(src/rm_msg_interfaces) by extensions ['colcon_pkg']
[0.193s] Level 1:colcon.colcon_core.package_identification:_identify(src/rm_msg_interfaces) by extension 'colcon_pkg'
[0.193s] Level 1:colcon.colcon_core.package_identification:_identify(src/rm_msg_interfaces) by extensions ['colcon_meta']
[0.193s] Level 1:colcon.colcon_core.package_identification:_identify(src/rm_msg_interfaces) by extension 'colcon_meta'
[0.193s] Level 1:colcon.colcon_core.package_identification:_identify(src/rm_msg_interfaces) by extensions ['ros']
[0.193s] Level 1:colcon.colcon_core.package_identification:_identify(src/rm_msg_interfaces) by extension 'ros'
[0.193s] DEBUG:colcon.colcon_core.package_identification:Package 'src/rm_msg_interfaces' with type 'ros.ament_cmake' and name 'rm_msg_interfaces'
[0.193s] Level 1:colcon.colcon_core.package_identification:_identify(src/rm_tracker) by extensions ['ignore', 'ignore_ament_install']
[0.193s] Level 1:colcon.colcon_core.package_identification:_identify(src/rm_tracker) by extension 'ignore'
[0.193s] Level 1:colcon.colcon_core.package_identification:_identify(src/rm_tracker) by extension 'ignore_ament_install'
[0.193s] Level 1:colcon.colcon_core.package_identification:_identify(src/rm_tracker) by extensions ['colcon_pkg']
[0.193s] Level 1:colcon.colcon_core.package_identification:_identify(src/rm_tracker) by extension 'colcon_pkg'
[0.193s] Level 1:colcon.colcon_core.package_identification:_identify(src/rm_tracker) by extensions ['colcon_meta']
[0.194s] Level 1:colcon.colcon_core.package_identification:_identify(src/rm_tracker) by extension 'colcon_meta'
[0.194s] Level 1:colcon.colcon_core.package_identification:_identify(src/rm_tracker) by extensions ['ros']
[0.194s] Level 1:colcon.colcon_core.package_identification:_identify(src/rm_tracker) by extension 'ros'
[0.194s] DEBUG:colcon.colcon_core.package_identification:Package 'src/rm_tracker' with type 'ros.ament_cmake' and name 'rm_tracker'
[0.194s] Level 1:colcon.colcon_core.package_identification:_identify(src/ros2_video_node) by extensions ['ignore', 'ignore_ament_install']
[0.195s] Level 1:colcon.colcon_core.package_identification:_identify(src/ros2_video_node) by extension 'ignore'
[0.195s] Level 1:colcon.colcon_core.package_identification:_identify(src/ros2_video_node) by extension 'ignore_ament_install'
[0.195s] Level 1:colcon.colcon_core.package_identification:_identify(src/ros2_video_node) by extensions ['colcon_pkg']
[0.195s] Level 1:colcon.colcon_core.package_identification:_identify(src/ros2_video_node) by extension 'colcon_pkg'
[0.195s] Level 1:colcon.colcon_core.package_identification:_identify(src/ros2_video_node) by extensions ['colcon_meta']
[0.195s] Level 1:colcon.colcon_core.package_identification:_identify(src/ros2_video_node) by extension 'colcon_meta'
[0.195s] Level 1:colcon.colcon_core.package_identification:_identify(src/ros2_video_node) by extensions ['ros']
[0.195s] Level 1:colcon.colcon_core.package_identification:_identify(src/ros2_video_node) by extension 'ros'
[0.196s] DEBUG:colcon.colcon_core.package_identification:Package 'src/ros2_video_node' with type 'ros.ament_cmake' and name 'ros2_video'
[0.196s] Level 1:colcon.colcon_core.package_identification:_identify(src/start_directory) by extensions ['ignore', 'ignore_ament_install']
[0.196s] Level 1:colcon.colcon_core.package_identification:_identify(src/start_directory) by extension 'ignore'
[0.196s] Level 1:colcon.colcon_core.package_identification:_identify(src/start_directory) by extension 'ignore_ament_install'
[0.196s] Level 1:colcon.colcon_core.package_identification:_identify(src/start_directory) by extensions ['colcon_pkg']
[0.196s] Level 1:colcon.colcon_core.package_identification:_identify(src/start_directory) by extension 'colcon_pkg'
[0.196s] Level 1:colcon.colcon_core.package_identification:_identify(src/start_directory) by extensions ['colcon_meta']
[0.196s] Level 1:colcon.colcon_core.package_identification:_identify(src/start_directory) by extension 'colcon_meta'
[0.196s] Level 1:colcon.colcon_core.package_identification:_identify(src/start_directory) by extensions ['ros']
[0.196s] Level 1:colcon.colcon_core.package_identification:_identify(src/start_directory) by extension 'ros'
[0.196s] DEBUG:colcon.colcon_core.package_identification:Package 'src/start_directory' with type 'ros.ament_cmake' and name 'start_directory'
[0.196s] Level 1:colcon.colcon_core.package_discovery:discover_packages(recursive) using defaults
[0.196s] Level 1:colcon.colcon_core.package_discovery:discover_packages(ignore) discover
[0.196s] Level 1:colcon.colcon_core.package_discovery:discover_packages(ignore) using defaults
[0.196s] Level 1:colcon.colcon_core.package_discovery:discover_packages(path) discover
[0.196s] Level 1:colcon.colcon_core.package_discovery:discover_packages(path) using defaults
[0.211s] Level 5:colcon.colcon_core.verb:set package 'hik_camera' build argument 'cmake_args' from command line to 'None'
[0.211s] Level 5:colcon.colcon_core.verb:set package 'hik_camera' build argument 'cmake_target' from command line to 'None'
[0.211s] Level 5:colcon.colcon_core.verb:set package 'hik_camera' build argument 'cmake_target_skip_unavailable' from command line to 'False'
[0.211s] Level 5:colcon.colcon_core.verb:set package 'hik_camera' build argument 'cmake_clean_cache' from command line to 'False'
[0.211s] Level 5:colcon.colcon_core.verb:set package 'hik_camera' build argument 'cmake_clean_first' from command line to 'False'
[0.211s] Level 5:colcon.colcon_core.verb:set package 'hik_camera' build argument 'cmake_force_configure' from command line to 'False'
[0.211s] Level 5:colcon.colcon_core.verb:set package 'hik_camera' build argument 'ament_cmake_args' from command line to 'None'
[0.211s] Level 5:colcon.colcon_core.verb:set package 'hik_camera' build argument 'catkin_cmake_args' from command line to 'None'
[0.211s] Level 5:colcon.colcon_core.verb:set package 'hik_camera' build argument 'catkin_skip_building_tests' from command line to 'False'
[0.211s] DEBUG:colcon.colcon_core.verb:Building package 'hik_camera' with the following arguments: {'ament_cmake_args': None, 'build_base': '/rm_version/build/hik_camera', 'catkin_cmake_args': None, 'catkin_skip_building_tests': False, 'cmake_args': None, 'cmake_clean_cache': False, 'cmake_clean_first': False, 'cmake_force_configure': False, 'cmake_target': None, 'cmake_target_skip_unavailable': False, 'install_base': '/rm_version/install/hik_camera', 'merge_install': False, 'path': '/rm_version/src/hik_camera_node', 'symlink_install': False, 'test_result_base': None}
[0.211s] Level 5:colcon.colcon_core.verb:set package 'rm_gimbal_description' build argument 'cmake_args' from command line to 'None'
[0.211s] Level 5:colcon.colcon_core.verb:set package 'rm_gimbal_description' build argument 'cmake_target' from command line to 'None'
[0.211s] Level 5:colcon.colcon_core.verb:set package 'rm_gimbal_description' build argument 'cmake_target_skip_unavailable' from command line to 'False'
[0.211s] Level 5:colcon.colcon_core.verb:set package 'rm_gimbal_description' build argument 'cmake_clean_cache' from command line to 'False'
[0.211s] Level 5:colcon.colcon_core.verb:set package 'rm_gimbal_description' build argument 'cmake_clean_first' from command line to 'False'
[0.211s] Level 5:colcon.colcon_core.verb:set package 'rm_gimbal_description' build argument 'cmake_force_configure' from command line to 'False'
[0.211s] Level 5:colcon.colcon_core.verb:set package 'rm_gimbal_description' build argument 'ament_cmake_args' from command line to 'None'
[0.211s] Level 5:colcon.colcon_core.verb:set package 'rm_gimbal_description' build argument 'catkin_cmake_args' from command line to 'None'
[0.211s] Level 5:colcon.colcon_core.verb:set package 'rm_gimbal_description' build argument 'catkin_skip_building_tests' from command line to 'False'
[0.212s] DEBUG:colcon.colcon_core.verb:Building package 'rm_gimbal_description' with the following arguments: {'ament_cmake_args': None, 'build_base': '/rm_version/build/rm_gimbal_description', 'catkin_cmake_args': None, 'catkin_skip_building_tests': False, 'cmake_args': None, 'cmake_clean_cache': False, 'cmake_clean_first': False, 'cmake_force_configure': False, 'cmake_target': None, 'cmake_target_skip_unavailable': False, 'install_base': '/rm_version/install/rm_gimbal_description', 'merge_install': False, 'path': '/rm_version/src/rm_gimbal_description', 'symlink_install': False, 'test_result_base': None}
[0.212s] Level 5:colcon.colcon_core.verb:set package 'rm_msg_interfaces' build argument 'cmake_args' from command line to 'None'
[0.212s] Level 5:colcon.colcon_core.verb:set package 'rm_msg_interfaces' build argument 'cmake_target' from command line to 'None'
[0.212s] Level 5:colcon.colcon_core.verb:set package 'rm_msg_interfaces' build argument 'cmake_target_skip_unavailable' from command line to 'False'
[0.212s] Level 5:colcon.colcon_core.verb:set package 'rm_msg_interfaces' build argument 'cmake_clean_cache' from command line to 'False'
[0.212s] Level 5:colcon.colcon_core.verb:set package 'rm_msg_interfaces' build argument 'cmake_clean_first' from command line to 'False'
[0.212s] Level 5:colcon.colcon_core.verb:set package 'rm_msg_interfaces' build argument 'cmake_force_configure' from command line to 'False'
[0.212s] Level 5:colcon.colcon_core.verb:set package 'rm_msg_interfaces' build argument 'ament_cmake_args' from command line to 'None'
[0.212s] Level 5:colcon.colcon_core.verb:set package 'rm_msg_interfaces' build argument 'catkin_cmake_args' from command line to 'None'
[0.212s] Level 5:colcon.colcon_core.verb:set package 'rm_msg_interfaces' build argument 'catkin_skip_building_tests' from command line to 'False'
[0.212s] DEBUG:colcon.colcon_core.verb:Building package 'rm_msg_interfaces' with the following arguments: {'ament_cmake_args': None, 'build_base': '/rm_version/build/rm_msg_interfaces', 'catkin_cmake_args': None, 'catkin_skip_building_tests': False, 'cmake_args': None, 'cmake_clean_cache': False, 'cmake_clean_first': False, 'cmake_force_configure': False, 'cmake_target': None, 'cmake_target_skip_unavailable': False, 'install_base': '/rm_version/install/rm_msg_interfaces', 'merge_install': False, 'path': '/rm_version/src/rm_msg_interfaces', 'symlink_install': False, 'test_result_base': None}
[0.213s] Level 5:colcon.colcon_core.verb:set package 'ros2_video' build argument 'cmake_args' from command line to 'None'
[0.213s] Level 5:colcon.colcon_core.verb:set package 'ros2_video' build argument 'cmake_target' from command line to 'None'
[0.213s] Level 5:colcon.colcon_core.verb:set package 'ros2_video' build argument 'cmake_target_skip_unavailable' from command line to 'False'
[0.213s] Level 5:colcon.colcon_core.verb:set package 'ros2_video' build argument 'cmake_clean_cache' from command line to 'False'
[0.213s] Level 5:colcon.colcon_core.verb:set package 'ros2_video' build argument 'cmake_clean_first' from command line to 'False'
[0.213s] Level 5:colcon.colcon_core.verb:set package 'ros2_video' build argument 'cmake_force_configure' from command line to 'False'
[0.213s] Level 5:colcon.colcon_core.verb:set package 'ros2_video' build argument 'ament_cmake_args' from command line to 'None'
[0.213s] Level 5:colcon.colcon_core.verb:set package 'ros2_video' build argument 'catkin_cmake_args' from command line to 'None'
[0.213s] Level 5:colcon.colcon_core.verb:set package 'ros2_video' build argument 'catkin_skip_building_tests' from command line to 'False'
[0.213s] DEBUG:colcon.colcon_core.verb:Building package 'ros2_video' with the following arguments: {'ament_cmake_args': None, 'build_base': '/rm_version/build/ros2_video', 'catkin_cmake_args': None, 'catkin_skip_building_tests': False, 'cmake_args': None, 'cmake_clean_cache': False, 'cmake_clean_first': False, 'cmake_force_configure': False, 'cmake_target': None, 'cmake_target_skip_unavailable': False, 'install_base': '/rm_version/install/ros2_video', 'merge_install': False, 'path': '/rm_version/src/ros2_video_node', 'symlink_install': False, 'test_result_base': None}
[0.213s] Level 5:colcon.colcon_core.verb:set package 'start_directory' build argument 'cmake_args' from command line to 'None'
[0.213s] Level 5:colcon.colcon_core.verb:set package 'start_directory' build argument 'cmake_target' from command line to 'None'
[0.213s] Level 5:colcon.colcon_core.verb:set package 'start_directory' build argument 'cmake_target_skip_unavailable' from command line to 'False'
[0.213s] Level 5:colcon.colcon_core.verb:set package 'start_directory' build argument 'cmake_clean_cache' from command line to 'False'
[0.213s] Level 5:colcon.colcon_core.verb:set package 'start_directory' build argument 'cmake_clean_first' from command line to 'False'
[0.213s] Level 5:colcon.colcon_core.verb:set package 'start_directory' build argument 'cmake_force_configure' from command line to 'False'
[0.213s] Level 5:colcon.colcon_core.verb:set package 'start_directory' build argument 'ament_cmake_args' from command line to 'None'
[0.213s] Level 5:colcon.colcon_core.verb:set package 'start_directory' build argument 'catkin_cmake_args' from command line to 'None'
[0.213s] Level 5:colcon.colcon_core.verb:set package 'start_directory' build argument 'catkin_skip_building_tests' from command line to 'False'
[0.213s] DEBUG:colcon.colcon_core.verb:Building package 'start_directory' with the following arguments: {'ament_cmake_args': None, 'build_base': '/rm_version/build/start_directory', 'catkin_cmake_args': None, 'catkin_skip_building_tests': False, 'cmake_args': None, 'cmake_clean_cache': False, 'cmake_clean_first': False, 'cmake_force_configure': False, 'cmake_target': None, 'cmake_target_skip_unavailable': False, 'install_base': '/rm_version/install/start_directory', 'merge_install': False, 'path': '/rm_version/src/start_directory', 'symlink_install': False, 'test_result_base': None}
[0.214s] Level 5:colcon.colcon_core.verb:set package 'rm_detector' build argument 'cmake_args' from command line to 'None'
[0.214s] Level 5:colcon.colcon_core.verb:set package 'rm_detector' build argument 'cmake_target' from command line to 'None'
[0.214s] Level 5:colcon.colcon_core.verb:set package 'rm_detector' build argument 'cmake_target_skip_unavailable' from command line to 'False'
[0.214s] Level 5:colcon.colcon_core.verb:set package 'rm_detector' build argument 'cmake_clean_cache' from command line to 'False'
[0.214s] Level 5:colcon.colcon_core.verb:set package 'rm_detector' build argument 'cmake_clean_first' from command line to 'False'
[0.214s] Level 5:colcon.colcon_core.verb:set package 'rm_detector' build argument 'cmake_force_configure' from command line to 'False'
[0.214s] Level 5:colcon.colcon_core.verb:set package 'rm_detector' build argument 'ament_cmake_args' from command line to 'None'
[0.214s] Level 5:colcon.colcon_core.verb:set package 'rm_detector' build argument 'catkin_cmake_args' from command line to 'None'
[0.214s] Level 5:colcon.colcon_core.verb:set package 'rm_detector' build argument 'catkin_skip_building_tests' from command line to 'False'
[0.214s] DEBUG:colcon.colcon_core.verb:Building package 'rm_detector' with the following arguments: {'ament_cmake_args': None, 'build_base': '/rm_version/build/rm_detector', 'catkin_cmake_args': None, 'catkin_skip_building_tests': False, 'cmake_args': None, 'cmake_clean_cache': False, 'cmake_clean_first': False, 'cmake_force_configure': False, 'cmake_target': None, 'cmake_target_skip_unavailable': False, 'install_base': '/rm_version/install/rm_detector', 'merge_install': False, 'path': '/rm_version/src/rm_detector', 'symlink_install': False, 'test_result_base': None}
[0.215s] Level 5:colcon.colcon_core.verb:set package 'rm_tracker' build argument 'cmake_args' from command line to 'None'
[0.215s] Level 5:colcon.colcon_core.verb:set package 'rm_tracker' build argument 'cmake_target' from command line to 'None'
[0.215s] Level 5:colcon.colcon_core.verb:set package 'rm_tracker' build argument 'cmake_target_skip_unavailable' from command line to 'False'
[0.215s] Level 5:colcon.colcon_core.verb:set package 'rm_tracker' build argument 'cmake_clean_cache' from command line to 'False'
[0.215s] Level 5:colcon.colcon_core.verb:set package 'rm_tracker' build argument 'cmake_clean_first' from command line to 'False'
[0.215s] Level 5:colcon.colcon_core.verb:set package 'rm_tracker' build argument 'cmake_force_configure' from command line to 'False'
[0.215s] Level 5:colcon.colcon_core.verb:set package 'rm_tracker' build argument 'ament_cmake_args' from command line to 'None'
[0.215s] Level 5:colcon.colcon_core.verb:set package 'rm_tracker' build argument 'catkin_cmake_args' from command line to 'None'
[0.215s] Level 5:colcon.colcon_core.verb:set package 'rm_tracker' build argument 'catkin_skip_building_tests' from command line to 'False'
[0.215s] DEBUG:colcon.colcon_core.verb:Building package 'rm_tracker' with the following arguments: {'ament_cmake_args': None, 'build_base': '/rm_version/build/rm_tracker', 'catkin_cmake_args': None, 'catkin_skip_building_tests': False, 'cmake_args': None, 'cmake_clean_cache': False, 'cmake_clean_first': False, 'cmake_force_configure': False, 'cmake_target': None, 'cmake_target_skip_unavailable': False, 'install_base': '/rm_version/install/rm_tracker', 'merge_install': False, 'path': '/rm_version/src/rm_tracker', 'symlink_install': False, 'test_result_base': None}
[0.215s] INFO:colcon.colcon_core.executor:Executing jobs using 'parallel' executor
[0.217s] DEBUG:colcon.colcon_parallel_executor.executor.parallel:run_until_complete
[0.217s] INFO:colcon.colcon_ros.task.ament_cmake.build:Building ROS package in '/rm_version/src/rm_msg_interfaces' with build type 'ament_cmake'
[0.217s] INFO:colcon.colcon_cmake.task.cmake.build:Building CMake package in '/rm_version/src/rm_msg_interfaces'
[0.220s] INFO:colcon.colcon_core.plugin_system:Skipping extension 'colcon_core.shell.bat': Not used on non-Windows systems
[0.220s] INFO:colcon.colcon_core.shell:Skip shell extension 'powershell' for command environment: Not usable outside of PowerShell
[0.220s] DEBUG:colcon.colcon_core.shell:Skip shell extension 'dsv' for command environment
[0.223s] INFO:colcon.colcon_ros.task.ament_cmake.build:Building ROS package in '/rm_version/src/hik_camera_node' with build type 'ament_cmake'
[0.224s] INFO:colcon.colcon_cmake.task.cmake.build:Building CMake package in '/rm_version/src/hik_camera_node'
[0.225s] INFO:colcon.colcon_core.shell:Skip shell extension 'powershell' for command environment: Not usable outside of PowerShell
[0.225s] DEBUG:colcon.colcon_core.shell:Skip shell extension 'dsv' for command environment
[0.227s] INFO:colcon.colcon_ros.task.ament_cmake.build:Building ROS package in '/rm_version/src/rm_gimbal_description' with build type 'ament_cmake'
[0.228s] INFO:colcon.colcon_cmake.task.cmake.build:Building CMake package in '/rm_version/src/rm_gimbal_description'
[0.228s] INFO:colcon.colcon_core.shell:Skip shell extension 'powershell' for command environment: Not usable outside of PowerShell
[0.229s] DEBUG:colcon.colcon_core.shell:Skip shell extension 'dsv' for command environment
[0.231s] INFO:colcon.colcon_ros.task.ament_cmake.build:Building ROS package in '/rm_version/src/ros2_video_node' with build type 'ament_cmake'
[0.232s] INFO:colcon.colcon_cmake.task.cmake.build:Building CMake package in '/rm_version/src/ros2_video_node'
[0.232s] INFO:colcon.colcon_core.shell:Skip shell extension 'powershell' for command environment: Not usable outside of PowerShell
[0.232s] DEBUG:colcon.colcon_core.shell:Skip shell extension 'dsv' for command environment
[0.235s] INFO:colcon.colcon_ros.task.ament_cmake.build:Building ROS package in '/rm_version/src/start_directory' with build type 'ament_cmake'
[0.235s] INFO:colcon.colcon_cmake.task.cmake.build:Building CMake package in '/rm_version/src/start_directory'
[0.236s] INFO:colcon.colcon_core.shell:Skip shell extension 'powershell' for command environment: Not usable outside of PowerShell
[0.237s] DEBUG:colcon.colcon_core.shell:Skip shell extension 'dsv' for command environment
[0.251s] DEBUG:colcon.colcon_core.event_handler.log_command:Invoking command in '/rm_version/build/rm_msg_interfaces': CMAKE_PREFIX_PATH=${CMAKE_PREFIX_PATH}:/opt/ros/humble /usr/bin/cmake --build /rm_version/build/rm_msg_interfaces -- -j20 -l20
[0.255s] DEBUG:colcon.colcon_core.event_handler.log_command:Invoking command in '/rm_version/build/hik_camera': CMAKE_PREFIX_PATH=${CMAKE_PREFIX_PATH}:/opt/ros/humble /usr/bin/cmake --build /rm_version/build/hik_camera -- -j20 -l20
[0.260s] DEBUG:colcon.colcon_core.event_handler.log_command:Invoking command in '/rm_version/build/rm_gimbal_description': CMAKE_PREFIX_PATH=${CMAKE_PREFIX_PATH}:/opt/ros/humble /usr/bin/cmake --build /rm_version/build/rm_gimbal_description -- -j20 -l20
[0.265s] DEBUG:colcon.colcon_core.event_handler.log_command:Invoking command in '/rm_version/build/ros2_video': CMAKE_PREFIX_PATH=${CMAKE_PREFIX_PATH}:/opt/ros/humble /usr/bin/cmake --build /rm_version/build/ros2_video -- -j20 -l20
[0.268s] DEBUG:colcon.colcon_core.event_handler.log_command:Invoking command in '/rm_version/build/start_directory': CMAKE_PREFIX_PATH=${CMAKE_PREFIX_PATH}:/opt/ros/humble /usr/bin/cmake --build /rm_version/build/start_directory -- -j20 -l20
[0.280s] DEBUG:colcon.colcon_core.event_handler.log_command:Invoked command in '/rm_version/build/rm_gimbal_description' returned '0': CMAKE_PREFIX_PATH=${CMAKE_PREFIX_PATH}:/opt/ros/humble /usr/bin/cmake --build /rm_version/build/rm_gimbal_description -- -j20 -l20
[0.285s] DEBUG:colcon.colcon_core.event_handler.log_command:Invoked command in '/rm_version/build/start_directory' returned '0': CMAKE_PREFIX_PATH=${CMAKE_PREFIX_PATH}:/opt/ros/humble /usr/bin/cmake --build /rm_version/build/start_directory -- -j20 -l20
[0.300s] DEBUG:colcon.colcon_core.event_handler.log_command:Invoking command in '/rm_version/build/rm_gimbal_description': CMAKE_PREFIX_PATH=${CMAKE_PREFIX_PATH}:/opt/ros/humble /usr/bin/cmake --install /rm_version/build/rm_gimbal_description
[0.303s] DEBUG:colcon.colcon_core.event_handler.log_command:Invoking command in '/rm_version/build/start_directory': CMAKE_PREFIX_PATH=${CMAKE_PREFIX_PATH}:/opt/ros/humble /usr/bin/cmake --install /rm_version/build/start_directory
[0.306s] Level 1:colcon.colcon_core.environment:create_environment_scripts_only(rm_gimbal_description)
[0.311s] DEBUG:colcon.colcon_core.event_handler.log_command:Invoked command in '/rm_version/build/rm_gimbal_description' returned '0': CMAKE_PREFIX_PATH=${CMAKE_PREFIX_PATH}:/opt/ros/humble /usr/bin/cmake --install /rm_version/build/rm_gimbal_description
[0.313s] Level 1:colcon.colcon_core.environment:checking '/rm_version/install/rm_gimbal_description' for CMake module files
[0.313s] Level 1:colcon.colcon_core.environment:checking '/rm_version/install/rm_gimbal_description' for CMake config files
[0.313s] Level 1:colcon.colcon_core.shell:create_environment_hook('rm_gimbal_description', 'cmake_prefix_path')
[0.314s] INFO:colcon.colcon_core.shell:Creating environment hook '/rm_version/install/rm_gimbal_description/share/rm_gimbal_description/hook/cmake_prefix_path.ps1'
[0.314s] INFO:colcon.colcon_core.shell:Creating environment descriptor '/rm_version/install/rm_gimbal_description/share/rm_gimbal_description/hook/cmake_prefix_path.dsv'
[0.315s] INFO:colcon.colcon_core.shell:Creating environment hook '/rm_version/install/rm_gimbal_description/share/rm_gimbal_description/hook/cmake_prefix_path.sh'
[0.315s] Level 1:colcon.colcon_core.environment:checking '/rm_version/install/rm_gimbal_description/bin'
[0.315s] Level 1:colcon.colcon_core.environment:checking '/rm_version/install/rm_gimbal_description/lib/pkgconfig/rm_gimbal_description.pc'
[0.316s] Level 1:colcon.colcon_core.environment:checking '/rm_version/install/rm_gimbal_description/lib/python3.10/site-packages'
[0.317s] Level 1:colcon.colcon_core.environment:checking '/rm_version/install/rm_gimbal_description/bin'
[0.317s] INFO:colcon.colcon_core.shell:Creating package script '/rm_version/install/rm_gimbal_description/share/rm_gimbal_description/package.ps1'
[0.318s] INFO:colcon.colcon_core.shell:Creating package descriptor '/rm_version/install/rm_gimbal_description/share/rm_gimbal_description/package.dsv'
[0.319s] INFO:colcon.colcon_core.shell:Creating package script '/rm_version/install/rm_gimbal_description/share/rm_gimbal_description/package.sh'
[0.320s] INFO:colcon.colcon_core.shell:Creating package script '/rm_version/install/rm_gimbal_description/share/rm_gimbal_description/package.bash'
[0.320s] INFO:colcon.colcon_core.shell:Creating package script '/rm_version/install/rm_gimbal_description/share/rm_gimbal_description/package.zsh'
[0.320s] Level 1:colcon.colcon_core.environment:create_file_with_runtime_dependencies(/rm_version/install/rm_gimbal_description/share/colcon-core/packages/rm_gimbal_description)
[0.322s] Level 1:colcon.colcon_core.environment:create_environment_scripts_only(start_directory)
[0.323s] Level 1:colcon.colcon_core.environment:checking '/rm_version/install/start_directory' for CMake module files
[0.323s] DEBUG:colcon.colcon_core.event_handler.log_command:Invoked command in '/rm_version/build/start_directory' returned '0': CMAKE_PREFIX_PATH=${CMAKE_PREFIX_PATH}:/opt/ros/humble /usr/bin/cmake --install /rm_version/build/start_directory
[0.324s] Level 1:colcon.colcon_core.environment:checking '/rm_version/install/start_directory' for CMake config files
[0.324s] Level 1:colcon.colcon_core.shell:create_environment_hook('start_directory', 'cmake_prefix_path')
[0.324s] INFO:colcon.colcon_core.shell:Creating environment hook '/rm_version/install/start_directory/share/start_directory/hook/cmake_prefix_path.ps1'
[0.325s] INFO:colcon.colcon_core.shell:Creating environment descriptor '/rm_version/install/start_directory/share/start_directory/hook/cmake_prefix_path.dsv'
[0.325s] INFO:colcon.colcon_core.shell:Creating environment hook '/rm_version/install/start_directory/share/start_directory/hook/cmake_prefix_path.sh'
[0.325s] Level 1:colcon.colcon_core.environment:checking '/rm_version/install/start_directory/bin'
[0.325s] Level 1:colcon.colcon_core.environment:checking '/rm_version/install/start_directory/lib/pkgconfig/start_directory.pc'
[0.325s] Level 1:colcon.colcon_core.environment:checking '/rm_version/install/start_directory/lib/python3.10/site-packages'
[0.325s] Level 1:colcon.colcon_core.environment:checking '/rm_version/install/start_directory/bin'
[0.326s] INFO:colcon.colcon_core.shell:Creating package script '/rm_version/install/start_directory/share/start_directory/package.ps1'
[0.326s] INFO:colcon.colcon_core.shell:Creating package descriptor '/rm_version/install/start_directory/share/start_directory/package.dsv'
[0.327s] INFO:colcon.colcon_core.shell:Creating package script '/rm_version/install/start_directory/share/start_directory/package.sh'
[0.327s] INFO:colcon.colcon_core.shell:Creating package script '/rm_version/install/start_directory/share/start_directory/package.bash'
[0.327s] INFO:colcon.colcon_core.shell:Creating package script '/rm_version/install/start_directory/share/start_directory/package.zsh'
[0.327s] Level 1:colcon.colcon_core.environment:create_file_with_runtime_dependencies(/rm_version/install/start_directory/share/colcon-core/packages/start_directory)
[0.328s] DEBUG:colcon.colcon_core.event_handler.log_command:Invoked command in '/rm_version/build/ros2_video' returned '0': CMAKE_PREFIX_PATH=${CMAKE_PREFIX_PATH}:/opt/ros/humble /usr/bin/cmake --build /rm_version/build/ros2_video -- -j20 -l20
[0.333s] Level 1:colcon.colcon_core.environment:create_environment_scripts_only(rm_gimbal_description)
[0.335s] Level 1:colcon.colcon_core.environment:checking '/rm_version/install/rm_gimbal_description' for CMake module files
[0.336s] Level 1:colcon.colcon_core.environment:checking '/rm_version/install/rm_gimbal_description' for CMake config files
[0.336s] Level 1:colcon.colcon_core.shell:create_environment_hook('rm_gimbal_description', 'cmake_prefix_path')
[0.337s] INFO:colcon.colcon_core.shell:Creating environment hook '/rm_version/install/rm_gimbal_description/share/rm_gimbal_description/hook/cmake_prefix_path.ps1'
[0.338s] INFO:colcon.colcon_core.shell:Creating environment descriptor '/rm_version/install/rm_gimbal_description/share/rm_gimbal_description/hook/cmake_prefix_path.dsv'
[0.338s] INFO:colcon.colcon_core.shell:Creating environment hook '/rm_version/install/rm_gimbal_description/share/rm_gimbal_description/hook/cmake_prefix_path.sh'
[0.339s] Level 1:colcon.colcon_core.environment:checking '/rm_version/install/rm_gimbal_description/bin'
[0.339s] Level 1:colcon.colcon_core.environment:checking '/rm_version/install/rm_gimbal_description/lib/pkgconfig/rm_gimbal_description.pc'
[0.339s] Level 1:colcon.colcon_core.environment:checking '/rm_version/install/rm_gimbal_description/lib/python3.10/site-packages'
[0.339s] Level 1:colcon.colcon_core.environment:checking '/rm_version/install/rm_gimbal_description/bin'
[0.341s] INFO:colcon.colcon_core.shell:Creating package script '/rm_version/install/rm_gimbal_description/share/rm_gimbal_description/package.ps1'
[0.342s] INFO:colcon.colcon_core.shell:Creating package descriptor '/rm_version/install/rm_gimbal_description/share/rm_gimbal_description/package.dsv'
[0.343s] INFO:colcon.colcon_core.shell:Creating package script '/rm_version/install/rm_gimbal_description/share/rm_gimbal_description/package.sh'
[0.343s] INFO:colcon.colcon_core.shell:Creating package script '/rm_version/install/rm_gimbal_description/share/rm_gimbal_description/package.bash'
[0.343s] INFO:colcon.colcon_core.shell:Creating package script '/rm_version/install/rm_gimbal_description/share/rm_gimbal_description/package.zsh'
[0.343s] Level 1:colcon.colcon_core.environment:create_file_with_runtime_dependencies(/rm_version/install/rm_gimbal_description/share/colcon-core/packages/rm_gimbal_description)
[0.345s] Level 1:colcon.colcon_core.environment:create_environment_scripts_only(start_directory)
[0.347s] Level 1:colcon.colcon_core.environment:checking '/rm_version/install/start_directory' for CMake module files
[0.347s] Level 1:colcon.colcon_core.environment:checking '/rm_version/install/start_directory' for CMake config files
[0.348s] Level 1:colcon.colcon_core.shell:create_environment_hook('start_directory', 'cmake_prefix_path')
[0.348s] INFO:colcon.colcon_core.shell:Creating environment hook '/rm_version/install/start_directory/share/start_directory/hook/cmake_prefix_path.ps1'
[0.349s] INFO:colcon.colcon_core.shell:Creating environment descriptor '/rm_version/install/start_directory/share/start_directory/hook/cmake_prefix_path.dsv'
[0.349s] INFO:colcon.colcon_core.shell:Creating environment hook '/rm_version/install/start_directory/share/start_directory/hook/cmake_prefix_path.sh'
[0.349s] Level 1:colcon.colcon_core.environment:checking '/rm_version/install/start_directory/bin'
[0.349s] Level 1:colcon.colcon_core.environment:checking '/rm_version/install/start_directory/lib/pkgconfig/start_directory.pc'
[0.349s] Level 1:colcon.colcon_core.environment:checking '/rm_version/install/start_directory/lib/python3.10/site-packages'
[0.350s] Level 1:colcon.colcon_core.environment:checking '/rm_version/install/start_directory/bin'
[0.351s] INFO:colcon.colcon_core.shell:Creating package script '/rm_version/install/start_directory/share/start_directory/package.ps1'
[0.351s] INFO:colcon.colcon_core.shell:Creating package descriptor '/rm_version/install/start_directory/share/start_directory/package.dsv'
[0.351s] INFO:colcon.colcon_core.shell:Creating package script '/rm_version/install/start_directory/share/start_directory/package.sh'
[0.352s] INFO:colcon.colcon_core.shell:Creating package script '/rm_version/install/start_directory/share/start_directory/package.bash'
[0.352s] INFO:colcon.colcon_core.shell:Creating package script '/rm_version/install/start_directory/share/start_directory/package.zsh'
[0.352s] Level 1:colcon.colcon_core.environment:create_file_with_runtime_dependencies(/rm_version/install/start_directory/share/colcon-core/packages/start_directory)
[0.355s] DEBUG:colcon.colcon_core.event_handler.log_command:Invoking command in '/rm_version/build/ros2_video': CMAKE_PREFIX_PATH=${CMAKE_PREFIX_PATH}:/opt/ros/humble /usr/bin/cmake --install /rm_version/build/ros2_video
[0.361s] Level 1:colcon.colcon_core.environment:create_environment_scripts_only(ros2_video)
[0.362s] Level 1:colcon.colcon_core.environment:checking '/rm_version/install/ros2_video' for CMake module files
[0.362s] DEBUG:colcon.colcon_core.event_handler.log_command:Invoked command in '/rm_version/build/ros2_video' returned '0': CMAKE_PREFIX_PATH=${CMAKE_PREFIX_PATH}:/opt/ros/humble /usr/bin/cmake --install /rm_version/build/ros2_video
[0.363s] Level 1:colcon.colcon_core.environment:checking '/rm_version/install/ros2_video' for CMake config files
[0.363s] Level 1:colcon.colcon_core.shell:create_environment_hook('ros2_video', 'cmake_prefix_path')
[0.364s] INFO:colcon.colcon_core.shell:Creating environment hook '/rm_version/install/ros2_video/share/ros2_video/hook/cmake_prefix_path.ps1'
[0.364s] INFO:colcon.colcon_core.shell:Creating environment descriptor '/rm_version/install/ros2_video/share/ros2_video/hook/cmake_prefix_path.dsv'
[0.364s] INFO:colcon.colcon_core.shell:Creating environment hook '/rm_version/install/ros2_video/share/ros2_video/hook/cmake_prefix_path.sh'
[0.365s] Level 1:colcon.colcon_core.environment:checking '/rm_version/install/ros2_video/lib'
[0.365s] Level 1:colcon.colcon_core.shell:create_environment_hook('ros2_video', 'ld_library_path_lib')
[0.365s] INFO:colcon.colcon_core.shell:Creating environment hook '/rm_version/install/ros2_video/share/ros2_video/hook/ld_library_path_lib.ps1'
[0.366s] INFO:colcon.colcon_core.shell:Creating environment descriptor '/rm_version/install/ros2_video/share/ros2_video/hook/ld_library_path_lib.dsv'
[0.366s] INFO:colcon.colcon_core.shell:Creating environment hook '/rm_version/install/ros2_video/share/ros2_video/hook/ld_library_path_lib.sh'
[0.366s] Level 1:colcon.colcon_core.environment:checking '/rm_version/install/ros2_video/bin'
[0.366s] Level 1:colcon.colcon_core.environment:checking '/rm_version/install/ros2_video/lib/pkgconfig/ros2_video.pc'
[0.366s] Level 1:colcon.colcon_core.environment:checking '/rm_version/install/ros2_video/lib/python3.10/site-packages'
[0.366s] Level 1:colcon.colcon_core.environment:checking '/rm_version/install/ros2_video/bin'
[0.367s] INFO:colcon.colcon_core.shell:Creating package script '/rm_version/install/ros2_video/share/ros2_video/package.ps1'
[0.368s] INFO:colcon.colcon_core.shell:Creating package descriptor '/rm_version/install/ros2_video/share/ros2_video/package.dsv'
[0.368s] INFO:colcon.colcon_core.shell:Creating package script '/rm_version/install/ros2_video/share/ros2_video/package.sh'
[0.368s] INFO:colcon.colcon_core.shell:Creating package script '/rm_version/install/ros2_video/share/ros2_video/package.bash'
[0.368s] INFO:colcon.colcon_core.shell:Creating package script '/rm_version/install/ros2_video/share/ros2_video/package.zsh'
[0.368s] Level 1:colcon.colcon_core.environment:create_file_with_runtime_dependencies(/rm_version/install/ros2_video/share/colcon-core/packages/ros2_video)
[0.385s] Level 1:colcon.colcon_core.environment:create_environment_scripts_only(ros2_video)
[0.387s] Level 1:colcon.colcon_core.environment:checking '/rm_version/install/ros2_video' for CMake module files
[0.387s] Level 1:colcon.colcon_core.environment:checking '/rm_version/install/ros2_video' for CMake config files
[0.387s] Level 1:colcon.colcon_core.shell:create_environment_hook('ros2_video', 'cmake_prefix_path')
[0.388s] INFO:colcon.colcon_core.shell:Creating environment hook '/rm_version/install/ros2_video/share/ros2_video/hook/cmake_prefix_path.ps1'
[0.388s] INFO:colcon.colcon_core.shell:Creating environment descriptor '/rm_version/install/ros2_video/share/ros2_video/hook/cmake_prefix_path.dsv'
[0.388s] INFO:colcon.colcon_core.shell:Creating environment hook '/rm_version/install/ros2_video/share/ros2_video/hook/cmake_prefix_path.sh'
[0.389s] Level 1:colcon.colcon_core.environment:checking '/rm_version/install/ros2_video/lib'
[0.389s] Level 1:colcon.colcon_core.shell:create_environment_hook('ros2_video', 'ld_library_path_lib')
[0.390s] INFO:colcon.colcon_core.shell:Creating environment hook '/rm_version/install/ros2_video/share/ros2_video/hook/ld_library_path_lib.ps1'
[0.390s] INFO:colcon.colcon_core.shell:Creating environment descriptor '/rm_version/install/ros2_video/share/ros2_video/hook/ld_library_path_lib.dsv'
[0.391s] INFO:colcon.colcon_core.shell:Creating environment hook '/rm_version/install/ros2_video/share/ros2_video/hook/ld_library_path_lib.sh'
[0.391s] Level 1:colcon.colcon_core.environment:checking '/rm_version/install/ros2_video/bin'
[0.391s] Level 1:colcon.colcon_core.environment:checking '/rm_version/install/ros2_video/lib/pkgconfig/ros2_video.pc'
[0.391s] Level 1:colcon.colcon_core.environment:checking '/rm_version/install/ros2_video/lib/python3.10/site-packages'
[0.391s] Level 1:colcon.colcon_core.environment:checking '/rm_version/install/ros2_video/bin'
[0.392s] INFO:colcon.colcon_core.shell:Creating package script '/rm_version/install/ros2_video/share/ros2_video/package.ps1'
[0.392s] INFO:colcon.colcon_core.shell:Creating package descriptor '/rm_version/install/ros2_video/share/ros2_video/package.dsv'
[0.393s] INFO:colcon.colcon_core.shell:Creating package script '/rm_version/install/ros2_video/share/ros2_video/package.sh'
[0.393s] INFO:colcon.colcon_core.shell:Creating package script '/rm_version/install/ros2_video/share/ros2_video/package.bash'
[0.393s] INFO:colcon.colcon_core.shell:Creating package script '/rm_version/install/ros2_video/share/ros2_video/package.zsh'
[0.393s] Level 1:colcon.colcon_core.environment:create_file_with_runtime_dependencies(/rm_version/install/ros2_video/share/colcon-core/packages/ros2_video)
[0.430s] DEBUG:colcon.colcon_core.event_handler.log_command:Invoked command in '/rm_version/build/rm_msg_interfaces' returned '0': CMAKE_PREFIX_PATH=${CMAKE_PREFIX_PATH}:/opt/ros/humble /usr/bin/cmake --build /rm_version/build/rm_msg_interfaces -- -j20 -l20
[0.474s] DEBUG:colcon.colcon_core.event_handler.log_command:Invoking command in '/rm_version/build/rm_msg_interfaces': CMAKE_PREFIX_PATH=${CMAKE_PREFIX_PATH}:/opt/ros/humble /usr/bin/cmake --install /rm_version/build/rm_msg_interfaces
[0.503s] Level 1:colcon.colcon_core.environment:create_environment_scripts_only(rm_msg_interfaces)
[0.504s] Level 1:colcon.colcon_core.environment:checking '/rm_version/install/rm_msg_interfaces' for CMake module files
[0.504s] DEBUG:colcon.colcon_core.event_handler.log_command:Invoked command in '/rm_version/build/rm_msg_interfaces' returned '0': CMAKE_PREFIX_PATH=${CMAKE_PREFIX_PATH}:/opt/ros/humble /usr/bin/cmake --install /rm_version/build/rm_msg_interfaces
[0.505s] Level 1:colcon.colcon_core.environment:checking '/rm_version/install/rm_msg_interfaces' for CMake config files
[0.505s] Level 1:colcon.colcon_core.shell:create_environment_hook('rm_msg_interfaces', 'cmake_prefix_path')
[0.505s] INFO:colcon.colcon_core.shell:Creating environment hook '/rm_version/install/rm_msg_interfaces/share/rm_msg_interfaces/hook/cmake_prefix_path.ps1'
[0.506s] INFO:colcon.colcon_core.shell:Creating environment descriptor '/rm_version/install/rm_msg_interfaces/share/rm_msg_interfaces/hook/cmake_prefix_path.dsv'
[0.506s] INFO:colcon.colcon_core.shell:Creating environment hook '/rm_version/install/rm_msg_interfaces/share/rm_msg_interfaces/hook/cmake_prefix_path.sh'
[0.506s] Level 1:colcon.colcon_core.environment:checking '/rm_version/install/rm_msg_interfaces/lib'
[0.506s] Level 1:colcon.colcon_core.shell:create_environment_hook('rm_msg_interfaces', 'ld_library_path_lib')
[0.507s] INFO:colcon.colcon_core.shell:Creating environment hook '/rm_version/install/rm_msg_interfaces/share/rm_msg_interfaces/hook/ld_library_path_lib.ps1'
[0.507s] INFO:colcon.colcon_core.shell:Creating environment descriptor '/rm_version/install/rm_msg_interfaces/share/rm_msg_interfaces/hook/ld_library_path_lib.dsv'
[0.507s] INFO:colcon.colcon_core.shell:Creating environment hook '/rm_version/install/rm_msg_interfaces/share/rm_msg_interfaces/hook/ld_library_path_lib.sh'
[0.507s] Level 1:colcon.colcon_core.environment:checking '/rm_version/install/rm_msg_interfaces/bin'
[0.507s] Level 1:colcon.colcon_core.environment:checking '/rm_version/install/rm_msg_interfaces/lib/pkgconfig/rm_msg_interfaces.pc'
[0.507s] Level 1:colcon.colcon_core.environment:checking '/rm_version/install/rm_msg_interfaces/lib/python3.10/site-packages'
[0.508s] Level 1:colcon.colcon_core.environment:checking '/rm_version/install/rm_msg_interfaces/bin'
[0.508s] INFO:colcon.colcon_core.shell:Creating package script '/rm_version/install/rm_msg_interfaces/share/rm_msg_interfaces/package.ps1'
[0.509s] INFO:colcon.colcon_core.shell:Creating package descriptor '/rm_version/install/rm_msg_interfaces/share/rm_msg_interfaces/package.dsv'
[0.509s] INFO:colcon.colcon_core.shell:Creating package script '/rm_version/install/rm_msg_interfaces/share/rm_msg_interfaces/package.sh'
[0.509s] INFO:colcon.colcon_core.shell:Creating package script '/rm_version/install/rm_msg_interfaces/share/rm_msg_interfaces/package.bash'
[0.509s] INFO:colcon.colcon_core.shell:Creating package script '/rm_version/install/rm_msg_interfaces/share/rm_msg_interfaces/package.zsh'
[0.509s] Level 1:colcon.colcon_core.environment:create_file_with_runtime_dependencies(/rm_version/install/rm_msg_interfaces/share/colcon-core/packages/rm_msg_interfaces)
[0.555s] Level 1:colcon.colcon_core.environment:create_environment_scripts_only(rm_msg_interfaces)
[0.556s] Level 1:colcon.colcon_core.environment:checking '/rm_version/install/rm_msg_interfaces' for CMake module files
[0.556s] Level 1:colcon.colcon_core.environment:checking '/rm_version/install/rm_msg_interfaces' for CMake config files
[0.557s] Level 1:colcon.colcon_core.shell:create_environment_hook('rm_msg_interfaces', 'cmake_prefix_path')
[0.557s] INFO:colcon.colcon_core.shell:Creating environment hook '/rm_version/install/rm_msg_interfaces/share/rm_msg_interfaces/hook/cmake_prefix_path.ps1'
[0.557s] INFO:colcon.colcon_core.shell:Creating environment descriptor '/rm_version/install/rm_msg_interfaces/share/rm_msg_interfaces/hook/cmake_prefix_path.dsv'
[0.558s] INFO:colcon.colcon_core.shell:Creating environment hook '/rm_version/install/rm_msg_interfaces/share/rm_msg_interfaces/hook/cmake_prefix_path.sh'
[0.558s] Level 1:colcon.colcon_core.environment:checking '/rm_version/install/rm_msg_interfaces/lib'
[0.558s] Level 1:colcon.colcon_core.shell:create_environment_hook('rm_msg_interfaces', 'ld_library_path_lib')
[0.559s] INFO:colcon.colcon_core.shell:Creating environment hook '/rm_version/install/rm_msg_interfaces/share/rm_msg_interfaces/hook/ld_library_path_lib.ps1'
[0.559s] INFO:colcon.colcon_core.shell:Creating environment descriptor '/rm_version/install/rm_msg_interfaces/share/rm_msg_interfaces/hook/ld_library_path_lib.dsv'
[0.559s] INFO:colcon.colcon_core.shell:Creating environment hook '/rm_version/install/rm_msg_interfaces/share/rm_msg_interfaces/hook/ld_library_path_lib.sh'
[0.559s] Level 1:colcon.colcon_core.environment:checking '/rm_version/install/rm_msg_interfaces/bin'
[0.559s] Level 1:colcon.colcon_core.environment:checking '/rm_version/install/rm_msg_interfaces/lib/pkgconfig/rm_msg_interfaces.pc'
[0.559s] Level 1:colcon.colcon_core.environment:checking '/rm_version/install/rm_msg_interfaces/lib/python3.10/site-packages'
[0.560s] Level 1:colcon.colcon_core.environment:checking '/rm_version/install/rm_msg_interfaces/bin'
[0.560s] INFO:colcon.colcon_core.shell:Creating package script '/rm_version/install/rm_msg_interfaces/share/rm_msg_interfaces/package.ps1'
[0.561s] INFO:colcon.colcon_core.shell:Creating package descriptor '/rm_version/install/rm_msg_interfaces/share/rm_msg_interfaces/package.dsv'
[0.561s] INFO:colcon.colcon_core.shell:Creating package script '/rm_version/install/rm_msg_interfaces/share/rm_msg_interfaces/package.sh'
[0.561s] INFO:colcon.colcon_core.shell:Creating package script '/rm_version/install/rm_msg_interfaces/share/rm_msg_interfaces/package.bash'
[0.561s] INFO:colcon.colcon_core.shell:Creating package script '/rm_version/install/rm_msg_interfaces/share/rm_msg_interfaces/package.zsh'
[0.561s] Level 1:colcon.colcon_core.environment:create_file_with_runtime_dependencies(/rm_version/install/rm_msg_interfaces/share/colcon-core/packages/rm_msg_interfaces)
[0.562s] INFO:colcon.colcon_ros.task.ament_cmake.build:Building ROS package in '/rm_version/src/rm_detector' with build type 'ament_cmake'
[0.562s] INFO:colcon.colcon_cmake.task.cmake.build:Building CMake package in '/rm_version/src/rm_detector'
[0.563s] INFO:colcon.colcon_core.shell:Skip shell extension 'powershell' for command environment: Not usable outside of PowerShell
[0.563s] DEBUG:colcon.colcon_core.shell:Skip shell extension 'dsv' for command environment
[0.565s] INFO:colcon.colcon_ros.task.ament_cmake.build:Building ROS package in '/rm_version/src/rm_tracker' with build type 'ament_cmake'
[0.565s] INFO:colcon.colcon_cmake.task.cmake.build:Building CMake package in '/rm_version/src/rm_tracker'
[0.566s] INFO:colcon.colcon_core.shell:Skip shell extension 'powershell' for command environment: Not usable outside of PowerShell
[0.566s] DEBUG:colcon.colcon_core.shell:Skip shell extension 'dsv' for command environment
[0.573s] DEBUG:colcon.colcon_core.event_handler.log_command:Invoking command in '/rm_version/build/rm_detector': AMENT_PREFIX_PATH=/rm_version/install/rm_msg_interfaces:${AMENT_PREFIX_PATH} CMAKE_PREFIX_PATH=/rm_version/install/rm_msg_interfaces:/ros_ws/install/ros2_video:/ros_ws/install/rm_vision_bringup:/ros_ws/install/rm_serial_driver:/ros_ws/install/rm_gimbal_description:/ros_ws/install/rm_auto_aim:/ros_ws/install/mindvision_camera:/ros_ws/install/hik_camera:/ros_ws/install/armor_tracker:/ros_ws/install/armor_detector:/ros_ws/install/auto_aim_interfaces:/opt/ros/humble LD_LIBRARY_PATH=/rm_version/install/rm_msg_interfaces/lib:${LD_LIBRARY_PATH} PYTHONPATH=/rm_version/install/rm_msg_interfaces/local/lib/python3.10/dist-packages:${PYTHONPATH} /usr/bin/cmake --build /rm_version/build/rm_detector -- -j20 -l20
[0.575s] DEBUG:colcon.colcon_core.event_handler.log_command:Invoking command in '/rm_version/build/rm_tracker': AMENT_PREFIX_PATH=/rm_version/install/rm_msg_interfaces:${AMENT_PREFIX_PATH} CMAKE_PREFIX_PATH=/rm_version/install/rm_msg_interfaces:/ros_ws/install/ros2_video:/ros_ws/install/rm_vision_bringup:/ros_ws/install/rm_serial_driver:/ros_ws/install/rm_gimbal_description:/ros_ws/install/rm_auto_aim:/ros_ws/install/mindvision_camera:/ros_ws/install/hik_camera:/ros_ws/install/armor_tracker:/ros_ws/install/armor_detector:/ros_ws/install/auto_aim_interfaces:/opt/ros/humble LD_LIBRARY_PATH=/rm_version/install/rm_msg_interfaces/lib:${LD_LIBRARY_PATH} PYTHONPATH=/rm_version/install/rm_msg_interfaces/local/lib/python3.10/dist-packages:${PYTHONPATH} /usr/bin/cmake --build /rm_version/build/rm_tracker -- -j20 -l20
[0.609s] DEBUG:colcon.colcon_core.event_handler.log_command:Invoked command in '/rm_version/build/rm_detector' returned '0': AMENT_PREFIX_PATH=/rm_version/install/rm_msg_interfaces:${AMENT_PREFIX_PATH} CMAKE_PREFIX_PATH=/rm_version/install/rm_msg_interfaces:/ros_ws/install/ros2_video:/ros_ws/install/rm_vision_bringup:/ros_ws/install/rm_serial_driver:/ros_ws/install/rm_gimbal_description:/ros_ws/install/rm_auto_aim:/ros_ws/install/mindvision_camera:/ros_ws/install/hik_camera:/ros_ws/install/armor_tracker:/ros_ws/install/armor_detector:/ros_ws/install/auto_aim_interfaces:/opt/ros/humble LD_LIBRARY_PATH=/rm_version/install/rm_msg_interfaces/lib:${LD_LIBRARY_PATH} PYTHONPATH=/rm_version/install/rm_msg_interfaces/local/lib/python3.10/dist-packages:${PYTHONPATH} /usr/bin/cmake --build /rm_version/build/rm_detector -- -j20 -l20
[0.612s] DEBUG:colcon.colcon_core.event_handler.log_command:Invoked command in '/rm_version/build/rm_tracker' returned '0': AMENT_PREFIX_PATH=/rm_version/install/rm_msg_interfaces:${AMENT_PREFIX_PATH} CMAKE_PREFIX_PATH=/rm_version/install/rm_msg_interfaces:/ros_ws/install/ros2_video:/ros_ws/install/rm_vision_bringup:/ros_ws/install/rm_serial_driver:/ros_ws/install/rm_gimbal_description:/ros_ws/install/rm_auto_aim:/ros_ws/install/mindvision_camera:/ros_ws/install/hik_camera:/ros_ws/install/armor_tracker:/ros_ws/install/armor_detector:/ros_ws/install/auto_aim_interfaces:/opt/ros/humble LD_LIBRARY_PATH=/rm_version/install/rm_msg_interfaces/lib:${LD_LIBRARY_PATH} PYTHONPATH=/rm_version/install/rm_msg_interfaces/local/lib/python3.10/dist-packages:${PYTHONPATH} /usr/bin/cmake --build /rm_version/build/rm_tracker -- -j20 -l20
[0.627s] DEBUG:colcon.colcon_core.event_handler.log_command:Invoking command in '/rm_version/build/rm_tracker': AMENT_PREFIX_PATH=/rm_version/install/rm_msg_interfaces:${AMENT_PREFIX_PATH} CMAKE_PREFIX_PATH=/rm_version/install/rm_msg_interfaces:/ros_ws/install/ros2_video:/ros_ws/install/rm_vision_bringup:/ros_ws/install/rm_serial_driver:/ros_ws/install/rm_gimbal_description:/ros_ws/install/rm_auto_aim:/ros_ws/install/mindvision_camera:/ros_ws/install/hik_camera:/ros_ws/install/armor_tracker:/ros_ws/install/armor_detector:/ros_ws/install/auto_aim_interfaces:/opt/ros/humble LD_LIBRARY_PATH=/rm_version/install/rm_msg_interfaces/lib:${LD_LIBRARY_PATH} PYTHONPATH=/rm_version/install/rm_msg_interfaces/local/lib/python3.10/dist-packages:${PYTHONPATH} /usr/bin/cmake --install /rm_version/build/rm_tracker
[0.628s] DEBUG:colcon.colcon_core.event_handler.log_command:Invoking command in '/rm_version/build/rm_detector': AMENT_PREFIX_PATH=/rm_version/install/rm_msg_interfaces:${AMENT_PREFIX_PATH} CMAKE_PREFIX_PATH=/rm_version/install/rm_msg_interfaces:/ros_ws/install/ros2_video:/ros_ws/install/rm_vision_bringup:/ros_ws/install/rm_serial_driver:/ros_ws/install/rm_gimbal_description:/ros_ws/install/rm_auto_aim:/ros_ws/install/mindvision_camera:/ros_ws/install/hik_camera:/ros_ws/install/armor_tracker:/ros_ws/install/armor_detector:/ros_ws/install/auto_aim_interfaces:/opt/ros/humble LD_LIBRARY_PATH=/rm_version/install/rm_msg_interfaces/lib:${LD_LIBRARY_PATH} PYTHONPATH=/rm_version/install/rm_msg_interfaces/local/lib/python3.10/dist-packages:${PYTHONPATH} /usr/bin/cmake --install /rm_version/build/rm_detector
[0.635s] Level 1:colcon.colcon_core.environment:create_environment_scripts_only(rm_tracker)
[0.636s] Level 1:colcon.colcon_core.environment:checking '/rm_version/install/rm_tracker' for CMake module files
[0.638s] Level 1:colcon.colcon_core.environment:checking '/rm_version/install/rm_tracker' for CMake config files
[0.640s] Level 1:colcon.colcon_core.shell:create_environment_hook('rm_tracker', 'cmake_prefix_path')
[0.641s] INFO:colcon.colcon_core.shell:Creating environment hook '/rm_version/install/rm_tracker/share/rm_tracker/hook/cmake_prefix_path.ps1'
[0.644s] INFO:colcon.colcon_core.shell:Creating environment descriptor '/rm_version/install/rm_tracker/share/rm_tracker/hook/cmake_prefix_path.dsv'
[0.644s] DEBUG:colcon.colcon_core.event_handler.log_command:Invoked command in '/rm_version/build/rm_tracker' returned '0': AMENT_PREFIX_PATH=/rm_version/install/rm_msg_interfaces:${AMENT_PREFIX_PATH} CMAKE_PREFIX_PATH=/rm_version/install/rm_msg_interfaces:/ros_ws/install/ros2_video:/ros_ws/install/rm_vision_bringup:/ros_ws/install/rm_serial_driver:/ros_ws/install/rm_gimbal_description:/ros_ws/install/rm_auto_aim:/ros_ws/install/mindvision_camera:/ros_ws/install/hik_camera:/ros_ws/install/armor_tracker:/ros_ws/install/armor_detector:/ros_ws/install/auto_aim_interfaces:/opt/ros/humble LD_LIBRARY_PATH=/rm_version/install/rm_msg_interfaces/lib:${LD_LIBRARY_PATH} PYTHONPATH=/rm_version/install/rm_msg_interfaces/local/lib/python3.10/dist-packages:${PYTHONPATH} /usr/bin/cmake --install /rm_version/build/rm_tracker
[0.645s] INFO:colcon.colcon_core.shell:Creating environment hook '/rm_version/install/rm_tracker/share/rm_tracker/hook/cmake_prefix_path.sh'
[0.645s] Level 1:colcon.colcon_core.environment:checking '/rm_version/install/rm_tracker/lib'
[0.645s] Level 1:colcon.colcon_core.shell:create_environment_hook('rm_tracker', 'ld_library_path_lib')
[0.646s] INFO:colcon.colcon_core.shell:Creating environment hook '/rm_version/install/rm_tracker/share/rm_tracker/hook/ld_library_path_lib.ps1'
[0.646s] INFO:colcon.colcon_core.shell:Creating environment descriptor '/rm_version/install/rm_tracker/share/rm_tracker/hook/ld_library_path_lib.dsv'
[0.646s] INFO:colcon.colcon_core.shell:Creating environment hook '/rm_version/install/rm_tracker/share/rm_tracker/hook/ld_library_path_lib.sh'
[0.646s] Level 1:colcon.colcon_core.environment:checking '/rm_version/install/rm_tracker/bin'
[0.646s] Level 1:colcon.colcon_core.environment:checking '/rm_version/install/rm_tracker/lib/pkgconfig/rm_tracker.pc'
[0.647s] Level 1:colcon.colcon_core.environment:checking '/rm_version/install/rm_tracker/lib/python3.10/site-packages'
[0.647s] Level 1:colcon.colcon_core.environment:checking '/rm_version/install/rm_tracker/bin'
[0.648s] INFO:colcon.colcon_core.shell:Creating package script '/rm_version/install/rm_tracker/share/rm_tracker/package.ps1'
[0.648s] INFO:colcon.colcon_core.shell:Creating package descriptor '/rm_version/install/rm_tracker/share/rm_tracker/package.dsv'
[0.648s] INFO:colcon.colcon_core.shell:Creating package script '/rm_version/install/rm_tracker/share/rm_tracker/package.sh'
[0.648s] INFO:colcon.colcon_core.shell:Creating package script '/rm_version/install/rm_tracker/share/rm_tracker/package.bash'
[0.649s] INFO:colcon.colcon_core.shell:Creating package script '/rm_version/install/rm_tracker/share/rm_tracker/package.zsh'
[0.649s] Level 1:colcon.colcon_core.environment:create_file_with_runtime_dependencies(/rm_version/install/rm_tracker/share/colcon-core/packages/rm_tracker)
[0.649s] Level 1:colcon.colcon_core.environment:create_environment_scripts_only(rm_detector)
[0.651s] Level 1:colcon.colcon_core.environment:checking '/rm_version/install/rm_detector' for CMake module files
[0.651s] DEBUG:colcon.colcon_core.event_handler.log_command:Invoked command in '/rm_version/build/rm_detector' returned '0': AMENT_PREFIX_PATH=/rm_version/install/rm_msg_interfaces:${AMENT_PREFIX_PATH} CMAKE_PREFIX_PATH=/rm_version/install/rm_msg_interfaces:/ros_ws/install/ros2_video:/ros_ws/install/rm_vision_bringup:/ros_ws/install/rm_serial_driver:/ros_ws/install/rm_gimbal_description:/ros_ws/install/rm_auto_aim:/ros_ws/install/mindvision_camera:/ros_ws/install/hik_camera:/ros_ws/install/armor_tracker:/ros_ws/install/armor_detector:/ros_ws/install/auto_aim_interfaces:/opt/ros/humble LD_LIBRARY_PATH=/rm_version/install/rm_msg_interfaces/lib:${LD_LIBRARY_PATH} PYTHONPATH=/rm_version/install/rm_msg_interfaces/local/lib/python3.10/dist-packages:${PYTHONPATH} /usr/bin/cmake --install /rm_version/build/rm_detector
[0.651s] Level 1:colcon.colcon_core.environment:checking '/rm_version/install/rm_detector' for CMake config files
[0.651s] Level 1:colcon.colcon_core.shell:create_environment_hook('rm_detector', 'cmake_prefix_path')
[0.652s] INFO:colcon.colcon_core.shell:Creating environment hook '/rm_version/install/rm_detector/share/rm_detector/hook/cmake_prefix_path.ps1'
[0.652s] INFO:colcon.colcon_core.shell:Creating environment descriptor '/rm_version/install/rm_detector/share/rm_detector/hook/cmake_prefix_path.dsv'
[0.653s] INFO:colcon.colcon_core.shell:Creating environment hook '/rm_version/install/rm_detector/share/rm_detector/hook/cmake_prefix_path.sh'
[0.653s] Level 1:colcon.colcon_core.environment:checking '/rm_version/install/rm_detector/lib'
[0.653s] Level 1:colcon.colcon_core.shell:create_environment_hook('rm_detector', 'ld_library_path_lib')
[0.654s] INFO:colcon.colcon_core.shell:Creating environment hook '/rm_version/install/rm_detector/share/rm_detector/hook/ld_library_path_lib.ps1'
[0.654s] INFO:colcon.colcon_core.shell:Creating environment descriptor '/rm_version/install/rm_detector/share/rm_detector/hook/ld_library_path_lib.dsv'
[0.654s] INFO:colcon.colcon_core.shell:Creating environment hook '/rm_version/install/rm_detector/share/rm_detector/hook/ld_library_path_lib.sh'
[0.654s] Level 1:colcon.colcon_core.environment:checking '/rm_version/install/rm_detector/bin'
[0.654s] Level 1:colcon.colcon_core.environment:checking '/rm_version/install/rm_detector/lib/pkgconfig/rm_detector.pc'
[0.654s] Level 1:colcon.colcon_core.environment:checking '/rm_version/install/rm_detector/lib/python3.10/site-packages'
[0.654s] Level 1:colcon.colcon_core.environment:checking '/rm_version/install/rm_detector/bin'
[0.655s] INFO:colcon.colcon_core.shell:Creating package script '/rm_version/install/rm_detector/share/rm_detector/package.ps1'
[0.655s] INFO:colcon.colcon_core.shell:Creating package descriptor '/rm_version/install/rm_detector/share/rm_detector/package.dsv'
[0.656s] INFO:colcon.colcon_core.shell:Creating package script '/rm_version/install/rm_detector/share/rm_detector/package.sh'
[0.656s] INFO:colcon.colcon_core.shell:Creating package script '/rm_version/install/rm_detector/share/rm_detector/package.bash'
[0.656s] INFO:colcon.colcon_core.shell:Creating package script '/rm_version/install/rm_detector/share/rm_detector/package.zsh'
[0.656s] Level 1:colcon.colcon_core.environment:create_file_with_runtime_dependencies(/rm_version/install/rm_detector/share/colcon-core/packages/rm_detector)
[0.664s] Level 1:colcon.colcon_core.environment:create_environment_scripts_only(rm_tracker)
[0.665s] Level 1:colcon.colcon_core.environment:checking '/rm_version/install/rm_tracker' for CMake module files
[0.666s] Level 1:colcon.colcon_core.environment:checking '/rm_version/install/rm_tracker' for CMake config files
[0.666s] Level 1:colcon.colcon_core.shell:create_environment_hook('rm_tracker', 'cmake_prefix_path')
[0.666s] INFO:colcon.colcon_core.shell:Creating environment hook '/rm_version/install/rm_tracker/share/rm_tracker/hook/cmake_prefix_path.ps1'
[0.667s] INFO:colcon.colcon_core.shell:Creating environment descriptor '/rm_version/install/rm_tracker/share/rm_tracker/hook/cmake_prefix_path.dsv'
[0.667s] INFO:colcon.colcon_core.shell:Creating environment hook '/rm_version/install/rm_tracker/share/rm_tracker/hook/cmake_prefix_path.sh'
[0.667s] Level 1:colcon.colcon_core.environment:checking '/rm_version/install/rm_tracker/lib'
[0.667s] Level 1:colcon.colcon_core.shell:create_environment_hook('rm_tracker', 'ld_library_path_lib')
[0.668s] INFO:colcon.colcon_core.shell:Creating environment hook '/rm_version/install/rm_tracker/share/rm_tracker/hook/ld_library_path_lib.ps1'
[0.668s] INFO:colcon.colcon_core.shell:Creating environment descriptor '/rm_version/install/rm_tracker/share/rm_tracker/hook/ld_library_path_lib.dsv'
[0.668s] INFO:colcon.colcon_core.shell:Creating environment hook '/rm_version/install/rm_tracker/share/rm_tracker/hook/ld_library_path_lib.sh'
[0.668s] Level 1:colcon.colcon_core.environment:checking '/rm_version/install/rm_tracker/bin'
[0.668s] Level 1:colcon.colcon_core.environment:checking '/rm_version/install/rm_tracker/lib/pkgconfig/rm_tracker.pc'
[0.669s] Level 1:colcon.colcon_core.environment:checking '/rm_version/install/rm_tracker/lib/python3.10/site-packages'
[0.669s] Level 1:colcon.colcon_core.environment:checking '/rm_version/install/rm_tracker/bin'
[0.669s] INFO:colcon.colcon_core.shell:Creating package script '/rm_version/install/rm_tracker/share/rm_tracker/package.ps1'
[0.670s] INFO:colcon.colcon_core.shell:Creating package descriptor '/rm_version/install/rm_tracker/share/rm_tracker/package.dsv'
[0.670s] INFO:colcon.colcon_core.shell:Creating package script '/rm_version/install/rm_tracker/share/rm_tracker/package.sh'
[0.671s] INFO:colcon.colcon_core.shell:Creating package script '/rm_version/install/rm_tracker/share/rm_tracker/package.bash'
[0.671s] INFO:colcon.colcon_core.shell:Creating package script '/rm_version/install/rm_tracker/share/rm_tracker/package.zsh'
[0.671s] Level 1:colcon.colcon_core.environment:create_file_with_runtime_dependencies(/rm_version/install/rm_tracker/share/colcon-core/packages/rm_tracker)
[0.673s] Level 1:colcon.colcon_core.environment:create_environment_scripts_only(rm_detector)
[0.675s] Level 1:colcon.colcon_core.environment:checking '/rm_version/install/rm_detector' for CMake module files
[0.675s] Level 1:colcon.colcon_core.environment:checking '/rm_version/install/rm_detector' for CMake config files
[0.675s] Level 1:colcon.colcon_core.shell:create_environment_hook('rm_detector', 'cmake_prefix_path')
[0.676s] INFO:colcon.colcon_core.shell:Creating environment hook '/rm_version/install/rm_detector/share/rm_detector/hook/cmake_prefix_path.ps1'
[0.676s] INFO:colcon.colcon_core.shell:Creating environment descriptor '/rm_version/install/rm_detector/share/rm_detector/hook/cmake_prefix_path.dsv'
[0.676s] INFO:colcon.colcon_core.shell:Creating environment hook '/rm_version/install/rm_detector/share/rm_detector/hook/cmake_prefix_path.sh'
[0.676s] Level 1:colcon.colcon_core.environment:checking '/rm_version/install/rm_detector/lib'
[0.676s] Level 1:colcon.colcon_core.shell:create_environment_hook('rm_detector', 'ld_library_path_lib')
[0.677s] INFO:colcon.colcon_core.shell:Creating environment hook '/rm_version/install/rm_detector/share/rm_detector/hook/ld_library_path_lib.ps1'
[0.677s] INFO:colcon.colcon_core.shell:Creating environment descriptor '/rm_version/install/rm_detector/share/rm_detector/hook/ld_library_path_lib.dsv'
[0.677s] INFO:colcon.colcon_core.shell:Creating environment hook '/rm_version/install/rm_detector/share/rm_detector/hook/ld_library_path_lib.sh'
[0.677s] Level 1:colcon.colcon_core.environment:checking '/rm_version/install/rm_detector/bin'
[0.677s] Level 1:colcon.colcon_core.environment:checking '/rm_version/install/rm_detector/lib/pkgconfig/rm_detector.pc'
[0.678s] Level 1:colcon.colcon_core.environment:checking '/rm_version/install/rm_detector/lib/python3.10/site-packages'
[0.678s] Level 1:colcon.colcon_core.environment:checking '/rm_version/install/rm_detector/bin'
[0.679s] INFO:colcon.colcon_core.shell:Creating package script '/rm_version/install/rm_detector/share/rm_detector/package.ps1'
[0.679s] INFO:colcon.colcon_core.shell:Creating package descriptor '/rm_version/install/rm_detector/share/rm_detector/package.dsv'
[0.679s] INFO:colcon.colcon_core.shell:Creating package script '/rm_version/install/rm_detector/share/rm_detector/package.sh'
[0.679s] INFO:colcon.colcon_core.shell:Creating package script '/rm_version/install/rm_detector/share/rm_detector/package.bash'
[0.679s] INFO:colcon.colcon_core.shell:Creating package script '/rm_version/install/rm_detector/share/rm_detector/package.zsh'
[0.680s] Level 1:colcon.colcon_core.environment:create_file_with_runtime_dependencies(/rm_version/install/rm_detector/share/colcon-core/packages/rm_detector)
[2.989s] DEBUG:colcon.colcon_core.event_handler.log_command:Invoked command in '/rm_version/build/hik_camera' returned '0': CMAKE_PREFIX_PATH=${CMAKE_PREFIX_PATH}:/opt/ros/humble /usr/bin/cmake --build /rm_version/build/hik_camera -- -j20 -l20
[3.003s] DEBUG:colcon.colcon_core.event_handler.log_command:Invoking command in '/rm_version/build/hik_camera': CMAKE_PREFIX_PATH=${CMAKE_PREFIX_PATH}:/opt/ros/humble /usr/bin/cmake --install /rm_version/build/hik_camera
[3.039s] Level 1:colcon.colcon_core.environment:create_environment_scripts_only(hik_camera)
[3.041s] Level 1:colcon.colcon_core.environment:checking '/rm_version/install/hik_camera' for CMake module files
[3.041s] DEBUG:colcon.colcon_core.event_handler.log_command:Invoked command in '/rm_version/build/hik_camera' returned '0': CMAKE_PREFIX_PATH=${CMAKE_PREFIX_PATH}:/opt/ros/humble /usr/bin/cmake --install /rm_version/build/hik_camera
[3.041s] Level 1:colcon.colcon_core.environment:checking '/rm_version/install/hik_camera' for CMake config files
[3.042s] Level 1:colcon.colcon_core.shell:create_environment_hook('hik_camera', 'cmake_prefix_path')
[3.043s] INFO:colcon.colcon_core.shell:Creating environment hook '/rm_version/install/hik_camera/share/hik_camera/hook/cmake_prefix_path.ps1'
[3.043s] INFO:colcon.colcon_core.shell:Creating environment descriptor '/rm_version/install/hik_camera/share/hik_camera/hook/cmake_prefix_path.dsv'
[3.043s] INFO:colcon.colcon_core.shell:Creating environment hook '/rm_version/install/hik_camera/share/hik_camera/hook/cmake_prefix_path.sh'
[3.043s] Level 1:colcon.colcon_core.environment:checking '/rm_version/install/hik_camera/lib'
[3.043s] Level 1:colcon.colcon_core.shell:create_environment_hook('hik_camera', 'ld_library_path_lib')
[3.044s] INFO:colcon.colcon_core.shell:Creating environment hook '/rm_version/install/hik_camera/share/hik_camera/hook/ld_library_path_lib.ps1'
[3.044s] INFO:colcon.colcon_core.shell:Creating environment descriptor '/rm_version/install/hik_camera/share/hik_camera/hook/ld_library_path_lib.dsv'
[3.045s] INFO:colcon.colcon_core.shell:Creating environment hook '/rm_version/install/hik_camera/share/hik_camera/hook/ld_library_path_lib.sh'
[3.045s] Level 1:colcon.colcon_core.environment:checking '/rm_version/install/hik_camera/bin'
[3.045s] Level 1:colcon.colcon_core.environment:checking '/rm_version/install/hik_camera/lib/pkgconfig/hik_camera.pc'
[3.045s] Level 1:colcon.colcon_core.environment:checking '/rm_version/install/hik_camera/lib/python3.10/site-packages'
[3.045s] Level 1:colcon.colcon_core.environment:checking '/rm_version/install/hik_camera/bin'
[3.046s] INFO:colcon.colcon_core.shell:Creating package script '/rm_version/install/hik_camera/share/hik_camera/package.ps1'
[3.046s] INFO:colcon.colcon_core.shell:Creating package descriptor '/rm_version/install/hik_camera/share/hik_camera/package.dsv'
[3.047s] INFO:colcon.colcon_core.shell:Creating package script '/rm_version/install/hik_camera/share/hik_camera/package.sh'
[3.047s] INFO:colcon.colcon_core.shell:Creating package script '/rm_version/install/hik_camera/share/hik_camera/package.bash'
[3.047s] INFO:colcon.colcon_core.shell:Creating package script '/rm_version/install/hik_camera/share/hik_camera/package.zsh'
[3.047s] Level 1:colcon.colcon_core.environment:create_file_with_runtime_dependencies(/rm_version/install/hik_camera/share/colcon-core/packages/hik_camera)
[3.063s] Level 1:colcon.colcon_core.environment:create_environment_scripts_only(hik_camera)
[3.065s] Level 1:colcon.colcon_core.environment:checking '/rm_version/install/hik_camera' for CMake module files
[3.065s] Level 1:colcon.colcon_core.environment:checking '/rm_version/install/hik_camera' for CMake config files
[3.065s] Level 1:colcon.colcon_core.shell:create_environment_hook('hik_camera', 'cmake_prefix_path')
[3.066s] INFO:colcon.colcon_core.shell:Creating environment hook '/rm_version/install/hik_camera/share/hik_camera/hook/cmake_prefix_path.ps1'
[3.066s] INFO:colcon.colcon_core.shell:Creating environment descriptor '/rm_version/install/hik_camera/share/hik_camera/hook/cmake_prefix_path.dsv'
[3.066s] INFO:colcon.colcon_core.shell:Creating environment hook '/rm_version/install/hik_camera/share/hik_camera/hook/cmake_prefix_path.sh'
[3.066s] Level 1:colcon.colcon_core.environment:checking '/rm_version/install/hik_camera/lib'
[3.066s] Level 1:colcon.colcon_core.shell:create_environment_hook('hik_camera', 'ld_library_path_lib')
[3.067s] INFO:colcon.colcon_core.shell:Creating environment hook '/rm_version/install/hik_camera/share/hik_camera/hook/ld_library_path_lib.ps1'
[3.067s] INFO:colcon.colcon_core.shell:Creating environment descriptor '/rm_version/install/hik_camera/share/hik_camera/hook/ld_library_path_lib.dsv'
[3.067s] INFO:colcon.colcon_core.shell:Creating environment hook '/rm_version/install/hik_camera/share/hik_camera/hook/ld_library_path_lib.sh'
[3.068s] Level 1:colcon.colcon_core.environment:checking '/rm_version/install/hik_camera/bin'
[3.068s] Level 1:colcon.colcon_core.environment:checking '/rm_version/install/hik_camera/lib/pkgconfig/hik_camera.pc'
[3.068s] Level 1:colcon.colcon_core.environment:checking '/rm_version/install/hik_camera/lib/python3.10/site-packages'
[3.068s] Level 1:colcon.colcon_core.environment:checking '/rm_version/install/hik_camera/bin'
[3.069s] INFO:colcon.colcon_core.shell:Creating package script '/rm_version/install/hik_camera/share/hik_camera/package.ps1'
[3.069s] INFO:colcon.colcon_core.shell:Creating package descriptor '/rm_version/install/hik_camera/share/hik_camera/package.dsv'
[3.069s] INFO:colcon.colcon_core.shell:Creating package script '/rm_version/install/hik_camera/share/hik_camera/package.sh'
[3.069s] INFO:colcon.colcon_core.shell:Creating package script '/rm_version/install/hik_camera/share/hik_camera/package.bash'
[3.070s] INFO:colcon.colcon_core.shell:Creating package script '/rm_version/install/hik_camera/share/hik_camera/package.zsh'
[3.070s] Level 1:colcon.colcon_core.environment:create_file_with_runtime_dependencies(/rm_version/install/hik_camera/share/colcon-core/packages/hik_camera)
[3.070s] DEBUG:colcon.colcon_parallel_executor.executor.parallel:closing loop
[3.070s] DEBUG:colcon.colcon_parallel_executor.executor.parallel:loop closed
[3.071s] DEBUG:colcon.colcon_parallel_executor.executor.parallel:run_until_complete finished with '0'
[3.071s] DEBUG:colcon.colcon_core.event_reactor:joining thread
[3.074s] INFO:colcon.colcon_core.plugin_system:Skipping extension 'colcon_notification.desktop_notification.notify_send': Could not find 'notify-send'
[3.075s] INFO:colcon.colcon_core.plugin_system:Skipping extension 'colcon_notification.desktop_notification.terminal_notifier': Not used on non-Darwin systems
[3.075s] INFO:colcon.colcon_core.plugin_system:Skipping extension 'colcon_notification.desktop_notification.win32': Not used on non-Windows systems
[3.075s] INFO:colcon.colcon_notification.desktop_notification:Sending desktop notification using 'notify2'
[3.075s] DEBUG:colcon.colcon_notification.desktop_notification.notify2:Failed to initialize notify2: org.freedesktop.DBus.Error.NotSupported: Unable to autolaunch a dbus-daemon without a $DISPLAY for X11
[3.075s] DEBUG:colcon.colcon_core.event_reactor:joined thread
[3.075s] INFO:colcon.colcon_core.shell:Creating prefix script '/rm_version/install/local_setup.ps1'
[3.076s] INFO:colcon.colcon_core.shell:Creating prefix util module '/rm_version/install/_local_setup_util_ps1.py'
[3.077s] INFO:colcon.colcon_core.shell:Creating prefix chain script '/rm_version/install/setup.ps1'
[3.078s] INFO:colcon.colcon_core.shell:Creating prefix script '/rm_version/install/local_setup.sh'
[3.078s] INFO:colcon.colcon_core.shell:Creating prefix util module '/rm_version/install/_local_setup_util_sh.py'
[3.078s] INFO:colcon.colcon_core.shell:Creating prefix chain script '/rm_version/install/setup.sh'
[3.079s] INFO:colcon.colcon_core.shell:Creating prefix script '/rm_version/install/local_setup.bash'
[3.079s] INFO:colcon.colcon_core.shell:Creating prefix chain script '/rm_version/install/setup.bash'
[3.080s] INFO:colcon.colcon_core.shell:Creating prefix script '/rm_version/install/local_setup.zsh'
[3.081s] INFO:colcon.colcon_core.shell:Creating prefix chain script '/rm_version/install/setup.zsh'
