[0.021s] Invoking command in '/rm_version/build/hik_camera': CMAKE_PREFIX_PATH=${CMAKE_PREFIX_PATH}:/opt/ros/humble /usr/bin/cmake --build /rm_version/build/hik_camera -- -j20 -l20
[0.053s] -- Found ament_cmake_auto: 1.3.4 (/opt/ros/humble/share/ament_cmake_auto/cmake)
[0.221s] -- Found rosidl_generator_c: 3.1.4 (/opt/ros/humble/share/rosidl_generator_c/cmake)
[0.224s] -- Found rosidl_adapter: 3.1.4 (/opt/ros/humble/share/rosidl_adapter/cmake)
[0.230s] -- Found rosidl_generator_cpp: 3.1.4 (/opt/ros/humble/share/rosidl_generator_cpp/cmake)
[0.239s] -- Using all available rosidl_typesupport_c: rosidl_typesupport_fastrtps_c;rosidl_typesupport_introspection_c
[0.251s] -- Using all available rosidl_typesupport_cpp: rosidl_typesupport_fastrtps_cpp;rosidl_typesupport_introspection_cpp
[0.294s] -- Found rmw_implementation_cmake: 6.1.1 (/opt/ros/humble/share/rmw_implementation_cmake/cmake)
[0.296s] -- Found rmw_fastrtps_cpp: 6.2.2 (/opt/ros/humble/share/rmw_fastrtps_cpp/cmake)
[0.370s] -- Using RMW implementation 'rmw_fastrtps_cpp' as default
[0.730s] -- Found eigen3_cmake_module: 0.1.1 (/opt/ros/humble/share/eigen3_cmake_module/cmake)
[0.731s] -- Ensuring Eigen3 include directory is part of orocos-kdl CMake target
[0.929s] -- Found ament_lint_auto: 0.12.6 (/opt/ros/humble/share/ament_lint_auto/cmake)
[0.942s] -- Added test 'cppcheck' to perform static code analysis on C / C++ code
[0.942s] -- Configured cppcheck include dirs: /rm_version/src/hik_camera_node/hikSDK/include
[0.942s] -- Configured cppcheck exclude dirs and/or files: 
[0.943s] -- Added test 'flake8' to check Python code syntax and style conventions
[0.943s] -- Added test 'lint_cmake' to check CMake code style
[0.944s] -- Added test 'pep257' to check Python code against some of the docstring style conventions in PEP 257
[0.944s] -- Added test 'xmllint' to check XML markup files
[0.946s] -- Configuring done
[0.959s] -- Generating done
[0.960s] -- Build files have been written to: /rm_version/build/hik_camera
[0.975s] [35m[1mConsolidate compiler generated dependencies of target hik_camera_node[0m
[0.975s] [35m[1mConsolidate compiler generated dependencies of target hik_camera[0m
[0.984s] [ 50%] Built target hik_camera_node
[0.987s] [100%] Built target hik_camera
[0.992s] Invoked command in '/rm_version/build/hik_camera' returned '0': CMAKE_PREFIX_PATH=${CMAKE_PREFIX_PATH}:/opt/ros/humble /usr/bin/cmake --build /rm_version/build/hik_camera -- -j20 -l20
[1.009s] Invoking command in '/rm_version/build/hik_camera': CMAKE_PREFIX_PATH=${CMAKE_PREFIX_PATH}:/opt/ros/humble /usr/bin/cmake --install /rm_version/build/hik_camera
[1.013s] -- Install configuration: ""
[1.013s] -- Up-to-date: /rm_version/install/hik_camera/lib
[1.013s] -- Up-to-date: /rm_version/install/hik_camera/lib/libMediaProcess.so
[1.014s] -- Up-to-date: /rm_version/install/hik_camera/lib/libFormatConversion.so
[1.014s] -- Up-to-date: /rm_version/install/hik_camera/lib/libMVRender.so
[1.014s] -- Up-to-date: /rm_version/install/hik_camera/lib/libMvCameraControl.so
[1.014s] -- Up-to-date: /rm_version/install/hik_camera/lib/libMvUsb3vTL.so
[1.014s] -- Up-to-date: /rm_version/install/hik_camera/lib/hik_camera/hik_camera_node
[1.014s] -- Up-to-date: /rm_version/install/hik_camera/share/hik_camera/environment/library_path.sh
[1.014s] -- Installing: /rm_version/install/hik_camera/share/hik_camera/environment/library_path.dsv
[1.014s] -- Up-to-date: /rm_version/install/hik_camera/lib/libhik_camera.so
[1.014s] -- Installing: /rm_version/install/hik_camera/share/hik_camera/launch
[1.014s] -- Installing: /rm_version/install/hik_camera/share/hik_camera/launch/hik_node.launch.py
[1.014s] -- Installing: /rm_version/install/hik_camera/share/hik_camera/config
[1.015s] -- Installing: /rm_version/install/hik_camera/share/hik_camera/config/camera_param.yaml
[1.015s] -- Up-to-date: /rm_version/install/hik_camera/share/ament_index/resource_index/package_run_dependencies/hik_camera
[1.015s] -- Up-to-date: /rm_version/install/hik_camera/share/ament_index/resource_index/parent_prefix_path/hik_camera
[1.015s] -- Up-to-date: /rm_version/install/hik_camera/share/hik_camera/environment/ament_prefix_path.sh
[1.015s] -- Installing: /rm_version/install/hik_camera/share/hik_camera/environment/ament_prefix_path.dsv
[1.015s] -- Up-to-date: /rm_version/install/hik_camera/share/hik_camera/environment/path.sh
[1.015s] -- Installing: /rm_version/install/hik_camera/share/hik_camera/environment/path.dsv
[1.015s] -- Up-to-date: /rm_version/install/hik_camera/share/hik_camera/local_setup.bash
[1.015s] -- Up-to-date: /rm_version/install/hik_camera/share/hik_camera/local_setup.sh
[1.015s] -- Up-to-date: /rm_version/install/hik_camera/share/hik_camera/local_setup.zsh
[1.016s] -- Installing: /rm_version/install/hik_camera/share/hik_camera/local_setup.dsv
[1.016s] -- Installing: /rm_version/install/hik_camera/share/hik_camera/package.dsv
[1.016s] -- Up-to-date: /rm_version/install/hik_camera/share/ament_index/resource_index/packages/hik_camera
[1.016s] -- Up-to-date: /rm_version/install/hik_camera/share/ament_index/resource_index/rclcpp_components/hik_camera
[1.016s] -- Up-to-date: /rm_version/install/hik_camera/share/hik_camera/cmake/ament_cmake_export_dependencies-extras.cmake
[1.016s] -- Up-to-date: /rm_version/install/hik_camera/share/hik_camera/cmake/ament_cmake_export_libraries-extras.cmake
[1.016s] -- Up-to-date: /rm_version/install/hik_camera/share/hik_camera/cmake/hik_cameraConfig.cmake
[1.016s] -- Up-to-date: /rm_version/install/hik_camera/share/hik_camera/cmake/hik_cameraConfig-version.cmake
[1.017s] -- Up-to-date: /rm_version/install/hik_camera/share/hik_camera/package.xml
[1.018s] Invoked command in '/rm_version/build/hik_camera' returned '0': CMAKE_PREFIX_PATH=${CMAKE_PREFIX_PATH}:/opt/ros/humble /usr/bin/cmake --install /rm_version/build/hik_camera
