-- Found ament_cmake_auto: 1.3.4 (/opt/ros/humble/share/ament_cmake_auto/cmake)
-- Found rosidl_generator_c: 3.1.4 (/opt/ros/humble/share/rosidl_generator_c/cmake)
-- Found rosidl_adapter: 3.1.4 (/opt/ros/humble/share/rosidl_adapter/cmake)
-- Found rosidl_generator_cpp: 3.1.4 (/opt/ros/humble/share/rosidl_generator_cpp/cmake)
-- Using all available rosidl_typesupport_c: rosidl_typesupport_fastrtps_c;rosidl_typesupport_introspection_c
-- Using all available rosidl_typesupport_cpp: rosidl_typesupport_fastrtps_cpp;rosidl_typesupport_introspection_cpp
-- Found rmw_implementation_cmake: 6.1.1 (/opt/ros/humble/share/rmw_implementation_cmake/cmake)
-- Found rmw_fastrtps_cpp: 6.2.2 (/opt/ros/humble/share/rmw_fastrtps_cpp/cmake)
-- Using RMW implementation 'rmw_fastrtps_cpp' as default
-- Found eigen3_cmake_module: 0.1.1 (/opt/ros/humble/share/eigen3_cmake_module/cmake)
-- Ensuring Eigen3 include directory is part of orocos-kdl CMake target
-- Found ament_lint_auto: 0.12.6 (/opt/ros/humble/share/ament_lint_auto/cmake)
-- Added test 'cppcheck' to perform static code analysis on C / C++ code
-- Configured cppcheck include dirs: /rm_version/src/rm_tracker/include
-- Configured cppcheck exclude dirs and/or files: 
-- Added test 'lint_cmake' to check CMake code style
-- Added test 'xmllint' to check XML markup files
-- Added test 'clang_format' to check C / C++ code style
-- Configuring done
-- Generating done
-- Build files have been written to: /rm_version/build/rm_tracker
[35m[1mConsolidate compiler generated dependencies of target rm_tracker_node[0m
[35m[1mConsolidate compiler generated dependencies of target rm_tracker[0m
[ 16%] [32mBuilding CXX object CMakeFiles/rm_tracker_node.dir/rclcpp_components/node_main_rm_tracker_node.cpp.o[0m
[ 83%] Built target rm_tracker
[100%] [32m[1mLinking CXX executable rm_tracker_node[0m
[100%] Built target rm_tracker_node
-- Install configuration: ""
-- Installing: /rm_version/install/rm_tracker/lib/rm_tracker/rm_tracker_node
-- Set runtime path of "/rm_version/install/rm_tracker/lib/rm_tracker/rm_tracker_node" to ""
-- Up-to-date: /rm_version/install/rm_tracker/include
-- Up-to-date: /rm_version/install/rm_tracker/include/tracker_node.hpp
-- Up-to-date: /rm_version/install/rm_tracker/include/tracker.hpp
-- Up-to-date: /rm_version/install/rm_tracker/include/extended_kalman_filiter.hpp
-- Up-to-date: /rm_version/install/rm_tracker/share/rm_tracker/environment/library_path.sh
-- Installing: /rm_version/install/rm_tracker/share/rm_tracker/environment/library_path.dsv
-- Up-to-date: /rm_version/install/rm_tracker/lib/librm_tracker.so
-- Up-to-date: /rm_version/install/rm_tracker/share/ament_index/resource_index/package_run_dependencies/rm_tracker
-- Up-to-date: /rm_version/install/rm_tracker/share/ament_index/resource_index/parent_prefix_path/rm_tracker
-- Up-to-date: /rm_version/install/rm_tracker/share/rm_tracker/environment/ament_prefix_path.sh
-- Installing: /rm_version/install/rm_tracker/share/rm_tracker/environment/ament_prefix_path.dsv
-- Up-to-date: /rm_version/install/rm_tracker/share/rm_tracker/environment/path.sh
-- Installing: /rm_version/install/rm_tracker/share/rm_tracker/environment/path.dsv
-- Up-to-date: /rm_version/install/rm_tracker/share/rm_tracker/local_setup.bash
-- Up-to-date: /rm_version/install/rm_tracker/share/rm_tracker/local_setup.sh
-- Up-to-date: /rm_version/install/rm_tracker/share/rm_tracker/local_setup.zsh
-- Installing: /rm_version/install/rm_tracker/share/rm_tracker/local_setup.dsv
-- Installing: /rm_version/install/rm_tracker/share/rm_tracker/package.dsv
-- Up-to-date: /rm_version/install/rm_tracker/share/ament_index/resource_index/packages/rm_tracker
-- Installing: /rm_version/install/rm_tracker/share/ament_index/resource_index/rclcpp_components/rm_tracker
-- Up-to-date: /rm_version/install/rm_tracker/share/rm_tracker/cmake/ament_cmake_export_dependencies-extras.cmake
-- Up-to-date: /rm_version/install/rm_tracker/share/rm_tracker/cmake/ament_cmake_export_include_directories-extras.cmake
-- Up-to-date: /rm_version/install/rm_tracker/share/rm_tracker/cmake/ament_cmake_export_libraries-extras.cmake
-- Up-to-date: /rm_version/install/rm_tracker/share/rm_tracker/cmake/rm_trackerConfig.cmake
-- Up-to-date: /rm_version/install/rm_tracker/share/rm_tracker/cmake/rm_trackerConfig-version.cmake
-- Up-to-date: /rm_version/install/rm_tracker/share/rm_tracker/package.xml
