[0.009s] Invoking command in '/rm_version/build/rm_tracker': AMENT_PREFIX_PATH=/rm_version/install/rm_msg_interfaces:${AMENT_PREFIX_PATH} CMAKE_PREFIX_PATH=/rm_version/install/rm_msg_interfaces:/ros_ws/install/ros2_video:/ros_ws/install/rm_vision_bringup:/ros_ws/install/rm_serial_driver:/ros_ws/install/rm_gimbal_description:/ros_ws/install/rm_auto_aim:/ros_ws/install/mindvision_camera:/ros_ws/install/hik_camera:/ros_ws/install/armor_tracker:/ros_ws/install/armor_detector:/ros_ws/install/auto_aim_interfaces:/opt/ros/humble LD_LIBRARY_PATH=/rm_version/install/rm_msg_interfaces/lib:${LD_LIBRARY_PATH} PYTHONPATH=/rm_version/install/rm_msg_interfaces/local/lib/python3.10/dist-packages:${PYTHONPATH} /usr/bin/cmake --build /rm_version/build/rm_tracker -- -j20 -l20
[0.021s] -- Found ament_cmake_auto: 1.3.4 (/opt/ros/humble/share/ament_cmake_auto/cmake)
[0.145s] -- Found rosidl_generator_c: 3.1.4 (/opt/ros/humble/share/rosidl_generator_c/cmake)
[0.146s] -- Found rosidl_adapter: 3.1.4 (/opt/ros/humble/share/rosidl_adapter/cmake)
[0.149s] -- Found rosidl_generator_cpp: 3.1.4 (/opt/ros/humble/share/rosidl_generator_cpp/cmake)
[0.155s] -- Using all available rosidl_typesupport_c: rosidl_typesupport_fastrtps_c;rosidl_typesupport_introspection_c
[0.163s] -- Using all available rosidl_typesupport_cpp: rosidl_typesupport_fastrtps_cpp;rosidl_typesupport_introspection_cpp
[0.195s] -- Found rmw_implementation_cmake: 6.1.1 (/opt/ros/humble/share/rmw_implementation_cmake/cmake)
[0.195s] -- Found rmw_fastrtps_cpp: 6.2.2 (/opt/ros/humble/share/rmw_fastrtps_cpp/cmake)
[0.254s] -- Using RMW implementation 'rmw_fastrtps_cpp' as default
[0.545s] -- Found eigen3_cmake_module: 0.1.1 (/opt/ros/humble/share/eigen3_cmake_module/cmake)
[0.546s] -- Ensuring Eigen3 include directory is part of orocos-kdl CMake target
[0.735s] -- Found ament_lint_auto: 0.12.6 (/opt/ros/humble/share/ament_lint_auto/cmake)
[0.740s] -- Added test 'cppcheck' to perform static code analysis on C / C++ code
[0.740s] -- Configured cppcheck include dirs: /rm_version/src/rm_tracker/include
[0.740s] -- Configured cppcheck exclude dirs and/or files: 
[0.740s] -- Added test 'lint_cmake' to check CMake code style
[0.740s] -- Added test 'xmllint' to check XML markup files
[0.741s] -- Added test 'clang_format' to check C / C++ code style
[0.741s] -- Configuring done
[0.750s] -- Generating done
[0.752s] -- Build files have been written to: /rm_version/build/rm_tracker
[0.765s] [35m[1mConsolidate compiler generated dependencies of target rm_tracker_node[0m
[0.765s] [35m[1mConsolidate compiler generated dependencies of target rm_tracker[0m
[0.773s] [ 16%] [32mBuilding CXX object CMakeFiles/rm_tracker_node.dir/rclcpp_components/node_main_rm_tracker_node.cpp.o[0m
[0.777s] [ 83%] Built target rm_tracker
[2.305s] [100%] [32m[1mLinking CXX executable rm_tracker_node[0m
[2.366s] [100%] Built target rm_tracker_node
[2.371s] Invoked command in '/rm_version/build/rm_tracker' returned '0': AMENT_PREFIX_PATH=/rm_version/install/rm_msg_interfaces:${AMENT_PREFIX_PATH} CMAKE_PREFIX_PATH=/rm_version/install/rm_msg_interfaces:/ros_ws/install/ros2_video:/ros_ws/install/rm_vision_bringup:/ros_ws/install/rm_serial_driver:/ros_ws/install/rm_gimbal_description:/ros_ws/install/rm_auto_aim:/ros_ws/install/mindvision_camera:/ros_ws/install/hik_camera:/ros_ws/install/armor_tracker:/ros_ws/install/armor_detector:/ros_ws/install/auto_aim_interfaces:/opt/ros/humble LD_LIBRARY_PATH=/rm_version/install/rm_msg_interfaces/lib:${LD_LIBRARY_PATH} PYTHONPATH=/rm_version/install/rm_msg_interfaces/local/lib/python3.10/dist-packages:${PYTHONPATH} /usr/bin/cmake --build /rm_version/build/rm_tracker -- -j20 -l20
[2.385s] Invoking command in '/rm_version/build/rm_tracker': AMENT_PREFIX_PATH=/rm_version/install/rm_msg_interfaces:${AMENT_PREFIX_PATH} CMAKE_PREFIX_PATH=/rm_version/install/rm_msg_interfaces:/ros_ws/install/ros2_video:/ros_ws/install/rm_vision_bringup:/ros_ws/install/rm_serial_driver:/ros_ws/install/rm_gimbal_description:/ros_ws/install/rm_auto_aim:/ros_ws/install/mindvision_camera:/ros_ws/install/hik_camera:/ros_ws/install/armor_tracker:/ros_ws/install/armor_detector:/ros_ws/install/auto_aim_interfaces:/opt/ros/humble LD_LIBRARY_PATH=/rm_version/install/rm_msg_interfaces/lib:${LD_LIBRARY_PATH} PYTHONPATH=/rm_version/install/rm_msg_interfaces/local/lib/python3.10/dist-packages:${PYTHONPATH} /usr/bin/cmake --install /rm_version/build/rm_tracker
[2.388s] -- Install configuration: ""
[2.388s] -- Installing: /rm_version/install/rm_tracker/lib/rm_tracker/rm_tracker_node
[2.389s] -- Set runtime path of "/rm_version/install/rm_tracker/lib/rm_tracker/rm_tracker_node" to ""
[2.389s] -- Up-to-date: /rm_version/install/rm_tracker/include
[2.389s] -- Up-to-date: /rm_version/install/rm_tracker/include/tracker_node.hpp
[2.389s] -- Up-to-date: /rm_version/install/rm_tracker/include/tracker.hpp
[2.390s] -- Up-to-date: /rm_version/install/rm_tracker/include/extended_kalman_filiter.hpp
[2.390s] -- Up-to-date: /rm_version/install/rm_tracker/share/rm_tracker/environment/library_path.sh
[2.390s] -- Installing: /rm_version/install/rm_tracker/share/rm_tracker/environment/library_path.dsv
[2.390s] -- Up-to-date: /rm_version/install/rm_tracker/lib/librm_tracker.so
[2.390s] -- Up-to-date: /rm_version/install/rm_tracker/share/ament_index/resource_index/package_run_dependencies/rm_tracker
[2.390s] -- Up-to-date: /rm_version/install/rm_tracker/share/ament_index/resource_index/parent_prefix_path/rm_tracker
[2.390s] -- Up-to-date: /rm_version/install/rm_tracker/share/rm_tracker/environment/ament_prefix_path.sh
[2.392s] -- Installing: /rm_version/install/rm_tracker/share/rm_tracker/environment/ament_prefix_path.dsv
[2.392s] -- Up-to-date: /rm_version/install/rm_tracker/share/rm_tracker/environment/path.sh
[2.392s] -- Installing: /rm_version/install/rm_tracker/share/rm_tracker/environment/path.dsv
[2.392s] -- Up-to-date: /rm_version/install/rm_tracker/share/rm_tracker/local_setup.bash
[2.392s] -- Up-to-date: /rm_version/install/rm_tracker/share/rm_tracker/local_setup.sh
[2.392s] -- Up-to-date: /rm_version/install/rm_tracker/share/rm_tracker/local_setup.zsh
[2.392s] -- Installing: /rm_version/install/rm_tracker/share/rm_tracker/local_setup.dsv
[2.392s] -- Installing: /rm_version/install/rm_tracker/share/rm_tracker/package.dsv
[2.393s] -- Up-to-date: /rm_version/install/rm_tracker/share/ament_index/resource_index/packages/rm_tracker
[2.393s] -- Installing: /rm_version/install/rm_tracker/share/ament_index/resource_index/rclcpp_components/rm_tracker
[2.393s] -- Up-to-date: /rm_version/install/rm_tracker/share/rm_tracker/cmake/ament_cmake_export_dependencies-extras.cmake
[2.393s] -- Up-to-date: /rm_version/install/rm_tracker/share/rm_tracker/cmake/ament_cmake_export_include_directories-extras.cmake
[2.393s] -- Up-to-date: /rm_version/install/rm_tracker/share/rm_tracker/cmake/ament_cmake_export_libraries-extras.cmake
[2.393s] -- Up-to-date: /rm_version/install/rm_tracker/share/rm_tracker/cmake/rm_trackerConfig.cmake
[2.393s] -- Up-to-date: /rm_version/install/rm_tracker/share/rm_tracker/cmake/rm_trackerConfig-version.cmake
[2.393s] -- Up-to-date: /rm_version/install/rm_tracker/share/rm_tracker/package.xml
[2.393s] Invoked command in '/rm_version/build/rm_tracker' returned '0': AMENT_PREFIX_PATH=/rm_version/install/rm_msg_interfaces:${AMENT_PREFIX_PATH} CMAKE_PREFIX_PATH=/rm_version/install/rm_msg_interfaces:/ros_ws/install/ros2_video:/ros_ws/install/rm_vision_bringup:/ros_ws/install/rm_serial_driver:/ros_ws/install/rm_gimbal_description:/ros_ws/install/rm_auto_aim:/ros_ws/install/mindvision_camera:/ros_ws/install/hik_camera:/ros_ws/install/armor_tracker:/ros_ws/install/armor_detector:/ros_ws/install/auto_aim_interfaces:/opt/ros/humble LD_LIBRARY_PATH=/rm_version/install/rm_msg_interfaces/lib:${LD_LIBRARY_PATH} PYTHONPATH=/rm_version/install/rm_msg_interfaces/local/lib/python3.10/dist-packages:${PYTHONPATH} /usr/bin/cmake --install /rm_version/build/rm_tracker
