[0.009s] Invoking command in '/rm_version/build/rm_tracker': AMENT_PREFIX_PATH=/rm_version/install/rm_msg_interfaces:${AMENT_PREFIX_PATH} CMAKE_PREFIX_PATH=/rm_version/install/rm_msg_interfaces:/ros_ws/install/ros2_video:/ros_ws/install/rm_vision_bringup:/ros_ws/install/rm_serial_driver:/ros_ws/install/rm_gimbal_description:/ros_ws/install/rm_auto_aim:/ros_ws/install/mindvision_camera:/ros_ws/install/hik_camera:/ros_ws/install/armor_tracker:/ros_ws/install/armor_detector:/ros_ws/install/auto_aim_interfaces:/opt/ros/humble LD_LIBRARY_PATH=/rm_version/install/rm_msg_interfaces/lib:${LD_LIBRARY_PATH} PYTHONPATH=/rm_version/install/rm_msg_interfaces/local/lib/python3.10/dist-packages:${PYTHONPATH} /usr/bin/cmake --build /rm_version/build/rm_tracker -- -j20 -l20
[0.037s] [35m[1mConsolidate compiler generated dependencies of target rm_tracker[0m
[0.038s] [ 33%] Built target rm_tracker_node
[0.050s] [ 50%] [32mBuilding CXX object CMakeFiles/rm_tracker.dir/src/extended_kalman_filiter.cpp.o[0m
[0.051s] [ 66%] [32mBuilding CXX object CMakeFiles/rm_tracker.dir/src/tracker.cpp.o[0m
[0.051s] [ 83%] [32mBuilding CXX object CMakeFiles/rm_tracker.dir/src/tracker_node.cpp.o[0m
[3.343s] In file included from [01m[K/usr/include/x86_64-linux-gnu/c++/11/bits/c++allocator.h:33[m[K,
[3.343s]                  from [01m[K/usr/include/c++/11/bits/allocator.h:46[m[K,
[3.343s]                  from [01m[K/usr/include/c++/11/string:41[m[K,
[3.343s]                  from [01m[K/usr/include/c++/11/stdexcept:39[m[K,
[3.343s]                  from [01m[K/opt/ros/humble/include/message_filters/message_filters/subscriber.h:38[m[K,
[3.343s]                  from [01m[K/rm_version/src/rm_tracker/include/tracker_node.hpp:3[m[K,
[3.343s]                  from [01m[K/rm_version/src/rm_tracker/src/tracker_node.cpp:1[m[K:
[3.343s] /usr/include/c++/11/ext/new_allocator.h: In instantiation of ‘[01m[Kvoid __gnu_cxx::new_allocator<_Tp>::construct(_Up*, _Args&& ...) [with _Up = rm_auto_aim::ArmorTrackerNode; _Args = {const rclcpp::NodeOptions&}; _Tp = rm_auto_aim::ArmorTrackerNode][m[K’:
[3.343s] [01m[K/usr/include/c++/11/bits/alloc_traits.h:516:17:[m[K   required from ‘[01m[Kstatic void std::allocator_traits<std::allocator<_CharT> >::construct(std::allocator_traits<std::allocator<_CharT> >::allocator_type&, _Up*, _Args&& ...) [with _Up = rm_auto_aim::ArmorTrackerNode; _Args = {const rclcpp::NodeOptions&}; _Tp = rm_auto_aim::ArmorTrackerNode; std::allocator_traits<std::allocator<_CharT> >::allocator_type = std::allocator<rm_auto_aim::ArmorTrackerNode>][m[K’
[3.343s] [01m[K/usr/include/c++/11/bits/shared_ptr_base.h:519:39:[m[K   required from ‘[01m[Kstd::_Sp_counted_ptr_inplace<_Tp, _Alloc, _Lp>::_Sp_counted_ptr_inplace(_Alloc, _Args&& ...) [with _Args = {const rclcpp::NodeOptions&}; _Tp = rm_auto_aim::ArmorTrackerNode; _Alloc = std::allocator<rm_auto_aim::ArmorTrackerNode>; __gnu_cxx::_Lock_policy _Lp = __gnu_cxx::_S_atomic][m[K’
[3.343s] [01m[K/usr/include/c++/11/bits/shared_ptr_base.h:650:16:[m[K   required from ‘[01m[Kstd::__shared_count<_Lp>::__shared_count(_Tp*&, std::_Sp_alloc_shared_tag<_Alloc>, _Args&& ...) [with _Tp = rm_auto_aim::ArmorTrackerNode; _Alloc = std::allocator<rm_auto_aim::ArmorTrackerNode>; _Args = {const rclcpp::NodeOptions&}; __gnu_cxx::_Lock_policy _Lp = __gnu_cxx::_S_atomic][m[K’
[3.343s] [01m[K/usr/include/c++/11/bits/shared_ptr_base.h:1342:14:[m[K   required from ‘[01m[Kstd::__shared_ptr<_Tp, _Lp>::__shared_ptr(std::_Sp_alloc_shared_tag<_Tp>, _Args&& ...) [with _Alloc = std::allocator<rm_auto_aim::ArmorTrackerNode>; _Args = {const rclcpp::NodeOptions&}; _Tp = rm_auto_aim::ArmorTrackerNode; __gnu_cxx::_Lock_policy _Lp = __gnu_cxx::_S_atomic][m[K’
[3.343s] [01m[K/usr/include/c++/11/bits/shared_ptr.h:409:59:[m[K   required from ‘[01m[Kstd::shared_ptr<_Tp>::shared_ptr(std::_Sp_alloc_shared_tag<_Tp>, _Args&& ...) [with _Alloc = std::allocator<rm_auto_aim::ArmorTrackerNode>; _Args = {const rclcpp::NodeOptions&}; _Tp = rm_auto_aim::ArmorTrackerNode][m[K’
[3.343s] [01m[K/usr/include/c++/11/bits/shared_ptr.h:862:14:[m[K   required from ‘[01m[Kstd::shared_ptr<_Tp> std::allocate_shared(const _Alloc&, _Args&& ...) [with _Tp = rm_auto_aim::ArmorTrackerNode; _Alloc = std::allocator<rm_auto_aim::ArmorTrackerNode>; _Args = {const rclcpp::NodeOptions&}][m[K’
[3.343s] [01m[K/usr/include/c++/11/bits/shared_ptr.h:878:39:[m[K   required from ‘[01m[Kstd::shared_ptr<_Tp> std::make_shared(_Args&& ...) [with _Tp = rm_auto_aim::ArmorTrackerNode; _Args = {const rclcpp::NodeOptions&}][m[K’
[3.343s] [01m[K/opt/ros/humble/include/rclcpp_components/rclcpp_components/node_factory_template.hpp:45:40:[m[K   required from ‘[01m[Krclcpp_components::NodeInstanceWrapper rclcpp_components::NodeFactoryTemplate<NodeT>::create_node_instance(const rclcpp::NodeOptions&) [with NodeT = rm_auto_aim::ArmorTrackerNode][m[K’
[3.343s] [01m[K/opt/ros/humble/include/rclcpp_components/rclcpp_components/node_factory_template.hpp:43:3:[m[K   required from here
[3.343s] [01m[K/usr/include/c++/11/ext/new_allocator.h:162:11:[m[K [01;31m[Kerror: [m[Kno matching function for call to ‘[01m[Krm_auto_aim::ArmorTrackerNode::ArmorTrackerNode(const rclcpp::NodeOptions&)[m[K’
[3.343s]   162 |         { [01;31m[K::new((void *)__p) _Up(std::forward<_Args>(__args)...)[m[K; }
[3.343s]       |           [01;31m[K^~~~~~~~~~~~~~~~~~~~~~~~~~~~~~~~~~~~~~~~~~~~~~~~~~~~~~[m[K
[3.343s] [01m[K/rm_version/src/rm_tracker/src/tracker_node.cpp:16:5:[m[K [01;36m[Knote: [m[Kcandidate: ‘[01m[Krm_auto_aim::ArmorTrackerNode::ArmorTrackerNode()[m[K’
[3.343s]    16 |     [01;36m[KArmorTrackerNode[m[K::ArmorTrackerNode() : Node("tracker_node")
[3.343s]       |     [01;36m[K^~~~~~~~~~~~~~~~[m[K
[3.344s] [01m[K/rm_version/src/rm_tracker/src/tracker_node.cpp:16:5:[m[K [01;36m[Knote: [m[K  candidate expects 0 arguments, 1 provided
[3.568s] gmake[2]: *** [CMakeFiles/rm_tracker.dir/build.make:104: CMakeFiles/rm_tracker.dir/src/tracker_node.cpp.o] Error 1
[3.568s] gmake[2]: *** Waiting for unfinished jobs....
[4.889s] gmake[1]: *** [CMakeFiles/Makefile2:139: CMakeFiles/rm_tracker.dir/all] Error 2
[4.889s] gmake: *** [Makefile:146: all] Error 2
[4.891s] Invoked command in '/rm_version/build/rm_tracker' returned '2': AMENT_PREFIX_PATH=/rm_version/install/rm_msg_interfaces:${AMENT_PREFIX_PATH} CMAKE_PREFIX_PATH=/rm_version/install/rm_msg_interfaces:/ros_ws/install/ros2_video:/ros_ws/install/rm_vision_bringup:/ros_ws/install/rm_serial_driver:/ros_ws/install/rm_gimbal_description:/ros_ws/install/rm_auto_aim:/ros_ws/install/mindvision_camera:/ros_ws/install/hik_camera:/ros_ws/install/armor_tracker:/ros_ws/install/armor_detector:/ros_ws/install/auto_aim_interfaces:/opt/ros/humble LD_LIBRARY_PATH=/rm_version/install/rm_msg_interfaces/lib:${LD_LIBRARY_PATH} PYTHONPATH=/rm_version/install/rm_msg_interfaces/local/lib/python3.10/dist-packages:${PYTHONPATH} /usr/bin/cmake --build /rm_version/build/rm_tracker -- -j20 -l20
