[0.009s] Invoking command in '/rm_version/build/rm_tracker': AMENT_PREFIX_PATH=/rm_version/install/rm_msg_interfaces:${AMENT_PREFIX_PATH} CMAKE_PREFIX_PATH=/rm_version/install/rm_msg_interfaces:/ros_ws/install/ros2_video:/ros_ws/install/rm_vision_bringup:/ros_ws/install/rm_serial_driver:/ros_ws/install/rm_gimbal_description:/ros_ws/install/rm_auto_aim:/ros_ws/install/mindvision_camera:/ros_ws/install/hik_camera:/ros_ws/install/armor_tracker:/ros_ws/install/armor_detector:/ros_ws/install/auto_aim_interfaces:/opt/ros/humble LD_LIBRARY_PATH=/rm_version/install/rm_msg_interfaces/lib:${LD_LIBRARY_PATH} PYTHONPATH=/rm_version/install/rm_msg_interfaces/local/lib/python3.10/dist-packages:${PYTHONPATH} /usr/bin/cmake --build /rm_version/build/rm_tracker -- -j20 -l20
[0.034s] [35m[1mConsolidate compiler generated dependencies of target rm_tracker[0m
[0.038s] [ 33%] Built target rm_tracker_node
[0.048s] [ 50%] [32mBuilding CXX object CMakeFiles/rm_tracker.dir/src/extended_kalman_filiter.cpp.o[0m
[2.188s] [ 66%] [32m[1mLinking CXX shared library librm_tracker.so[0m
[2.612s] [100%] Built target rm_tracker
[2.618s] Invoked command in '/rm_version/build/rm_tracker' returned '0': AMENT_PREFIX_PATH=/rm_version/install/rm_msg_interfaces:${AMENT_PREFIX_PATH} CMAKE_PREFIX_PATH=/rm_version/install/rm_msg_interfaces:/ros_ws/install/ros2_video:/ros_ws/install/rm_vision_bringup:/ros_ws/install/rm_serial_driver:/ros_ws/install/rm_gimbal_description:/ros_ws/install/rm_auto_aim:/ros_ws/install/mindvision_camera:/ros_ws/install/hik_camera:/ros_ws/install/armor_tracker:/ros_ws/install/armor_detector:/ros_ws/install/auto_aim_interfaces:/opt/ros/humble LD_LIBRARY_PATH=/rm_version/install/rm_msg_interfaces/lib:${LD_LIBRARY_PATH} PYTHONPATH=/rm_version/install/rm_msg_interfaces/local/lib/python3.10/dist-packages:${PYTHONPATH} /usr/bin/cmake --build /rm_version/build/rm_tracker -- -j20 -l20
[2.635s] Invoking command in '/rm_version/build/rm_tracker': AMENT_PREFIX_PATH=/rm_version/install/rm_msg_interfaces:${AMENT_PREFIX_PATH} CMAKE_PREFIX_PATH=/rm_version/install/rm_msg_interfaces:/ros_ws/install/ros2_video:/ros_ws/install/rm_vision_bringup:/ros_ws/install/rm_serial_driver:/ros_ws/install/rm_gimbal_description:/ros_ws/install/rm_auto_aim:/ros_ws/install/mindvision_camera:/ros_ws/install/hik_camera:/ros_ws/install/armor_tracker:/ros_ws/install/armor_detector:/ros_ws/install/auto_aim_interfaces:/opt/ros/humble LD_LIBRARY_PATH=/rm_version/install/rm_msg_interfaces/lib:${LD_LIBRARY_PATH} PYTHONPATH=/rm_version/install/rm_msg_interfaces/local/lib/python3.10/dist-packages:${PYTHONPATH} /usr/bin/cmake --install /rm_version/build/rm_tracker
[2.639s] -- Install configuration: ""
[2.640s] -- Up-to-date: /rm_version/install/rm_tracker/lib/rm_tracker/rm_tracker_node
[2.640s] -- Up-to-date: /rm_version/install/rm_tracker/include
[2.640s] -- Installing: /rm_version/install/rm_tracker/include/tracker_node.hpp
[2.640s] -- Installing: /rm_version/install/rm_tracker/include/tracker.hpp
[2.640s] -- Installing: /rm_version/install/rm_tracker/include/extended_kalman_filiter.hpp
[2.640s] -- Up-to-date: /rm_version/install/rm_tracker/share/rm_tracker/environment/library_path.sh
[2.640s] -- Up-to-date: /rm_version/install/rm_tracker/share/rm_tracker/environment/library_path.dsv
[2.641s] -- Installing: /rm_version/install/rm_tracker/lib/librm_tracker.so
[2.645s] -- Set runtime path of "/rm_version/install/rm_tracker/lib/librm_tracker.so" to ""
[2.645s] -- Up-to-date: /rm_version/install/rm_tracker/share/rm_tracker/config
[2.645s] -- Up-to-date: /rm_version/install/rm_tracker/share/rm_tracker/config/tracker.yaml
[2.645s] -- Up-to-date: /rm_version/install/rm_tracker/share/rm_tracker/launch
[2.645s] -- Up-to-date: /rm_version/install/rm_tracker/share/ament_index/resource_index/package_run_dependencies/rm_tracker
[2.645s] -- Up-to-date: /rm_version/install/rm_tracker/share/ament_index/resource_index/parent_prefix_path/rm_tracker
[2.646s] -- Up-to-date: /rm_version/install/rm_tracker/share/rm_tracker/environment/ament_prefix_path.sh
[2.646s] -- Up-to-date: /rm_version/install/rm_tracker/share/rm_tracker/environment/ament_prefix_path.dsv
[2.646s] -- Up-to-date: /rm_version/install/rm_tracker/share/rm_tracker/environment/path.sh
[2.646s] -- Up-to-date: /rm_version/install/rm_tracker/share/rm_tracker/environment/path.dsv
[2.646s] -- Up-to-date: /rm_version/install/rm_tracker/share/rm_tracker/local_setup.bash
[2.646s] -- Up-to-date: /rm_version/install/rm_tracker/share/rm_tracker/local_setup.sh
[2.646s] -- Up-to-date: /rm_version/install/rm_tracker/share/rm_tracker/local_setup.zsh
[2.646s] -- Up-to-date: /rm_version/install/rm_tracker/share/rm_tracker/local_setup.dsv
[2.646s] -- Installing: /rm_version/install/rm_tracker/share/rm_tracker/package.dsv
[2.646s] -- Up-to-date: /rm_version/install/rm_tracker/share/ament_index/resource_index/packages/rm_tracker
[2.646s] -- Up-to-date: /rm_version/install/rm_tracker/share/ament_index/resource_index/rclcpp_components/rm_tracker
[2.646s] -- Up-to-date: /rm_version/install/rm_tracker/share/rm_tracker/cmake/ament_cmake_export_dependencies-extras.cmake
[2.646s] -- Up-to-date: /rm_version/install/rm_tracker/share/rm_tracker/cmake/ament_cmake_export_include_directories-extras.cmake
[2.646s] -- Up-to-date: /rm_version/install/rm_tracker/share/rm_tracker/cmake/ament_cmake_export_libraries-extras.cmake
[2.646s] -- Up-to-date: /rm_version/install/rm_tracker/share/rm_tracker/cmake/rm_trackerConfig.cmake
[2.646s] -- Up-to-date: /rm_version/install/rm_tracker/share/rm_tracker/cmake/rm_trackerConfig-version.cmake
[2.646s] -- Up-to-date: /rm_version/install/rm_tracker/share/rm_tracker/package.xml
[2.649s] Invoked command in '/rm_version/build/rm_tracker' returned '0': AMENT_PREFIX_PATH=/rm_version/install/rm_msg_interfaces:${AMENT_PREFIX_PATH} CMAKE_PREFIX_PATH=/rm_version/install/rm_msg_interfaces:/ros_ws/install/ros2_video:/ros_ws/install/rm_vision_bringup:/ros_ws/install/rm_serial_driver:/ros_ws/install/rm_gimbal_description:/ros_ws/install/rm_auto_aim:/ros_ws/install/mindvision_camera:/ros_ws/install/hik_camera:/ros_ws/install/armor_tracker:/ros_ws/install/armor_detector:/ros_ws/install/auto_aim_interfaces:/opt/ros/humble LD_LIBRARY_PATH=/rm_version/install/rm_msg_interfaces/lib:${LD_LIBRARY_PATH} PYTHONPATH=/rm_version/install/rm_msg_interfaces/local/lib/python3.10/dist-packages:${PYTHONPATH} /usr/bin/cmake --install /rm_version/build/rm_tracker
