[ 20%] Built target gtest
[ 30%] [32mBuilding CXX object CMakeFiles/ros2_video.dir/src/video_node.cpp.o[0m
[ 50%] Built target gtest_main
[ 70%] Built target ros2_video_node
[ 80%] [32m[1mLinking CXX shared library libros2_video.so[0m
[ 80%] Built target ros2_video
[ 90%] [32mBuilding CXX object CMakeFiles/video_node.dir/src/video_node.cpp.o[0m
[100%] [32m[1mLinking CXX executable video_node[0m
[100%] Built target video_node
-- Install configuration: ""
-- Up-to-date: /rm_version/install/ros2_video/lib/ros2_video/ros2_video_node
-- Up-to-date: /rm_version/install/ros2_video/include
-- Up-to-date: /rm_version/install/ros2_video/share/ros2_video/environment/library_path.sh
-- Up-to-date: /rm_version/install/ros2_video/share/ros2_video/environment/library_path.dsv
-- Installing: /rm_version/install/ros2_video/lib/libros2_video.so
-- Set runtime path of "/rm_version/install/ros2_video/lib/libros2_video.so" to ""
-- Up-to-date: /rm_version/install/ros2_video/share/ros2_video/launch
-- Up-to-date: /rm_version/install/ros2_video/share/ros2_video/launch/video_node.launch.py
-- Up-to-date: /rm_version/install/ros2_video/share/ros2_video/config
-- Up-to-date: /rm_version/install/ros2_video/share/ros2_video/config/node_params.yaml
-- Up-to-date: /rm_version/install/ros2_video/share/ament_index/resource_index/package_run_dependencies/ros2_video
-- Up-to-date: /rm_version/install/ros2_video/share/ament_index/resource_index/parent_prefix_path/ros2_video
-- Up-to-date: /rm_version/install/ros2_video/share/ros2_video/environment/ament_prefix_path.sh
-- Up-to-date: /rm_version/install/ros2_video/share/ros2_video/environment/ament_prefix_path.dsv
-- Up-to-date: /rm_version/install/ros2_video/share/ros2_video/environment/path.sh
-- Up-to-date: /rm_version/install/ros2_video/share/ros2_video/environment/path.dsv
-- Up-to-date: /rm_version/install/ros2_video/share/ros2_video/local_setup.bash
-- Up-to-date: /rm_version/install/ros2_video/share/ros2_video/local_setup.sh
-- Up-to-date: /rm_version/install/ros2_video/share/ros2_video/local_setup.zsh
-- Up-to-date: /rm_version/install/ros2_video/share/ros2_video/local_setup.dsv
-- Installing: /rm_version/install/ros2_video/share/ros2_video/package.dsv
-- Up-to-date: /rm_version/install/ros2_video/share/ament_index/resource_index/packages/ros2_video
-- Up-to-date: /rm_version/install/ros2_video/share/ament_index/resource_index/rclcpp_components/ros2_video
-- Up-to-date: /rm_version/install/ros2_video/share/ros2_video/cmake/ament_cmake_export_dependencies-extras.cmake
-- Up-to-date: /rm_version/install/ros2_video/share/ros2_video/cmake/ament_cmake_export_include_directories-extras.cmake
-- Up-to-date: /rm_version/install/ros2_video/share/ros2_video/cmake/ament_cmake_export_libraries-extras.cmake
-- Up-to-date: /rm_version/install/ros2_video/share/ros2_video/cmake/ros2_videoConfig.cmake
-- Up-to-date: /rm_version/install/ros2_video/share/ros2_video/cmake/ros2_videoConfig-version.cmake
-- Up-to-date: /rm_version/install/ros2_video/share/ros2_video/package.xml
