[0.016s] Invoking command in '/rm_version/build/ros2_video': CMAKE_PREFIX_PATH=${CMAKE_PREFIX_PATH}:/opt/ros/humble /usr/bin/cmake --build /rm_version/build/ros2_video -- -j20 -l20
[0.068s] [ 20%] Built target gtest
[0.070s] [ 30%] [32mBuilding CXX object CMakeFiles/ros2_video.dir/src/video_node.cpp.o[0m
[0.070s] [ 50%] Built target gtest_main
[0.071s] [ 70%] Built target ros2_video_node
[3.166s] [ 80%] [32m[1mLinking CXX shared library libros2_video.so[0m
[3.419s] [ 80%] Built target ros2_video
[3.437s] [ 90%] [32mBuilding CXX object CMakeFiles/video_node.dir/src/video_node.cpp.o[0m
[6.425s] [100%] [32m[1mLinking CXX executable video_node[0m
[6.899s] [100%] Built target video_node
[6.903s] Invoked command in '/rm_version/build/ros2_video' returned '0': CMAKE_PREFIX_PATH=${CMAKE_PREFIX_PATH}:/opt/ros/humble /usr/bin/cmake --build /rm_version/build/ros2_video -- -j20 -l20
[6.918s] Invoking command in '/rm_version/build/ros2_video': CMAKE_PREFIX_PATH=${CMAKE_PREFIX_PATH}:/opt/ros/humble /usr/bin/cmake --install /rm_version/build/ros2_video
[6.922s] -- Install configuration: ""
[6.923s] -- Up-to-date: /rm_version/install/ros2_video/lib/ros2_video/ros2_video_node
[6.923s] -- Up-to-date: /rm_version/install/ros2_video/include
[6.923s] -- Up-to-date: /rm_version/install/ros2_video/share/ros2_video/environment/library_path.sh
[6.923s] -- Up-to-date: /rm_version/install/ros2_video/share/ros2_video/environment/library_path.dsv
[6.924s] -- Installing: /rm_version/install/ros2_video/lib/libros2_video.so
[6.925s] -- Set runtime path of "/rm_version/install/ros2_video/lib/libros2_video.so" to ""
[6.925s] -- Up-to-date: /rm_version/install/ros2_video/share/ros2_video/launch
[6.925s] -- Up-to-date: /rm_version/install/ros2_video/share/ros2_video/launch/video_node.launch.py
[6.925s] -- Up-to-date: /rm_version/install/ros2_video/share/ros2_video/config
[6.925s] -- Up-to-date: /rm_version/install/ros2_video/share/ros2_video/config/node_params.yaml
[6.926s] -- Up-to-date: /rm_version/install/ros2_video/share/ament_index/resource_index/package_run_dependencies/ros2_video
[6.926s] -- Up-to-date: /rm_version/install/ros2_video/share/ament_index/resource_index/parent_prefix_path/ros2_video
[6.926s] -- Up-to-date: /rm_version/install/ros2_video/share/ros2_video/environment/ament_prefix_path.sh
[6.926s] -- Up-to-date: /rm_version/install/ros2_video/share/ros2_video/environment/ament_prefix_path.dsv
[6.926s] -- Up-to-date: /rm_version/install/ros2_video/share/ros2_video/environment/path.sh
[6.926s] -- Up-to-date: /rm_version/install/ros2_video/share/ros2_video/environment/path.dsv
[6.926s] -- Up-to-date: /rm_version/install/ros2_video/share/ros2_video/local_setup.bash
[6.926s] -- Up-to-date: /rm_version/install/ros2_video/share/ros2_video/local_setup.sh
[6.926s] -- Up-to-date: /rm_version/install/ros2_video/share/ros2_video/local_setup.zsh
[6.926s] -- Up-to-date: /rm_version/install/ros2_video/share/ros2_video/local_setup.dsv
[6.926s] -- Installing: /rm_version/install/ros2_video/share/ros2_video/package.dsv
[6.926s] -- Up-to-date: /rm_version/install/ros2_video/share/ament_index/resource_index/packages/ros2_video
[6.926s] -- Up-to-date: /rm_version/install/ros2_video/share/ament_index/resource_index/rclcpp_components/ros2_video
[6.926s] -- Up-to-date: /rm_version/install/ros2_video/share/ros2_video/cmake/ament_cmake_export_dependencies-extras.cmake
[6.926s] -- Up-to-date: /rm_version/install/ros2_video/share/ros2_video/cmake/ament_cmake_export_include_directories-extras.cmake
[6.926s] -- Up-to-date: /rm_version/install/ros2_video/share/ros2_video/cmake/ament_cmake_export_libraries-extras.cmake
[6.926s] -- Up-to-date: /rm_version/install/ros2_video/share/ros2_video/cmake/ros2_videoConfig.cmake
[6.926s] -- Up-to-date: /rm_version/install/ros2_video/share/ros2_video/cmake/ros2_videoConfig-version.cmake
[6.926s] -- Up-to-date: /rm_version/install/ros2_video/share/ros2_video/package.xml
[6.929s] Invoked command in '/rm_version/build/ros2_video' returned '0': CMAKE_PREFIX_PATH=${CMAKE_PREFIX_PATH}:/opt/ros/humble /usr/bin/cmake --install /rm_version/build/ros2_video
