[35m[1mConsolidate compiler generated dependencies of target rm_tracker[0m
[ 33%] Built target rm_tracker_node
[ 50%] [32mBuilding CXX object CMakeFiles/rm_tracker.dir/src/tracker.cpp.o[0m
[ 66%] [32mBuilding CXX object CMakeFiles/rm_tracker.dir/src/tracker_node.cpp.o[0m
In file included from [01m[K/opt/ros/humble/include/message_filters/message_filters/subscriber.h:43[m[K,
                 from [01m[K/rm_version/src/rm_tracker/include/tracker_node.hpp:3[m[K,
                 from [01m[K/rm_version/src/rm_tracker/src/tracker_node.cpp:1[m[K:
/opt/ros/humble/include/message_filters/message_filters/simple_filter.h: In instantiation of ‘[01m[Kmessage_filters::Connection message_filters::SimpleFilter<M>::registerCallback(const C&) [with C = std::_Bind<void (rm_auto_aim::TrackerNode::*(rm_auto_aim::TrackerNode*, std::_Placeholder<1>))(const std::shared_ptr<rm_msg_interfaces::msg::Armors_<std::allocator<void> > >&)>; M = rm_msg_interfaces::msg::Armors_<std::allocator<void> >][m[K’:
[01m[K/rm_version/src/rm_tracker/src/tracker_node.cpp:37:44:[m[K   required from here
[01m[K/opt/ros/humble/include/message_filters/message_filters/simple_filter.h:72:67:[m[K [01;31m[Kerror: [m[Kno matching function for call to ‘[01m[Kstd::function<void(const std::shared_ptr<const rm_msg_interfaces::msg::Armors_<std::allocator<void> > >&)>::function(const std::_Bind<void (rm_auto_aim::TrackerNode::*(rm_auto_aim::TrackerNode*, std::_Placeholder<1>))(const std::shared_ptr<rm_msg_interfaces::msg::Armors_<std::allocator<void> > >&)>&)[m[K’
   72 |     typename CallbackHelper1<M>::Ptr helper = signal_.addCallback([01;31m[KCallback(callback)[m[K);
      |                                                                   [01;31m[K^~~~~~~~~~~~~~~~~~[m[K
In file included from [01m[K/usr/include/c++/11/future:47[m[K,
                 from [01m[K/opt/ros/humble/include/rclcpp/rclcpp/executors.hpp:18[m[K,
                 from [01m[K/opt/ros/humble/include/rclcpp/rclcpp/rclcpp.hpp:155[m[K,
                 from [01m[K/opt/ros/humble/include/message_filters/message_filters/subscriber.h:40[m[K,
                 from [01m[K/rm_version/src/rm_tracker/include/tracker_node.hpp:3[m[K,
                 from [01m[K/rm_version/src/rm_tracker/src/tracker_node.cpp:1[m[K:
[01m[K/usr/include/c++/11/bits/std_function.h:435:9:[m[K [01;36m[Knote: [m[Kcandidate: ‘[01m[Ktemplate<class _Functor, class _Constraints> std::function<_Res(_ArgTypes ...)>::function(_Functor&&) [with _Functor = _Functor; _Constraints = _Constraints; _Res = void; _ArgTypes = {const std::shared_ptr<const rm_msg_interfaces::msg::Armors_<std::allocator<void> > >&}][m[K’
  435 |         [01;36m[Kfunction[m[K(_Functor&& __f)
      |         [01;36m[K^~~~~~~~[m[K
[01m[K/usr/include/c++/11/bits/std_function.h:435:9:[m[K [01;36m[Knote: [m[K  template argument deduction/substitution failed:
In file included from [01m[K/usr/include/c++/11/bits/move.h:57[m[K,
                 from [01m[K/usr/include/c++/11/bits/exception_ptr.h:43[m[K,
                 from [01m[K/usr/include/c++/11/exception:153[m[K,
                 from [01m[K/usr/include/c++/11/stdexcept:38[m[K,
                 from [01m[K/opt/ros/humble/include/message_filters/message_filters/subscriber.h:38[m[K,
                 from [01m[K/rm_version/src/rm_tracker/include/tracker_node.hpp:3[m[K,
                 from [01m[K/rm_version/src/rm_tracker/src/tracker_node.cpp:1[m[K:
/usr/include/c++/11/type_traits: In substitution of ‘[01m[Ktemplate<bool _Cond, class _Tp> using __enable_if_t = typename std::enable_if::type [with bool _Cond = false; _Tp = void][m[K’:
[01m[K/usr/include/c++/11/bits/std_function.h:353:8:[m[K   required by substitution of ‘[01m[Ktemplate<class _Res, class ... _ArgTypes> template<class _Cond, class _Tp> using _Requires = std::__enable_if_t<_Cond::value, _Tp> [with _Cond = std::function<void(const std::shared_ptr<const rm_msg_interfaces::msg::Armors_<std::allocator<void> > >&)>::_Callable<const std::_Bind<void (rm_auto_aim::TrackerNode::*(rm_auto_aim::TrackerNode*, std::_Placeholder<1>))(const std::shared_ptr<rm_msg_interfaces::msg::Armors_<std::allocator<void> > >&)>&, std::_Bind<void (rm_auto_aim::TrackerNode::*(rm_auto_aim::TrackerNode*, std::_Placeholder<1>))(const std::shared_ptr<rm_msg_interfaces::msg::Armors_<std::allocator<void> > >&)>, std::__invoke_result<std::_Bind<void (rm_auto_aim::TrackerNode::*(rm_auto_aim::TrackerNode*, std::_Placeholder<1>))(const std::shared_ptr<rm_msg_interfaces::msg::Armors_<std::allocator<void> > >&)>&, const std::shared_ptr<const rm_msg_interfaces::msg::Armors_<std::allocator<void> > >&> >; _Tp = void; _Res = void; _ArgTypes = {const std::shared_ptr<const rm_msg_interfaces::msg::Armors_<std::allocator<void> > >&}][m[K’
[01m[K/usr/include/c++/11/bits/std_function.h:434:9:[m[K   required from ‘[01m[Kmessage_filters::Connection message_filters::SimpleFilter<M>::registerCallback(const C&) [with C = std::_Bind<void (rm_auto_aim::TrackerNode::*(rm_auto_aim::TrackerNode*, std::_Placeholder<1>))(const std::shared_ptr<rm_msg_interfaces::msg::Armors_<std::allocator<void> > >&)>; M = rm_msg_interfaces::msg::Armors_<std::allocator<void> >][m[K’
[01m[K/rm_version/src/rm_tracker/src/tracker_node.cpp:37:44:[m[K   required from here
[01m[K/usr/include/c++/11/type_traits:2211:11:[m[K [01;31m[Kerror: [m[Kno type named ‘[01m[Ktype[m[K’ in ‘[01m[Kstruct std::enable_if<false, void>[m[K’
 2211 |     using [01;31m[K__enable_if_t[m[K = typename enable_if<_Cond, _Tp>::type;
      |           [01;31m[K^~~~~~~~~~~~~[m[K
In file included from [01m[K/usr/include/c++/11/future:47[m[K,
                 from [01m[K/opt/ros/humble/include/rclcpp/rclcpp/executors.hpp:18[m[K,
                 from [01m[K/opt/ros/humble/include/rclcpp/rclcpp/rclcpp.hpp:155[m[K,
                 from [01m[K/opt/ros/humble/include/message_filters/message_filters/subscriber.h:40[m[K,
                 from [01m[K/rm_version/src/rm_tracker/include/tracker_node.hpp:3[m[K,
                 from [01m[K/rm_version/src/rm_tracker/src/tracker_node.cpp:1[m[K:
/opt/ros/humble/include/message_filters/message_filters/simple_filter.h: In instantiation of ‘[01m[Kmessage_filters::Connection message_filters::SimpleFilter<M>::registerCallback(const C&) [with C = std::_Bind<void (rm_auto_aim::TrackerNode::*(rm_auto_aim::TrackerNode*, std::_Placeholder<1>))(const std::shared_ptr<rm_msg_interfaces::msg::Armors_<std::allocator<void> > >&)>; M = rm_msg_interfaces::msg::Armors_<std::allocator<void> >][m[K’:
[01m[K/rm_version/src/rm_tracker/src/tracker_node.cpp:37:44:[m[K   required from here
[01m[K/usr/include/c++/11/bits/std_function.h:404:7:[m[K [01;36m[Knote: [m[Kcandidate: ‘[01m[Kstd::function<_Res(_ArgTypes ...)>::function(std::function<_Res(_ArgTypes ...)>&&) [with _Res = void; _ArgTypes = {const std::shared_ptr<const rm_msg_interfaces::msg::Armors_<std::allocator<void> > >&}][m[K’
  404 |       [01;36m[Kfunction[m[K(function&& __x) noexcept
      |       [01;36m[K^~~~~~~~[m[K
[01m[K/usr/include/c++/11/bits/std_function.h:404:27:[m[K [01;36m[Knote: [m[K  no known conversion for argument 1 from ‘[01m[Kconst std::_Bind<void (rm_auto_aim::TrackerNode::*(rm_auto_aim::TrackerNode*, std::_Placeholder<1>))(const std::shared_ptr<rm_msg_interfaces::msg::Armors_<std::allocator<void> > >&)>[m[K’ to ‘[01m[Kstd::function<void(const std::shared_ptr<const rm_msg_interfaces::msg::Armors_<std::allocator<void> > >&)>&&[m[K’
  404 |       function([01;36m[Kfunction&& __x[m[K) noexcept
      |                [01;36m[K~~~~~~~~~~~^~~[m[K
[01m[K/usr/include/c++/11/bits/std_function.h:386:7:[m[K [01;36m[Knote: [m[Kcandidate: ‘[01m[Kstd::function<_Res(_ArgTypes ...)>::function(const std::function<_Res(_ArgTypes ...)>&) [with _Res = void; _ArgTypes = {const std::shared_ptr<const rm_msg_interfaces::msg::Armors_<std::allocator<void> > >&}][m[K’
  386 |       [01;36m[Kfunction[m[K(const function& __x)
      |       [01;36m[K^~~~~~~~[m[K
[01m[K/usr/include/c++/11/bits/std_function.h:386:32:[m[K [01;36m[Knote: [m[K  no known conversion for argument 1 from ‘[01m[Kconst std::_Bind<void (rm_auto_aim::TrackerNode::*(rm_auto_aim::TrackerNode*, std::_Placeholder<1>))(const std::shared_ptr<rm_msg_interfaces::msg::Armors_<std::allocator<void> > >&)>[m[K’ to ‘[01m[Kconst std::function<void(const std::shared_ptr<const rm_msg_interfaces::msg::Armors_<std::allocator<void> > >&)>&[m[K’
  386 |       function([01;36m[Kconst function& __x[m[K)
      |                [01;36m[K~~~~~~~~~~~~~~~~^~~[m[K
[01m[K/usr/include/c++/11/bits/std_function.h:375:7:[m[K [01;36m[Knote: [m[Kcandidate: ‘[01m[Kstd::function<_Res(_ArgTypes ...)>::function(std::nullptr_t) [with _Res = void; _ArgTypes = {const std::shared_ptr<const rm_msg_interfaces::msg::Armors_<std::allocator<void> > >&}; std::nullptr_t = std::nullptr_t][m[K’
  375 |       [01;36m[Kfunction[m[K(nullptr_t) noexcept
      |       [01;36m[K^~~~~~~~[m[K
[01m[K/usr/include/c++/11/bits/std_function.h:375:16:[m[K [01;36m[Knote: [m[K  no known conversion for argument 1 from ‘[01m[Kconst std::_Bind<void (rm_auto_aim::TrackerNode::*(rm_auto_aim::TrackerNode*, std::_Placeholder<1>))(const std::shared_ptr<rm_msg_interfaces::msg::Armors_<std::allocator<void> > >&)>[m[K’ to ‘[01m[Kstd::nullptr_t[m[K’
  375 |       function([01;36m[Knullptr_t[m[K) noexcept
      |                [01;36m[K^~~~~~~~~[m[K
[01m[K/usr/include/c++/11/bits/std_function.h:368:7:[m[K [01;36m[Knote: [m[Kcandidate: ‘[01m[Kstd::function<_Res(_ArgTypes ...)>::function() [with _Res = void; _ArgTypes = {const std::shared_ptr<const rm_msg_interfaces::msg::Armors_<std::allocator<void> > >&}][m[K’
  368 |       [01;36m[Kfunction[m[K() noexcept
      |       [01;36m[K^~~~~~~~[m[K
[01m[K/usr/include/c++/11/bits/std_function.h:368:7:[m[K [01;36m[Knote: [m[K  candidate expects 0 arguments, 1 provided
In file included from [01m[K/rm_version/src/rm_tracker/include/tracker_node.hpp:6[m[K,
                 from [01m[K/rm_version/src/rm_tracker/src/tracker_node.cpp:1[m[K:
/opt/ros/humble/include/tf2_ros/tf2_ros/message_filter.h: In instantiation of ‘[01m[Kvoid tf2_ros::MessageFilter<M, BufferT>::add(const MEvent&) [with M = rm_msg_interfaces::msg::Armors_<std::allocator<void> >; BufferT = tf2_ros::Buffer; tf2_ros::MessageFilter<M, BufferT>::MEvent = message_filters::MessageEvent<const rm_msg_interfaces::msg::Armors_<std::allocator<void> > >][m[K’:
[01m[K/opt/ros/humble/include/tf2_ros/tf2_ros/message_filter.h:603:8:[m[K   required from ‘[01m[Kvoid tf2_ros::MessageFilter<M, BufferT>::incomingMessage(const message_filters::MessageEvent<const M>&) [with M = rm_msg_interfaces::msg::Armors_<std::allocator<void> >; BufferT = tf2_ros::Buffer][m[K’
[01m[K/opt/ros/humble/include/tf2_ros/tf2_ros/message_filter.h:265:46:[m[K   required from ‘[01m[Kvoid tf2_ros::MessageFilter<M, BufferT>::connectInput(F&) [with F = message_filters::Subscriber<rm_msg_interfaces::msg::Armors_<std::allocator<void> > >; M = rm_msg_interfaces::msg::Armors_<std::allocator<void> >; BufferT = tf2_ros::Buffer][m[K’
[01m[K/opt/ros/humble/include/tf2_ros/tf2_ros/message_filter.h:255:17:[m[K   required from ‘[01m[Ktf2_ros::MessageFilter<M, BufferT>::MessageFilter(F&, BufferT&, const string&, uint32_t, const SharedPtr&, const SharedPtr&, std::chrono::duration<TimeRepT, TimeT>) [with F = message_filters::Subscriber<rm_msg_interfaces::msg::Armors_<std::allocator<void> > >; TimeRepT = int; TimeT = std::ratio<1>; M = rm_msg_interfaces::msg::Armors_<std::allocator<void> >; BufferT = tf2_ros::Buffer; std::string = std::__cxx11::basic_string<char>; uint32_t = unsigned int; rclcpp::node_interfaces::NodeLoggingInterface::SharedPtr = std::shared_ptr<rclcpp::node_interfaces::NodeLoggingInterface>; rclcpp::node_interfaces::NodeClockInterface::SharedPtr = std::shared_ptr<rclcpp::node_interfaces::NodeClockInterface>][m[K’
[01m[K/usr/include/c++/11/ext/new_allocator.h:162:4:[m[K   required from ‘[01m[Kvoid __gnu_cxx::new_allocator<_Tp>::construct(_Up*, _Args&& ...) [with _Up = tf2_ros::MessageFilter<rm_msg_interfaces::msg::Armors_<std::allocator<void> > >; _Args = {message_filters::Subscriber<rm_msg_interfaces::msg::Armors_<std::allocator<void> >, rclcpp::Node>&, tf2_ros::Buffer&, std::__cxx11::basic_string<char, std::char_traits<char>, std::allocator<char> >&, int, std::shared_ptr<rclcpp::node_interfaces::NodeLoggingInterface>, std::shared_ptr<rclcpp::node_interfaces::NodeClockInterface>, std::chrono::duration<int, std::ratio<1, 1> >}; _Tp = tf2_ros::MessageFilter<rm_msg_interfaces::msg::Armors_<std::allocator<void> > >][m[K’
[01m[K/usr/include/c++/11/bits/alloc_traits.h:516:17:[m[K   [ skipping 2 instantiation contexts, use -ftemplate-backtrace-limit=0 to disable ]
[01m[K/usr/include/c++/11/bits/shared_ptr_base.h:650:16:[m[K   required from ‘[01m[Kstd::__shared_count<_Lp>::__shared_count(_Tp*&, std::_Sp_alloc_shared_tag<_Alloc>, _Args&& ...) [with _Tp = tf2_ros::MessageFilter<rm_msg_interfaces::msg::Armors_<std::allocator<void> > >; _Alloc = std::allocator<tf2_ros::MessageFilter<rm_msg_interfaces::msg::Armors_<std::allocator<void> > > >; _Args = {message_filters::Subscriber<rm_msg_interfaces::msg::Armors_<std::allocator<void> >, rclcpp::Node>&, tf2_ros::Buffer&, std::__cxx11::basic_string<char, std::char_traits<char>, std::allocator<char> >&, int, std::shared_ptr<rclcpp::node_interfaces::NodeLoggingInterface>, std::shared_ptr<rclcpp::node_interfaces::NodeClockInterface>, std::chrono::duration<int, std::ratio<1, 1> >}; __gnu_cxx::_Lock_policy _Lp = __gnu_cxx::_S_atomic][m[K’
[01m[K/usr/include/c++/11/bits/shared_ptr_base.h:1342:14:[m[K   required from ‘[01m[Kstd::__shared_ptr<_Tp, _Lp>::__shared_ptr(std::_Sp_alloc_shared_tag<_Tp>, _Args&& ...) [with _Alloc = std::allocator<tf2_ros::MessageFilter<rm_msg_interfaces::msg::Armors_<std::allocator<void> > > >; _Args = {message_filters::Subscriber<rm_msg_interfaces::msg::Armors_<std::allocator<void> >, rclcpp::Node>&, tf2_ros::Buffer&, std::__cxx11::basic_string<char, std::char_traits<char>, std::allocator<char> >&, int, std::shared_ptr<rclcpp::node_interfaces::NodeLoggingInterface>, std::shared_ptr<rclcpp::node_interfaces::NodeClockInterface>, std::chrono::duration<int, std::ratio<1, 1> >}; _Tp = tf2_ros::MessageFilter<rm_msg_interfaces::msg::Armors_<std::allocator<void> > >; __gnu_cxx::_Lock_policy _Lp = __gnu_cxx::_S_atomic][m[K’
[01m[K/usr/include/c++/11/bits/shared_ptr.h:409:59:[m[K   required from ‘[01m[Kstd::shared_ptr<_Tp>::shared_ptr(std::_Sp_alloc_shared_tag<_Tp>, _Args&& ...) [with _Alloc = std::allocator<tf2_ros::MessageFilter<rm_msg_interfaces::msg::Armors_<std::allocator<void> > > >; _Args = {message_filters::Subscriber<rm_msg_interfaces::msg::Armors_<std::allocator<void> >, rclcpp::Node>&, tf2_ros::Buffer&, std::__cxx11::basic_string<char, std::char_traits<char>, std::allocator<char> >&, int, std::shared_ptr<rclcpp::node_interfaces::NodeLoggingInterface>, std::shared_ptr<rclcpp::node_interfaces::NodeClockInterface>, std::chrono::duration<int, std::ratio<1, 1> >}; _Tp = tf2_ros::MessageFilter<rm_msg_interfaces::msg::Armors_<std::allocator<void> > >][m[K’
[01m[K/usr/include/c++/11/bits/shared_ptr.h:862:14:[m[K   required from ‘[01m[Kstd::shared_ptr<_Tp> std::allocate_shared(const _Alloc&, _Args&& ...) [with _Tp = tf2_ros::MessageFilter<rm_msg_interfaces::msg::Armors_<std::allocator<void> > >; _Alloc = std::allocator<tf2_ros::MessageFilter<rm_msg_interfaces::msg::Armors_<std::allocator<void> > > >; _Args = {message_filters::Subscriber<rm_msg_interfaces::msg::Armors_<std::allocator<void> >, rclcpp::Node>&, tf2_ros::Buffer&, std::__cxx11::basic_string<char, std::char_traits<char>, std::allocator<char> >&, int, std::shared_ptr<rclcpp::node_interfaces::NodeLoggingInterface>, std::shared_ptr<rclcpp::node_interfaces::NodeClockInterface>, std::chrono::duration<int, std::ratio<1, 1> >}][m[K’
[01m[K/usr/include/c++/11/bits/shared_ptr.h:878:39:[m[K   required from ‘[01m[Kstd::shared_ptr<_Tp> std::make_shared(_Args&& ...) [with _Tp = tf2_ros::MessageFilter<rm_msg_interfaces::msg::Armors_<std::allocator<void> > >; _Args = {message_filters::Subscriber<rm_msg_interfaces::msg::Armors_<std::allocator<void> >, rclcpp::Node>&, tf2_ros::Buffer&, std::__cxx11::basic_string<char, std::char_traits<char>, std::allocator<char> >&, int, std::shared_ptr<rclcpp::node_interfaces::NodeLoggingInterface>, std::shared_ptr<rclcpp::node_interfaces::NodeClockInterface>, std::chrono::duration<int, std::ratio<1, 1> >}][m[K’
[01m[K/rm_version/src/rm_tracker/src/tracker_node.cpp:29:101:[m[K   required from here
[01m[K/opt/ros/humble/include/tf2_ros/tf2_ros/message_filter.h:365:60:[m[K [01;31m[Kerror: [m[K‘[01m[Kvalue[m[K’ is not a member of ‘[01m[Kmessage_filters::message_traits::FrameId<rm_msg_interfaces::msg::Armors_<std::allocator<void> >, void>[m[K’
  365 |     std::string frame_id = stripSlash([01;31m[Kmt::FrameId<M>::value(*message)[m[K);
      |                                       [01;31m[K~~~~~~~~~~~~~~~~~~~~~^~~~~~~~~~[m[K
In file included from [01m[K/opt/ros/humble/include/rclcpp/rclcpp/logging.hpp:24[m[K,
                 from [01m[K/opt/ros/humble/include/rclcpp/rclcpp/client.hpp:40[m[K,
                 from [01m[K/opt/ros/humble/include/rclcpp/rclcpp/callback_group.hpp:24[m[K,
                 from [01m[K/opt/ros/humble/include/rclcpp/rclcpp/any_executable.hpp:20[m[K,
                 from [01m[K/opt/ros/humble/include/rclcpp/rclcpp/memory_strategy.hpp:25[m[K,
                 from [01m[K/opt/ros/humble/include/rclcpp/rclcpp/memory_strategies.hpp:18[m[K,
                 from [01m[K/opt/ros/humble/include/rclcpp/rclcpp/executor_options.hpp:20[m[K,
                 from [01m[K/opt/ros/humble/include/rclcpp/rclcpp/executor.hpp:37[m[K,
                 from [01m[K/opt/ros/humble/include/rclcpp/rclcpp/executors/multi_threaded_executor.hpp:25[m[K,
                 from [01m[K/opt/ros/humble/include/rclcpp/rclcpp/executors.hpp:21[m[K,
                 from [01m[K/opt/ros/humble/include/rclcpp/rclcpp/rclcpp.hpp:155[m[K,
                 from [01m[K/opt/ros/humble/include/message_filters/message_filters/subscriber.h:40[m[K,
                 from [01m[K/rm_version/src/rm_tracker/include/tracker_node.hpp:3[m[K,
                 from [01m[K/rm_version/src/rm_tracker/src/tracker_node.cpp:1[m[K:
[01m[K/opt/ros/humble/include/tf2_ros/tf2_ros/message_filter.h:411:9:[m[K [01;31m[Kerror: [m[K‘[01m[Kvalue[m[K’ is not a member of ‘[01m[Kmessage_filters::message_traits::FrameId<rm_msg_interfaces::msg::Armors_<std::allocator<void> >, void>[m[K’
  411 |         [01;31m[KTF2_ROS_MESSAGEFILTER_DEBUG[m[K(
      |         [01;31m[K^~~~~~~~~~~~~~~~~~~~~~~~~~~[m[K
gmake[2]: *** [CMakeFiles/rm_tracker.dir/build.make:104: CMakeFiles/rm_tracker.dir/src/tracker_node.cpp.o] Error 1
gmake[1]: *** [CMakeFiles/Makefile2:139: CMakeFiles/rm_tracker.dir/all] Error 2
gmake: *** [Makefile:146: all] Error 2
