[35m[1mConsolidate compiler generated dependencies of target rm_serial[0m
[ 50%] Built target rm_serial_node
[ 75%] [32mBuilding CXX object CMakeFiles/rm_serial.dir/src/rm_serial_node.cpp.o[0m
In file included from [01m[K/usr/include/c++/11/future:48[m[K,
                 from [01m[K/opt/ros/humble/include/rclcpp/rclcpp/executors.hpp:18[m[K,
                 from [01m[K/opt/ros/humble/include/rclcpp/rclcpp/rclcpp.hpp:155[m[K,
                 from [01m[K/opt/ros/humble/include/message_filters/message_filters/subscriber.h:40[m[K,
                 from [01m[K/rm_version/src/rm_serial/src/../include/rm_serial_node.hpp:25[m[K,
                 from [01m[K/rm_version/src/rm_serial/src/rm_serial_node.cpp:1[m[K:
/usr/include/c++/11/bits/std_thread.h: In instantiation of ‘[01m[Kstd::thread::thread(_Callable&&, _Args&& ...) [with _Callable = void (Serial_Node::*)(std::queue<unsigned char>&); _Args = {Serial_Node*, std::reference_wrapper<int>, std::reference_wrapper<std::queue<unsigned char, std::deque<unsigned char, std::allocator<unsigned char> > > >}; <template-parameter-1-3> = void][m[K’:
[01m[K/rm_version/src/rm_serial/src/rm_serial_node.cpp:44:95:[m[K   required from here
[01m[K/usr/include/c++/11/bits/std_thread.h:130:72:[m[K [01;31m[Kerror: [m[Kstatic assertion failed: std::thread arguments must be invocable after conversion to rvalues
  130 |                                       typename decay<_Args>::type...>::[01;31m[Kvalue[m[K,
      |                                                                        [01;31m[K^~~~~[m[K
[01m[K/usr/include/c++/11/bits/std_thread.h:130:72:[m[K [01;36m[Knote: [m[K‘[01m[Kstd::integral_constant<bool, false>::value[m[K’ evaluates to false
/usr/include/c++/11/bits/std_thread.h: In instantiation of ‘[01m[Kstruct std::thread::_Invoker<std::tuple<void (Serial_Node::*)(std::queue<unsigned char, std::deque<unsigned char, std::allocator<unsigned char> > >&), Serial_Node*, std::reference_wrapper<int>, std::reference_wrapper<std::queue<unsigned char, std::deque<unsigned char, std::allocator<unsigned char> > > > > >[m[K’:
[01m[K/usr/include/c++/11/bits/std_thread.h:203:13:[m[K   required from ‘[01m[Kstruct std::thread::_State_impl<std::thread::_Invoker<std::tuple<void (Serial_Node::*)(std::queue<unsigned char, std::deque<unsigned char, std::allocator<unsigned char> > >&), Serial_Node*, std::reference_wrapper<int>, std::reference_wrapper<std::queue<unsigned char, std::deque<unsigned char, std::allocator<unsigned char> > > > > > >[m[K’
[01m[K/usr/include/c++/11/bits/std_thread.h:143:29:[m[K   required from ‘[01m[Kstd::thread::thread(_Callable&&, _Args&& ...) [with _Callable = void (Serial_Node::*)(std::queue<unsigned char>&); _Args = {Serial_Node*, std::reference_wrapper<int>, std::reference_wrapper<std::queue<unsigned char, std::deque<unsigned char, std::allocator<unsigned char> > > >}; <template-parameter-1-3> = void][m[K’
[01m[K/rm_version/src/rm_serial/src/rm_serial_node.cpp:44:95:[m[K   required from here
[01m[K/usr/include/c++/11/bits/std_thread.h:252:11:[m[K [01;31m[Kerror: [m[Kno type named ‘[01m[Ktype[m[K’ in ‘[01m[Kstruct std::thread::_Invoker<std::tuple<void (Serial_Node::*)(std::queue<unsigned char, std::deque<unsigned char, std::allocator<unsigned char> > >&), Serial_Node*, std::reference_wrapper<int>, std::reference_wrapper<std::queue<unsigned char, std::deque<unsigned char, std::allocator<unsigned char> > > > > >::__result<std::tuple<void (Serial_Node::*)(std::queue<unsigned char, std::deque<unsigned char, std::allocator<unsigned char> > >&), Serial_Node*, std::reference_wrapper<int>, std::reference_wrapper<std::queue<unsigned char, std::deque<unsigned char, std::allocator<unsigned char> > > > > >[m[K’
  252 |           [01;31m[K_M_invoke[m[K(_Index_tuple<_Ind...>)
      |           [01;31m[K^~~~~~~~~[m[K
[01m[K/usr/include/c++/11/bits/std_thread.h:256:9:[m[K [01;31m[Kerror: [m[Kno type named ‘[01m[Ktype[m[K’ in ‘[01m[Kstruct std::thread::_Invoker<std::tuple<void (Serial_Node::*)(std::queue<unsigned char, std::deque<unsigned char, std::allocator<unsigned char> > >&), Serial_Node*, std::reference_wrapper<int>, std::reference_wrapper<std::queue<unsigned char, std::deque<unsigned char, std::allocator<unsigned char> > > > > >::__result<std::tuple<void (Serial_Node::*)(std::queue<unsigned char, std::deque<unsigned char, std::allocator<unsigned char> > >&), Serial_Node*, std::reference_wrapper<int>, std::reference_wrapper<std::queue<unsigned char, std::deque<unsigned char, std::allocator<unsigned char> > > > > >[m[K’
  256 |         [01;31m[Koperator[m[K()()
      |         [01;31m[K^~~~~~~~[m[K
gmake[2]: *** [CMakeFiles/rm_serial.dir/build.make:76: CMakeFiles/rm_serial.dir/src/rm_serial_node.cpp.o] Error 1
gmake[1]: *** [CMakeFiles/Makefile2:139: CMakeFiles/rm_serial.dir/all] Error 2
gmake: *** [Makefile:146: all] Error 2
