[35m[1mConsolidate compiler generated dependencies of target rm_tracker[0m
[ 33%] Built target rm_tracker_node
[ 50%] [32mBuilding CXX object CMakeFiles/rm_tracker.dir/src/extended_kalman_filiter.cpp.o[0m
[ 66%] [32mBuilding CXX object CMakeFiles/rm_tracker.dir/src/tracker.cpp.o[0m
[01m[K/rm_version/src/rm_tracker/src/extended_kalman_filiter.cpp:5:5:[m[K [01;31m[Kerror: [m[Kno declaration matches ‘[01m[Krm_auto_aim::KalmanFilter::KalmanFilter()[m[K’
    5 |     [01;31m[KKalmanFilter[m[K::KalmanFilter() {}
      |     [01;31m[K^~~~~~~~~~~~[m[K
In file included from [01m[K/rm_version/src/rm_tracker/src/extended_kalman_filiter.cpp:1[m[K:
[01m[K/rm_version/src/rm_tracker/include/extended_kalman_filiter.hpp:15:7:[m[K [01;36m[Knote: [m[Kcandidates are: ‘[01m[Krm_auto_aim::KalmanFilter::KalmanFilter(rm_auto_aim::KalmanFilter&&)[m[K’
   15 | class [01;36m[KKalmanFilter[m[K
      |       [01;36m[K^~~~~~~~~~~~[m[K
[01m[K/rm_version/src/rm_tracker/include/extended_kalman_filiter.hpp:15:7:[m[K [01;36m[Knote: [m[K                ‘[01m[Krm_auto_aim::KalmanFilter::KalmanFilter(const rm_auto_aim::KalmanFilter&)[m[K’
[01m[K/rm_version/src/rm_tracker/include/extended_kalman_filiter.hpp:18:5:[m[K [01;36m[Knote: [m[K                ‘[01m[Krm_auto_aim::KalmanFilter::KalmanFilter(std::function<Eigen::Matrix<double, -1, 1>(Eigen::Matrix<double, -1, 1>)>, std::function<Eigen::Matrix<double, -1, 1>(Eigen::Matrix<double, -1, 1>)>, std::function<Eigen::Matrix<double, -1, -1>()>, std::function<Eigen::Matrix<double, -1, -1>(Eigen::Matrix<double, -1, 1>)>, std::function<Eigen::Matrix<double, -1, -1>(Eigen::Matrix<double, -1, 1>)>, std::function<Eigen::Matrix<double, -1, -1>(Eigen::Matrix<double, -1, 1>)>, Eigen::MatrixXd)[m[K’
   18 |     [01;36m[KKalmanFilter[m[K(
      |     [01;36m[K^~~~~~~~~~~~[m[K
[01m[K/rm_version/src/rm_tracker/include/extended_kalman_filiter.hpp:15:7:[m[K [01;36m[Knote: [m[K‘[01m[Kclass rm_auto_aim::KalmanFilter[m[K’ defined here
   15 | class [01;36m[KKalmanFilter[m[K
      |       [01;36m[K^~~~~~~~~~~~[m[K
[01m[K/rm_version/src/rm_tracker/src/tracker.cpp:[m[K In constructor ‘[01m[Krm_auto_aim::Tracker::Tracker()[m[K’:
[01m[K/rm_version/src/rm_tracker/src/tracker.cpp:20:22:[m[K [01;31m[Kerror: [m[Kno matching function for call to ‘[01m[Krm_auto_aim::KalmanFilter::KalmanFilter()[m[K’
   20 |     Tracker::Tracker([01;31m[K)[m[K{}
      |                      [01;31m[K^[m[K
In file included from [01m[K/rm_version/src/rm_tracker/include/tracker.hpp:16[m[K,
                 from [01m[K/rm_version/src/rm_tracker/src/tracker.cpp:1[m[K:
[01m[K/rm_version/src/rm_tracker/include/extended_kalman_filiter.hpp:18:5:[m[K [01;36m[Knote: [m[Kcandidate: ‘[01m[Krm_auto_aim::KalmanFilter::KalmanFilter(std::function<Eigen::Matrix<double, -1, 1>(Eigen::Matrix<double, -1, 1>)>, std::function<Eigen::Matrix<double, -1, 1>(Eigen::Matrix<double, -1, 1>)>, std::function<Eigen::Matrix<double, -1, -1>()>, std::function<Eigen::Matrix<double, -1, -1>(Eigen::Matrix<double, -1, 1>)>, std::function<Eigen::Matrix<double, -1, -1>(Eigen::Matrix<double, -1, 1>)>, std::function<Eigen::Matrix<double, -1, -1>(Eigen::Matrix<double, -1, 1>)>, Eigen::MatrixXd)[m[K’
   18 |     [01;36m[KKalmanFilter[m[K(
      |     [01;36m[K^~~~~~~~~~~~[m[K
[01m[K/rm_version/src/rm_tracker/include/extended_kalman_filiter.hpp:18:5:[m[K [01;36m[Knote: [m[K  candidate expects 7 arguments, 0 provided
[01m[K/rm_version/src/rm_tracker/include/extended_kalman_filiter.hpp:15:7:[m[K [01;36m[Knote: [m[Kcandidate: ‘[01m[Krm_auto_aim::KalmanFilter::KalmanFilter(const rm_auto_aim::KalmanFilter&)[m[K’
   15 | class [01;36m[KKalmanFilter[m[K
      |       [01;36m[K^~~~~~~~~~~~[m[K
[01m[K/rm_version/src/rm_tracker/include/extended_kalman_filiter.hpp:15:7:[m[K [01;36m[Knote: [m[K  candidate expects 1 argument, 0 provided
[01m[K/rm_version/src/rm_tracker/include/extended_kalman_filiter.hpp:15:7:[m[K [01;36m[Knote: [m[Kcandidate: ‘[01m[Krm_auto_aim::KalmanFilter::KalmanFilter(rm_auto_aim::KalmanFilter&&)[m[K’
[01m[K/rm_version/src/rm_tracker/include/extended_kalman_filiter.hpp:15:7:[m[K [01;36m[Knote: [m[K  candidate expects 1 argument, 0 provided
gmake[2]: *** [CMakeFiles/rm_tracker.dir/build.make:90: CMakeFiles/rm_tracker.dir/src/tracker.cpp.o] Error 1
gmake[2]: *** Waiting for unfinished jobs....
gmake[2]: *** [CMakeFiles/rm_tracker.dir/build.make:76: CMakeFiles/rm_tracker.dir/src/extended_kalman_filiter.cpp.o] Error 1
gmake[1]: *** [CMakeFiles/Makefile2:139: CMakeFiles/rm_tracker.dir/all] Error 2
gmake: *** [Makefile:146: all] Error 2
