[0.010s] Invoking command in '/rm_version/build/rm_tracker': CMAKE_PREFIX_PATH=/rm_version/install/rm_msg_interfaces:/rm_version/install/ros2_video:/rm_version/install/rm_tracker:/rm_version/install/rm_detector:/ros_ws/install/ros2_video:/ros_ws/install/rm_vision_bringup:/ros_ws/install/rm_serial_driver:/ros_ws/install/rm_gimbal_description:/ros_ws/install/rm_auto_aim:/ros_ws/install/mindvision_camera:/ros_ws/install/hik_camera:/ros_ws/install/armor_tracker:/ros_ws/install/armor_detector:/ros_ws/install/auto_aim_interfaces:/opt/ros/humble LD_LIBRARY_PATH=/rm_version/install/rm_msg_interfaces/lib:/rm_version/install/ros2_video/lib:/rm_version/install/rm_tracker/lib:/rm_version/install/rm_detector/lib:/ros_ws/install/ros2_video/lib:/ros_ws/install/rm_serial_driver/lib:/ros_ws/install/mindvision_camera/lib:/ros_ws/install/hik_camera/lib:/ros_ws/install/armor_tracker/lib:/ros_ws/install/armor_detector/lib:/ros_ws/install/auto_aim_interfaces/lib:/opt/ros/humble/lib/x86_64-linux-gnu:/opt/ros/humble/lib /usr/bin/cmake --build /rm_version/build/rm_tracker -- -j20 -l20
[0.034s] [35m[1mConsolidate compiler generated dependencies of target rm_tracker[0m
[0.039s] [ 33%] Built target rm_tracker_node
[0.049s] [ 50%] [32mBuilding CXX object CMakeFiles/rm_tracker.dir/src/extended_kalman_filiter.cpp.o[0m
[0.050s] [ 66%] [32mBuilding CXX object CMakeFiles/rm_tracker.dir/src/tracker.cpp.o[0m
[1.580s] [01m[K/rm_version/src/rm_tracker/src/extended_kalman_filiter.cpp:5:5:[m[K [01;31m[Kerror: [m[Kno declaration matches ‘[01m[Krm_auto_aim::KalmanFilter::KalmanFilter()[m[K’
[1.580s]     5 |     [01;31m[KKalmanFilter[m[K::KalmanFilter() {}
[1.580s]       |     [01;31m[K^~~~~~~~~~~~[m[K
[1.580s] In file included from [01m[K/rm_version/src/rm_tracker/src/extended_kalman_filiter.cpp:1[m[K:
[1.580s] [01m[K/rm_version/src/rm_tracker/include/extended_kalman_filiter.hpp:15:7:[m[K [01;36m[Knote: [m[Kcandidates are: ‘[01m[Krm_auto_aim::KalmanFilter::KalmanFilter(rm_auto_aim::KalmanFilter&&)[m[K’
[1.580s]    15 | class [01;36m[KKalmanFilter[m[K
[1.580s]       |       [01;36m[K^~~~~~~~~~~~[m[K
[1.580s] [01m[K/rm_version/src/rm_tracker/include/extended_kalman_filiter.hpp:15:7:[m[K [01;36m[Knote: [m[K                ‘[01m[Krm_auto_aim::KalmanFilter::KalmanFilter(const rm_auto_aim::KalmanFilter&)[m[K’
[1.580s] [01m[K/rm_version/src/rm_tracker/include/extended_kalman_filiter.hpp:18:5:[m[K [01;36m[Knote: [m[K                ‘[01m[Krm_auto_aim::KalmanFilter::KalmanFilter(std::function<Eigen::Matrix<double, -1, 1>(Eigen::Matrix<double, -1, 1>)>, std::function<Eigen::Matrix<double, -1, 1>(Eigen::Matrix<double, -1, 1>)>, std::function<Eigen::Matrix<double, -1, -1>()>, std::function<Eigen::Matrix<double, -1, -1>(Eigen::Matrix<double, -1, 1>)>, std::function<Eigen::Matrix<double, -1, -1>(Eigen::Matrix<double, -1, 1>)>, std::function<Eigen::Matrix<double, -1, -1>(Eigen::Matrix<double, -1, 1>)>, Eigen::MatrixXd)[m[K’
[1.580s]    18 |     [01;36m[KKalmanFilter[m[K(
[1.581s]       |     [01;36m[K^~~~~~~~~~~~[m[K
[1.581s] [01m[K/rm_version/src/rm_tracker/include/extended_kalman_filiter.hpp:15:7:[m[K [01;36m[Knote: [m[K‘[01m[Kclass rm_auto_aim::KalmanFilter[m[K’ defined here
[1.581s]    15 | class [01;36m[KKalmanFilter[m[K
[1.581s]       |       [01;36m[K^~~~~~~~~~~~[m[K
[1.710s] [01m[K/rm_version/src/rm_tracker/src/tracker.cpp:[m[K In constructor ‘[01m[Krm_auto_aim::Tracker::Tracker()[m[K’:
[1.710s] [01m[K/rm_version/src/rm_tracker/src/tracker.cpp:20:22:[m[K [01;31m[Kerror: [m[Kno matching function for call to ‘[01m[Krm_auto_aim::KalmanFilter::KalmanFilter()[m[K’
[1.710s]    20 |     Tracker::Tracker([01;31m[K)[m[K{}
[1.710s]       |                      [01;31m[K^[m[K
[1.710s] In file included from [01m[K/rm_version/src/rm_tracker/include/tracker.hpp:16[m[K,
[1.710s]                  from [01m[K/rm_version/src/rm_tracker/src/tracker.cpp:1[m[K:
[1.710s] [01m[K/rm_version/src/rm_tracker/include/extended_kalman_filiter.hpp:18:5:[m[K [01;36m[Knote: [m[Kcandidate: ‘[01m[Krm_auto_aim::KalmanFilter::KalmanFilter(std::function<Eigen::Matrix<double, -1, 1>(Eigen::Matrix<double, -1, 1>)>, std::function<Eigen::Matrix<double, -1, 1>(Eigen::Matrix<double, -1, 1>)>, std::function<Eigen::Matrix<double, -1, -1>()>, std::function<Eigen::Matrix<double, -1, -1>(Eigen::Matrix<double, -1, 1>)>, std::function<Eigen::Matrix<double, -1, -1>(Eigen::Matrix<double, -1, 1>)>, std::function<Eigen::Matrix<double, -1, -1>(Eigen::Matrix<double, -1, 1>)>, Eigen::MatrixXd)[m[K’
[1.710s]    18 |     [01;36m[KKalmanFilter[m[K(
[1.710s]       |     [01;36m[K^~~~~~~~~~~~[m[K
[1.711s] [01m[K/rm_version/src/rm_tracker/include/extended_kalman_filiter.hpp:18:5:[m[K [01;36m[Knote: [m[K  candidate expects 7 arguments, 0 provided
[1.711s] [01m[K/rm_version/src/rm_tracker/include/extended_kalman_filiter.hpp:15:7:[m[K [01;36m[Knote: [m[Kcandidate: ‘[01m[Krm_auto_aim::KalmanFilter::KalmanFilter(const rm_auto_aim::KalmanFilter&)[m[K’
[1.711s]    15 | class [01;36m[KKalmanFilter[m[K
[1.711s]       |       [01;36m[K^~~~~~~~~~~~[m[K
[1.711s] [01m[K/rm_version/src/rm_tracker/include/extended_kalman_filiter.hpp:15:7:[m[K [01;36m[Knote: [m[K  candidate expects 1 argument, 0 provided
[1.711s] [01m[K/rm_version/src/rm_tracker/include/extended_kalman_filiter.hpp:15:7:[m[K [01;36m[Knote: [m[Kcandidate: ‘[01m[Krm_auto_aim::KalmanFilter::KalmanFilter(rm_auto_aim::KalmanFilter&&)[m[K’
[1.711s] [01m[K/rm_version/src/rm_tracker/include/extended_kalman_filiter.hpp:15:7:[m[K [01;36m[Knote: [m[K  candidate expects 1 argument, 0 provided
[2.230s] gmake[2]: *** [CMakeFiles/rm_tracker.dir/build.make:90: CMakeFiles/rm_tracker.dir/src/tracker.cpp.o] Error 1
[2.231s] gmake[2]: *** Waiting for unfinished jobs....
[3.321s] gmake[2]: *** [CMakeFiles/rm_tracker.dir/build.make:76: CMakeFiles/rm_tracker.dir/src/extended_kalman_filiter.cpp.o] Error 1
[3.321s] gmake[1]: *** [CMakeFiles/Makefile2:139: CMakeFiles/rm_tracker.dir/all] Error 2
[3.321s] gmake: *** [Makefile:146: all] Error 2
[3.322s] Invoked command in '/rm_version/build/rm_tracker' returned '2': CMAKE_PREFIX_PATH=/rm_version/install/rm_msg_interfaces:/rm_version/install/ros2_video:/rm_version/install/rm_tracker:/rm_version/install/rm_detector:/ros_ws/install/ros2_video:/ros_ws/install/rm_vision_bringup:/ros_ws/install/rm_serial_driver:/ros_ws/install/rm_gimbal_description:/ros_ws/install/rm_auto_aim:/ros_ws/install/mindvision_camera:/ros_ws/install/hik_camera:/ros_ws/install/armor_tracker:/ros_ws/install/armor_detector:/ros_ws/install/auto_aim_interfaces:/opt/ros/humble LD_LIBRARY_PATH=/rm_version/install/rm_msg_interfaces/lib:/rm_version/install/ros2_video/lib:/rm_version/install/rm_tracker/lib:/rm_version/install/rm_detector/lib:/ros_ws/install/ros2_video/lib:/ros_ws/install/rm_serial_driver/lib:/ros_ws/install/mindvision_camera/lib:/ros_ws/install/hik_camera/lib:/ros_ws/install/armor_tracker/lib:/ros_ws/install/armor_detector/lib:/ros_ws/install/auto_aim_interfaces/lib:/opt/ros/humble/lib/x86_64-linux-gnu:/opt/ros/humble/lib /usr/bin/cmake --build /rm_version/build/rm_tracker -- -j20 -l20
