[0.023s] Invoking command in '/rm_version/build/hik_camera': CMAKE_PREFIX_PATH=${CMAKE_PREFIX_PATH}:/opt/ros/humble /usr/bin/cmake --build /rm_version/build/hik_camera -- -j20 -l20
[0.037s] -- Found ament_cmake_auto: 1.3.4 (/opt/ros/humble/share/ament_cmake_auto/cmake)
[0.178s] -- Found rosidl_generator_c: 3.1.4 (/opt/ros/humble/share/rosidl_generator_c/cmake)
[0.180s] -- Found rosidl_adapter: 3.1.4 (/opt/ros/humble/share/rosidl_adapter/cmake)
[0.183s] -- Found rosidl_generator_cpp: 3.1.4 (/opt/ros/humble/share/rosidl_generator_cpp/cmake)
[0.188s] -- Using all available rosidl_typesupport_c: rosidl_typesupport_fastrtps_c;rosidl_typesupport_introspection_c
[0.197s] -- Using all available rosidl_typesupport_cpp: rosidl_typesupport_fastrtps_cpp;rosidl_typesupport_introspection_cpp
[0.229s] -- Found rmw_implementation_cmake: 6.1.1 (/opt/ros/humble/share/rmw_implementation_cmake/cmake)
[0.229s] -- Found rmw_fastrtps_cpp: 6.2.2 (/opt/ros/humble/share/rmw_fastrtps_cpp/cmake)
[0.284s] -- Using RMW implementation 'rmw_fastrtps_cpp' as default
[0.599s] -- Found eigen3_cmake_module: 0.1.1 (/opt/ros/humble/share/eigen3_cmake_module/cmake)
[0.599s] -- Ensuring Eigen3 include directory is part of orocos-kdl CMake target
[0.791s] -- Found ament_lint_auto: 0.12.6 (/opt/ros/humble/share/ament_lint_auto/cmake)
[0.795s] -- Added test 'cppcheck' to perform static code analysis on C / C++ code
[0.796s] -- Configured cppcheck include dirs: /rm_version/src/hik_camera_node/hikSDK/include
[0.796s] -- Configured cppcheck exclude dirs and/or files: 
[0.796s] -- Added test 'lint_cmake' to check CMake code style
[0.796s] -- Added test 'xmllint' to check XML markup files
[0.797s] -- Configuring done
[0.806s] -- Generating done
[0.808s] -- Build files have been written to: /rm_version/build/hik_camera
[0.821s] [35m[1mConsolidate compiler generated dependencies of target hik_camera_node[0m
[0.826s] [ 25%] [32mBuilding CXX object CMakeFiles/hik_camera.dir/src/hik_node.cpp.o[0m
[0.829s] [ 75%] Built target hik_camera_node
[2.234s] [100%] [32m[1mLinking CXX executable hik_camera[0m
[2.493s] /usr/bin/ld: /usr/lib/gcc/x86_64-linux-gnu/11/../../../x86_64-linux-gnu/Scrt1.o: in function `_start':
[2.493s] (.text+0x1b): undefined reference to `main'
[2.495s] collect2: error: ld returned 1 exit status
[2.496s] gmake[2]: *** [CMakeFiles/hik_camera.dir/build.make:238: hik_camera] Error 1
[2.496s] gmake[1]: *** [CMakeFiles/Makefile2:139: CMakeFiles/hik_camera.dir/all] Error 2
[2.496s] gmake: *** [Makefile:146: all] Error 2
[2.498s] Invoked command in '/rm_version/build/hik_camera' returned '2': CMAKE_PREFIX_PATH=${CMAKE_PREFIX_PATH}:/opt/ros/humble /usr/bin/cmake --build /rm_version/build/hik_camera -- -j20 -l20
