[0.023s] Invoking command in '/rm_version/build/hik_camera_node': CMAKE_PREFIX_PATH=${CMAKE_PREFIX_PATH}:/opt/ros/humble /usr/bin/cmake /rm_version/src/hik_camera_node -DCMAKE_INSTALL_PREFIX=/rm_version/install/hik_camera_node
[0.036s] -- Found ament_cmake_auto: 1.3.4 (/opt/ros/humble/share/ament_cmake_auto/cmake)
[0.164s] -- Found rosidl_generator_c: 3.1.4 (/opt/ros/humble/share/rosidl_generator_c/cmake)
[0.166s] -- Found rosidl_adapter: 3.1.4 (/opt/ros/humble/share/rosidl_adapter/cmake)
[0.169s] -- Found rosidl_generator_cpp: 3.1.4 (/opt/ros/humble/share/rosidl_generator_cpp/cmake)
[0.175s] -- Using all available rosidl_typesupport_c: rosidl_typesupport_fastrtps_c;rosidl_typesupport_introspection_c
[0.184s] -- Using all available rosidl_typesupport_cpp: rosidl_typesupport_fastrtps_cpp;rosidl_typesupport_introspection_cpp
[0.215s] -- Found rmw_implementation_cmake: 6.1.1 (/opt/ros/humble/share/rmw_implementation_cmake/cmake)
[0.216s] -- Found rmw_fastrtps_cpp: 6.2.2 (/opt/ros/humble/share/rmw_fastrtps_cpp/cmake)
[0.272s] -- Using RMW implementation 'rmw_fastrtps_cpp' as default
[0.584s] -- Found eigen3_cmake_module: 0.1.1 (/opt/ros/humble/share/eigen3_cmake_module/cmake)
[0.585s] -- Ensuring Eigen3 include directory is part of orocos-kdl CMake target
[0.746s] -- Found ament_lint_auto: 0.12.6 (/opt/ros/humble/share/ament_lint_auto/cmake)
[0.765s] -- Added test 'cppcheck' to perform static code analysis on C / C++ code
[0.765s] -- Configured cppcheck include dirs: 
[0.765s] -- Configured cppcheck exclude dirs and/or files: 
[0.766s] -- Added test 'lint_cmake' to check CMake code style
[0.767s] -- Added test 'xmllint' to check XML markup files
[0.769s] -- Configuring done
[0.771s] [31mCMake Error at /opt/ros/humble/share/rclcpp_components/cmake/rclcpp_components_register_node.cmake:70 (file):
[0.771s]   Error evaluating generator expression:
[0.772s] 
[0.772s]     $<TARGET_FILE_NAME:hik_camera_node>
[0.772s] 
[0.772s]   No target "hik_camera_node"
[0.772s] Call Stack (most recent call first):
[0.772s]   CMakeLists.txt:28 (rclcpp_components_register_node)
[0.772s] 
[0.772s] [0m
[0.772s] [31mCMake Error at /opt/ros/humble/share/rclcpp_components/cmake/rclcpp_components_register_node.cmake:70 (file):
[0.772s]   Error evaluating generator expression:
[0.772s] 
[0.772s]     $<TARGET_FILE_NAME:hik_camera_node>
[0.772s] 
[0.772s]   No target "hik_camera_node"
[0.772s] Call Stack (most recent call first):
[0.772s]   CMakeLists.txt:28 (rclcpp_components_register_node)
[0.772s] 
[0.772s] [0m
[0.772s] [31mCMake Error at /opt/ros/humble/share/ament_cmake_core/cmake/index/ament_index_register_resource.cmake:93 (file):
[0.772s]   Error evaluating generator expression:
[0.772s] 
[0.772s]     $<TARGET_FILE_NAME:hik_camera_node>
[0.772s] 
[0.772s]   No target "hik_camera_node"
[0.772s] Call Stack (most recent call first):
[0.773s]   /opt/ros/humble/share/rclcpp_components/cmake/rclcpp_components_package_hook.cmake:18 (ament_index_register_resource)
[0.773s]   /opt/ros/humble/share/ament_cmake_core/cmake/core/ament_execute_extensions.cmake:48 (include)
[0.773s]   /opt/ros/humble/share/ament_cmake_core/cmake/core/ament_package.cmake:66 (ament_execute_extensions)
[0.773s]   /opt/ros/humble/share/ament_cmake_auto/cmake/ament_auto_package.cmake:102 (ament_package)
[0.773s]   CMakeLists.txt:44 (ament_auto_package)
[0.773s] 
[0.773s] [0m
[0.773s] [31mCMake Error at /opt/ros/humble/share/ament_cmake_core/cmake/index/ament_index_register_resource.cmake:93 (file):
[0.773s]   Error evaluating generator expression:
[0.773s] 
[0.773s]     $<TARGET_FILE_NAME:hik_camera_node>
[0.773s] 
[0.773s]   No target "hik_camera_node"
[0.773s] Call Stack (most recent call first):
[0.773s]   /opt/ros/humble/share/rclcpp_components/cmake/rclcpp_components_package_hook.cmake:18 (ament_index_register_resource)
[0.773s]   /opt/ros/humble/share/ament_cmake_core/cmake/core/ament_execute_extensions.cmake:48 (include)
[0.773s]   /opt/ros/humble/share/ament_cmake_core/cmake/core/ament_package.cmake:66 (ament_execute_extensions)
[0.773s]   /opt/ros/humble/share/ament_cmake_auto/cmake/ament_auto_package.cmake:102 (ament_package)
[0.773s]   CMakeLists.txt:44 (ament_auto_package)
[0.773s] 
[0.773s] [0m
[0.775s] -- Generating done
[0.776s] [0mCMake Generate step failed.  Build files cannot be regenerated correctly.[0m
[0.780s] Invoked command in '/rm_version/build/hik_camera_node' returned '1': CMAKE_PREFIX_PATH=${CMAKE_PREFIX_PATH}:/opt/ros/humble /usr/bin/cmake /rm_version/src/hik_camera_node -DCMAKE_INSTALL_PREFIX=/rm_version/install/hik_camera_node
