[0.031s] Invoking command in '/rm_version/build/ros2_video': CMAKE_PREFIX_PATH=${CMAKE_PREFIX_PATH}:/opt/ros/humble /usr/bin/cmake --build /rm_version/build/ros2_video -- -j20 -l20
[0.058s] [35m[1mConsolidate compiler generated dependencies of target ros2_video[0m
[0.070s] [ 40%] Built target gtest_main
[0.071s] [ 40%] Built target gtest
[0.071s] [ 60%] Built target ros2_video_node
[0.076s] [ 80%] Built target ros2_video
[0.078s] [35m[1mConsolidate compiler generated dependencies of target video_node[0m
[0.090s] [100%] Built target video_node
[0.095s] Invoked command in '/rm_version/build/ros2_video' returned '0': CMAKE_PREFIX_PATH=${CMAKE_PREFIX_PATH}:/opt/ros/humble /usr/bin/cmake --build /rm_version/build/ros2_video -- -j20 -l20
[0.132s] Invoking command in '/rm_version/build/ros2_video': CMAKE_PREFIX_PATH=${CMAKE_PREFIX_PATH}:/opt/ros/humble /usr/bin/cmake --install /rm_version/build/ros2_video
[0.133s] -- Install configuration: ""
[0.133s] -- Up-to-date: /rm_version/install/ros2_video/lib/ros2_video/ros2_video_node
[0.133s] -- Up-to-date: /rm_version/install/ros2_video/include
[0.133s] -- Up-to-date: /rm_version/install/ros2_video/share/ros2_video/environment/library_path.sh
[0.133s] -- Up-to-date: /rm_version/install/ros2_video/share/ros2_video/environment/library_path.dsv
[0.133s] -- Up-to-date: /rm_version/install/ros2_video/lib/libros2_video.so
[0.133s] -- Up-to-date: /rm_version/install/ros2_video/share/ros2_video/launch
[0.133s] -- Up-to-date: /rm_version/install/ros2_video/share/ros2_video/launch/video_node.launch.py
[0.133s] -- Up-to-date: /rm_version/install/ros2_video/share/ros2_video/config
[0.134s] -- Up-to-date: /rm_version/install/ros2_video/share/ros2_video/config/node_params.yaml
[0.134s] -- Up-to-date: /rm_version/install/ros2_video/share/ament_index/resource_index/package_run_dependencies/ros2_video
[0.134s] -- Up-to-date: /rm_version/install/ros2_video/share/ament_index/resource_index/parent_prefix_path/ros2_video
[0.134s] -- Up-to-date: /rm_version/install/ros2_video/share/ros2_video/environment/ament_prefix_path.sh
[0.134s] -- Up-to-date: /rm_version/install/ros2_video/share/ros2_video/environment/ament_prefix_path.dsv
[0.134s] -- Up-to-date: /rm_version/install/ros2_video/share/ros2_video/environment/path.sh
[0.134s] -- Up-to-date: /rm_version/install/ros2_video/share/ros2_video/environment/path.dsv
[0.134s] -- Up-to-date: /rm_version/install/ros2_video/share/ros2_video/local_setup.bash
[0.135s] -- Up-to-date: /rm_version/install/ros2_video/share/ros2_video/local_setup.sh
[0.135s] -- Up-to-date: /rm_version/install/ros2_video/share/ros2_video/local_setup.zsh
[0.135s] -- Up-to-date: /rm_version/install/ros2_video/share/ros2_video/local_setup.dsv
[0.135s] -- Installing: /rm_version/install/ros2_video/share/ros2_video/package.dsv
[0.135s] -- Up-to-date: /rm_version/install/ros2_video/share/ament_index/resource_index/packages/ros2_video
[0.135s] -- Up-to-date: /rm_version/install/ros2_video/share/ament_index/resource_index/rclcpp_components/ros2_video
[0.135s] -- Up-to-date: /rm_version/install/ros2_video/share/ros2_video/cmake/ament_cmake_export_dependencies-extras.cmake
[0.135s] -- Up-to-date: /rm_version/install/ros2_video/share/ros2_video/cmake/ament_cmake_export_include_directories-extras.cmake
[0.135s] -- Up-to-date: /rm_version/install/ros2_video/share/ros2_video/cmake/ament_cmake_export_libraries-extras.cmake
[0.135s] -- Up-to-date: /rm_version/install/ros2_video/share/ros2_video/cmake/ros2_videoConfig.cmake
[0.135s] -- Up-to-date: /rm_version/install/ros2_video/share/ros2_video/cmake/ros2_videoConfig-version.cmake
[0.136s] -- Up-to-date: /rm_version/install/ros2_video/share/ros2_video/package.xml
[0.150s] Invoked command in '/rm_version/build/ros2_video' returned '0': CMAKE_PREFIX_PATH=${CMAKE_PREFIX_PATH}:/opt/ros/humble /usr/bin/cmake --install /rm_version/build/ros2_video
