[0.017s] Invoking command in '/rm_version/build/rm_msg_interfaces': CMAKE_PREFIX_PATH=${CMAKE_PREFIX_PATH}:/opt/ros/humble /usr/bin/cmake --build /rm_version/build/rm_msg_interfaces -- -j20 -l20
[0.056s] [  4%] Built target rm_msg_interfaces__cpp
[0.056s] [ 12%] Built target rm_msg_interfaces__rosidl_generator_c
[0.066s] [ 12%] Built target ament_cmake_python_copy_rm_msg_interfaces
[0.073s] [ 23%] Built target rm_msg_interfaces__rosidl_typesupport_cpp
[0.073s] [ 34%] Built target rm_msg_interfaces__rosidl_typesupport_introspection_cpp
[0.077s] [ 44%] Built target rm_msg_interfaces__rosidl_typesupport_fastrtps_cpp
[0.081s] [ 55%] Built target rm_msg_interfaces__rosidl_typesupport_fastrtps_c
[0.082s] [ 65%] Built target rm_msg_interfaces__rosidl_typesupport_c
[0.084s] [ 76%] Built target rm_msg_interfaces__rosidl_typesupport_introspection_c
[0.094s] [ 76%] Built target rm_msg_interfaces
[0.104s] [ 78%] Built target rm_msg_interfaces__py
[0.117s] [ 87%] Built target rm_msg_interfaces__rosidl_generator_py
[0.128s] [100%] Built target rm_msg_interfaces__rosidl_typesupport_fastrtps_c__pyext
[0.129s] [100%] Built target rm_msg_interfaces__rosidl_typesupport_introspection_c__pyext
[0.129s] [100%] Built target rm_msg_interfaces__rosidl_typesupport_c__pyext
[0.177s] running egg_info
[0.177s] writing rm_msg_interfaces.egg-info/PKG-INFO
[0.178s] writing dependency_links to rm_msg_interfaces.egg-info/dependency_links.txt
[0.178s] writing top-level names to rm_msg_interfaces.egg-info/top_level.txt
[0.179s] reading manifest file 'rm_msg_interfaces.egg-info/SOURCES.txt'
[0.179s] writing manifest file 'rm_msg_interfaces.egg-info/SOURCES.txt'
[0.192s] [100%] Built target ament_cmake_python_build_rm_msg_interfaces_egg
