[0.018s] Invoking command in '/rm_version/build/rm_msg_interfaces': CMAKE_PREFIX_PATH=${CMAKE_PREFIX_PATH}:/opt/ros/humble /usr/bin/cmake --build /rm_version/build/rm_msg_interfaces -- -j20 -l20
[0.051s] [ 10%] Built target rm_msg_interfaces__rosidl_generator_c
[0.054s] [ 12%] Built target rm_msg_interfaces__cpp
[0.061s] [ 12%] Built target ament_cmake_python_copy_rm_msg_interfaces
[0.066s] [ 23%] Built target rm_msg_interfaces__rosidl_typesupport_introspection_c
[0.068s] [ 33%] Built target rm_msg_interfaces__rosidl_typesupport_fastrtps_c
[0.068s] [ 43%] Built target rm_msg_interfaces__rosidl_typesupport_c
[0.069s] [ 53%] Built target rm_msg_interfaces__rosidl_typesupport_cpp
[0.070s] [ 64%] Built target rm_msg_interfaces__rosidl_typesupport_introspection_cpp
[0.070s] [ 74%] Built target rm_msg_interfaces__rosidl_typesupport_fastrtps_cpp
[0.080s] [ 74%] Built target rm_msg_interfaces
[0.090s] [ 76%] Built target rm_msg_interfaces__py
[0.101s] [ 84%] Built target rm_msg_interfaces__rosidl_generator_py
[0.116s] [ 89%] Built target rm_msg_interfaces__rosidl_typesupport_fastrtps_c__pyext
[0.116s] [ 94%] Built target rm_msg_interfaces__rosidl_typesupport_introspection_c__pyext
[0.116s] [100%] Built target rm_msg_interfaces__rosidl_typesupport_c__pyext
[0.171s] running egg_info
[0.171s] writing rm_msg_interfaces.egg-info/PKG-INFO
[0.171s] writing dependency_links to rm_msg_interfaces.egg-info/dependency_links.txt
[0.172s] writing top-level names to rm_msg_interfaces.egg-info/top_level.txt
[0.173s] reading manifest file 'rm_msg_interfaces.egg-info/SOURCES.txt'
[0.173s] writing manifest file 'rm_msg_interfaces.egg-info/SOURCES.txt'
[0.190s] [100%] Built target ament_cmake_python_build_rm_msg_interfaces_egg
[0.197s] Invoked command in '/rm_version/build/rm_msg_interfaces' returned '0': CMAKE_PREFIX_PATH=${CMAKE_PREFIX_PATH}:/opt/ros/humble /usr/bin/cmake --build /rm_version/build/rm_msg_interfaces -- -j20 -l20
