[0.016s] Invoking command in '/rm_version/build/rm_tracker': CMAKE_PREFIX_PATH=${CMAKE_PREFIX_PATH}:/opt/ros/humble /usr/bin/cmake --build /rm_version/build/rm_tracker -- -j20 -l20
[0.038s] [35m[1mConsolidate compiler generated dependencies of target rm_tracker[0m
[0.044s] [ 33%] Built target rm_tracker_node
[0.057s] [ 50%] [32mBuilding CXX object CMakeFiles/rm_tracker.dir/src/tracker_node.cpp.o[0m
[1.716s] [ 66%] [32m[1mLinking CXX shared library librm_tracker.so[0m
[2.013s] [100%] Built target rm_tracker
[2.020s] Invoked command in '/rm_version/build/rm_tracker' returned '0': CMAKE_PREFIX_PATH=${CMAKE_PREFIX_PATH}:/opt/ros/humble /usr/bin/cmake --build /rm_version/build/rm_tracker -- -j20 -l20
[2.036s] Invoking command in '/rm_version/build/rm_tracker': CMAKE_PREFIX_PATH=${CMAKE_PREFIX_PATH}:/opt/ros/humble /usr/bin/cmake --install /rm_version/build/rm_tracker
[2.039s] -- Install configuration: ""
[2.040s] -- Up-to-date: /rm_version/install/rm_tracker/lib/rm_tracker/rm_tracker_node
[2.040s] -- Up-to-date: /rm_version/install/rm_tracker/include
[2.040s] -- Installing: /rm_version/install/rm_tracker/include/tracker_node.hpp
[2.040s] -- Installing: /rm_version/install/rm_tracker/include/tracker.hpp
[2.040s] -- Up-to-date: /rm_version/install/rm_tracker/include/extended_kalman_filiter.hpp
[2.040s] -- Up-to-date: /rm_version/install/rm_tracker/share/rm_tracker/environment/library_path.sh
[2.040s] -- Up-to-date: /rm_version/install/rm_tracker/share/rm_tracker/environment/library_path.dsv
[2.041s] -- Installing: /rm_version/install/rm_tracker/lib/librm_tracker.so
[2.041s] -- Set runtime path of "/rm_version/install/rm_tracker/lib/librm_tracker.so" to ""
[2.041s] -- Up-to-date: /rm_version/install/rm_tracker/share/ament_index/resource_index/package_run_dependencies/rm_tracker
[2.041s] -- Up-to-date: /rm_version/install/rm_tracker/share/ament_index/resource_index/parent_prefix_path/rm_tracker
[2.041s] -- Up-to-date: /rm_version/install/rm_tracker/share/rm_tracker/environment/ament_prefix_path.sh
[2.041s] -- Up-to-date: /rm_version/install/rm_tracker/share/rm_tracker/environment/ament_prefix_path.dsv
[2.041s] -- Up-to-date: /rm_version/install/rm_tracker/share/rm_tracker/environment/path.sh
[2.041s] -- Up-to-date: /rm_version/install/rm_tracker/share/rm_tracker/environment/path.dsv
[2.041s] -- Up-to-date: /rm_version/install/rm_tracker/share/rm_tracker/local_setup.bash
[2.041s] -- Up-to-date: /rm_version/install/rm_tracker/share/rm_tracker/local_setup.sh
[2.041s] -- Up-to-date: /rm_version/install/rm_tracker/share/rm_tracker/local_setup.zsh
[2.041s] -- Up-to-date: /rm_version/install/rm_tracker/share/rm_tracker/local_setup.dsv
[2.041s] -- Installing: /rm_version/install/rm_tracker/share/rm_tracker/package.dsv
[2.042s] -- Up-to-date: /rm_version/install/rm_tracker/share/ament_index/resource_index/packages/rm_tracker
[2.042s] -- Up-to-date: /rm_version/install/rm_tracker/share/ament_index/resource_index/rclcpp_components/rm_tracker
[2.042s] -- Up-to-date: /rm_version/install/rm_tracker/share/rm_tracker/cmake/ament_cmake_export_dependencies-extras.cmake
[2.042s] -- Up-to-date: /rm_version/install/rm_tracker/share/rm_tracker/cmake/ament_cmake_export_include_directories-extras.cmake
[2.042s] -- Up-to-date: /rm_version/install/rm_tracker/share/rm_tracker/cmake/ament_cmake_export_libraries-extras.cmake
[2.042s] -- Up-to-date: /rm_version/install/rm_tracker/share/rm_tracker/cmake/rm_trackerConfig.cmake
[2.042s] -- Up-to-date: /rm_version/install/rm_tracker/share/rm_tracker/cmake/rm_trackerConfig-version.cmake
[2.042s] -- Up-to-date: /rm_version/install/rm_tracker/share/rm_tracker/package.xml
[2.043s] Invoked command in '/rm_version/build/rm_tracker' returned '0': CMAKE_PREFIX_PATH=${CMAKE_PREFIX_PATH}:/opt/ros/humble /usr/bin/cmake --install /rm_version/build/rm_tracker
