[0.027s] Invoking command in '/rm_version/build/start_directory': CMAKE_PREFIX_PATH=${CMAKE_PREFIX_PATH}:/opt/ros/humble /usr/bin/cmake /rm_version/src/start_directory -DCMAKE_INSTALL_PREFIX=/rm_version/install/start_directory
[0.062s] -- The C compiler identification is GNU 11.3.0
[0.091s] -- The CXX compiler identification is GNU 11.3.0
[0.095s] -- Detecting C compiler ABI info
[0.134s] -- Detecting C compiler ABI info - done
[0.138s] -- Check for working C compiler: /usr/bin/cc - skipped
[0.138s] -- Detecting C compile features
[0.138s] -- Detecting C compile features - done
[0.141s] -- Detecting CXX compiler ABI info
[0.184s] -- Detecting CXX compiler ABI info - done
[0.188s] -- Check for working CXX compiler: /usr/bin/c++ - skipped
[0.189s] -- Detecting CXX compile features
[0.189s] -- Detecting CXX compile features - done
[0.190s] -- Found ament_cmake_auto: 1.3.4 (/opt/ros/humble/share/ament_cmake_auto/cmake)
[0.272s] -- Found Python3: /usr/bin/python3.10 (found version "3.10.6") found components: Interpreter 
[0.329s] -- Found ament_lint_auto: 0.12.6 (/opt/ros/humble/share/ament_lint_auto/cmake)
[0.367s] -- Configuring done
[0.369s] -- Generating done
[0.369s] -- Build files have been written to: /rm_version/build/start_directory
[0.372s] Invoked command in '/rm_version/build/start_directory' returned '0': CMAKE_PREFIX_PATH=${CMAKE_PREFIX_PATH}:/opt/ros/humble /usr/bin/cmake /rm_version/src/start_directory -DCMAKE_INSTALL_PREFIX=/rm_version/install/start_directory
[0.373s] Invoking command in '/rm_version/build/start_directory': CMAKE_PREFIX_PATH=${CMAKE_PREFIX_PATH}:/opt/ros/humble /usr/bin/cmake --build /rm_version/build/start_directory -- -j20 -l20
[0.390s] Invoked command in '/rm_version/build/start_directory' returned '0': CMAKE_PREFIX_PATH=${CMAKE_PREFIX_PATH}:/opt/ros/humble /usr/bin/cmake --build /rm_version/build/start_directory -- -j20 -l20
[0.403s] Invoking command in '/rm_version/build/start_directory': CMAKE_PREFIX_PATH=${CMAKE_PREFIX_PATH}:/opt/ros/humble /usr/bin/cmake --install /rm_version/build/start_directory
[0.406s] -- Install configuration: ""
[0.406s] -- Installing: /rm_version/install/start_directory/share/start_directory/launch
[0.407s] -- Installing: /rm_version/install/start_directory/share/start_directory/launch/test.launch.py
[0.407s] -- Installing: /rm_version/install/start_directory/share/start_directory/config
[0.407s] -- Installing: /rm_version/install/start_directory/share/start_directory/config/launch_param.yaml
[0.407s] -- Installing: /rm_version/install/start_directory/share/ament_index/resource_index/package_run_dependencies/start_directory
[0.407s] -- Installing: /rm_version/install/start_directory/share/ament_index/resource_index/parent_prefix_path/start_directory
[0.408s] -- Installing: /rm_version/install/start_directory/share/start_directory/environment/ament_prefix_path.sh
[0.408s] -- Installing: /rm_version/install/start_directory/share/start_directory/environment/ament_prefix_path.dsv
[0.408s] -- Installing: /rm_version/install/start_directory/share/start_directory/environment/path.sh
[0.408s] -- Installing: /rm_version/install/start_directory/share/start_directory/environment/path.dsv
[0.408s] -- Installing: /rm_version/install/start_directory/share/start_directory/local_setup.bash
[0.408s] -- Installing: /rm_version/install/start_directory/share/start_directory/local_setup.sh
[0.408s] -- Installing: /rm_version/install/start_directory/share/start_directory/local_setup.zsh
[0.408s] -- Installing: /rm_version/install/start_directory/share/start_directory/local_setup.dsv
[0.408s] -- Installing: /rm_version/install/start_directory/share/start_directory/package.dsv
[0.409s] -- Installing: /rm_version/install/start_directory/share/ament_index/resource_index/packages/start_directory
[0.410s] -- Installing: /rm_version/install/start_directory/share/start_directory/cmake/start_directoryConfig.cmake
[0.412s] -- Installing: /rm_version/install/start_directory/share/start_directory/cmake/start_directoryConfig-version.cmake
[0.412s] -- Installing: /rm_version/install/start_directory/share/start_directory/package.xml
[0.418s] Invoked command in '/rm_version/build/start_directory' returned '0': CMAKE_PREFIX_PATH=${CMAKE_PREFIX_PATH}:/opt/ros/humble /usr/bin/cmake --install /rm_version/build/start_directory
