[0.016s] Invoking command in '/rm_version/build/rm_msg_interfaces': CMAKE_PREFIX_PATH=${CMAKE_PREFIX_PATH}:/opt/ros/humble /usr/bin/cmake --build /rm_version/build/rm_msg_interfaces -- -j20 -l20
[0.054s] [  2%] Built target rm_msg_interfaces__cpp
[0.056s] [ 12%] Built target rm_msg_interfaces__rosidl_generator_c
[0.060s] [ 12%] Built target ament_cmake_python_copy_rm_msg_interfaces
[0.068s] [ 34%] Built target rm_msg_interfaces__rosidl_typesupport_cpp
[0.068s] [ 34%] Built target rm_msg_interfaces__rosidl_typesupport_introspection_cpp
[0.068s] [ 44%] Built target rm_msg_interfaces__rosidl_typesupport_introspection_c
[0.068s] [ 55%] Built target rm_msg_interfaces__rosidl_typesupport_fastrtps_cpp
[0.069s] [ 65%] Built target rm_msg_interfaces__rosidl_typesupport_fastrtps_c
[0.071s] [ 76%] Built target rm_msg_interfaces__rosidl_typesupport_c
[0.080s] [ 76%] Built target rm_msg_interfaces
[0.090s] [ 78%] Built target rm_msg_interfaces__py
[0.101s] [ 87%] Built target rm_msg_interfaces__rosidl_generator_py
[0.114s] [100%] Built target rm_msg_interfaces__rosidl_typesupport_introspection_c__pyext
[0.114s] [100%] Built target rm_msg_interfaces__rosidl_typesupport_c__pyext
[0.114s] [100%] Built target rm_msg_interfaces__rosidl_typesupport_fastrtps_c__pyext
[0.167s] running egg_info
[0.167s] writing rm_msg_interfaces.egg-info/PKG-INFO
[0.167s] writing dependency_links to rm_msg_interfaces.egg-info/dependency_links.txt
[0.167s] writing top-level names to rm_msg_interfaces.egg-info/top_level.txt
[0.168s] reading manifest file 'rm_msg_interfaces.egg-info/SOURCES.txt'
[0.169s] writing manifest file 'rm_msg_interfaces.egg-info/SOURCES.txt'
[0.181s] [100%] Built target ament_cmake_python_build_rm_msg_interfaces_egg
