[0.024s] Invoking command in '/rm_version/build/rm_msg_interfaces': CMAKE_PREFIX_PATH=${CMAKE_PREFIX_PATH}:/opt/ros/humble /usr/bin/cmake --build /rm_version/build/rm_msg_interfaces -- -j20 -l20
[0.056s] [  2%] Built target rm_msg_interfaces__cpp
[0.058s] [ 12%] Built target rm_msg_interfaces__rosidl_generator_c
[0.058s] [ 12%] Built target ament_cmake_python_copy_rm_msg_interfaces
[0.070s] [ 23%] Built target rm_msg_interfaces__rosidl_typesupport_cpp
[0.070s] [ 34%] Built target rm_msg_interfaces__rosidl_typesupport_introspection_cpp
[0.072s] [ 44%] Built target rm_msg_interfaces__rosidl_typesupport_fastrtps_c
[0.073s] [ 55%] Built target rm_msg_interfaces__rosidl_typesupport_fastrtps_cpp
[0.073s] [ 68%] Built target rm_msg_interfaces__rosidl_typesupport_introspection_c
[0.074s] [ 76%] Built target rm_msg_interfaces__rosidl_typesupport_c
[0.083s] [ 76%] Built target rm_msg_interfaces
[0.091s] [ 78%] Built target rm_msg_interfaces__py
[0.100s] [ 87%] Built target rm_msg_interfaces__rosidl_generator_py
[0.113s] [ 91%] Built target rm_msg_interfaces__rosidl_typesupport_c__pyext
[0.113s] [ 95%] Built target rm_msg_interfaces__rosidl_typesupport_fastrtps_c__pyext
[0.114s] [100%] Built target rm_msg_interfaces__rosidl_typesupport_introspection_c__pyext
[0.165s] running egg_info
[0.165s] writing rm_msg_interfaces.egg-info/PKG-INFO
[0.165s] writing dependency_links to rm_msg_interfaces.egg-info/dependency_links.txt
[0.165s] writing top-level names to rm_msg_interfaces.egg-info/top_level.txt
[0.166s] reading manifest file 'rm_msg_interfaces.egg-info/SOURCES.txt'
[0.166s] writing manifest file 'rm_msg_interfaces.egg-info/SOURCES.txt'
[0.181s] [100%] Built target ament_cmake_python_build_rm_msg_interfaces_egg
