-- The C compiler identification is GNU 11.3.0
-- The CXX compiler identification is GNU 11.3.0
-- Detecting C compiler ABI info
-- Detecting C compiler ABI info - done
-- Check for working C compiler: /usr/bin/cc - skipped
-- Detecting C compile features
-- Detecting C compile features - done
-- Detecting CXX compiler ABI info
-- Detecting CXX compiler ABI info - done
-- Check for working CXX compiler: /usr/bin/c++ - skipped
-- Detecting CXX compile features
-- Detecting CXX compile features - done
-- Found ament_cmake_auto: 1.3.4 (/opt/ros/humble/share/ament_cmake_auto/cmake)
-- Found Python3: /usr/bin/python3.10 (found version "3.10.6") found components: Interpreter 
-- Found OpenCV: /usr (found version "4.5.4") 
-- Found rosidl_generator_c: 3.1.4 (/opt/ros/humble/share/rosidl_generator_c/cmake)
-- Found rosidl_adapter: 3.1.4 (/opt/ros/humble/share/rosidl_adapter/cmake)
-- Found rosidl_generator_cpp: 3.1.4 (/opt/ros/humble/share/rosidl_generator_cpp/cmake)
-- Using all available rosidl_typesupport_c: rosidl_typesupport_fastrtps_c;rosidl_typesupport_introspection_c
-- Using all available rosidl_typesupport_cpp: rosidl_typesupport_fastrtps_cpp;rosidl_typesupport_introspection_cpp
-- Found rmw_implementation_cmake: 6.1.1 (/opt/ros/humble/share/rmw_implementation_cmake/cmake)
-- Found rmw_fastrtps_cpp: 6.2.2 (/opt/ros/humble/share/rmw_fastrtps_cpp/cmake)
-- Found OpenSSL: /usr/lib/x86_64-linux-gnu/libcrypto.so (found version "3.0.2")  
-- Found FastRTPS: /opt/ros/humble/include  
-- Using RMW implementation 'rmw_fastrtps_cpp' as default
-- Looking for pthread.h
-- Looking for pthread.h - found
-- Performing Test CMAKE_HAVE_LIBC_PTHREAD
-- Performing Test CMAKE_HAVE_LIBC_PTHREAD - Success
-- Found Threads: TRUE  
-- Found eigen3_cmake_module: 0.1.1 (/opt/ros/humble/share/eigen3_cmake_module/cmake)
-- Found Eigen3: TRUE (found version "3.4.0") 
-- Ensuring Eigen3 include directory is part of orocos-kdl CMake target
-- Found ament_lint_auto: 0.12.6 (/opt/ros/humble/share/ament_lint_auto/cmake)
-- Found ament_cmake_gtest: 1.3.4 (/opt/ros/humble/share/ament_cmake_gtest/cmake)
-- Found gtest sources under '/opt/ros/humble/src/gtest_vendor': C++ tests using 'Google Test' will be built
-- Added test 'cppcheck' to perform static code analysis on C / C++ code
-- Configured cppcheck include dirs: /rm_version/src/ros2_video_node/include
-- Configured cppcheck exclude dirs and/or files: 
-- Added test 'flake8' to check Python code syntax and style conventions
-- Added test 'lint_cmake' to check CMake code style
-- Added test 'pep257' to check Python code against some of the docstring style conventions in PEP 257
-- Added test 'xmllint' to check XML markup files
-- Configuring done
-- Generating done
-- Build files have been written to: /rm_version/build/ros2_video
[ 10%] [32mBuilding CXX object gtest/CMakeFiles/gtest.dir/src/gtest-all.cc.o[0m
[ 20%] [32mBuilding CXX object CMakeFiles/ros2_video.dir/src/video_node.cpp.o[0m
[ 30%] [32mBuilding CXX object CMakeFiles/ros2_video_node.dir/rclcpp_components/node_main_ros2_video_node.cpp.o[0m
[ 40%] [32mBuilding CXX object gtest/CMakeFiles/gtest_main.dir/src/gtest_main.cc.o[0m
[ 50%] [32m[1mLinking CXX static library libgtest_main.a[0m
[ 50%] Built target gtest_main
[ 60%] [32m[1mLinking CXX static library libgtest.a[0m
[ 60%] Built target gtest
[ 70%] [32m[1mLinking CXX executable ros2_video_node[0m
[ 70%] Built target ros2_video_node
[ 80%] [32m[1mLinking CXX shared library libros2_video.so[0m
[ 80%] Built target ros2_video
[ 90%] [32mBuilding CXX object CMakeFiles/video_node.dir/src/video_node.cpp.o[0m
[100%] [32m[1mLinking CXX executable video_node[0m
[100%] Built target video_node
-- Install configuration: ""
-- Installing: /rm_version/install/ros2_video/lib/ros2_video/ros2_video_node
-- Set runtime path of "/rm_version/install/ros2_video/lib/ros2_video/ros2_video_node" to ""
-- Installing: /rm_version/install/ros2_video/include
-- Installing: /rm_version/install/ros2_video/share/ros2_video/environment/library_path.sh
-- Installing: /rm_version/install/ros2_video/share/ros2_video/environment/library_path.dsv
-- Installing: /rm_version/install/ros2_video/lib/libros2_video.so
-- Set runtime path of "/rm_version/install/ros2_video/lib/libros2_video.so" to ""
-- Installing: /rm_version/install/ros2_video/share/ros2_video/launch
-- Installing: /rm_version/install/ros2_video/share/ros2_video/launch/video_node.launch.py
-- Installing: /rm_version/install/ros2_video/share/ros2_video/config
-- Installing: /rm_version/install/ros2_video/share/ros2_video/config/node_params.yaml
-- Installing: /rm_version/install/ros2_video/share/ament_index/resource_index/package_run_dependencies/ros2_video
-- Installing: /rm_version/install/ros2_video/share/ament_index/resource_index/parent_prefix_path/ros2_video
-- Installing: /rm_version/install/ros2_video/share/ros2_video/environment/ament_prefix_path.sh
-- Installing: /rm_version/install/ros2_video/share/ros2_video/environment/ament_prefix_path.dsv
-- Installing: /rm_version/install/ros2_video/share/ros2_video/environment/path.sh
-- Installing: /rm_version/install/ros2_video/share/ros2_video/environment/path.dsv
-- Installing: /rm_version/install/ros2_video/share/ros2_video/local_setup.bash
-- Installing: /rm_version/install/ros2_video/share/ros2_video/local_setup.sh
-- Installing: /rm_version/install/ros2_video/share/ros2_video/local_setup.zsh
-- Installing: /rm_version/install/ros2_video/share/ros2_video/local_setup.dsv
-- Installing: /rm_version/install/ros2_video/share/ros2_video/package.dsv
-- Installing: /rm_version/install/ros2_video/share/ament_index/resource_index/packages/ros2_video
-- Installing: /rm_version/install/ros2_video/share/ament_index/resource_index/rclcpp_components/ros2_video
-- Installing: /rm_version/install/ros2_video/share/ros2_video/cmake/ament_cmake_export_dependencies-extras.cmake
-- Installing: /rm_version/install/ros2_video/share/ros2_video/cmake/ament_cmake_export_include_directories-extras.cmake
-- Installing: /rm_version/install/ros2_video/share/ros2_video/cmake/ament_cmake_export_libraries-extras.cmake
-- Installing: /rm_version/install/ros2_video/share/ros2_video/cmake/ros2_videoConfig.cmake
-- Installing: /rm_version/install/ros2_video/share/ros2_video/cmake/ros2_videoConfig-version.cmake
-- Installing: /rm_version/install/ros2_video/share/ros2_video/package.xml
