[0.012s] Invoking command in '/rm_version/build/ros2_video': CMAKE_PREFIX_PATH=${CMAKE_PREFIX_PATH}:/opt/ros/humble /usr/bin/cmake /rm_version/src/ros2_video_node -DCMAKE_INSTALL_PREFIX=/rm_version/install/ros2_video
[0.099s] -- The C compiler identification is GNU 11.3.0
[0.132s] -- The CXX compiler identification is GNU 11.3.0
[0.137s] -- Detecting C compiler ABI info
[0.174s] -- Detecting C compiler ABI info - done
[0.178s] -- Check for working C compiler: /usr/bin/cc - skipped
[0.178s] -- Detecting C compile features
[0.179s] -- Detecting C compile features - done
[0.181s] -- Detecting CXX compiler ABI info
[0.224s] -- Detecting CXX compiler ABI info - done
[0.228s] -- Check for working CXX compiler: /usr/bin/c++ - skipped
[0.228s] -- Detecting CXX compile features
[0.228s] -- Detecting CXX compile features - done
[0.229s] -- Found ament_cmake_auto: 1.3.4 (/opt/ros/humble/share/ament_cmake_auto/cmake)
[0.311s] -- Found Python3: /usr/bin/python3.10 (found version "3.10.6") found components: Interpreter 
[0.367s] -- Found OpenCV: /usr (found version "4.5.4") 
[0.438s] -- Found rosidl_generator_c: 3.1.4 (/opt/ros/humble/share/rosidl_generator_c/cmake)
[0.441s] -- Found rosidl_adapter: 3.1.4 (/opt/ros/humble/share/rosidl_adapter/cmake)
[0.446s] -- Found rosidl_generator_cpp: 3.1.4 (/opt/ros/humble/share/rosidl_generator_cpp/cmake)
[0.454s] -- Using all available rosidl_typesupport_c: rosidl_typesupport_fastrtps_c;rosidl_typesupport_introspection_c
[0.466s] -- Using all available rosidl_typesupport_cpp: rosidl_typesupport_fastrtps_cpp;rosidl_typesupport_introspection_cpp
[0.519s] -- Found rmw_implementation_cmake: 6.1.1 (/opt/ros/humble/share/rmw_implementation_cmake/cmake)
[0.522s] -- Found rmw_fastrtps_cpp: 6.2.2 (/opt/ros/humble/share/rmw_fastrtps_cpp/cmake)
[0.604s] -- Found OpenSSL: /usr/lib/x86_64-linux-gnu/libcrypto.so (found version "3.0.2")  
[0.620s] -- Found FastRTPS: /opt/ros/humble/include  
[0.645s] -- Using RMW implementation 'rmw_fastrtps_cpp' as default
[0.666s] -- Looking for pthread.h
[0.706s] -- Looking for pthread.h - found
[0.707s] -- Performing Test CMAKE_HAVE_LIBC_PTHREAD
[0.745s] -- Performing Test CMAKE_HAVE_LIBC_PTHREAD - Success
[0.746s] -- Found Threads: TRUE  
[1.131s] -- Found eigen3_cmake_module: 0.1.1 (/opt/ros/humble/share/eigen3_cmake_module/cmake)
[1.132s] -- Found Eigen3: TRUE (found version "3.4.0") 
[1.132s] -- Ensuring Eigen3 include directory is part of orocos-kdl CMake target
[1.352s] -- Found ament_lint_auto: 0.12.6 (/opt/ros/humble/share/ament_lint_auto/cmake)
[1.385s] -- Found ament_cmake_gtest: 1.3.4 (/opt/ros/humble/share/ament_cmake_gtest/cmake)
[1.387s] -- Found gtest sources under '/opt/ros/humble/src/gtest_vendor': C++ tests using 'Google Test' will be built
[1.394s] -- Added test 'cppcheck' to perform static code analysis on C / C++ code
[1.394s] -- Configured cppcheck include dirs: /rm_version/src/ros2_video_node/include
[1.394s] -- Configured cppcheck exclude dirs and/or files: 
[1.395s] -- Added test 'flake8' to check Python code syntax and style conventions
[1.396s] -- Added test 'lint_cmake' to check CMake code style
[1.397s] -- Added test 'pep257' to check Python code against some of the docstring style conventions in PEP 257
[1.397s] -- Added test 'xmllint' to check XML markup files
[1.399s] -- Configuring done
[1.421s] -- Generating done
[1.422s] -- Build files have been written to: /rm_version/build/ros2_video
[1.433s] Invoked command in '/rm_version/build/ros2_video' returned '0': CMAKE_PREFIX_PATH=${CMAKE_PREFIX_PATH}:/opt/ros/humble /usr/bin/cmake /rm_version/src/ros2_video_node -DCMAKE_INSTALL_PREFIX=/rm_version/install/ros2_video
[1.434s] Invoking command in '/rm_version/build/ros2_video': CMAKE_PREFIX_PATH=${CMAKE_PREFIX_PATH}:/opt/ros/humble /usr/bin/cmake --build /rm_version/build/ros2_video -- -j20 -l20
[1.466s] [ 10%] [32mBuilding CXX object gtest/CMakeFiles/gtest.dir/src/gtest-all.cc.o[0m
[1.467s] [ 20%] [32mBuilding CXX object CMakeFiles/ros2_video.dir/src/video_node.cpp.o[0m
[1.468s] [ 30%] [32mBuilding CXX object CMakeFiles/ros2_video_node.dir/rclcpp_components/node_main_ros2_video_node.cpp.o[0m
[1.468s] [ 40%] [32mBuilding CXX object gtest/CMakeFiles/gtest_main.dir/src/gtest_main.cc.o[0m
[2.019s] [ 50%] [32m[1mLinking CXX static library libgtest_main.a[0m
[2.041s] [ 50%] Built target gtest_main
[3.530s] [ 60%] [32m[1mLinking CXX static library libgtest.a[0m
[3.566s] [ 60%] Built target gtest
[3.674s] [ 70%] [32m[1mLinking CXX executable ros2_video_node[0m
[3.744s] [ 70%] Built target ros2_video_node
[5.911s] [ 80%] [32m[1mLinking CXX shared library libros2_video.so[0m
[6.098s] [ 80%] Built target ros2_video
[6.110s] [ 90%] [32mBuilding CXX object CMakeFiles/video_node.dir/src/video_node.cpp.o[0m
[9.727s] [100%] [32m[1mLinking CXX executable video_node[0m
[10.125s] [100%] Built target video_node
[10.131s] Invoked command in '/rm_version/build/ros2_video' returned '0': CMAKE_PREFIX_PATH=${CMAKE_PREFIX_PATH}:/opt/ros/humble /usr/bin/cmake --build /rm_version/build/ros2_video -- -j20 -l20
[10.148s] Invoking command in '/rm_version/build/ros2_video': CMAKE_PREFIX_PATH=${CMAKE_PREFIX_PATH}:/opt/ros/humble /usr/bin/cmake --install /rm_version/build/ros2_video
[10.152s] -- Install configuration: ""
[10.152s] -- Installing: /rm_version/install/ros2_video/lib/ros2_video/ros2_video_node
[10.152s] -- Set runtime path of "/rm_version/install/ros2_video/lib/ros2_video/ros2_video_node" to ""
[10.152s] -- Installing: /rm_version/install/ros2_video/include
[10.152s] -- Installing: /rm_version/install/ros2_video/share/ros2_video/environment/library_path.sh
[10.152s] -- Installing: /rm_version/install/ros2_video/share/ros2_video/environment/library_path.dsv
[10.152s] -- Installing: /rm_version/install/ros2_video/lib/libros2_video.so
[10.154s] -- Set runtime path of "/rm_version/install/ros2_video/lib/libros2_video.so" to ""
[10.154s] -- Installing: /rm_version/install/ros2_video/share/ros2_video/launch
[10.154s] -- Installing: /rm_version/install/ros2_video/share/ros2_video/launch/video_node.launch.py
[10.154s] -- Installing: /rm_version/install/ros2_video/share/ros2_video/config
[10.154s] -- Installing: /rm_version/install/ros2_video/share/ros2_video/config/node_params.yaml
[10.154s] -- Installing: /rm_version/install/ros2_video/share/ament_index/resource_index/package_run_dependencies/ros2_video
[10.154s] -- Installing: /rm_version/install/ros2_video/share/ament_index/resource_index/parent_prefix_path/ros2_video
[10.155s] -- Installing: /rm_version/install/ros2_video/share/ros2_video/environment/ament_prefix_path.sh
[10.155s] -- Installing: /rm_version/install/ros2_video/share/ros2_video/environment/ament_prefix_path.dsv
[10.155s] -- Installing: /rm_version/install/ros2_video/share/ros2_video/environment/path.sh
[10.155s] -- Installing: /rm_version/install/ros2_video/share/ros2_video/environment/path.dsv
[10.155s] -- Installing: /rm_version/install/ros2_video/share/ros2_video/local_setup.bash
[10.155s] -- Installing: /rm_version/install/ros2_video/share/ros2_video/local_setup.sh
[10.155s] -- Installing: /rm_version/install/ros2_video/share/ros2_video/local_setup.zsh
[10.155s] -- Installing: /rm_version/install/ros2_video/share/ros2_video/local_setup.dsv
[10.155s] -- Installing: /rm_version/install/ros2_video/share/ros2_video/package.dsv
[10.156s] -- Installing: /rm_version/install/ros2_video/share/ament_index/resource_index/packages/ros2_video
[10.156s] -- Installing: /rm_version/install/ros2_video/share/ament_index/resource_index/rclcpp_components/ros2_video
[10.156s] -- Installing: /rm_version/install/ros2_video/share/ros2_video/cmake/ament_cmake_export_dependencies-extras.cmake
[10.156s] -- Installing: /rm_version/install/ros2_video/share/ros2_video/cmake/ament_cmake_export_include_directories-extras.cmake
[10.156s] -- Installing: /rm_version/install/ros2_video/share/ros2_video/cmake/ament_cmake_export_libraries-extras.cmake
[10.156s] -- Installing: /rm_version/install/ros2_video/share/ros2_video/cmake/ros2_videoConfig.cmake
[10.156s] -- Installing: /rm_version/install/ros2_video/share/ros2_video/cmake/ros2_videoConfig-version.cmake
[10.156s] -- Installing: /rm_version/install/ros2_video/share/ros2_video/package.xml
[10.157s] Invoked command in '/rm_version/build/ros2_video' returned '0': CMAKE_PREFIX_PATH=${CMAKE_PREFIX_PATH}:/opt/ros/humble /usr/bin/cmake --install /rm_version/build/ros2_video
