[0.007s] Invoking command in '/rm_version/build/rm_detector': CMAKE_PREFIX_PATH=/rm_version/install/rm_msg_interfaces:/rm_version/install/ros2_video:/rm_version/install/rm_detector:/ros_ws/install/ros2_video:/ros_ws/install/rm_vision_bringup:/ros_ws/install/rm_serial_driver:/ros_ws/install/rm_gimbal_description:/ros_ws/install/rm_auto_aim:/ros_ws/install/mindvision_camera:/ros_ws/install/hik_camera:/ros_ws/install/armor_tracker:/ros_ws/install/armor_detector:/ros_ws/install/auto_aim_interfaces:/opt/ros/humble LD_LIBRARY_PATH=/rm_version/install/rm_msg_interfaces/lib:/rm_version/install/ros2_video/lib:/rm_version/install/rm_detector/lib:/ros_ws/install/ros2_video/lib:/ros_ws/install/rm_serial_driver/lib:/ros_ws/install/mindvision_camera/lib:/ros_ws/install/hik_camera/lib:/ros_ws/install/armor_tracker/lib:/ros_ws/install/armor_detector/lib:/ros_ws/install/auto_aim_interfaces/lib:/opt/ros/humble/lib/x86_64-linux-gnu:/opt/ros/humble/lib /usr/bin/cmake --build /rm_version/build/rm_detector -- -j20 -l20
[0.036s] [35m[1mConsolidate compiler generated dependencies of target rm_detector[0m
[0.040s] [ 25%] Built target rm_detector_node
[0.056s] [ 37%] [32mBuilding CXX object CMakeFiles/rm_detector.dir/src/detector_node.cpp.o[0m
[6.666s] [ 50%] [32m[1mLinking CXX shared library librm_detector.so[0m
[7.018s] [100%] Built target rm_detector
[7.025s] Invoked command in '/rm_version/build/rm_detector' returned '0': CMAKE_PREFIX_PATH=/rm_version/install/rm_msg_interfaces:/rm_version/install/ros2_video:/rm_version/install/rm_detector:/ros_ws/install/ros2_video:/ros_ws/install/rm_vision_bringup:/ros_ws/install/rm_serial_driver:/ros_ws/install/rm_gimbal_description:/ros_ws/install/rm_auto_aim:/ros_ws/install/mindvision_camera:/ros_ws/install/hik_camera:/ros_ws/install/armor_tracker:/ros_ws/install/armor_detector:/ros_ws/install/auto_aim_interfaces:/opt/ros/humble LD_LIBRARY_PATH=/rm_version/install/rm_msg_interfaces/lib:/rm_version/install/ros2_video/lib:/rm_version/install/rm_detector/lib:/ros_ws/install/ros2_video/lib:/ros_ws/install/rm_serial_driver/lib:/ros_ws/install/mindvision_camera/lib:/ros_ws/install/hik_camera/lib:/ros_ws/install/armor_tracker/lib:/ros_ws/install/armor_detector/lib:/ros_ws/install/auto_aim_interfaces/lib:/opt/ros/humble/lib/x86_64-linux-gnu:/opt/ros/humble/lib /usr/bin/cmake --build /rm_version/build/rm_detector -- -j20 -l20
[7.046s] Invoking command in '/rm_version/build/rm_detector': CMAKE_PREFIX_PATH=/rm_version/install/rm_msg_interfaces:/rm_version/install/ros2_video:/rm_version/install/rm_detector:/ros_ws/install/ros2_video:/ros_ws/install/rm_vision_bringup:/ros_ws/install/rm_serial_driver:/ros_ws/install/rm_gimbal_description:/ros_ws/install/rm_auto_aim:/ros_ws/install/mindvision_camera:/ros_ws/install/hik_camera:/ros_ws/install/armor_tracker:/ros_ws/install/armor_detector:/ros_ws/install/auto_aim_interfaces:/opt/ros/humble LD_LIBRARY_PATH=/rm_version/install/rm_msg_interfaces/lib:/rm_version/install/ros2_video/lib:/rm_version/install/rm_detector/lib:/ros_ws/install/ros2_video/lib:/ros_ws/install/rm_serial_driver/lib:/ros_ws/install/mindvision_camera/lib:/ros_ws/install/hik_camera/lib:/ros_ws/install/armor_tracker/lib:/ros_ws/install/armor_detector/lib:/ros_ws/install/auto_aim_interfaces/lib:/opt/ros/humble/lib/x86_64-linux-gnu:/opt/ros/humble/lib /usr/bin/cmake --install /rm_version/build/rm_detector
[7.051s] -- Install configuration: ""
[7.051s] -- Up-to-date: /rm_version/install/rm_detector/lib/rm_detector/rm_detector_node
[7.051s] -- Up-to-date: /rm_version/install/rm_detector/include
[7.051s] -- Up-to-date: /rm_version/install/rm_detector/include/number_classifier.hpp
[7.051s] -- Up-to-date: /rm_version/install/rm_detector/include/detector_node.hpp
[7.051s] -- Up-to-date: /rm_version/install/rm_detector/include/detector.hpp
[7.051s] -- Up-to-date: /rm_version/install/rm_detector/include/armor.hpp
[7.051s] -- Up-to-date: /rm_version/install/rm_detector/include/pnp_solver.hpp
[7.051s] -- Up-to-date: /rm_version/install/rm_detector/share/rm_detector/environment/library_path.sh
[7.051s] -- Up-to-date: /rm_version/install/rm_detector/share/rm_detector/environment/library_path.dsv
[7.051s] -- Installing: /rm_version/install/rm_detector/lib/librm_detector.so
[7.055s] -- Set runtime path of "/rm_version/install/rm_detector/lib/librm_detector.so" to ""
[7.056s] -- Up-to-date: /rm_version/install/rm_detector/share/rm_detector/model
[7.056s] -- Up-to-date: /rm_version/install/rm_detector/share/rm_detector/model/mlp.onnx
[7.056s] -- Up-to-date: /rm_version/install/rm_detector/share/rm_detector/model/label.txt
[7.056s] -- Up-to-date: /rm_version/install/rm_detector/share/rm_detector/config
[7.056s] -- Up-to-date: /rm_version/install/rm_detector/share/rm_detector/config/camera_parm.yaml
[7.056s] -- Installing: /rm_version/install/rm_detector/share/rm_detector/config/detector.yaml
[7.056s] -- Up-to-date: /rm_version/install/rm_detector/share/rm_detector/launch
[7.056s] -- Up-to-date: /rm_version/install/rm_detector/share/rm_detector/launch/armor_detector.launch.py
[7.056s] -- Up-to-date: /rm_version/install/rm_detector/share/ament_index/resource_index/package_run_dependencies/rm_detector
[7.056s] -- Up-to-date: /rm_version/install/rm_detector/share/ament_index/resource_index/parent_prefix_path/rm_detector
[7.056s] -- Up-to-date: /rm_version/install/rm_detector/share/rm_detector/environment/ament_prefix_path.sh
[7.056s] -- Up-to-date: /rm_version/install/rm_detector/share/rm_detector/environment/ament_prefix_path.dsv
[7.056s] -- Up-to-date: /rm_version/install/rm_detector/share/rm_detector/environment/path.sh
[7.056s] -- Up-to-date: /rm_version/install/rm_detector/share/rm_detector/environment/path.dsv
[7.056s] -- Up-to-date: /rm_version/install/rm_detector/share/rm_detector/local_setup.bash
[7.056s] -- Up-to-date: /rm_version/install/rm_detector/share/rm_detector/local_setup.sh
[7.056s] -- Up-to-date: /rm_version/install/rm_detector/share/rm_detector/local_setup.zsh
[7.056s] -- Up-to-date: /rm_version/install/rm_detector/share/rm_detector/local_setup.dsv
[7.056s] -- Installing: /rm_version/install/rm_detector/share/rm_detector/package.dsv
[7.056s] -- Up-to-date: /rm_version/install/rm_detector/share/ament_index/resource_index/packages/rm_detector
[7.057s] -- Up-to-date: /rm_version/install/rm_detector/share/ament_index/resource_index/rclcpp_components/rm_detector
[7.057s] -- Up-to-date: /rm_version/install/rm_detector/share/rm_detector/cmake/ament_cmake_export_dependencies-extras.cmake
[7.057s] -- Up-to-date: /rm_version/install/rm_detector/share/rm_detector/cmake/ament_cmake_export_include_directories-extras.cmake
[7.057s] -- Up-to-date: /rm_version/install/rm_detector/share/rm_detector/cmake/ament_cmake_export_libraries-extras.cmake
[7.057s] -- Up-to-date: /rm_version/install/rm_detector/share/rm_detector/cmake/rm_detectorConfig.cmake
[7.057s] -- Up-to-date: /rm_version/install/rm_detector/share/rm_detector/cmake/rm_detectorConfig-version.cmake
[7.057s] -- Up-to-date: /rm_version/install/rm_detector/share/rm_detector/package.xml
[7.059s] Invoked command in '/rm_version/build/rm_detector' returned '0': CMAKE_PREFIX_PATH=/rm_version/install/rm_msg_interfaces:/rm_version/install/ros2_video:/rm_version/install/rm_detector:/ros_ws/install/ros2_video:/ros_ws/install/rm_vision_bringup:/ros_ws/install/rm_serial_driver:/ros_ws/install/rm_gimbal_description:/ros_ws/install/rm_auto_aim:/ros_ws/install/mindvision_camera:/ros_ws/install/hik_camera:/ros_ws/install/armor_tracker:/ros_ws/install/armor_detector:/ros_ws/install/auto_aim_interfaces:/opt/ros/humble LD_LIBRARY_PATH=/rm_version/install/rm_msg_interfaces/lib:/rm_version/install/ros2_video/lib:/rm_version/install/rm_detector/lib:/ros_ws/install/ros2_video/lib:/ros_ws/install/rm_serial_driver/lib:/ros_ws/install/mindvision_camera/lib:/ros_ws/install/hik_camera/lib:/ros_ws/install/armor_tracker/lib:/ros_ws/install/armor_detector/lib:/ros_ws/install/auto_aim_interfaces/lib:/opt/ros/humble/lib/x86_64-linux-gnu:/opt/ros/humble/lib /usr/bin/cmake --install /rm_version/build/rm_detector
