[0.020s] Invoking command in '/rm_version/build/rm_gimbal_description': CMAKE_PREFIX_PATH=${CMAKE_PREFIX_PATH}:/opt/ros/humble /usr/bin/cmake /rm_version/src/rm_gimbal_description -DCMAKE_INSTALL_PREFIX=/rm_version/install/rm_gimbal_description
[0.058s] -- The C compiler identification is GNU 11.3.0
[0.090s] -- The CXX compiler identification is GNU 11.3.0
[0.094s] -- Detecting C compiler ABI info
[0.132s] -- Detecting C compiler ABI info - done
[0.136s] -- Check for working C compiler: /usr/bin/cc - skipped
[0.136s] -- Detecting C compile features
[0.136s] -- Detecting C compile features - done
[0.137s] -- Detecting CXX compiler ABI info
[0.180s] -- Detecting CXX compiler ABI info - done
[0.184s] -- Check for working CXX compiler: /usr/bin/c++ - skipped
[0.184s] -- Detecting CXX compile features
[0.185s] -- Detecting CXX compile features - done
[0.186s] -- Found ament_cmake: 1.3.4 (/opt/ros/humble/share/ament_cmake/cmake)
[0.268s] -- Found Python3: /usr/bin/python3.10 (found version "3.10.6") found components: Interpreter 
[0.322s] -- Found ament_lint_auto: 0.12.6 (/opt/ros/humble/share/ament_lint_auto/cmake)
[0.385s] -- Added test 'lint_cmake' to check CMake code style
[0.388s] -- Added test 'xmllint' to check XML markup files
[0.389s] -- Configuring done
[0.390s] -- Generating done
[0.391s] -- Build files have been written to: /rm_version/build/rm_gimbal_description
[0.393s] Invoked command in '/rm_version/build/rm_gimbal_description' returned '0': CMAKE_PREFIX_PATH=${CMAKE_PREFIX_PATH}:/opt/ros/humble /usr/bin/cmake /rm_version/src/rm_gimbal_description -DCMAKE_INSTALL_PREFIX=/rm_version/install/rm_gimbal_description
[0.394s] Invoking command in '/rm_version/build/rm_gimbal_description': CMAKE_PREFIX_PATH=${CMAKE_PREFIX_PATH}:/opt/ros/humble /usr/bin/cmake --build /rm_version/build/rm_gimbal_description -- -j20 -l20
[0.427s] Invoked command in '/rm_version/build/rm_gimbal_description' returned '0': CMAKE_PREFIX_PATH=${CMAKE_PREFIX_PATH}:/opt/ros/humble /usr/bin/cmake --build /rm_version/build/rm_gimbal_description -- -j20 -l20
[0.437s] Invoking command in '/rm_version/build/rm_gimbal_description': CMAKE_PREFIX_PATH=${CMAKE_PREFIX_PATH}:/opt/ros/humble /usr/bin/cmake --install /rm_version/build/rm_gimbal_description
[0.441s] -- Install configuration: ""
[0.441s] -- Installing: /rm_version/install/rm_gimbal_description/share/rm_gimbal_description/urdf
[0.441s] -- Installing: /rm_version/install/rm_gimbal_description/share/rm_gimbal_description/urdf/rm_gimbal.urdf.xacro
[0.441s] -- Installing: /rm_version/install/rm_gimbal_description/share/ament_index/resource_index/package_run_dependencies/rm_gimbal_description
[0.441s] -- Installing: /rm_version/install/rm_gimbal_description/share/ament_index/resource_index/parent_prefix_path/rm_gimbal_description
[0.441s] -- Installing: /rm_version/install/rm_gimbal_description/share/rm_gimbal_description/environment/ament_prefix_path.sh
[0.442s] -- Installing: /rm_version/install/rm_gimbal_description/share/rm_gimbal_description/environment/ament_prefix_path.dsv
[0.442s] -- Installing: /rm_version/install/rm_gimbal_description/share/rm_gimbal_description/environment/path.sh
[0.442s] -- Installing: /rm_version/install/rm_gimbal_description/share/rm_gimbal_description/environment/path.dsv
[0.442s] -- Installing: /rm_version/install/rm_gimbal_description/share/rm_gimbal_description/local_setup.bash
[0.442s] -- Installing: /rm_version/install/rm_gimbal_description/share/rm_gimbal_description/local_setup.sh
[0.443s] -- Installing: /rm_version/install/rm_gimbal_description/share/rm_gimbal_description/local_setup.zsh
[0.443s] -- Installing: /rm_version/install/rm_gimbal_description/share/rm_gimbal_description/local_setup.dsv
[0.443s] -- Installing: /rm_version/install/rm_gimbal_description/share/rm_gimbal_description/package.dsv
[0.443s] -- Installing: /rm_version/install/rm_gimbal_description/share/ament_index/resource_index/packages/rm_gimbal_description
[0.443s] -- Installing: /rm_version/install/rm_gimbal_description/share/rm_gimbal_description/cmake/rm_gimbal_descriptionConfig.cmake
[0.443s] -- Installing: /rm_version/install/rm_gimbal_description/share/rm_gimbal_description/cmake/rm_gimbal_descriptionConfig-version.cmake
[0.443s] -- Installing: /rm_version/install/rm_gimbal_description/share/rm_gimbal_description/package.xml
[0.453s] Invoked command in '/rm_version/build/rm_gimbal_description' returned '0': CMAKE_PREFIX_PATH=${CMAKE_PREFIX_PATH}:/opt/ros/humble /usr/bin/cmake --install /rm_version/build/rm_gimbal_description
