[0.169s] DEBUG:colcon:Command line arguments: ['/usr/bin/colcon', 'build']
[0.169s] DEBUG:colcon:Parsed command line arguments: Namespace(log_base=None, log_level=None, verb_name='build', build_base='build', install_base='install', merge_install=False, symlink_install=False, test_result_base=None, continue_on_error=False, executor='parallel', parallel_workers=20, event_handlers=None, ignore_user_meta=False, metas=['./colcon.meta'], base_paths=['.'], packages_ignore=None, packages_ignore_regex=None, paths=None, packages_up_to=None, packages_up_to_regex=None, packages_above=None, packages_above_and_dependencies=None, packages_above_depth=None, packages_select_by_dep=None, packages_skip_by_dep=None, packages_skip_up_to=None, packages_select_build_failed=False, packages_skip_build_finished=False, packages_select_test_failures=False, packages_skip_test_passed=False, packages_select=None, packages_skip=None, packages_select_regex=None, packages_skip_regex=None, packages_start=None, packages_end=None, cmake_args=None, cmake_target=None, cmake_target_skip_unavailable=False, cmake_clean_cache=False, cmake_clean_first=False, cmake_force_configure=False, ament_cmake_args=None, catkin_cmake_args=None, catkin_skip_building_tests=False, mixin_files=None, mixin=None, verb_parser=<colcon_mixin.mixin.mixin_argument.MixinArgumentDecorator object at 0x7effa954e4d0>, verb_extension=<colcon_core.verb.build.BuildVerb object at 0x7effa9d48430>, main=<bound method BuildVerb.main of <colcon_core.verb.build.BuildVerb object at 0x7effa9d48430>>, mixin_verb=('build',))
[0.183s] Level 1:colcon.colcon_core.package_discovery:discover_packages(colcon_meta) check parameters
[0.184s] INFO:colcon.colcon_metadata.package_discovery.colcon_meta:Using configuration from '/root/.colcon/metadata/default/Gazebo.meta'
[0.185s] INFO:colcon.colcon_metadata.package_discovery.colcon_meta:Using configuration from '/root/.colcon/metadata/default/fastrtps.meta'
[0.185s] Level 1:colcon.colcon_core.package_discovery:discover_packages(recursive) check parameters
[0.185s] Level 1:colcon.colcon_core.package_discovery:discover_packages(ignore) check parameters
[0.185s] Level 1:colcon.colcon_core.package_discovery:discover_packages(path) check parameters
[0.185s] Level 1:colcon.colcon_core.package_discovery:discover_packages(colcon_meta) discover
[0.185s] Level 1:colcon.colcon_core.package_discovery:discover_packages(recursive) discover
[0.185s] INFO:colcon.colcon_core.package_discovery:Crawling recursively for packages in '/rm_version'
[0.185s] Level 1:colcon.colcon_core.package_identification:_identify(.) by extensions ['ignore', 'ignore_ament_install']
[0.185s] Level 1:colcon.colcon_core.package_identification:_identify(.) by extension 'ignore'
[0.185s] Level 1:colcon.colcon_core.package_identification:_identify(.) by extension 'ignore_ament_install'
[0.185s] Level 1:colcon.colcon_core.package_identification:_identify(.) by extensions ['colcon_pkg']
[0.185s] Level 1:colcon.colcon_core.package_identification:_identify(.) by extension 'colcon_pkg'
[0.185s] Level 1:colcon.colcon_core.package_identification:_identify(.) by extensions ['colcon_meta']
[0.185s] Level 1:colcon.colcon_core.package_identification:_identify(.) by extension 'colcon_meta'
[0.185s] Level 1:colcon.colcon_core.package_identification:_identify(.) by extensions ['ros']
[0.185s] Level 1:colcon.colcon_core.package_identification:_identify(.) by extension 'ros'
[0.197s] Level 1:colcon.colcon_core.package_identification:_identify(.) by extensions ['cmake', 'python']
[0.197s] Level 1:colcon.colcon_core.package_identification:_identify(.) by extension 'cmake'
[0.197s] Level 1:colcon.colcon_core.package_identification:_identify(.) by extension 'python'
[0.197s] Level 1:colcon.colcon_core.package_identification:_identify(.) by extensions ['python_setup_py']
[0.197s] Level 1:colcon.colcon_core.package_identification:_identify(.) by extension 'python_setup_py'
[0.197s] Level 1:colcon.colcon_core.package_identification:_identify(build) by extensions ['ignore', 'ignore_ament_install']
[0.197s] Level 1:colcon.colcon_core.package_identification:_identify(build) by extension 'ignore'
[0.197s] Level 1:colcon.colcon_core.package_identification:_identify(build) ignored
[0.197s] Level 1:colcon.colcon_core.package_identification:_identify(install) by extensions ['ignore', 'ignore_ament_install']
[0.197s] Level 1:colcon.colcon_core.package_identification:_identify(install) by extension 'ignore'
[0.197s] Level 1:colcon.colcon_core.package_identification:_identify(install) ignored
[0.197s] Level 1:colcon.colcon_core.package_identification:_identify(log) by extensions ['ignore', 'ignore_ament_install']
[0.198s] Level 1:colcon.colcon_core.package_identification:_identify(log) by extension 'ignore'
[0.198s] Level 1:colcon.colcon_core.package_identification:_identify(log) ignored
[0.198s] Level 1:colcon.colcon_core.package_identification:_identify(src) by extensions ['ignore', 'ignore_ament_install']
[0.198s] Level 1:colcon.colcon_core.package_identification:_identify(src) by extension 'ignore'
[0.198s] Level 1:colcon.colcon_core.package_identification:_identify(src) by extension 'ignore_ament_install'
[0.198s] Level 1:colcon.colcon_core.package_identification:_identify(src) by extensions ['colcon_pkg']
[0.198s] Level 1:colcon.colcon_core.package_identification:_identify(src) by extension 'colcon_pkg'
[0.198s] Level 1:colcon.colcon_core.package_identification:_identify(src) by extensions ['colcon_meta']
[0.198s] Level 1:colcon.colcon_core.package_identification:_identify(src) by extension 'colcon_meta'
[0.198s] Level 1:colcon.colcon_core.package_identification:_identify(src) by extensions ['ros']
[0.198s] Level 1:colcon.colcon_core.package_identification:_identify(src) by extension 'ros'
[0.198s] Level 1:colcon.colcon_core.package_identification:_identify(src) by extensions ['cmake', 'python']
[0.198s] Level 1:colcon.colcon_core.package_identification:_identify(src) by extension 'cmake'
[0.198s] Level 1:colcon.colcon_core.package_identification:_identify(src) by extension 'python'
[0.198s] Level 1:colcon.colcon_core.package_identification:_identify(src) by extensions ['python_setup_py']
[0.198s] Level 1:colcon.colcon_core.package_identification:_identify(src) by extension 'python_setup_py'
[0.198s] Level 1:colcon.colcon_core.package_identification:_identify(src/build) by extensions ['ignore', 'ignore_ament_install']
[0.198s] Level 1:colcon.colcon_core.package_identification:_identify(src/build) by extension 'ignore'
[0.198s] Level 1:colcon.colcon_core.package_identification:_identify(src/build) ignored
[0.198s] Level 1:colcon.colcon_core.package_identification:_identify(src/install) by extensions ['ignore', 'ignore_ament_install']
[0.198s] Level 1:colcon.colcon_core.package_identification:_identify(src/install) by extension 'ignore'
[0.198s] Level 1:colcon.colcon_core.package_identification:_identify(src/install) ignored
[0.198s] Level 1:colcon.colcon_core.package_identification:_identify(src/log) by extensions ['ignore', 'ignore_ament_install']
[0.198s] Level 1:colcon.colcon_core.package_identification:_identify(src/log) by extension 'ignore'
[0.198s] Level 1:colcon.colcon_core.package_identification:_identify(src/log) ignored
[0.198s] Level 1:colcon.colcon_core.package_identification:_identify(src/rm_carme) by extensions ['ignore', 'ignore_ament_install']
[0.198s] Level 1:colcon.colcon_core.package_identification:_identify(src/rm_carme) by extension 'ignore'
[0.198s] Level 1:colcon.colcon_core.package_identification:_identify(src/rm_carme) by extension 'ignore_ament_install'
[0.198s] Level 1:colcon.colcon_core.package_identification:_identify(src/rm_carme) by extensions ['colcon_pkg']
[0.198s] Level 1:colcon.colcon_core.package_identification:_identify(src/rm_carme) by extension 'colcon_pkg'
[0.198s] Level 1:colcon.colcon_core.package_identification:_identify(src/rm_carme) by extensions ['colcon_meta']
[0.198s] Level 1:colcon.colcon_core.package_identification:_identify(src/rm_carme) by extension 'colcon_meta'
[0.198s] Level 1:colcon.colcon_core.package_identification:_identify(src/rm_carme) by extensions ['ros']
[0.199s] Level 1:colcon.colcon_core.package_identification:_identify(src/rm_carme) by extension 'ros'
[0.199s] Level 1:colcon.colcon_core.package_identification:_identify(src/rm_carme) by extensions ['cmake', 'python']
[0.199s] Level 1:colcon.colcon_core.package_identification:_identify(src/rm_carme) by extension 'cmake'
[0.199s] Level 1:colcon.colcon_core.package_identification:_identify(src/rm_carme) by extension 'python'
[0.199s] Level 1:colcon.colcon_core.package_identification:_identify(src/rm_carme) by extensions ['python_setup_py']
[0.199s] Level 1:colcon.colcon_core.package_identification:_identify(src/rm_carme) by extension 'python_setup_py'
[0.199s] Level 1:colcon.colcon_core.package_identification:_identify(src/rm_detector) by extensions ['ignore', 'ignore_ament_install']
[0.199s] Level 1:colcon.colcon_core.package_identification:_identify(src/rm_detector) by extension 'ignore'
[0.199s] Level 1:colcon.colcon_core.package_identification:_identify(src/rm_detector) by extension 'ignore_ament_install'
[0.199s] Level 1:colcon.colcon_core.package_identification:_identify(src/rm_detector) by extensions ['colcon_pkg']
[0.199s] Level 1:colcon.colcon_core.package_identification:_identify(src/rm_detector) by extension 'colcon_pkg'
[0.199s] Level 1:colcon.colcon_core.package_identification:_identify(src/rm_detector) by extensions ['colcon_meta']
[0.199s] Level 1:colcon.colcon_core.package_identification:_identify(src/rm_detector) by extension 'colcon_meta'
[0.199s] Level 1:colcon.colcon_core.package_identification:_identify(src/rm_detector) by extensions ['ros']
[0.199s] Level 1:colcon.colcon_core.package_identification:_identify(src/rm_detector) by extension 'ros'
[0.201s] DEBUG:colcon.colcon_core.package_identification:Package 'src/rm_detector' with type 'ros.ament_cmake' and name 'rm_detector'
[0.201s] Level 1:colcon.colcon_core.package_identification:_identify(src/rm_gimbal_description) by extensions ['ignore', 'ignore_ament_install']
[0.201s] Level 1:colcon.colcon_core.package_identification:_identify(src/rm_gimbal_description) by extension 'ignore'
[0.201s] Level 1:colcon.colcon_core.package_identification:_identify(src/rm_gimbal_description) by extension 'ignore_ament_install'
[0.201s] Level 1:colcon.colcon_core.package_identification:_identify(src/rm_gimbal_description) by extensions ['colcon_pkg']
[0.201s] Level 1:colcon.colcon_core.package_identification:_identify(src/rm_gimbal_description) by extension 'colcon_pkg'
[0.201s] Level 1:colcon.colcon_core.package_identification:_identify(src/rm_gimbal_description) by extensions ['colcon_meta']
[0.202s] Level 1:colcon.colcon_core.package_identification:_identify(src/rm_gimbal_description) by extension 'colcon_meta'
[0.202s] Level 1:colcon.colcon_core.package_identification:_identify(src/rm_gimbal_description) by extensions ['ros']
[0.202s] Level 1:colcon.colcon_core.package_identification:_identify(src/rm_gimbal_description) by extension 'ros'
[0.202s] DEBUG:colcon.colcon_core.package_identification:Package 'src/rm_gimbal_description' with type 'ros.ament_cmake' and name 'rm_gimbal_description'
[0.202s] Level 1:colcon.colcon_core.package_identification:_identify(src/rm_msg_interfaces) by extensions ['ignore', 'ignore_ament_install']
[0.202s] Level 1:colcon.colcon_core.package_identification:_identify(src/rm_msg_interfaces) by extension 'ignore'
[0.202s] Level 1:colcon.colcon_core.package_identification:_identify(src/rm_msg_interfaces) by extension 'ignore_ament_install'
[0.202s] Level 1:colcon.colcon_core.package_identification:_identify(src/rm_msg_interfaces) by extensions ['colcon_pkg']
[0.202s] Level 1:colcon.colcon_core.package_identification:_identify(src/rm_msg_interfaces) by extension 'colcon_pkg'
[0.202s] Level 1:colcon.colcon_core.package_identification:_identify(src/rm_msg_interfaces) by extensions ['colcon_meta']
[0.202s] Level 1:colcon.colcon_core.package_identification:_identify(src/rm_msg_interfaces) by extension 'colcon_meta'
[0.202s] Level 1:colcon.colcon_core.package_identification:_identify(src/rm_msg_interfaces) by extensions ['ros']
[0.202s] Level 1:colcon.colcon_core.package_identification:_identify(src/rm_msg_interfaces) by extension 'ros'
[0.203s] DEBUG:colcon.colcon_core.package_identification:Package 'src/rm_msg_interfaces' with type 'ros.ament_cmake' and name 'rm_msg_interfaces'
[0.203s] Level 1:colcon.colcon_core.package_identification:_identify(src/rm_tracker) by extensions ['ignore', 'ignore_ament_install']
[0.203s] Level 1:colcon.colcon_core.package_identification:_identify(src/rm_tracker) by extension 'ignore'
[0.203s] Level 1:colcon.colcon_core.package_identification:_identify(src/rm_tracker) by extension 'ignore_ament_install'
[0.203s] Level 1:colcon.colcon_core.package_identification:_identify(src/rm_tracker) by extensions ['colcon_pkg']
[0.203s] Level 1:colcon.colcon_core.package_identification:_identify(src/rm_tracker) by extension 'colcon_pkg'
[0.203s] Level 1:colcon.colcon_core.package_identification:_identify(src/rm_tracker) by extensions ['colcon_meta']
[0.203s] Level 1:colcon.colcon_core.package_identification:_identify(src/rm_tracker) by extension 'colcon_meta'
[0.203s] Level 1:colcon.colcon_core.package_identification:_identify(src/rm_tracker) by extensions ['ros']
[0.203s] Level 1:colcon.colcon_core.package_identification:_identify(src/rm_tracker) by extension 'ros'
[0.204s] DEBUG:colcon.colcon_core.package_identification:Package 'src/rm_tracker' with type 'ros.ament_cmake' and name 'rm_tracker'
[0.204s] Level 1:colcon.colcon_core.package_identification:_identify(src/ros2_static_tf_node) by extensions ['ignore', 'ignore_ament_install']
[0.204s] Level 1:colcon.colcon_core.package_identification:_identify(src/ros2_static_tf_node) by extension 'ignore'
[0.204s] Level 1:colcon.colcon_core.package_identification:_identify(src/ros2_static_tf_node) by extension 'ignore_ament_install'
[0.204s] Level 1:colcon.colcon_core.package_identification:_identify(src/ros2_static_tf_node) by extensions ['colcon_pkg']
[0.204s] Level 1:colcon.colcon_core.package_identification:_identify(src/ros2_static_tf_node) by extension 'colcon_pkg'
[0.204s] Level 1:colcon.colcon_core.package_identification:_identify(src/ros2_static_tf_node) by extensions ['colcon_meta']
[0.204s] Level 1:colcon.colcon_core.package_identification:_identify(src/ros2_static_tf_node) by extension 'colcon_meta'
[0.204s] Level 1:colcon.colcon_core.package_identification:_identify(src/ros2_static_tf_node) by extensions ['ros']
[0.204s] Level 1:colcon.colcon_core.package_identification:_identify(src/ros2_static_tf_node) by extension 'ros'
[0.205s] DEBUG:colcon.colcon_core.package_identification:Package 'src/ros2_static_tf_node' with type 'ros.ament_cmake' and name 'ros2_static_tf_node'
[0.205s] Level 1:colcon.colcon_core.package_identification:_identify(src/ros2_video_node) by extensions ['ignore', 'ignore_ament_install']
[0.205s] Level 1:colcon.colcon_core.package_identification:_identify(src/ros2_video_node) by extension 'ignore'
[0.205s] Level 1:colcon.colcon_core.package_identification:_identify(src/ros2_video_node) by extension 'ignore_ament_install'
[0.205s] Level 1:colcon.colcon_core.package_identification:_identify(src/ros2_video_node) by extensions ['colcon_pkg']
[0.205s] Level 1:colcon.colcon_core.package_identification:_identify(src/ros2_video_node) by extension 'colcon_pkg'
[0.205s] Level 1:colcon.colcon_core.package_identification:_identify(src/ros2_video_node) by extensions ['colcon_meta']
[0.205s] Level 1:colcon.colcon_core.package_identification:_identify(src/ros2_video_node) by extension 'colcon_meta'
[0.205s] Level 1:colcon.colcon_core.package_identification:_identify(src/ros2_video_node) by extensions ['ros']
[0.205s] Level 1:colcon.colcon_core.package_identification:_identify(src/ros2_video_node) by extension 'ros'
[0.206s] DEBUG:colcon.colcon_core.package_identification:Package 'src/ros2_video_node' with type 'ros.ament_cmake' and name 'ros2_video'
[0.206s] Level 1:colcon.colcon_core.package_identification:_identify(src/start_directory) by extensions ['ignore', 'ignore_ament_install']
[0.206s] Level 1:colcon.colcon_core.package_identification:_identify(src/start_directory) by extension 'ignore'
[0.206s] Level 1:colcon.colcon_core.package_identification:_identify(src/start_directory) by extension 'ignore_ament_install'
[0.207s] Level 1:colcon.colcon_core.package_identification:_identify(src/start_directory) by extensions ['colcon_pkg']
[0.207s] Level 1:colcon.colcon_core.package_identification:_identify(src/start_directory) by extension 'colcon_pkg'
[0.207s] Level 1:colcon.colcon_core.package_identification:_identify(src/start_directory) by extensions ['colcon_meta']
[0.207s] Level 1:colcon.colcon_core.package_identification:_identify(src/start_directory) by extension 'colcon_meta'
[0.207s] Level 1:colcon.colcon_core.package_identification:_identify(src/start_directory) by extensions ['ros']
[0.207s] Level 1:colcon.colcon_core.package_identification:_identify(src/start_directory) by extension 'ros'
[0.207s] DEBUG:colcon.colcon_core.package_identification:Package 'src/start_directory' with type 'ros.ament_cmake' and name 'start_directory'
[0.207s] Level 1:colcon.colcon_core.package_discovery:discover_packages(recursive) using defaults
[0.207s] Level 1:colcon.colcon_core.package_discovery:discover_packages(ignore) discover
[0.207s] Level 1:colcon.colcon_core.package_discovery:discover_packages(ignore) using defaults
[0.207s] Level 1:colcon.colcon_core.package_discovery:discover_packages(path) discover
[0.207s] Level 1:colcon.colcon_core.package_discovery:discover_packages(path) using defaults
[0.222s] Level 5:colcon.colcon_core.verb:set package 'rm_gimbal_description' build argument 'cmake_args' from command line to 'None'
[0.222s] Level 5:colcon.colcon_core.verb:set package 'rm_gimbal_description' build argument 'cmake_target' from command line to 'None'
[0.223s] Level 5:colcon.colcon_core.verb:set package 'rm_gimbal_description' build argument 'cmake_target_skip_unavailable' from command line to 'False'
[0.223s] Level 5:colcon.colcon_core.verb:set package 'rm_gimbal_description' build argument 'cmake_clean_cache' from command line to 'False'
[0.223s] Level 5:colcon.colcon_core.verb:set package 'rm_gimbal_description' build argument 'cmake_clean_first' from command line to 'False'
[0.223s] Level 5:colcon.colcon_core.verb:set package 'rm_gimbal_description' build argument 'cmake_force_configure' from command line to 'False'
[0.223s] Level 5:colcon.colcon_core.verb:set package 'rm_gimbal_description' build argument 'ament_cmake_args' from command line to 'None'
[0.223s] Level 5:colcon.colcon_core.verb:set package 'rm_gimbal_description' build argument 'catkin_cmake_args' from command line to 'None'
[0.223s] Level 5:colcon.colcon_core.verb:set package 'rm_gimbal_description' build argument 'catkin_skip_building_tests' from command line to 'False'
[0.223s] DEBUG:colcon.colcon_core.verb:Building package 'rm_gimbal_description' with the following arguments: {'ament_cmake_args': None, 'build_base': '/rm_version/build/rm_gimbal_description', 'catkin_cmake_args': None, 'catkin_skip_building_tests': False, 'cmake_args': None, 'cmake_clean_cache': False, 'cmake_clean_first': False, 'cmake_force_configure': False, 'cmake_target': None, 'cmake_target_skip_unavailable': False, 'install_base': '/rm_version/install/rm_gimbal_description', 'merge_install': False, 'path': '/rm_version/src/rm_gimbal_description', 'symlink_install': False, 'test_result_base': None}
[0.223s] Level 5:colcon.colcon_core.verb:set package 'rm_msg_interfaces' build argument 'cmake_args' from command line to 'None'
[0.223s] Level 5:colcon.colcon_core.verb:set package 'rm_msg_interfaces' build argument 'cmake_target' from command line to 'None'
[0.223s] Level 5:colcon.colcon_core.verb:set package 'rm_msg_interfaces' build argument 'cmake_target_skip_unavailable' from command line to 'False'
[0.223s] Level 5:colcon.colcon_core.verb:set package 'rm_msg_interfaces' build argument 'cmake_clean_cache' from command line to 'False'
[0.223s] Level 5:colcon.colcon_core.verb:set package 'rm_msg_interfaces' build argument 'cmake_clean_first' from command line to 'False'
[0.223s] Level 5:colcon.colcon_core.verb:set package 'rm_msg_interfaces' build argument 'cmake_force_configure' from command line to 'False'
[0.223s] Level 5:colcon.colcon_core.verb:set package 'rm_msg_interfaces' build argument 'ament_cmake_args' from command line to 'None'
[0.223s] Level 5:colcon.colcon_core.verb:set package 'rm_msg_interfaces' build argument 'catkin_cmake_args' from command line to 'None'
[0.223s] Level 5:colcon.colcon_core.verb:set package 'rm_msg_interfaces' build argument 'catkin_skip_building_tests' from command line to 'False'
[0.223s] DEBUG:colcon.colcon_core.verb:Building package 'rm_msg_interfaces' with the following arguments: {'ament_cmake_args': None, 'build_base': '/rm_version/build/rm_msg_interfaces', 'catkin_cmake_args': None, 'catkin_skip_building_tests': False, 'cmake_args': None, 'cmake_clean_cache': False, 'cmake_clean_first': False, 'cmake_force_configure': False, 'cmake_target': None, 'cmake_target_skip_unavailable': False, 'install_base': '/rm_version/install/rm_msg_interfaces', 'merge_install': False, 'path': '/rm_version/src/rm_msg_interfaces', 'symlink_install': False, 'test_result_base': None}
[0.224s] Level 5:colcon.colcon_core.verb:set package 'ros2_static_tf_node' build argument 'cmake_args' from command line to 'None'
[0.224s] Level 5:colcon.colcon_core.verb:set package 'ros2_static_tf_node' build argument 'cmake_target' from command line to 'None'
[0.224s] Level 5:colcon.colcon_core.verb:set package 'ros2_static_tf_node' build argument 'cmake_target_skip_unavailable' from command line to 'False'
[0.224s] Level 5:colcon.colcon_core.verb:set package 'ros2_static_tf_node' build argument 'cmake_clean_cache' from command line to 'False'
[0.224s] Level 5:colcon.colcon_core.verb:set package 'ros2_static_tf_node' build argument 'cmake_clean_first' from command line to 'False'
[0.224s] Level 5:colcon.colcon_core.verb:set package 'ros2_static_tf_node' build argument 'cmake_force_configure' from command line to 'False'
[0.224s] Level 5:colcon.colcon_core.verb:set package 'ros2_static_tf_node' build argument 'ament_cmake_args' from command line to 'None'
[0.224s] Level 5:colcon.colcon_core.verb:set package 'ros2_static_tf_node' build argument 'catkin_cmake_args' from command line to 'None'
[0.224s] Level 5:colcon.colcon_core.verb:set package 'ros2_static_tf_node' build argument 'catkin_skip_building_tests' from command line to 'False'
[0.224s] DEBUG:colcon.colcon_core.verb:Building package 'ros2_static_tf_node' with the following arguments: {'ament_cmake_args': None, 'build_base': '/rm_version/build/ros2_static_tf_node', 'catkin_cmake_args': None, 'catkin_skip_building_tests': False, 'cmake_args': None, 'cmake_clean_cache': False, 'cmake_clean_first': False, 'cmake_force_configure': False, 'cmake_target': None, 'cmake_target_skip_unavailable': False, 'install_base': '/rm_version/install/ros2_static_tf_node', 'merge_install': False, 'path': '/rm_version/src/ros2_static_tf_node', 'symlink_install': False, 'test_result_base': None}
[0.225s] Level 5:colcon.colcon_core.verb:set package 'ros2_video' build argument 'cmake_args' from command line to 'None'
[0.225s] Level 5:colcon.colcon_core.verb:set package 'ros2_video' build argument 'cmake_target' from command line to 'None'
[0.225s] Level 5:colcon.colcon_core.verb:set package 'ros2_video' build argument 'cmake_target_skip_unavailable' from command line to 'False'
[0.225s] Level 5:colcon.colcon_core.verb:set package 'ros2_video' build argument 'cmake_clean_cache' from command line to 'False'
[0.225s] Level 5:colcon.colcon_core.verb:set package 'ros2_video' build argument 'cmake_clean_first' from command line to 'False'
[0.225s] Level 5:colcon.colcon_core.verb:set package 'ros2_video' build argument 'cmake_force_configure' from command line to 'False'
[0.225s] Level 5:colcon.colcon_core.verb:set package 'ros2_video' build argument 'ament_cmake_args' from command line to 'None'
[0.225s] Level 5:colcon.colcon_core.verb:set package 'ros2_video' build argument 'catkin_cmake_args' from command line to 'None'
[0.225s] Level 5:colcon.colcon_core.verb:set package 'ros2_video' build argument 'catkin_skip_building_tests' from command line to 'False'
[0.225s] DEBUG:colcon.colcon_core.verb:Building package 'ros2_video' with the following arguments: {'ament_cmake_args': None, 'build_base': '/rm_version/build/ros2_video', 'catkin_cmake_args': None, 'catkin_skip_building_tests': False, 'cmake_args': None, 'cmake_clean_cache': False, 'cmake_clean_first': False, 'cmake_force_configure': False, 'cmake_target': None, 'cmake_target_skip_unavailable': False, 'install_base': '/rm_version/install/ros2_video', 'merge_install': False, 'path': '/rm_version/src/ros2_video_node', 'symlink_install': False, 'test_result_base': None}
[0.225s] Level 5:colcon.colcon_core.verb:set package 'start_directory' build argument 'cmake_args' from command line to 'None'
[0.225s] Level 5:colcon.colcon_core.verb:set package 'start_directory' build argument 'cmake_target' from command line to 'None'
[0.225s] Level 5:colcon.colcon_core.verb:set package 'start_directory' build argument 'cmake_target_skip_unavailable' from command line to 'False'
[0.225s] Level 5:colcon.colcon_core.verb:set package 'start_directory' build argument 'cmake_clean_cache' from command line to 'False'
[0.225s] Level 5:colcon.colcon_core.verb:set package 'start_directory' build argument 'cmake_clean_first' from command line to 'False'
[0.225s] Level 5:colcon.colcon_core.verb:set package 'start_directory' build argument 'cmake_force_configure' from command line to 'False'
[0.225s] Level 5:colcon.colcon_core.verb:set package 'start_directory' build argument 'ament_cmake_args' from command line to 'None'
[0.225s] Level 5:colcon.colcon_core.verb:set package 'start_directory' build argument 'catkin_cmake_args' from command line to 'None'
[0.225s] Level 5:colcon.colcon_core.verb:set package 'start_directory' build argument 'catkin_skip_building_tests' from command line to 'False'
[0.225s] DEBUG:colcon.colcon_core.verb:Building package 'start_directory' with the following arguments: {'ament_cmake_args': None, 'build_base': '/rm_version/build/start_directory', 'catkin_cmake_args': None, 'catkin_skip_building_tests': False, 'cmake_args': None, 'cmake_clean_cache': False, 'cmake_clean_first': False, 'cmake_force_configure': False, 'cmake_target': None, 'cmake_target_skip_unavailable': False, 'install_base': '/rm_version/install/start_directory', 'merge_install': False, 'path': '/rm_version/src/start_directory', 'symlink_install': False, 'test_result_base': None}
[0.226s] Level 5:colcon.colcon_core.verb:set package 'rm_detector' build argument 'cmake_args' from command line to 'None'
[0.226s] Level 5:colcon.colcon_core.verb:set package 'rm_detector' build argument 'cmake_target' from command line to 'None'
[0.226s] Level 5:colcon.colcon_core.verb:set package 'rm_detector' build argument 'cmake_target_skip_unavailable' from command line to 'False'
[0.226s] Level 5:colcon.colcon_core.verb:set package 'rm_detector' build argument 'cmake_clean_cache' from command line to 'False'
[0.226s] Level 5:colcon.colcon_core.verb:set package 'rm_detector' build argument 'cmake_clean_first' from command line to 'False'
[0.226s] Level 5:colcon.colcon_core.verb:set package 'rm_detector' build argument 'cmake_force_configure' from command line to 'False'
[0.226s] Level 5:colcon.colcon_core.verb:set package 'rm_detector' build argument 'ament_cmake_args' from command line to 'None'
[0.226s] Level 5:colcon.colcon_core.verb:set package 'rm_detector' build argument 'catkin_cmake_args' from command line to 'None'
[0.226s] Level 5:colcon.colcon_core.verb:set package 'rm_detector' build argument 'catkin_skip_building_tests' from command line to 'False'
[0.226s] DEBUG:colcon.colcon_core.verb:Building package 'rm_detector' with the following arguments: {'ament_cmake_args': None, 'build_base': '/rm_version/build/rm_detector', 'catkin_cmake_args': None, 'catkin_skip_building_tests': False, 'cmake_args': None, 'cmake_clean_cache': False, 'cmake_clean_first': False, 'cmake_force_configure': False, 'cmake_target': None, 'cmake_target_skip_unavailable': False, 'install_base': '/rm_version/install/rm_detector', 'merge_install': False, 'path': '/rm_version/src/rm_detector', 'symlink_install': False, 'test_result_base': None}
[0.227s] Level 5:colcon.colcon_core.verb:set package 'rm_tracker' build argument 'cmake_args' from command line to 'None'
[0.227s] Level 5:colcon.colcon_core.verb:set package 'rm_tracker' build argument 'cmake_target' from command line to 'None'
[0.227s] Level 5:colcon.colcon_core.verb:set package 'rm_tracker' build argument 'cmake_target_skip_unavailable' from command line to 'False'
[0.227s] Level 5:colcon.colcon_core.verb:set package 'rm_tracker' build argument 'cmake_clean_cache' from command line to 'False'
[0.227s] Level 5:colcon.colcon_core.verb:set package 'rm_tracker' build argument 'cmake_clean_first' from command line to 'False'
[0.227s] Level 5:colcon.colcon_core.verb:set package 'rm_tracker' build argument 'cmake_force_configure' from command line to 'False'
[0.227s] Level 5:colcon.colcon_core.verb:set package 'rm_tracker' build argument 'ament_cmake_args' from command line to 'None'
[0.227s] Level 5:colcon.colcon_core.verb:set package 'rm_tracker' build argument 'catkin_cmake_args' from command line to 'None'
[0.227s] Level 5:colcon.colcon_core.verb:set package 'rm_tracker' build argument 'catkin_skip_building_tests' from command line to 'False'
[0.227s] DEBUG:colcon.colcon_core.verb:Building package 'rm_tracker' with the following arguments: {'ament_cmake_args': None, 'build_base': '/rm_version/build/rm_tracker', 'catkin_cmake_args': None, 'catkin_skip_building_tests': False, 'cmake_args': None, 'cmake_clean_cache': False, 'cmake_clean_first': False, 'cmake_force_configure': False, 'cmake_target': None, 'cmake_target_skip_unavailable': False, 'install_base': '/rm_version/install/rm_tracker', 'merge_install': False, 'path': '/rm_version/src/rm_tracker', 'symlink_install': False, 'test_result_base': None}
[0.227s] INFO:colcon.colcon_core.executor:Executing jobs using 'parallel' executor
[0.229s] DEBUG:colcon.colcon_parallel_executor.executor.parallel:run_until_complete
[0.229s] INFO:colcon.colcon_ros.task.ament_cmake.build:Building ROS package in '/rm_version/src/rm_msg_interfaces' with build type 'ament_cmake'
[0.230s] INFO:colcon.colcon_cmake.task.cmake.build:Building CMake package in '/rm_version/src/rm_msg_interfaces'
[0.232s] INFO:colcon.colcon_core.plugin_system:Skipping extension 'colcon_core.shell.bat': Not used on non-Windows systems
[0.233s] INFO:colcon.colcon_core.shell:Skip shell extension 'powershell' for command environment: Not usable outside of PowerShell
[0.233s] DEBUG:colcon.colcon_core.shell:Skip shell extension 'dsv' for command environment
[0.237s] INFO:colcon.colcon_ros.task.ament_cmake.build:Building ROS package in '/rm_version/src/rm_gimbal_description' with build type 'ament_cmake'
[0.237s] INFO:colcon.colcon_cmake.task.cmake.build:Building CMake package in '/rm_version/src/rm_gimbal_description'
[0.238s] INFO:colcon.colcon_core.shell:Skip shell extension 'powershell' for command environment: Not usable outside of PowerShell
[0.238s] DEBUG:colcon.colcon_core.shell:Skip shell extension 'dsv' for command environment
[0.241s] INFO:colcon.colcon_ros.task.ament_cmake.build:Building ROS package in '/rm_version/src/ros2_static_tf_node' with build type 'ament_cmake'
[0.242s] INFO:colcon.colcon_cmake.task.cmake.build:Building CMake package in '/rm_version/src/ros2_static_tf_node'
[0.242s] INFO:colcon.colcon_core.shell:Skip shell extension 'powershell' for command environment: Not usable outside of PowerShell
[0.243s] DEBUG:colcon.colcon_core.shell:Skip shell extension 'dsv' for command environment
[0.246s] INFO:colcon.colcon_ros.task.ament_cmake.build:Building ROS package in '/rm_version/src/ros2_video_node' with build type 'ament_cmake'
[0.247s] INFO:colcon.colcon_cmake.task.cmake.build:Building CMake package in '/rm_version/src/ros2_video_node'
[0.248s] INFO:colcon.colcon_core.shell:Skip shell extension 'powershell' for command environment: Not usable outside of PowerShell
[0.249s] DEBUG:colcon.colcon_core.shell:Skip shell extension 'dsv' for command environment
[0.253s] INFO:colcon.colcon_ros.task.ament_cmake.build:Building ROS package in '/rm_version/src/start_directory' with build type 'ament_cmake'
[0.253s] INFO:colcon.colcon_cmake.task.cmake.build:Building CMake package in '/rm_version/src/start_directory'
[0.254s] INFO:colcon.colcon_core.shell:Skip shell extension 'powershell' for command environment: Not usable outside of PowerShell
[0.254s] DEBUG:colcon.colcon_core.shell:Skip shell extension 'dsv' for command environment
[0.262s] DEBUG:colcon.colcon_core.event_handler.log_command:Invoking command in '/rm_version/build/rm_msg_interfaces': CMAKE_PREFIX_PATH=${CMAKE_PREFIX_PATH}:/opt/ros/humble /usr/bin/cmake --build /rm_version/build/rm_msg_interfaces -- -j20 -l20
[0.267s] DEBUG:colcon.colcon_core.event_handler.log_command:Invoking command in '/rm_version/build/rm_gimbal_description': CMAKE_PREFIX_PATH=${CMAKE_PREFIX_PATH}:/opt/ros/humble /usr/bin/cmake --build /rm_version/build/rm_gimbal_description -- -j20 -l20
[0.272s] DEBUG:colcon.colcon_core.event_handler.log_command:Invoking command in '/rm_version/build/ros2_static_tf_node': CMAKE_PREFIX_PATH=${CMAKE_PREFIX_PATH}:/opt/ros/humble /usr/bin/cmake --build /rm_version/build/ros2_static_tf_node -- -j20 -l20
[0.278s] DEBUG:colcon.colcon_core.event_handler.log_command:Invoking command in '/rm_version/build/ros2_video': CMAKE_PREFIX_PATH=${CMAKE_PREFIX_PATH}:/opt/ros/humble /usr/bin/cmake --build /rm_version/build/ros2_video -- -j20 -l20
[0.283s] DEBUG:colcon.colcon_core.event_handler.log_command:Invoking command in '/rm_version/build/start_directory': CMAKE_PREFIX_PATH=${CMAKE_PREFIX_PATH}:/opt/ros/humble /usr/bin/cmake --build /rm_version/build/start_directory -- -j20 -l20
[0.288s] DEBUG:colcon.colcon_core.event_handler.log_command:Invoked command in '/rm_version/build/rm_gimbal_description' returned '0': CMAKE_PREFIX_PATH=${CMAKE_PREFIX_PATH}:/opt/ros/humble /usr/bin/cmake --build /rm_version/build/rm_gimbal_description -- -j20 -l20
[0.312s] DEBUG:colcon.colcon_core.event_handler.log_command:Invoking command in '/rm_version/build/rm_gimbal_description': CMAKE_PREFIX_PATH=${CMAKE_PREFIX_PATH}:/opt/ros/humble /usr/bin/cmake --install /rm_version/build/rm_gimbal_description
[0.316s] DEBUG:colcon.colcon_core.event_handler.log_command:Invoked command in '/rm_version/build/start_directory' returned '0': CMAKE_PREFIX_PATH=${CMAKE_PREFIX_PATH}:/opt/ros/humble /usr/bin/cmake --build /rm_version/build/start_directory -- -j20 -l20
[0.322s] Level 1:colcon.colcon_core.environment:create_environment_scripts_only(rm_gimbal_description)
[0.323s] DEBUG:colcon.colcon_core.event_handler.log_command:Invoked command in '/rm_version/build/ros2_static_tf_node' returned '0': CMAKE_PREFIX_PATH=${CMAKE_PREFIX_PATH}:/opt/ros/humble /usr/bin/cmake --build /rm_version/build/ros2_static_tf_node -- -j20 -l20
[0.323s] DEBUG:colcon.colcon_core.event_handler.log_command:Invoked command in '/rm_version/build/rm_gimbal_description' returned '0': CMAKE_PREFIX_PATH=${CMAKE_PREFIX_PATH}:/opt/ros/humble /usr/bin/cmake --install /rm_version/build/rm_gimbal_description
[0.327s] Level 1:colcon.colcon_core.environment:checking '/rm_version/install/rm_gimbal_description' for CMake module files
[0.327s] Level 1:colcon.colcon_core.environment:checking '/rm_version/install/rm_gimbal_description' for CMake config files
[0.327s] Level 1:colcon.colcon_core.shell:create_environment_hook('rm_gimbal_description', 'cmake_prefix_path')
[0.328s] INFO:colcon.colcon_core.shell:Creating environment hook '/rm_version/install/rm_gimbal_description/share/rm_gimbal_description/hook/cmake_prefix_path.ps1'
[0.329s] INFO:colcon.colcon_core.shell:Creating environment descriptor '/rm_version/install/rm_gimbal_description/share/rm_gimbal_description/hook/cmake_prefix_path.dsv'
[0.329s] INFO:colcon.colcon_core.shell:Creating environment hook '/rm_version/install/rm_gimbal_description/share/rm_gimbal_description/hook/cmake_prefix_path.sh'
[0.330s] Level 1:colcon.colcon_core.environment:checking '/rm_version/install/rm_gimbal_description/bin'
[0.330s] Level 1:colcon.colcon_core.environment:checking '/rm_version/install/rm_gimbal_description/lib/pkgconfig/rm_gimbal_description.pc'
[0.331s] Level 1:colcon.colcon_core.environment:checking '/rm_version/install/rm_gimbal_description/lib/python3.10/site-packages'
[0.331s] Level 1:colcon.colcon_core.environment:checking '/rm_version/install/rm_gimbal_description/bin'
[0.332s] INFO:colcon.colcon_core.shell:Creating package script '/rm_version/install/rm_gimbal_description/share/rm_gimbal_description/package.ps1'
[0.333s] INFO:colcon.colcon_core.shell:Creating package descriptor '/rm_version/install/rm_gimbal_description/share/rm_gimbal_description/package.dsv'
[0.333s] INFO:colcon.colcon_core.shell:Creating package script '/rm_version/install/rm_gimbal_description/share/rm_gimbal_description/package.sh'
[0.333s] INFO:colcon.colcon_core.shell:Creating package script '/rm_version/install/rm_gimbal_description/share/rm_gimbal_description/package.bash'
[0.334s] INFO:colcon.colcon_core.shell:Creating package script '/rm_version/install/rm_gimbal_description/share/rm_gimbal_description/package.zsh'
[0.334s] Level 1:colcon.colcon_core.environment:create_file_with_runtime_dependencies(/rm_version/install/rm_gimbal_description/share/colcon-core/packages/rm_gimbal_description)
[0.338s] DEBUG:colcon.colcon_core.event_handler.log_command:Invoking command in '/rm_version/build/start_directory': CMAKE_PREFIX_PATH=${CMAKE_PREFIX_PATH}:/opt/ros/humble /usr/bin/cmake --install /rm_version/build/start_directory
[0.340s] DEBUG:colcon.colcon_core.event_handler.log_command:Invoking command in '/rm_version/build/ros2_static_tf_node': CMAKE_PREFIX_PATH=${CMAKE_PREFIX_PATH}:/opt/ros/humble /usr/bin/cmake --install /rm_version/build/ros2_static_tf_node
[0.342s] DEBUG:colcon.colcon_core.event_handler.log_command:Invoked command in '/rm_version/build/ros2_video' returned '0': CMAKE_PREFIX_PATH=${CMAKE_PREFIX_PATH}:/opt/ros/humble /usr/bin/cmake --build /rm_version/build/ros2_video -- -j20 -l20
[0.347s] Level 1:colcon.colcon_core.environment:create_environment_scripts_only(start_directory)
[0.348s] Level 1:colcon.colcon_core.environment:checking '/rm_version/install/start_directory' for CMake module files
[0.350s] Level 1:colcon.colcon_core.environment:checking '/rm_version/install/start_directory' for CMake config files
[0.352s] Level 1:colcon.colcon_core.shell:create_environment_hook('start_directory', 'cmake_prefix_path')
[0.353s] INFO:colcon.colcon_core.shell:Creating environment hook '/rm_version/install/start_directory/share/start_directory/hook/cmake_prefix_path.ps1'
[0.354s] INFO:colcon.colcon_core.shell:Creating environment descriptor '/rm_version/install/start_directory/share/start_directory/hook/cmake_prefix_path.dsv'
[0.354s] INFO:colcon.colcon_core.shell:Creating environment hook '/rm_version/install/start_directory/share/start_directory/hook/cmake_prefix_path.sh'
[0.355s] DEBUG:colcon.colcon_core.event_handler.log_command:Invoked command in '/rm_version/build/start_directory' returned '0': CMAKE_PREFIX_PATH=${CMAKE_PREFIX_PATH}:/opt/ros/humble /usr/bin/cmake --install /rm_version/build/start_directory
[0.355s] Level 1:colcon.colcon_core.environment:checking '/rm_version/install/start_directory/bin'
[0.355s] Level 1:colcon.colcon_core.environment:checking '/rm_version/install/start_directory/lib/pkgconfig/start_directory.pc'
[0.355s] Level 1:colcon.colcon_core.environment:checking '/rm_version/install/start_directory/lib/python3.10/site-packages'
[0.355s] Level 1:colcon.colcon_core.environment:checking '/rm_version/install/start_directory/bin'
[0.356s] INFO:colcon.colcon_core.shell:Creating package script '/rm_version/install/start_directory/share/start_directory/package.ps1'
[0.357s] INFO:colcon.colcon_core.shell:Creating package descriptor '/rm_version/install/start_directory/share/start_directory/package.dsv'
[0.357s] INFO:colcon.colcon_core.shell:Creating package script '/rm_version/install/start_directory/share/start_directory/package.sh'
[0.357s] INFO:colcon.colcon_core.shell:Creating package script '/rm_version/install/start_directory/share/start_directory/package.bash'
[0.357s] INFO:colcon.colcon_core.shell:Creating package script '/rm_version/install/start_directory/share/start_directory/package.zsh'
[0.357s] Level 1:colcon.colcon_core.environment:create_file_with_runtime_dependencies(/rm_version/install/start_directory/share/colcon-core/packages/start_directory)
[0.358s] Level 1:colcon.colcon_core.environment:create_environment_scripts_only(ros2_static_tf_node)
[0.360s] Level 1:colcon.colcon_core.environment:checking '/rm_version/install/ros2_static_tf_node' for CMake module files
[0.360s] DEBUG:colcon.colcon_core.event_handler.log_command:Invoked command in '/rm_version/build/ros2_static_tf_node' returned '0': CMAKE_PREFIX_PATH=${CMAKE_PREFIX_PATH}:/opt/ros/humble /usr/bin/cmake --install /rm_version/build/ros2_static_tf_node
[0.361s] Level 1:colcon.colcon_core.environment:checking '/rm_version/install/ros2_static_tf_node' for CMake config files
[0.361s] Level 1:colcon.colcon_core.shell:create_environment_hook('ros2_static_tf_node', 'cmake_prefix_path')
[0.362s] INFO:colcon.colcon_core.shell:Creating environment hook '/rm_version/install/ros2_static_tf_node/share/ros2_static_tf_node/hook/cmake_prefix_path.ps1'
[0.362s] INFO:colcon.colcon_core.shell:Creating environment descriptor '/rm_version/install/ros2_static_tf_node/share/ros2_static_tf_node/hook/cmake_prefix_path.dsv'
[0.362s] INFO:colcon.colcon_core.shell:Creating environment hook '/rm_version/install/ros2_static_tf_node/share/ros2_static_tf_node/hook/cmake_prefix_path.sh'
[0.362s] Level 1:colcon.colcon_core.environment:checking '/rm_version/install/ros2_static_tf_node/lib'
[0.363s] Level 1:colcon.colcon_core.environment:checking '/rm_version/install/ros2_static_tf_node/bin'
[0.363s] Level 1:colcon.colcon_core.environment:checking '/rm_version/install/ros2_static_tf_node/lib/pkgconfig/ros2_static_tf_node.pc'
[0.363s] Level 1:colcon.colcon_core.environment:checking '/rm_version/install/ros2_static_tf_node/lib/python3.10/site-packages'
[0.363s] Level 1:colcon.colcon_core.environment:checking '/rm_version/install/ros2_static_tf_node/bin'
[0.364s] INFO:colcon.colcon_core.shell:Creating package script '/rm_version/install/ros2_static_tf_node/share/ros2_static_tf_node/package.ps1'
[0.364s] INFO:colcon.colcon_core.shell:Creating package descriptor '/rm_version/install/ros2_static_tf_node/share/ros2_static_tf_node/package.dsv'
[0.365s] INFO:colcon.colcon_core.shell:Creating package script '/rm_version/install/ros2_static_tf_node/share/ros2_static_tf_node/package.sh'
[0.366s] INFO:colcon.colcon_core.shell:Creating package script '/rm_version/install/ros2_static_tf_node/share/ros2_static_tf_node/package.bash'
[0.366s] INFO:colcon.colcon_core.shell:Creating package script '/rm_version/install/ros2_static_tf_node/share/ros2_static_tf_node/package.zsh'
[0.366s] Level 1:colcon.colcon_core.environment:create_file_with_runtime_dependencies(/rm_version/install/ros2_static_tf_node/share/colcon-core/packages/ros2_static_tf_node)
[0.368s] Level 1:colcon.colcon_core.environment:create_environment_scripts_only(rm_gimbal_description)
[0.369s] Level 1:colcon.colcon_core.environment:checking '/rm_version/install/rm_gimbal_description' for CMake module files
[0.369s] Level 1:colcon.colcon_core.environment:checking '/rm_version/install/rm_gimbal_description' for CMake config files
[0.369s] Level 1:colcon.colcon_core.shell:create_environment_hook('rm_gimbal_description', 'cmake_prefix_path')
[0.370s] INFO:colcon.colcon_core.shell:Creating environment hook '/rm_version/install/rm_gimbal_description/share/rm_gimbal_description/hook/cmake_prefix_path.ps1'
[0.370s] INFO:colcon.colcon_core.shell:Creating environment descriptor '/rm_version/install/rm_gimbal_description/share/rm_gimbal_description/hook/cmake_prefix_path.dsv'
[0.370s] INFO:colcon.colcon_core.shell:Creating environment hook '/rm_version/install/rm_gimbal_description/share/rm_gimbal_description/hook/cmake_prefix_path.sh'
[0.370s] Level 1:colcon.colcon_core.environment:checking '/rm_version/install/rm_gimbal_description/bin'
[0.371s] Level 1:colcon.colcon_core.environment:checking '/rm_version/install/rm_gimbal_description/lib/pkgconfig/rm_gimbal_description.pc'
[0.371s] Level 1:colcon.colcon_core.environment:checking '/rm_version/install/rm_gimbal_description/lib/python3.10/site-packages'
[0.371s] Level 1:colcon.colcon_core.environment:checking '/rm_version/install/rm_gimbal_description/bin'
[0.372s] INFO:colcon.colcon_core.shell:Creating package script '/rm_version/install/rm_gimbal_description/share/rm_gimbal_description/package.ps1'
[0.372s] INFO:colcon.colcon_core.shell:Creating package descriptor '/rm_version/install/rm_gimbal_description/share/rm_gimbal_description/package.dsv'
[0.372s] INFO:colcon.colcon_core.shell:Creating package script '/rm_version/install/rm_gimbal_description/share/rm_gimbal_description/package.sh'
[0.373s] INFO:colcon.colcon_core.shell:Creating package script '/rm_version/install/rm_gimbal_description/share/rm_gimbal_description/package.bash'
[0.373s] INFO:colcon.colcon_core.shell:Creating package script '/rm_version/install/rm_gimbal_description/share/rm_gimbal_description/package.zsh'
[0.373s] Level 1:colcon.colcon_core.environment:create_file_with_runtime_dependencies(/rm_version/install/rm_gimbal_description/share/colcon-core/packages/rm_gimbal_description)
[0.376s] Level 1:colcon.colcon_core.environment:create_environment_scripts_only(start_directory)
[0.377s] Level 1:colcon.colcon_core.environment:checking '/rm_version/install/start_directory' for CMake module files
[0.379s] Level 1:colcon.colcon_core.environment:checking '/rm_version/install/start_directory' for CMake config files
[0.379s] DEBUG:colcon.colcon_core.event_handler.log_command:Invoking command in '/rm_version/build/ros2_video': CMAKE_PREFIX_PATH=${CMAKE_PREFIX_PATH}:/opt/ros/humble /usr/bin/cmake --install /rm_version/build/ros2_video
[0.382s] Level 1:colcon.colcon_core.shell:create_environment_hook('start_directory', 'cmake_prefix_path')
[0.383s] INFO:colcon.colcon_core.shell:Creating environment hook '/rm_version/install/start_directory/share/start_directory/hook/cmake_prefix_path.ps1'
[0.383s] INFO:colcon.colcon_core.shell:Creating environment descriptor '/rm_version/install/start_directory/share/start_directory/hook/cmake_prefix_path.dsv'
[0.384s] INFO:colcon.colcon_core.shell:Creating environment hook '/rm_version/install/start_directory/share/start_directory/hook/cmake_prefix_path.sh'
[0.384s] Level 1:colcon.colcon_core.environment:checking '/rm_version/install/start_directory/bin'
[0.384s] Level 1:colcon.colcon_core.environment:checking '/rm_version/install/start_directory/lib/pkgconfig/start_directory.pc'
[0.384s] Level 1:colcon.colcon_core.environment:checking '/rm_version/install/start_directory/lib/python3.10/site-packages'
[0.384s] Level 1:colcon.colcon_core.environment:checking '/rm_version/install/start_directory/bin'
[0.385s] INFO:colcon.colcon_core.shell:Creating package script '/rm_version/install/start_directory/share/start_directory/package.ps1'
[0.385s] INFO:colcon.colcon_core.shell:Creating package descriptor '/rm_version/install/start_directory/share/start_directory/package.dsv'
[0.386s] INFO:colcon.colcon_core.shell:Creating package script '/rm_version/install/start_directory/share/start_directory/package.sh'
[0.386s] INFO:colcon.colcon_core.shell:Creating package script '/rm_version/install/start_directory/share/start_directory/package.bash'
[0.386s] INFO:colcon.colcon_core.shell:Creating package script '/rm_version/install/start_directory/share/start_directory/package.zsh'
[0.386s] Level 1:colcon.colcon_core.environment:create_file_with_runtime_dependencies(/rm_version/install/start_directory/share/colcon-core/packages/start_directory)
[0.388s] Level 1:colcon.colcon_core.environment:create_environment_scripts_only(ros2_static_tf_node)
[0.389s] Level 1:colcon.colcon_core.environment:checking '/rm_version/install/ros2_static_tf_node' for CMake module files
[0.389s] Level 1:colcon.colcon_core.environment:checking '/rm_version/install/ros2_static_tf_node' for CMake config files
[0.389s] Level 1:colcon.colcon_core.shell:create_environment_hook('ros2_static_tf_node', 'cmake_prefix_path')
[0.390s] INFO:colcon.colcon_core.shell:Creating environment hook '/rm_version/install/ros2_static_tf_node/share/ros2_static_tf_node/hook/cmake_prefix_path.ps1'
[0.390s] INFO:colcon.colcon_core.shell:Creating environment descriptor '/rm_version/install/ros2_static_tf_node/share/ros2_static_tf_node/hook/cmake_prefix_path.dsv'
[0.391s] INFO:colcon.colcon_core.shell:Creating environment hook '/rm_version/install/ros2_static_tf_node/share/ros2_static_tf_node/hook/cmake_prefix_path.sh'
[0.391s] Level 1:colcon.colcon_core.environment:checking '/rm_version/install/ros2_static_tf_node/lib'
[0.391s] Level 1:colcon.colcon_core.environment:checking '/rm_version/install/ros2_static_tf_node/bin'
[0.391s] Level 1:colcon.colcon_core.environment:checking '/rm_version/install/ros2_static_tf_node/lib/pkgconfig/ros2_static_tf_node.pc'
[0.391s] Level 1:colcon.colcon_core.environment:checking '/rm_version/install/ros2_static_tf_node/lib/python3.10/site-packages'
[0.391s] Level 1:colcon.colcon_core.environment:checking '/rm_version/install/ros2_static_tf_node/bin'
[0.392s] INFO:colcon.colcon_core.shell:Creating package script '/rm_version/install/ros2_static_tf_node/share/ros2_static_tf_node/package.ps1'
[0.392s] INFO:colcon.colcon_core.shell:Creating package descriptor '/rm_version/install/ros2_static_tf_node/share/ros2_static_tf_node/package.dsv'
[0.393s] INFO:colcon.colcon_core.shell:Creating package script '/rm_version/install/ros2_static_tf_node/share/ros2_static_tf_node/package.sh'
[0.393s] INFO:colcon.colcon_core.shell:Creating package script '/rm_version/install/ros2_static_tf_node/share/ros2_static_tf_node/package.bash'
[0.393s] INFO:colcon.colcon_core.shell:Creating package script '/rm_version/install/ros2_static_tf_node/share/ros2_static_tf_node/package.zsh'
[0.393s] Level 1:colcon.colcon_core.environment:create_file_with_runtime_dependencies(/rm_version/install/ros2_static_tf_node/share/colcon-core/packages/ros2_static_tf_node)
[0.394s] Level 1:colcon.colcon_core.environment:create_environment_scripts_only(ros2_video)
[0.396s] Level 1:colcon.colcon_core.environment:checking '/rm_version/install/ros2_video' for CMake module files
[0.397s] DEBUG:colcon.colcon_core.event_handler.log_command:Invoked command in '/rm_version/build/ros2_video' returned '0': CMAKE_PREFIX_PATH=${CMAKE_PREFIX_PATH}:/opt/ros/humble /usr/bin/cmake --install /rm_version/build/ros2_video
[0.397s] Level 1:colcon.colcon_core.environment:checking '/rm_version/install/ros2_video' for CMake config files
[0.397s] Level 1:colcon.colcon_core.shell:create_environment_hook('ros2_video', 'cmake_prefix_path')
[0.398s] INFO:colcon.colcon_core.shell:Creating environment hook '/rm_version/install/ros2_video/share/ros2_video/hook/cmake_prefix_path.ps1'
[0.398s] INFO:colcon.colcon_core.shell:Creating environment descriptor '/rm_version/install/ros2_video/share/ros2_video/hook/cmake_prefix_path.dsv'
[0.399s] INFO:colcon.colcon_core.shell:Creating environment hook '/rm_version/install/ros2_video/share/ros2_video/hook/cmake_prefix_path.sh'
[0.399s] Level 1:colcon.colcon_core.environment:checking '/rm_version/install/ros2_video/lib'
[0.399s] Level 1:colcon.colcon_core.shell:create_environment_hook('ros2_video', 'ld_library_path_lib')
[0.400s] INFO:colcon.colcon_core.shell:Creating environment hook '/rm_version/install/ros2_video/share/ros2_video/hook/ld_library_path_lib.ps1'
[0.400s] INFO:colcon.colcon_core.shell:Creating environment descriptor '/rm_version/install/ros2_video/share/ros2_video/hook/ld_library_path_lib.dsv'
[0.400s] INFO:colcon.colcon_core.shell:Creating environment hook '/rm_version/install/ros2_video/share/ros2_video/hook/ld_library_path_lib.sh'
[0.400s] Level 1:colcon.colcon_core.environment:checking '/rm_version/install/ros2_video/bin'
[0.401s] Level 1:colcon.colcon_core.environment:checking '/rm_version/install/ros2_video/lib/pkgconfig/ros2_video.pc'
[0.401s] Level 1:colcon.colcon_core.environment:checking '/rm_version/install/ros2_video/lib/python3.10/site-packages'
[0.401s] Level 1:colcon.colcon_core.environment:checking '/rm_version/install/ros2_video/bin'
[0.402s] INFO:colcon.colcon_core.shell:Creating package script '/rm_version/install/ros2_video/share/ros2_video/package.ps1'
[0.402s] INFO:colcon.colcon_core.shell:Creating package descriptor '/rm_version/install/ros2_video/share/ros2_video/package.dsv'
[0.402s] INFO:colcon.colcon_core.shell:Creating package script '/rm_version/install/ros2_video/share/ros2_video/package.sh'
[0.402s] INFO:colcon.colcon_core.shell:Creating package script '/rm_version/install/ros2_video/share/ros2_video/package.bash'
[0.403s] INFO:colcon.colcon_core.shell:Creating package script '/rm_version/install/ros2_video/share/ros2_video/package.zsh'
[0.403s] Level 1:colcon.colcon_core.environment:create_file_with_runtime_dependencies(/rm_version/install/ros2_video/share/colcon-core/packages/ros2_video)
[0.420s] Level 1:colcon.colcon_core.environment:create_environment_scripts_only(ros2_video)
[0.421s] Level 1:colcon.colcon_core.environment:checking '/rm_version/install/ros2_video' for CMake module files
[0.422s] Level 1:colcon.colcon_core.environment:checking '/rm_version/install/ros2_video' for CMake config files
[0.422s] Level 1:colcon.colcon_core.shell:create_environment_hook('ros2_video', 'cmake_prefix_path')
[0.423s] INFO:colcon.colcon_core.shell:Creating environment hook '/rm_version/install/ros2_video/share/ros2_video/hook/cmake_prefix_path.ps1'
[0.423s] INFO:colcon.colcon_core.shell:Creating environment descriptor '/rm_version/install/ros2_video/share/ros2_video/hook/cmake_prefix_path.dsv'
[0.423s] INFO:colcon.colcon_core.shell:Creating environment hook '/rm_version/install/ros2_video/share/ros2_video/hook/cmake_prefix_path.sh'
[0.423s] Level 1:colcon.colcon_core.environment:checking '/rm_version/install/ros2_video/lib'
[0.423s] Level 1:colcon.colcon_core.shell:create_environment_hook('ros2_video', 'ld_library_path_lib')
[0.424s] INFO:colcon.colcon_core.shell:Creating environment hook '/rm_version/install/ros2_video/share/ros2_video/hook/ld_library_path_lib.ps1'
[0.424s] INFO:colcon.colcon_core.shell:Creating environment descriptor '/rm_version/install/ros2_video/share/ros2_video/hook/ld_library_path_lib.dsv'
[0.425s] INFO:colcon.colcon_core.shell:Creating environment hook '/rm_version/install/ros2_video/share/ros2_video/hook/ld_library_path_lib.sh'
[0.425s] Level 1:colcon.colcon_core.environment:checking '/rm_version/install/ros2_video/bin'
[0.425s] Level 1:colcon.colcon_core.environment:checking '/rm_version/install/ros2_video/lib/pkgconfig/ros2_video.pc'
[0.425s] Level 1:colcon.colcon_core.environment:checking '/rm_version/install/ros2_video/lib/python3.10/site-packages'
[0.425s] Level 1:colcon.colcon_core.environment:checking '/rm_version/install/ros2_video/bin'
[0.426s] INFO:colcon.colcon_core.shell:Creating package script '/rm_version/install/ros2_video/share/ros2_video/package.ps1'
[0.426s] INFO:colcon.colcon_core.shell:Creating package descriptor '/rm_version/install/ros2_video/share/ros2_video/package.dsv'
[0.427s] INFO:colcon.colcon_core.shell:Creating package script '/rm_version/install/ros2_video/share/ros2_video/package.sh'
[0.427s] INFO:colcon.colcon_core.shell:Creating package script '/rm_version/install/ros2_video/share/ros2_video/package.bash'
[0.427s] INFO:colcon.colcon_core.shell:Creating package script '/rm_version/install/ros2_video/share/ros2_video/package.zsh'
[0.427s] Level 1:colcon.colcon_core.environment:create_file_with_runtime_dependencies(/rm_version/install/ros2_video/share/colcon-core/packages/ros2_video)
[0.441s] DEBUG:colcon.colcon_core.event_handler.log_command:Invoked command in '/rm_version/build/rm_msg_interfaces' returned '0': CMAKE_PREFIX_PATH=${CMAKE_PREFIX_PATH}:/opt/ros/humble /usr/bin/cmake --build /rm_version/build/rm_msg_interfaces -- -j20 -l20
[0.488s] DEBUG:colcon.colcon_core.event_handler.log_command:Invoking command in '/rm_version/build/rm_msg_interfaces': CMAKE_PREFIX_PATH=${CMAKE_PREFIX_PATH}:/opt/ros/humble /usr/bin/cmake --install /rm_version/build/rm_msg_interfaces
[0.519s] Level 1:colcon.colcon_core.environment:create_environment_scripts_only(rm_msg_interfaces)
[0.520s] DEBUG:colcon.colcon_core.event_handler.log_command:Invoked command in '/rm_version/build/rm_msg_interfaces' returned '0': CMAKE_PREFIX_PATH=${CMAKE_PREFIX_PATH}:/opt/ros/humble /usr/bin/cmake --install /rm_version/build/rm_msg_interfaces
[0.521s] Level 1:colcon.colcon_core.environment:checking '/rm_version/install/rm_msg_interfaces' for CMake module files
[0.522s] Level 1:colcon.colcon_core.environment:checking '/rm_version/install/rm_msg_interfaces' for CMake config files
[0.522s] Level 1:colcon.colcon_core.shell:create_environment_hook('rm_msg_interfaces', 'cmake_prefix_path')
[0.522s] INFO:colcon.colcon_core.shell:Creating environment hook '/rm_version/install/rm_msg_interfaces/share/rm_msg_interfaces/hook/cmake_prefix_path.ps1'
[0.523s] INFO:colcon.colcon_core.shell:Creating environment descriptor '/rm_version/install/rm_msg_interfaces/share/rm_msg_interfaces/hook/cmake_prefix_path.dsv'
[0.523s] INFO:colcon.colcon_core.shell:Creating environment hook '/rm_version/install/rm_msg_interfaces/share/rm_msg_interfaces/hook/cmake_prefix_path.sh'
[0.523s] Level 1:colcon.colcon_core.environment:checking '/rm_version/install/rm_msg_interfaces/lib'
[0.523s] Level 1:colcon.colcon_core.shell:create_environment_hook('rm_msg_interfaces', 'ld_library_path_lib')
[0.524s] INFO:colcon.colcon_core.shell:Creating environment hook '/rm_version/install/rm_msg_interfaces/share/rm_msg_interfaces/hook/ld_library_path_lib.ps1'
[0.524s] INFO:colcon.colcon_core.shell:Creating environment descriptor '/rm_version/install/rm_msg_interfaces/share/rm_msg_interfaces/hook/ld_library_path_lib.dsv'
[0.524s] INFO:colcon.colcon_core.shell:Creating environment hook '/rm_version/install/rm_msg_interfaces/share/rm_msg_interfaces/hook/ld_library_path_lib.sh'
[0.524s] Level 1:colcon.colcon_core.environment:checking '/rm_version/install/rm_msg_interfaces/bin'
[0.524s] Level 1:colcon.colcon_core.environment:checking '/rm_version/install/rm_msg_interfaces/lib/pkgconfig/rm_msg_interfaces.pc'
[0.525s] Level 1:colcon.colcon_core.environment:checking '/rm_version/install/rm_msg_interfaces/lib/python3.10/site-packages'
[0.525s] Level 1:colcon.colcon_core.environment:checking '/rm_version/install/rm_msg_interfaces/bin'
[0.526s] INFO:colcon.colcon_core.shell:Creating package script '/rm_version/install/rm_msg_interfaces/share/rm_msg_interfaces/package.ps1'
[0.526s] INFO:colcon.colcon_core.shell:Creating package descriptor '/rm_version/install/rm_msg_interfaces/share/rm_msg_interfaces/package.dsv'
[0.526s] INFO:colcon.colcon_core.shell:Creating package script '/rm_version/install/rm_msg_interfaces/share/rm_msg_interfaces/package.sh'
[0.526s] INFO:colcon.colcon_core.shell:Creating package script '/rm_version/install/rm_msg_interfaces/share/rm_msg_interfaces/package.bash'
[0.527s] INFO:colcon.colcon_core.shell:Creating package script '/rm_version/install/rm_msg_interfaces/share/rm_msg_interfaces/package.zsh'
[0.527s] Level 1:colcon.colcon_core.environment:create_file_with_runtime_dependencies(/rm_version/install/rm_msg_interfaces/share/colcon-core/packages/rm_msg_interfaces)
[0.575s] Level 1:colcon.colcon_core.environment:create_environment_scripts_only(rm_msg_interfaces)
[0.576s] Level 1:colcon.colcon_core.environment:checking '/rm_version/install/rm_msg_interfaces' for CMake module files
[0.576s] Level 1:colcon.colcon_core.environment:checking '/rm_version/install/rm_msg_interfaces' for CMake config files
[0.576s] Level 1:colcon.colcon_core.shell:create_environment_hook('rm_msg_interfaces', 'cmake_prefix_path')
[0.577s] INFO:colcon.colcon_core.shell:Creating environment hook '/rm_version/install/rm_msg_interfaces/share/rm_msg_interfaces/hook/cmake_prefix_path.ps1'
[0.577s] INFO:colcon.colcon_core.shell:Creating environment descriptor '/rm_version/install/rm_msg_interfaces/share/rm_msg_interfaces/hook/cmake_prefix_path.dsv'
[0.578s] INFO:colcon.colcon_core.shell:Creating environment hook '/rm_version/install/rm_msg_interfaces/share/rm_msg_interfaces/hook/cmake_prefix_path.sh'
[0.578s] Level 1:colcon.colcon_core.environment:checking '/rm_version/install/rm_msg_interfaces/lib'
[0.578s] Level 1:colcon.colcon_core.shell:create_environment_hook('rm_msg_interfaces', 'ld_library_path_lib')
[0.579s] INFO:colcon.colcon_core.shell:Creating environment hook '/rm_version/install/rm_msg_interfaces/share/rm_msg_interfaces/hook/ld_library_path_lib.ps1'
[0.579s] INFO:colcon.colcon_core.shell:Creating environment descriptor '/rm_version/install/rm_msg_interfaces/share/rm_msg_interfaces/hook/ld_library_path_lib.dsv'
[0.579s] INFO:colcon.colcon_core.shell:Creating environment hook '/rm_version/install/rm_msg_interfaces/share/rm_msg_interfaces/hook/ld_library_path_lib.sh'
[0.579s] Level 1:colcon.colcon_core.environment:checking '/rm_version/install/rm_msg_interfaces/bin'
[0.579s] Level 1:colcon.colcon_core.environment:checking '/rm_version/install/rm_msg_interfaces/lib/pkgconfig/rm_msg_interfaces.pc'
[0.579s] Level 1:colcon.colcon_core.environment:checking '/rm_version/install/rm_msg_interfaces/lib/python3.10/site-packages'
[0.579s] Level 1:colcon.colcon_core.environment:checking '/rm_version/install/rm_msg_interfaces/bin'
[0.580s] INFO:colcon.colcon_core.shell:Creating package script '/rm_version/install/rm_msg_interfaces/share/rm_msg_interfaces/package.ps1'
[0.581s] INFO:colcon.colcon_core.shell:Creating package descriptor '/rm_version/install/rm_msg_interfaces/share/rm_msg_interfaces/package.dsv'
[0.581s] INFO:colcon.colcon_core.shell:Creating package script '/rm_version/install/rm_msg_interfaces/share/rm_msg_interfaces/package.sh'
[0.581s] INFO:colcon.colcon_core.shell:Creating package script '/rm_version/install/rm_msg_interfaces/share/rm_msg_interfaces/package.bash'
[0.581s] INFO:colcon.colcon_core.shell:Creating package script '/rm_version/install/rm_msg_interfaces/share/rm_msg_interfaces/package.zsh'
[0.581s] Level 1:colcon.colcon_core.environment:create_file_with_runtime_dependencies(/rm_version/install/rm_msg_interfaces/share/colcon-core/packages/rm_msg_interfaces)
[0.582s] INFO:colcon.colcon_ros.task.ament_cmake.build:Building ROS package in '/rm_version/src/rm_detector' with build type 'ament_cmake'
[0.582s] INFO:colcon.colcon_cmake.task.cmake.build:Building CMake package in '/rm_version/src/rm_detector'
[0.583s] INFO:colcon.colcon_core.shell:Skip shell extension 'powershell' for command environment: Not usable outside of PowerShell
[0.583s] DEBUG:colcon.colcon_core.shell:Skip shell extension 'dsv' for command environment
[0.586s] INFO:colcon.colcon_ros.task.ament_cmake.build:Building ROS package in '/rm_version/src/rm_tracker' with build type 'ament_cmake'
[0.586s] INFO:colcon.colcon_cmake.task.cmake.build:Building CMake package in '/rm_version/src/rm_tracker'
[0.587s] INFO:colcon.colcon_core.shell:Skip shell extension 'powershell' for command environment: Not usable outside of PowerShell
[0.587s] DEBUG:colcon.colcon_core.shell:Skip shell extension 'dsv' for command environment
[0.593s] DEBUG:colcon.colcon_core.event_handler.log_command:Invoking command in '/rm_version/build/rm_detector': CMAKE_PREFIX_PATH=/rm_version/install/rm_msg_interfaces:/rm_version/install/start_dirtectory:/rm_version/install/start_directory:/rm_version/install/ros2_video:/rm_version/install/ros2_static_tf_node:/rm_version/install/rm_tracker:/rm_version/install/rm_detector:/rm_version/install/rm_gimbal_description:/ros_ws/install/ros2_video:/ros_ws/install/rm_vision_bringup:/ros_ws/install/rm_serial_driver:/ros_ws/install/rm_gimbal_description:/ros_ws/install/rm_auto_aim:/ros_ws/install/mindvision_camera:/ros_ws/install/hik_camera:/ros_ws/install/armor_tracker:/ros_ws/install/armor_detector:/ros_ws/install/auto_aim_interfaces:/opt/ros/humble LD_LIBRARY_PATH=/rm_version/install/rm_msg_interfaces/lib:/rm_version/install/ros2_video/lib:/rm_version/install/rm_tracker/lib:/rm_version/install/rm_detector/lib:/ros_ws/install/ros2_video/lib:/ros_ws/install/rm_serial_driver/lib:/ros_ws/install/mindvision_camera/lib:/ros_ws/install/hik_camera/lib:/ros_ws/install/armor_tracker/lib:/ros_ws/install/armor_detector/lib:/ros_ws/install/auto_aim_interfaces/lib:/opt/ros/humble/lib/x86_64-linux-gnu:/opt/ros/humble/lib /usr/bin/cmake --build /rm_version/build/rm_detector -- -j20 -l20
[0.596s] DEBUG:colcon.colcon_core.event_handler.log_command:Invoking command in '/rm_version/build/rm_tracker': CMAKE_PREFIX_PATH=/rm_version/install/rm_msg_interfaces:/rm_version/install/start_dirtectory:/rm_version/install/start_directory:/rm_version/install/ros2_video:/rm_version/install/ros2_static_tf_node:/rm_version/install/rm_tracker:/rm_version/install/rm_detector:/rm_version/install/rm_gimbal_description:/ros_ws/install/ros2_video:/ros_ws/install/rm_vision_bringup:/ros_ws/install/rm_serial_driver:/ros_ws/install/rm_gimbal_description:/ros_ws/install/rm_auto_aim:/ros_ws/install/mindvision_camera:/ros_ws/install/hik_camera:/ros_ws/install/armor_tracker:/ros_ws/install/armor_detector:/ros_ws/install/auto_aim_interfaces:/opt/ros/humble LD_LIBRARY_PATH=/rm_version/install/rm_msg_interfaces/lib:/rm_version/install/ros2_video/lib:/rm_version/install/rm_tracker/lib:/rm_version/install/rm_detector/lib:/ros_ws/install/ros2_video/lib:/ros_ws/install/rm_serial_driver/lib:/ros_ws/install/mindvision_camera/lib:/ros_ws/install/hik_camera/lib:/ros_ws/install/armor_tracker/lib:/ros_ws/install/armor_detector/lib:/ros_ws/install/auto_aim_interfaces/lib:/opt/ros/humble/lib/x86_64-linux-gnu:/opt/ros/humble/lib /usr/bin/cmake --build /rm_version/build/rm_tracker -- -j20 -l20
[0.634s] DEBUG:colcon.colcon_core.event_handler.log_command:Invoked command in '/rm_version/build/rm_tracker' returned '0': CMAKE_PREFIX_PATH=/rm_version/install/rm_msg_interfaces:/rm_version/install/start_dirtectory:/rm_version/install/start_directory:/rm_version/install/ros2_video:/rm_version/install/ros2_static_tf_node:/rm_version/install/rm_tracker:/rm_version/install/rm_detector:/rm_version/install/rm_gimbal_description:/ros_ws/install/ros2_video:/ros_ws/install/rm_vision_bringup:/ros_ws/install/rm_serial_driver:/ros_ws/install/rm_gimbal_description:/ros_ws/install/rm_auto_aim:/ros_ws/install/mindvision_camera:/ros_ws/install/hik_camera:/ros_ws/install/armor_tracker:/ros_ws/install/armor_detector:/ros_ws/install/auto_aim_interfaces:/opt/ros/humble LD_LIBRARY_PATH=/rm_version/install/rm_msg_interfaces/lib:/rm_version/install/ros2_video/lib:/rm_version/install/rm_tracker/lib:/rm_version/install/rm_detector/lib:/ros_ws/install/ros2_video/lib:/ros_ws/install/rm_serial_driver/lib:/ros_ws/install/mindvision_camera/lib:/ros_ws/install/hik_camera/lib:/ros_ws/install/armor_tracker/lib:/ros_ws/install/armor_detector/lib:/ros_ws/install/auto_aim_interfaces/lib:/opt/ros/humble/lib/x86_64-linux-gnu:/opt/ros/humble/lib /usr/bin/cmake --build /rm_version/build/rm_tracker -- -j20 -l20
[0.640s] DEBUG:colcon.colcon_core.event_handler.log_command:Invoked command in '/rm_version/build/rm_detector' returned '0': CMAKE_PREFIX_PATH=/rm_version/install/rm_msg_interfaces:/rm_version/install/start_dirtectory:/rm_version/install/start_directory:/rm_version/install/ros2_video:/rm_version/install/ros2_static_tf_node:/rm_version/install/rm_tracker:/rm_version/install/rm_detector:/rm_version/install/rm_gimbal_description:/ros_ws/install/ros2_video:/ros_ws/install/rm_vision_bringup:/ros_ws/install/rm_serial_driver:/ros_ws/install/rm_gimbal_description:/ros_ws/install/rm_auto_aim:/ros_ws/install/mindvision_camera:/ros_ws/install/hik_camera:/ros_ws/install/armor_tracker:/ros_ws/install/armor_detector:/ros_ws/install/auto_aim_interfaces:/opt/ros/humble LD_LIBRARY_PATH=/rm_version/install/rm_msg_interfaces/lib:/rm_version/install/ros2_video/lib:/rm_version/install/rm_tracker/lib:/rm_version/install/rm_detector/lib:/ros_ws/install/ros2_video/lib:/ros_ws/install/rm_serial_driver/lib:/ros_ws/install/mindvision_camera/lib:/ros_ws/install/hik_camera/lib:/ros_ws/install/armor_tracker/lib:/ros_ws/install/armor_detector/lib:/ros_ws/install/auto_aim_interfaces/lib:/opt/ros/humble/lib/x86_64-linux-gnu:/opt/ros/humble/lib /usr/bin/cmake --build /rm_version/build/rm_detector -- -j20 -l20
[0.652s] DEBUG:colcon.colcon_core.event_handler.log_command:Invoking command in '/rm_version/build/rm_tracker': CMAKE_PREFIX_PATH=/rm_version/install/rm_msg_interfaces:/rm_version/install/start_dirtectory:/rm_version/install/start_directory:/rm_version/install/ros2_video:/rm_version/install/ros2_static_tf_node:/rm_version/install/rm_tracker:/rm_version/install/rm_detector:/rm_version/install/rm_gimbal_description:/ros_ws/install/ros2_video:/ros_ws/install/rm_vision_bringup:/ros_ws/install/rm_serial_driver:/ros_ws/install/rm_gimbal_description:/ros_ws/install/rm_auto_aim:/ros_ws/install/mindvision_camera:/ros_ws/install/hik_camera:/ros_ws/install/armor_tracker:/ros_ws/install/armor_detector:/ros_ws/install/auto_aim_interfaces:/opt/ros/humble LD_LIBRARY_PATH=/rm_version/install/rm_msg_interfaces/lib:/rm_version/install/ros2_video/lib:/rm_version/install/rm_tracker/lib:/rm_version/install/rm_detector/lib:/ros_ws/install/ros2_video/lib:/ros_ws/install/rm_serial_driver/lib:/ros_ws/install/mindvision_camera/lib:/ros_ws/install/hik_camera/lib:/ros_ws/install/armor_tracker/lib:/ros_ws/install/armor_detector/lib:/ros_ws/install/auto_aim_interfaces/lib:/opt/ros/humble/lib/x86_64-linux-gnu:/opt/ros/humble/lib /usr/bin/cmake --install /rm_version/build/rm_tracker
[0.659s] Level 1:colcon.colcon_core.environment:create_environment_scripts_only(rm_tracker)
[0.661s] Level 1:colcon.colcon_core.environment:checking '/rm_version/install/rm_tracker' for CMake module files
[0.664s] DEBUG:colcon.colcon_core.event_handler.log_command:Invoking command in '/rm_version/build/rm_detector': CMAKE_PREFIX_PATH=/rm_version/install/rm_msg_interfaces:/rm_version/install/start_dirtectory:/rm_version/install/start_directory:/rm_version/install/ros2_video:/rm_version/install/ros2_static_tf_node:/rm_version/install/rm_tracker:/rm_version/install/rm_detector:/rm_version/install/rm_gimbal_description:/ros_ws/install/ros2_video:/ros_ws/install/rm_vision_bringup:/ros_ws/install/rm_serial_driver:/ros_ws/install/rm_gimbal_description:/ros_ws/install/rm_auto_aim:/ros_ws/install/mindvision_camera:/ros_ws/install/hik_camera:/ros_ws/install/armor_tracker:/ros_ws/install/armor_detector:/ros_ws/install/auto_aim_interfaces:/opt/ros/humble LD_LIBRARY_PATH=/rm_version/install/rm_msg_interfaces/lib:/rm_version/install/ros2_video/lib:/rm_version/install/rm_tracker/lib:/rm_version/install/rm_detector/lib:/ros_ws/install/ros2_video/lib:/ros_ws/install/rm_serial_driver/lib:/ros_ws/install/mindvision_camera/lib:/ros_ws/install/hik_camera/lib:/ros_ws/install/armor_tracker/lib:/ros_ws/install/armor_detector/lib:/ros_ws/install/auto_aim_interfaces/lib:/opt/ros/humble/lib/x86_64-linux-gnu:/opt/ros/humble/lib /usr/bin/cmake --install /rm_version/build/rm_detector
[0.664s] DEBUG:colcon.colcon_core.event_handler.log_command:Invoked command in '/rm_version/build/rm_tracker' returned '0': CMAKE_PREFIX_PATH=/rm_version/install/rm_msg_interfaces:/rm_version/install/start_dirtectory:/rm_version/install/start_directory:/rm_version/install/ros2_video:/rm_version/install/ros2_static_tf_node:/rm_version/install/rm_tracker:/rm_version/install/rm_detector:/rm_version/install/rm_gimbal_description:/ros_ws/install/ros2_video:/ros_ws/install/rm_vision_bringup:/ros_ws/install/rm_serial_driver:/ros_ws/install/rm_gimbal_description:/ros_ws/install/rm_auto_aim:/ros_ws/install/mindvision_camera:/ros_ws/install/hik_camera:/ros_ws/install/armor_tracker:/ros_ws/install/armor_detector:/ros_ws/install/auto_aim_interfaces:/opt/ros/humble LD_LIBRARY_PATH=/rm_version/install/rm_msg_interfaces/lib:/rm_version/install/ros2_video/lib:/rm_version/install/rm_tracker/lib:/rm_version/install/rm_detector/lib:/ros_ws/install/ros2_video/lib:/ros_ws/install/rm_serial_driver/lib:/ros_ws/install/mindvision_camera/lib:/ros_ws/install/hik_camera/lib:/ros_ws/install/armor_tracker/lib:/ros_ws/install/armor_detector/lib:/ros_ws/install/auto_aim_interfaces/lib:/opt/ros/humble/lib/x86_64-linux-gnu:/opt/ros/humble/lib /usr/bin/cmake --install /rm_version/build/rm_tracker
[0.665s] Level 1:colcon.colcon_core.environment:checking '/rm_version/install/rm_tracker' for CMake config files
[0.668s] Level 1:colcon.colcon_core.shell:create_environment_hook('rm_tracker', 'cmake_prefix_path')
[0.668s] INFO:colcon.colcon_core.shell:Creating environment hook '/rm_version/install/rm_tracker/share/rm_tracker/hook/cmake_prefix_path.ps1'
[0.669s] INFO:colcon.colcon_core.shell:Creating environment descriptor '/rm_version/install/rm_tracker/share/rm_tracker/hook/cmake_prefix_path.dsv'
[0.669s] INFO:colcon.colcon_core.shell:Creating environment hook '/rm_version/install/rm_tracker/share/rm_tracker/hook/cmake_prefix_path.sh'
[0.669s] Level 1:colcon.colcon_core.environment:checking '/rm_version/install/rm_tracker/lib'
[0.669s] Level 1:colcon.colcon_core.shell:create_environment_hook('rm_tracker', 'ld_library_path_lib')
[0.670s] INFO:colcon.colcon_core.shell:Creating environment hook '/rm_version/install/rm_tracker/share/rm_tracker/hook/ld_library_path_lib.ps1'
[0.670s] INFO:colcon.colcon_core.shell:Creating environment descriptor '/rm_version/install/rm_tracker/share/rm_tracker/hook/ld_library_path_lib.dsv'
[0.670s] INFO:colcon.colcon_core.shell:Creating environment hook '/rm_version/install/rm_tracker/share/rm_tracker/hook/ld_library_path_lib.sh'
[0.670s] Level 1:colcon.colcon_core.environment:checking '/rm_version/install/rm_tracker/bin'
[0.670s] Level 1:colcon.colcon_core.environment:checking '/rm_version/install/rm_tracker/lib/pkgconfig/rm_tracker.pc'
[0.671s] Level 1:colcon.colcon_core.environment:checking '/rm_version/install/rm_tracker/lib/python3.10/site-packages'
[0.671s] Level 1:colcon.colcon_core.environment:checking '/rm_version/install/rm_tracker/bin'
[0.672s] INFO:colcon.colcon_core.shell:Creating package script '/rm_version/install/rm_tracker/share/rm_tracker/package.ps1'
[0.672s] INFO:colcon.colcon_core.shell:Creating package descriptor '/rm_version/install/rm_tracker/share/rm_tracker/package.dsv'
[0.672s] INFO:colcon.colcon_core.shell:Creating package script '/rm_version/install/rm_tracker/share/rm_tracker/package.sh'
[0.672s] INFO:colcon.colcon_core.shell:Creating package script '/rm_version/install/rm_tracker/share/rm_tracker/package.bash'
[0.672s] INFO:colcon.colcon_core.shell:Creating package script '/rm_version/install/rm_tracker/share/rm_tracker/package.zsh'
[0.672s] Level 1:colcon.colcon_core.environment:create_file_with_runtime_dependencies(/rm_version/install/rm_tracker/share/colcon-core/packages/rm_tracker)
[0.674s] Level 1:colcon.colcon_core.environment:create_environment_scripts_only(rm_detector)
[0.675s] Level 1:colcon.colcon_core.environment:checking '/rm_version/install/rm_detector' for CMake module files
[0.675s] DEBUG:colcon.colcon_core.event_handler.log_command:Invoked command in '/rm_version/build/rm_detector' returned '0': CMAKE_PREFIX_PATH=/rm_version/install/rm_msg_interfaces:/rm_version/install/start_dirtectory:/rm_version/install/start_directory:/rm_version/install/ros2_video:/rm_version/install/ros2_static_tf_node:/rm_version/install/rm_tracker:/rm_version/install/rm_detector:/rm_version/install/rm_gimbal_description:/ros_ws/install/ros2_video:/ros_ws/install/rm_vision_bringup:/ros_ws/install/rm_serial_driver:/ros_ws/install/rm_gimbal_description:/ros_ws/install/rm_auto_aim:/ros_ws/install/mindvision_camera:/ros_ws/install/hik_camera:/ros_ws/install/armor_tracker:/ros_ws/install/armor_detector:/ros_ws/install/auto_aim_interfaces:/opt/ros/humble LD_LIBRARY_PATH=/rm_version/install/rm_msg_interfaces/lib:/rm_version/install/ros2_video/lib:/rm_version/install/rm_tracker/lib:/rm_version/install/rm_detector/lib:/ros_ws/install/ros2_video/lib:/ros_ws/install/rm_serial_driver/lib:/ros_ws/install/mindvision_camera/lib:/ros_ws/install/hik_camera/lib:/ros_ws/install/armor_tracker/lib:/ros_ws/install/armor_detector/lib:/ros_ws/install/auto_aim_interfaces/lib:/opt/ros/humble/lib/x86_64-linux-gnu:/opt/ros/humble/lib /usr/bin/cmake --install /rm_version/build/rm_detector
[0.675s] Level 1:colcon.colcon_core.environment:checking '/rm_version/install/rm_detector' for CMake config files
[0.675s] Level 1:colcon.colcon_core.shell:create_environment_hook('rm_detector', 'cmake_prefix_path')
[0.676s] INFO:colcon.colcon_core.shell:Creating environment hook '/rm_version/install/rm_detector/share/rm_detector/hook/cmake_prefix_path.ps1'
[0.676s] INFO:colcon.colcon_core.shell:Creating environment descriptor '/rm_version/install/rm_detector/share/rm_detector/hook/cmake_prefix_path.dsv'
[0.676s] INFO:colcon.colcon_core.shell:Creating environment hook '/rm_version/install/rm_detector/share/rm_detector/hook/cmake_prefix_path.sh'
[0.677s] Level 1:colcon.colcon_core.environment:checking '/rm_version/install/rm_detector/lib'
[0.677s] Level 1:colcon.colcon_core.shell:create_environment_hook('rm_detector', 'ld_library_path_lib')
[0.677s] INFO:colcon.colcon_core.shell:Creating environment hook '/rm_version/install/rm_detector/share/rm_detector/hook/ld_library_path_lib.ps1'
[0.678s] INFO:colcon.colcon_core.shell:Creating environment descriptor '/rm_version/install/rm_detector/share/rm_detector/hook/ld_library_path_lib.dsv'
[0.678s] INFO:colcon.colcon_core.shell:Creating environment hook '/rm_version/install/rm_detector/share/rm_detector/hook/ld_library_path_lib.sh'
[0.678s] Level 1:colcon.colcon_core.environment:checking '/rm_version/install/rm_detector/bin'
[0.678s] Level 1:colcon.colcon_core.environment:checking '/rm_version/install/rm_detector/lib/pkgconfig/rm_detector.pc'
[0.678s] Level 1:colcon.colcon_core.environment:checking '/rm_version/install/rm_detector/lib/python3.10/site-packages'
[0.678s] Level 1:colcon.colcon_core.environment:checking '/rm_version/install/rm_detector/bin'
[0.679s] INFO:colcon.colcon_core.shell:Creating package script '/rm_version/install/rm_detector/share/rm_detector/package.ps1'
[0.680s] INFO:colcon.colcon_core.shell:Creating package descriptor '/rm_version/install/rm_detector/share/rm_detector/package.dsv'
[0.680s] INFO:colcon.colcon_core.shell:Creating package script '/rm_version/install/rm_detector/share/rm_detector/package.sh'
[0.680s] INFO:colcon.colcon_core.shell:Creating package script '/rm_version/install/rm_detector/share/rm_detector/package.bash'
[0.680s] INFO:colcon.colcon_core.shell:Creating package script '/rm_version/install/rm_detector/share/rm_detector/package.zsh'
[0.680s] Level 1:colcon.colcon_core.environment:create_file_with_runtime_dependencies(/rm_version/install/rm_detector/share/colcon-core/packages/rm_detector)
[0.690s] Level 1:colcon.colcon_core.environment:create_environment_scripts_only(rm_tracker)
[0.691s] Level 1:colcon.colcon_core.environment:checking '/rm_version/install/rm_tracker' for CMake module files
[0.691s] Level 1:colcon.colcon_core.environment:checking '/rm_version/install/rm_tracker' for CMake config files
[0.691s] Level 1:colcon.colcon_core.shell:create_environment_hook('rm_tracker', 'cmake_prefix_path')
[0.692s] INFO:colcon.colcon_core.shell:Creating environment hook '/rm_version/install/rm_tracker/share/rm_tracker/hook/cmake_prefix_path.ps1'
[0.692s] INFO:colcon.colcon_core.shell:Creating environment descriptor '/rm_version/install/rm_tracker/share/rm_tracker/hook/cmake_prefix_path.dsv'
[0.692s] INFO:colcon.colcon_core.shell:Creating environment hook '/rm_version/install/rm_tracker/share/rm_tracker/hook/cmake_prefix_path.sh'
[0.693s] Level 1:colcon.colcon_core.environment:checking '/rm_version/install/rm_tracker/lib'
[0.693s] Level 1:colcon.colcon_core.shell:create_environment_hook('rm_tracker', 'ld_library_path_lib')
[0.693s] INFO:colcon.colcon_core.shell:Creating environment hook '/rm_version/install/rm_tracker/share/rm_tracker/hook/ld_library_path_lib.ps1'
[0.694s] INFO:colcon.colcon_core.shell:Creating environment descriptor '/rm_version/install/rm_tracker/share/rm_tracker/hook/ld_library_path_lib.dsv'
[0.694s] INFO:colcon.colcon_core.shell:Creating environment hook '/rm_version/install/rm_tracker/share/rm_tracker/hook/ld_library_path_lib.sh'
[0.694s] Level 1:colcon.colcon_core.environment:checking '/rm_version/install/rm_tracker/bin'
[0.694s] Level 1:colcon.colcon_core.environment:checking '/rm_version/install/rm_tracker/lib/pkgconfig/rm_tracker.pc'
[0.694s] Level 1:colcon.colcon_core.environment:checking '/rm_version/install/rm_tracker/lib/python3.10/site-packages'
[0.694s] Level 1:colcon.colcon_core.environment:checking '/rm_version/install/rm_tracker/bin'
[0.695s] INFO:colcon.colcon_core.shell:Creating package script '/rm_version/install/rm_tracker/share/rm_tracker/package.ps1'
[0.695s] INFO:colcon.colcon_core.shell:Creating package descriptor '/rm_version/install/rm_tracker/share/rm_tracker/package.dsv'
[0.696s] INFO:colcon.colcon_core.shell:Creating package script '/rm_version/install/rm_tracker/share/rm_tracker/package.sh'
[0.696s] INFO:colcon.colcon_core.shell:Creating package script '/rm_version/install/rm_tracker/share/rm_tracker/package.bash'
[0.696s] INFO:colcon.colcon_core.shell:Creating package script '/rm_version/install/rm_tracker/share/rm_tracker/package.zsh'
[0.696s] Level 1:colcon.colcon_core.environment:create_file_with_runtime_dependencies(/rm_version/install/rm_tracker/share/colcon-core/packages/rm_tracker)
[0.699s] Level 1:colcon.colcon_core.environment:create_environment_scripts_only(rm_detector)
[0.700s] Level 1:colcon.colcon_core.environment:checking '/rm_version/install/rm_detector' for CMake module files
[0.700s] Level 1:colcon.colcon_core.environment:checking '/rm_version/install/rm_detector' for CMake config files
[0.701s] Level 1:colcon.colcon_core.shell:create_environment_hook('rm_detector', 'cmake_prefix_path')
[0.701s] INFO:colcon.colcon_core.shell:Creating environment hook '/rm_version/install/rm_detector/share/rm_detector/hook/cmake_prefix_path.ps1'
[0.702s] INFO:colcon.colcon_core.shell:Creating environment descriptor '/rm_version/install/rm_detector/share/rm_detector/hook/cmake_prefix_path.dsv'
[0.702s] INFO:colcon.colcon_core.shell:Creating environment hook '/rm_version/install/rm_detector/share/rm_detector/hook/cmake_prefix_path.sh'
[0.702s] Level 1:colcon.colcon_core.environment:checking '/rm_version/install/rm_detector/lib'
[0.702s] Level 1:colcon.colcon_core.shell:create_environment_hook('rm_detector', 'ld_library_path_lib')
[0.703s] INFO:colcon.colcon_core.shell:Creating environment hook '/rm_version/install/rm_detector/share/rm_detector/hook/ld_library_path_lib.ps1'
[0.703s] INFO:colcon.colcon_core.shell:Creating environment descriptor '/rm_version/install/rm_detector/share/rm_detector/hook/ld_library_path_lib.dsv'
[0.703s] INFO:colcon.colcon_core.shell:Creating environment hook '/rm_version/install/rm_detector/share/rm_detector/hook/ld_library_path_lib.sh'
[0.703s] Level 1:colcon.colcon_core.environment:checking '/rm_version/install/rm_detector/bin'
[0.703s] Level 1:colcon.colcon_core.environment:checking '/rm_version/install/rm_detector/lib/pkgconfig/rm_detector.pc'
[0.704s] Level 1:colcon.colcon_core.environment:checking '/rm_version/install/rm_detector/lib/python3.10/site-packages'
[0.704s] Level 1:colcon.colcon_core.environment:checking '/rm_version/install/rm_detector/bin'
[0.705s] INFO:colcon.colcon_core.shell:Creating package script '/rm_version/install/rm_detector/share/rm_detector/package.ps1'
[0.705s] INFO:colcon.colcon_core.shell:Creating package descriptor '/rm_version/install/rm_detector/share/rm_detector/package.dsv'
[0.705s] INFO:colcon.colcon_core.shell:Creating package script '/rm_version/install/rm_detector/share/rm_detector/package.sh'
[0.705s] INFO:colcon.colcon_core.shell:Creating package script '/rm_version/install/rm_detector/share/rm_detector/package.bash'
[0.706s] INFO:colcon.colcon_core.shell:Creating package script '/rm_version/install/rm_detector/share/rm_detector/package.zsh'
[0.706s] Level 1:colcon.colcon_core.environment:create_file_with_runtime_dependencies(/rm_version/install/rm_detector/share/colcon-core/packages/rm_detector)
[0.706s] DEBUG:colcon.colcon_parallel_executor.executor.parallel:closing loop
[0.706s] DEBUG:colcon.colcon_parallel_executor.executor.parallel:loop closed
[0.707s] DEBUG:colcon.colcon_parallel_executor.executor.parallel:run_until_complete finished with '0'
[0.707s] DEBUG:colcon.colcon_core.event_reactor:joining thread
[0.711s] INFO:colcon.colcon_core.plugin_system:Skipping extension 'colcon_notification.desktop_notification.notify_send': Could not find 'notify-send'
[0.711s] INFO:colcon.colcon_core.plugin_system:Skipping extension 'colcon_notification.desktop_notification.terminal_notifier': Not used on non-Darwin systems
[0.711s] INFO:colcon.colcon_core.plugin_system:Skipping extension 'colcon_notification.desktop_notification.win32': Not used on non-Windows systems
[0.711s] INFO:colcon.colcon_notification.desktop_notification:Sending desktop notification using 'notify2'
[0.711s] DEBUG:colcon.colcon_notification.desktop_notification.notify2:Failed to initialize notify2: org.freedesktop.DBus.Error.NotSupported: Unable to autolaunch a dbus-daemon without a $DISPLAY for X11
[0.711s] DEBUG:colcon.colcon_core.event_reactor:joined thread
[0.712s] INFO:colcon.colcon_core.shell:Creating prefix script '/rm_version/install/local_setup.ps1'
[0.712s] INFO:colcon.colcon_core.shell:Creating prefix util module '/rm_version/install/_local_setup_util_ps1.py'
[0.713s] INFO:colcon.colcon_core.shell:Creating prefix chain script '/rm_version/install/setup.ps1'
[0.714s] INFO:colcon.colcon_core.shell:Creating prefix script '/rm_version/install/local_setup.sh'
[0.715s] INFO:colcon.colcon_core.shell:Creating prefix util module '/rm_version/install/_local_setup_util_sh.py'
[0.715s] INFO:colcon.colcon_core.shell:Creating prefix chain script '/rm_version/install/setup.sh'
[0.716s] INFO:colcon.colcon_core.shell:Creating prefix script '/rm_version/install/local_setup.bash'
[0.716s] INFO:colcon.colcon_core.shell:Creating prefix chain script '/rm_version/install/setup.bash'
[0.717s] INFO:colcon.colcon_core.shell:Creating prefix script '/rm_version/install/local_setup.zsh'
[0.717s] INFO:colcon.colcon_core.shell:Creating prefix chain script '/rm_version/install/setup.zsh'
