[0.166s] DEBUG:colcon:Command line arguments: ['/usr/bin/colcon', 'build']
[0.166s] DEBUG:colcon:Parsed command line arguments: Namespace(log_base=None, log_level=None, verb_name='build', build_base='build', install_base='install', merge_install=False, symlink_install=False, test_result_base=None, continue_on_error=False, executor='parallel', parallel_workers=20, event_handlers=None, ignore_user_meta=False, metas=['./colcon.meta'], base_paths=['.'], packages_ignore=None, packages_ignore_regex=None, paths=None, packages_up_to=None, packages_up_to_regex=None, packages_above=None, packages_above_and_dependencies=None, packages_above_depth=None, packages_select_by_dep=None, packages_skip_by_dep=None, packages_skip_up_to=None, packages_select_build_failed=False, packages_skip_build_finished=False, packages_select_test_failures=False, packages_skip_test_passed=False, packages_select=None, packages_skip=None, packages_select_regex=None, packages_skip_regex=None, packages_start=None, packages_end=None, cmake_args=None, cmake_target=None, cmake_target_skip_unavailable=False, cmake_clean_cache=False, cmake_clean_first=False, cmake_force_configure=False, ament_cmake_args=None, catkin_cmake_args=None, catkin_skip_building_tests=False, mixin_files=None, mixin=None, verb_parser=<colcon_mixin.mixin.mixin_argument.MixinArgumentDecorator object at 0x7f7a725b26b0>, verb_extension=<colcon_core.verb.build.BuildVerb object at 0x7f7a72db0460>, main=<bound method BuildVerb.main of <colcon_core.verb.build.BuildVerb object at 0x7f7a72db0460>>, mixin_verb=('build',))
[0.180s] Level 1:colcon.colcon_core.package_discovery:discover_packages(colcon_meta) check parameters
[0.181s] INFO:colcon.colcon_metadata.package_discovery.colcon_meta:Using configuration from '/root/.colcon/metadata/default/Gazebo.meta'
[0.181s] INFO:colcon.colcon_metadata.package_discovery.colcon_meta:Using configuration from '/root/.colcon/metadata/default/fastrtps.meta'
[0.181s] Level 1:colcon.colcon_core.package_discovery:discover_packages(recursive) check parameters
[0.181s] Level 1:colcon.colcon_core.package_discovery:discover_packages(ignore) check parameters
[0.181s] Level 1:colcon.colcon_core.package_discovery:discover_packages(path) check parameters
[0.181s] Level 1:colcon.colcon_core.package_discovery:discover_packages(colcon_meta) discover
[0.181s] Level 1:colcon.colcon_core.package_discovery:discover_packages(recursive) discover
[0.181s] INFO:colcon.colcon_core.package_discovery:Crawling recursively for packages in '/rm_version'
[0.181s] Level 1:colcon.colcon_core.package_identification:_identify(.) by extensions ['ignore', 'ignore_ament_install']
[0.181s] Level 1:colcon.colcon_core.package_identification:_identify(.) by extension 'ignore'
[0.181s] Level 1:colcon.colcon_core.package_identification:_identify(.) by extension 'ignore_ament_install'
[0.181s] Level 1:colcon.colcon_core.package_identification:_identify(.) by extensions ['colcon_pkg']
[0.181s] Level 1:colcon.colcon_core.package_identification:_identify(.) by extension 'colcon_pkg'
[0.181s] Level 1:colcon.colcon_core.package_identification:_identify(.) by extensions ['colcon_meta']
[0.182s] Level 1:colcon.colcon_core.package_identification:_identify(.) by extension 'colcon_meta'
[0.182s] Level 1:colcon.colcon_core.package_identification:_identify(.) by extensions ['ros']
[0.182s] Level 1:colcon.colcon_core.package_identification:_identify(.) by extension 'ros'
[0.202s] Level 1:colcon.colcon_core.package_identification:_identify(.) by extensions ['cmake', 'python']
[0.202s] Level 1:colcon.colcon_core.package_identification:_identify(.) by extension 'cmake'
[0.202s] Level 1:colcon.colcon_core.package_identification:_identify(.) by extension 'python'
[0.202s] Level 1:colcon.colcon_core.package_identification:_identify(.) by extensions ['python_setup_py']
[0.202s] Level 1:colcon.colcon_core.package_identification:_identify(.) by extension 'python_setup_py'
[0.202s] Level 1:colcon.colcon_core.package_identification:_identify(build) by extensions ['ignore', 'ignore_ament_install']
[0.202s] Level 1:colcon.colcon_core.package_identification:_identify(build) by extension 'ignore'
[0.203s] Level 1:colcon.colcon_core.package_identification:_identify(build) ignored
[0.203s] Level 1:colcon.colcon_core.package_identification:_identify(install) by extensions ['ignore', 'ignore_ament_install']
[0.203s] Level 1:colcon.colcon_core.package_identification:_identify(install) by extension 'ignore'
[0.203s] Level 1:colcon.colcon_core.package_identification:_identify(install) ignored
[0.203s] Level 1:colcon.colcon_core.package_identification:_identify(log) by extensions ['ignore', 'ignore_ament_install']
[0.203s] Level 1:colcon.colcon_core.package_identification:_identify(log) by extension 'ignore'
[0.203s] Level 1:colcon.colcon_core.package_identification:_identify(log) ignored
[0.203s] Level 1:colcon.colcon_core.package_identification:_identify(src) by extensions ['ignore', 'ignore_ament_install']
[0.203s] Level 1:colcon.colcon_core.package_identification:_identify(src) by extension 'ignore'
[0.203s] Level 1:colcon.colcon_core.package_identification:_identify(src) by extension 'ignore_ament_install'
[0.203s] Level 1:colcon.colcon_core.package_identification:_identify(src) by extensions ['colcon_pkg']
[0.203s] Level 1:colcon.colcon_core.package_identification:_identify(src) by extension 'colcon_pkg'
[0.203s] Level 1:colcon.colcon_core.package_identification:_identify(src) by extensions ['colcon_meta']
[0.203s] Level 1:colcon.colcon_core.package_identification:_identify(src) by extension 'colcon_meta'
[0.203s] Level 1:colcon.colcon_core.package_identification:_identify(src) by extensions ['ros']
[0.203s] Level 1:colcon.colcon_core.package_identification:_identify(src) by extension 'ros'
[0.203s] Level 1:colcon.colcon_core.package_identification:_identify(src) by extensions ['cmake', 'python']
[0.203s] Level 1:colcon.colcon_core.package_identification:_identify(src) by extension 'cmake'
[0.203s] Level 1:colcon.colcon_core.package_identification:_identify(src) by extension 'python'
[0.203s] Level 1:colcon.colcon_core.package_identification:_identify(src) by extensions ['python_setup_py']
[0.203s] Level 1:colcon.colcon_core.package_identification:_identify(src) by extension 'python_setup_py'
[0.203s] Level 1:colcon.colcon_core.package_identification:_identify(src/rm_carme) by extensions ['ignore', 'ignore_ament_install']
[0.203s] Level 1:colcon.colcon_core.package_identification:_identify(src/rm_carme) by extension 'ignore'
[0.203s] Level 1:colcon.colcon_core.package_identification:_identify(src/rm_carme) by extension 'ignore_ament_install'
[0.204s] Level 1:colcon.colcon_core.package_identification:_identify(src/rm_carme) by extensions ['colcon_pkg']
[0.204s] Level 1:colcon.colcon_core.package_identification:_identify(src/rm_carme) by extension 'colcon_pkg'
[0.204s] Level 1:colcon.colcon_core.package_identification:_identify(src/rm_carme) by extensions ['colcon_meta']
[0.204s] Level 1:colcon.colcon_core.package_identification:_identify(src/rm_carme) by extension 'colcon_meta'
[0.204s] Level 1:colcon.colcon_core.package_identification:_identify(src/rm_carme) by extensions ['ros']
[0.204s] Level 1:colcon.colcon_core.package_identification:_identify(src/rm_carme) by extension 'ros'
[0.204s] Level 1:colcon.colcon_core.package_identification:_identify(src/rm_carme) by extensions ['cmake', 'python']
[0.204s] Level 1:colcon.colcon_core.package_identification:_identify(src/rm_carme) by extension 'cmake'
[0.204s] Level 1:colcon.colcon_core.package_identification:_identify(src/rm_carme) by extension 'python'
[0.204s] Level 1:colcon.colcon_core.package_identification:_identify(src/rm_carme) by extensions ['python_setup_py']
[0.204s] Level 1:colcon.colcon_core.package_identification:_identify(src/rm_carme) by extension 'python_setup_py'
[0.204s] Level 1:colcon.colcon_core.package_identification:_identify(src/rm_detector) by extensions ['ignore', 'ignore_ament_install']
[0.204s] Level 1:colcon.colcon_core.package_identification:_identify(src/rm_detector) by extension 'ignore'
[0.204s] Level 1:colcon.colcon_core.package_identification:_identify(src/rm_detector) by extension 'ignore_ament_install'
[0.204s] Level 1:colcon.colcon_core.package_identification:_identify(src/rm_detector) by extensions ['colcon_pkg']
[0.204s] Level 1:colcon.colcon_core.package_identification:_identify(src/rm_detector) by extension 'colcon_pkg'
[0.204s] Level 1:colcon.colcon_core.package_identification:_identify(src/rm_detector) by extensions ['colcon_meta']
[0.204s] Level 1:colcon.colcon_core.package_identification:_identify(src/rm_detector) by extension 'colcon_meta'
[0.204s] Level 1:colcon.colcon_core.package_identification:_identify(src/rm_detector) by extensions ['ros']
[0.204s] Level 1:colcon.colcon_core.package_identification:_identify(src/rm_detector) by extension 'ros'
[0.206s] DEBUG:colcon.colcon_core.package_identification:Package 'src/rm_detector' with type 'ros.ament_cmake' and name 'rm_detector'
[0.206s] Level 1:colcon.colcon_core.package_identification:_identify(src/rm_msg_interfaces) by extensions ['ignore', 'ignore_ament_install']
[0.206s] Level 1:colcon.colcon_core.package_identification:_identify(src/rm_msg_interfaces) by extension 'ignore'
[0.206s] Level 1:colcon.colcon_core.package_identification:_identify(src/rm_msg_interfaces) by extension 'ignore_ament_install'
[0.206s] Level 1:colcon.colcon_core.package_identification:_identify(src/rm_msg_interfaces) by extensions ['colcon_pkg']
[0.207s] Level 1:colcon.colcon_core.package_identification:_identify(src/rm_msg_interfaces) by extension 'colcon_pkg'
[0.207s] Level 1:colcon.colcon_core.package_identification:_identify(src/rm_msg_interfaces) by extensions ['colcon_meta']
[0.207s] Level 1:colcon.colcon_core.package_identification:_identify(src/rm_msg_interfaces) by extension 'colcon_meta'
[0.207s] Level 1:colcon.colcon_core.package_identification:_identify(src/rm_msg_interfaces) by extensions ['ros']
[0.207s] Level 1:colcon.colcon_core.package_identification:_identify(src/rm_msg_interfaces) by extension 'ros'
[0.207s] DEBUG:colcon.colcon_core.package_identification:Package 'src/rm_msg_interfaces' with type 'ros.ament_cmake' and name 'rm_msg_interfaces'
[0.207s] Level 1:colcon.colcon_core.package_identification:_identify(src/rm_tracker) by extensions ['ignore', 'ignore_ament_install']
[0.207s] Level 1:colcon.colcon_core.package_identification:_identify(src/rm_tracker) by extension 'ignore'
[0.207s] Level 1:colcon.colcon_core.package_identification:_identify(src/rm_tracker) by extension 'ignore_ament_install'
[0.207s] Level 1:colcon.colcon_core.package_identification:_identify(src/rm_tracker) by extensions ['colcon_pkg']
[0.207s] Level 1:colcon.colcon_core.package_identification:_identify(src/rm_tracker) by extension 'colcon_pkg'
[0.207s] Level 1:colcon.colcon_core.package_identification:_identify(src/rm_tracker) by extensions ['colcon_meta']
[0.207s] Level 1:colcon.colcon_core.package_identification:_identify(src/rm_tracker) by extension 'colcon_meta'
[0.207s] Level 1:colcon.colcon_core.package_identification:_identify(src/rm_tracker) by extensions ['ros']
[0.207s] Level 1:colcon.colcon_core.package_identification:_identify(src/rm_tracker) by extension 'ros'
[0.208s] DEBUG:colcon.colcon_core.package_identification:Package 'src/rm_tracker' with type 'ros.ament_cmake' and name 'rm_tracker'
[0.208s] Level 1:colcon.colcon_core.package_identification:_identify(src/ros2_video_node) by extensions ['ignore', 'ignore_ament_install']
[0.208s] Level 1:colcon.colcon_core.package_identification:_identify(src/ros2_video_node) by extension 'ignore'
[0.208s] Level 1:colcon.colcon_core.package_identification:_identify(src/ros2_video_node) by extension 'ignore_ament_install'
[0.208s] Level 1:colcon.colcon_core.package_identification:_identify(src/ros2_video_node) by extensions ['colcon_pkg']
[0.208s] Level 1:colcon.colcon_core.package_identification:_identify(src/ros2_video_node) by extension 'colcon_pkg'
[0.208s] Level 1:colcon.colcon_core.package_identification:_identify(src/ros2_video_node) by extensions ['colcon_meta']
[0.208s] Level 1:colcon.colcon_core.package_identification:_identify(src/ros2_video_node) by extension 'colcon_meta'
[0.208s] Level 1:colcon.colcon_core.package_identification:_identify(src/ros2_video_node) by extensions ['ros']
[0.209s] Level 1:colcon.colcon_core.package_identification:_identify(src/ros2_video_node) by extension 'ros'
[0.209s] DEBUG:colcon.colcon_core.package_identification:Package 'src/ros2_video_node' with type 'ros.ament_cmake' and name 'ros2_video'
[0.209s] Level 1:colcon.colcon_core.package_discovery:discover_packages(recursive) using defaults
[0.210s] Level 1:colcon.colcon_core.package_discovery:discover_packages(ignore) discover
[0.210s] Level 1:colcon.colcon_core.package_discovery:discover_packages(ignore) using defaults
[0.210s] Level 1:colcon.colcon_core.package_discovery:discover_packages(path) discover
[0.210s] Level 1:colcon.colcon_core.package_discovery:discover_packages(path) using defaults
[0.225s] Level 5:colcon.colcon_core.verb:set package 'rm_msg_interfaces' build argument 'cmake_args' from command line to 'None'
[0.225s] Level 5:colcon.colcon_core.verb:set package 'rm_msg_interfaces' build argument 'cmake_target' from command line to 'None'
[0.225s] Level 5:colcon.colcon_core.verb:set package 'rm_msg_interfaces' build argument 'cmake_target_skip_unavailable' from command line to 'False'
[0.225s] Level 5:colcon.colcon_core.verb:set package 'rm_msg_interfaces' build argument 'cmake_clean_cache' from command line to 'False'
[0.225s] Level 5:colcon.colcon_core.verb:set package 'rm_msg_interfaces' build argument 'cmake_clean_first' from command line to 'False'
[0.225s] Level 5:colcon.colcon_core.verb:set package 'rm_msg_interfaces' build argument 'cmake_force_configure' from command line to 'False'
[0.225s] Level 5:colcon.colcon_core.verb:set package 'rm_msg_interfaces' build argument 'ament_cmake_args' from command line to 'None'
[0.225s] Level 5:colcon.colcon_core.verb:set package 'rm_msg_interfaces' build argument 'catkin_cmake_args' from command line to 'None'
[0.225s] Level 5:colcon.colcon_core.verb:set package 'rm_msg_interfaces' build argument 'catkin_skip_building_tests' from command line to 'False'
[0.225s] DEBUG:colcon.colcon_core.verb:Building package 'rm_msg_interfaces' with the following arguments: {'ament_cmake_args': None, 'build_base': '/rm_version/build/rm_msg_interfaces', 'catkin_cmake_args': None, 'catkin_skip_building_tests': False, 'cmake_args': None, 'cmake_clean_cache': False, 'cmake_clean_first': False, 'cmake_force_configure': False, 'cmake_target': None, 'cmake_target_skip_unavailable': False, 'install_base': '/rm_version/install/rm_msg_interfaces', 'merge_install': False, 'path': '/rm_version/src/rm_msg_interfaces', 'symlink_install': False, 'test_result_base': None}
[0.225s] Level 5:colcon.colcon_core.verb:set package 'ros2_video' build argument 'cmake_args' from command line to 'None'
[0.225s] Level 5:colcon.colcon_core.verb:set package 'ros2_video' build argument 'cmake_target' from command line to 'None'
[0.225s] Level 5:colcon.colcon_core.verb:set package 'ros2_video' build argument 'cmake_target_skip_unavailable' from command line to 'False'
[0.225s] Level 5:colcon.colcon_core.verb:set package 'ros2_video' build argument 'cmake_clean_cache' from command line to 'False'
[0.225s] Level 5:colcon.colcon_core.verb:set package 'ros2_video' build argument 'cmake_clean_first' from command line to 'False'
[0.225s] Level 5:colcon.colcon_core.verb:set package 'ros2_video' build argument 'cmake_force_configure' from command line to 'False'
[0.225s] Level 5:colcon.colcon_core.verb:set package 'ros2_video' build argument 'ament_cmake_args' from command line to 'None'
[0.225s] Level 5:colcon.colcon_core.verb:set package 'ros2_video' build argument 'catkin_cmake_args' from command line to 'None'
[0.225s] Level 5:colcon.colcon_core.verb:set package 'ros2_video' build argument 'catkin_skip_building_tests' from command line to 'False'
[0.226s] DEBUG:colcon.colcon_core.verb:Building package 'ros2_video' with the following arguments: {'ament_cmake_args': None, 'build_base': '/rm_version/build/ros2_video', 'catkin_cmake_args': None, 'catkin_skip_building_tests': False, 'cmake_args': None, 'cmake_clean_cache': False, 'cmake_clean_first': False, 'cmake_force_configure': False, 'cmake_target': None, 'cmake_target_skip_unavailable': False, 'install_base': '/rm_version/install/ros2_video', 'merge_install': False, 'path': '/rm_version/src/ros2_video_node', 'symlink_install': False, 'test_result_base': None}
[0.226s] Level 5:colcon.colcon_core.verb:set package 'rm_detector' build argument 'cmake_args' from command line to 'None'
[0.226s] Level 5:colcon.colcon_core.verb:set package 'rm_detector' build argument 'cmake_target' from command line to 'None'
[0.226s] Level 5:colcon.colcon_core.verb:set package 'rm_detector' build argument 'cmake_target_skip_unavailable' from command line to 'False'
[0.226s] Level 5:colcon.colcon_core.verb:set package 'rm_detector' build argument 'cmake_clean_cache' from command line to 'False'
[0.226s] Level 5:colcon.colcon_core.verb:set package 'rm_detector' build argument 'cmake_clean_first' from command line to 'False'
[0.226s] Level 5:colcon.colcon_core.verb:set package 'rm_detector' build argument 'cmake_force_configure' from command line to 'False'
[0.226s] Level 5:colcon.colcon_core.verb:set package 'rm_detector' build argument 'ament_cmake_args' from command line to 'None'
[0.226s] Level 5:colcon.colcon_core.verb:set package 'rm_detector' build argument 'catkin_cmake_args' from command line to 'None'
[0.226s] Level 5:colcon.colcon_core.verb:set package 'rm_detector' build argument 'catkin_skip_building_tests' from command line to 'False'
[0.226s] DEBUG:colcon.colcon_core.verb:Building package 'rm_detector' with the following arguments: {'ament_cmake_args': None, 'build_base': '/rm_version/build/rm_detector', 'catkin_cmake_args': None, 'catkin_skip_building_tests': False, 'cmake_args': None, 'cmake_clean_cache': False, 'cmake_clean_first': False, 'cmake_force_configure': False, 'cmake_target': None, 'cmake_target_skip_unavailable': False, 'install_base': '/rm_version/install/rm_detector', 'merge_install': False, 'path': '/rm_version/src/rm_detector', 'symlink_install': False, 'test_result_base': None}
[0.227s] Level 5:colcon.colcon_core.verb:set package 'rm_tracker' build argument 'cmake_args' from command line to 'None'
[0.227s] Level 5:colcon.colcon_core.verb:set package 'rm_tracker' build argument 'cmake_target' from command line to 'None'
[0.227s] Level 5:colcon.colcon_core.verb:set package 'rm_tracker' build argument 'cmake_target_skip_unavailable' from command line to 'False'
[0.227s] Level 5:colcon.colcon_core.verb:set package 'rm_tracker' build argument 'cmake_clean_cache' from command line to 'False'
[0.227s] Level 5:colcon.colcon_core.verb:set package 'rm_tracker' build argument 'cmake_clean_first' from command line to 'False'
[0.227s] Level 5:colcon.colcon_core.verb:set package 'rm_tracker' build argument 'cmake_force_configure' from command line to 'False'
[0.227s] Level 5:colcon.colcon_core.verb:set package 'rm_tracker' build argument 'ament_cmake_args' from command line to 'None'
[0.227s] Level 5:colcon.colcon_core.verb:set package 'rm_tracker' build argument 'catkin_cmake_args' from command line to 'None'
[0.227s] Level 5:colcon.colcon_core.verb:set package 'rm_tracker' build argument 'catkin_skip_building_tests' from command line to 'False'
[0.227s] DEBUG:colcon.colcon_core.verb:Building package 'rm_tracker' with the following arguments: {'ament_cmake_args': None, 'build_base': '/rm_version/build/rm_tracker', 'catkin_cmake_args': None, 'catkin_skip_building_tests': False, 'cmake_args': None, 'cmake_clean_cache': False, 'cmake_clean_first': False, 'cmake_force_configure': False, 'cmake_target': None, 'cmake_target_skip_unavailable': False, 'install_base': '/rm_version/install/rm_tracker', 'merge_install': False, 'path': '/rm_version/src/rm_tracker', 'symlink_install': False, 'test_result_base': None}
[0.227s] INFO:colcon.colcon_core.executor:Executing jobs using 'parallel' executor
[0.229s] DEBUG:colcon.colcon_parallel_executor.executor.parallel:run_until_complete
[0.230s] INFO:colcon.colcon_ros.task.ament_cmake.build:Building ROS package in '/rm_version/src/rm_msg_interfaces' with build type 'ament_cmake'
[0.230s] INFO:colcon.colcon_cmake.task.cmake.build:Building CMake package in '/rm_version/src/rm_msg_interfaces'
[0.233s] INFO:colcon.colcon_core.plugin_system:Skipping extension 'colcon_core.shell.bat': Not used on non-Windows systems
[0.233s] INFO:colcon.colcon_core.shell:Skip shell extension 'powershell' for command environment: Not usable outside of PowerShell
[0.233s] DEBUG:colcon.colcon_core.shell:Skip shell extension 'dsv' for command environment
[0.237s] INFO:colcon.colcon_ros.task.ament_cmake.build:Building ROS package in '/rm_version/src/ros2_video_node' with build type 'ament_cmake'
[0.237s] INFO:colcon.colcon_cmake.task.cmake.build:Building CMake package in '/rm_version/src/ros2_video_node'
[0.237s] INFO:colcon.colcon_core.shell:Skip shell extension 'powershell' for command environment: Not usable outside of PowerShell
[0.238s] DEBUG:colcon.colcon_core.shell:Skip shell extension 'dsv' for command environment
[0.246s] DEBUG:colcon.colcon_core.event_handler.log_command:Invoking command in '/rm_version/build/rm_msg_interfaces': CMAKE_PREFIX_PATH=${CMAKE_PREFIX_PATH}:/opt/ros/humble /usr/bin/cmake --build /rm_version/build/rm_msg_interfaces -- -j20 -l20
[0.249s] DEBUG:colcon.colcon_core.event_handler.log_command:Invoking command in '/rm_version/build/ros2_video': CMAKE_PREFIX_PATH=${CMAKE_PREFIX_PATH}:/opt/ros/humble /usr/bin/cmake --build /rm_version/build/ros2_video -- -j20 -l20
[0.306s] DEBUG:colcon.colcon_core.event_handler.log_command:Invoked command in '/rm_version/build/ros2_video' returned '0': CMAKE_PREFIX_PATH=${CMAKE_PREFIX_PATH}:/opt/ros/humble /usr/bin/cmake --build /rm_version/build/ros2_video -- -j20 -l20
[0.324s] DEBUG:colcon.colcon_core.event_handler.log_command:Invoking command in '/rm_version/build/ros2_video': CMAKE_PREFIX_PATH=${CMAKE_PREFIX_PATH}:/opt/ros/humble /usr/bin/cmake --install /rm_version/build/ros2_video
[0.332s] Level 1:colcon.colcon_core.environment:create_environment_scripts_only(ros2_video)
[0.333s] DEBUG:colcon.colcon_core.event_handler.log_command:Invoked command in '/rm_version/build/ros2_video' returned '0': CMAKE_PREFIX_PATH=${CMAKE_PREFIX_PATH}:/opt/ros/humble /usr/bin/cmake --install /rm_version/build/ros2_video
[0.335s] Level 1:colcon.colcon_core.environment:checking '/rm_version/install/ros2_video' for CMake module files
[0.335s] Level 1:colcon.colcon_core.environment:checking '/rm_version/install/ros2_video' for CMake config files
[0.335s] Level 1:colcon.colcon_core.shell:create_environment_hook('ros2_video', 'cmake_prefix_path')
[0.336s] INFO:colcon.colcon_core.shell:Creating environment hook '/rm_version/install/ros2_video/share/ros2_video/hook/cmake_prefix_path.ps1'
[0.338s] INFO:colcon.colcon_core.shell:Creating environment descriptor '/rm_version/install/ros2_video/share/ros2_video/hook/cmake_prefix_path.dsv'
[0.338s] INFO:colcon.colcon_core.shell:Creating environment hook '/rm_version/install/ros2_video/share/ros2_video/hook/cmake_prefix_path.sh'
[0.338s] Level 1:colcon.colcon_core.environment:checking '/rm_version/install/ros2_video/lib'
[0.339s] Level 1:colcon.colcon_core.shell:create_environment_hook('ros2_video', 'ld_library_path_lib')
[0.339s] INFO:colcon.colcon_core.shell:Creating environment hook '/rm_version/install/ros2_video/share/ros2_video/hook/ld_library_path_lib.ps1'
[0.339s] INFO:colcon.colcon_core.shell:Creating environment descriptor '/rm_version/install/ros2_video/share/ros2_video/hook/ld_library_path_lib.dsv'
[0.340s] INFO:colcon.colcon_core.shell:Creating environment hook '/rm_version/install/ros2_video/share/ros2_video/hook/ld_library_path_lib.sh'
[0.340s] Level 1:colcon.colcon_core.environment:checking '/rm_version/install/ros2_video/bin'
[0.340s] Level 1:colcon.colcon_core.environment:checking '/rm_version/install/ros2_video/lib/pkgconfig/ros2_video.pc'
[0.341s] Level 1:colcon.colcon_core.environment:checking '/rm_version/install/ros2_video/lib/python3.10/site-packages'
[0.341s] Level 1:colcon.colcon_core.environment:checking '/rm_version/install/ros2_video/bin'
[0.342s] INFO:colcon.colcon_core.shell:Creating package script '/rm_version/install/ros2_video/share/ros2_video/package.ps1'
[0.342s] INFO:colcon.colcon_core.shell:Creating package descriptor '/rm_version/install/ros2_video/share/ros2_video/package.dsv'
[0.343s] INFO:colcon.colcon_core.shell:Creating package script '/rm_version/install/ros2_video/share/ros2_video/package.sh'
[0.343s] INFO:colcon.colcon_core.shell:Creating package script '/rm_version/install/ros2_video/share/ros2_video/package.bash'
[0.343s] INFO:colcon.colcon_core.shell:Creating package script '/rm_version/install/ros2_video/share/ros2_video/package.zsh'
[0.344s] Level 1:colcon.colcon_core.environment:create_file_with_runtime_dependencies(/rm_version/install/ros2_video/share/colcon-core/packages/ros2_video)
[0.361s] Level 1:colcon.colcon_core.environment:create_environment_scripts_only(ros2_video)
[0.362s] Level 1:colcon.colcon_core.environment:checking '/rm_version/install/ros2_video' for CMake module files
[0.363s] Level 1:colcon.colcon_core.environment:checking '/rm_version/install/ros2_video' for CMake config files
[0.363s] Level 1:colcon.colcon_core.shell:create_environment_hook('ros2_video', 'cmake_prefix_path')
[0.364s] INFO:colcon.colcon_core.shell:Creating environment hook '/rm_version/install/ros2_video/share/ros2_video/hook/cmake_prefix_path.ps1'
[0.364s] INFO:colcon.colcon_core.shell:Creating environment descriptor '/rm_version/install/ros2_video/share/ros2_video/hook/cmake_prefix_path.dsv'
[0.364s] INFO:colcon.colcon_core.shell:Creating environment hook '/rm_version/install/ros2_video/share/ros2_video/hook/cmake_prefix_path.sh'
[0.364s] Level 1:colcon.colcon_core.environment:checking '/rm_version/install/ros2_video/lib'
[0.364s] Level 1:colcon.colcon_core.shell:create_environment_hook('ros2_video', 'ld_library_path_lib')
[0.365s] INFO:colcon.colcon_core.shell:Creating environment hook '/rm_version/install/ros2_video/share/ros2_video/hook/ld_library_path_lib.ps1'
[0.365s] INFO:colcon.colcon_core.shell:Creating environment descriptor '/rm_version/install/ros2_video/share/ros2_video/hook/ld_library_path_lib.dsv'
[0.365s] INFO:colcon.colcon_core.shell:Creating environment hook '/rm_version/install/ros2_video/share/ros2_video/hook/ld_library_path_lib.sh'
[0.366s] Level 1:colcon.colcon_core.environment:checking '/rm_version/install/ros2_video/bin'
[0.366s] Level 1:colcon.colcon_core.environment:checking '/rm_version/install/ros2_video/lib/pkgconfig/ros2_video.pc'
[0.366s] Level 1:colcon.colcon_core.environment:checking '/rm_version/install/ros2_video/lib/python3.10/site-packages'
[0.366s] Level 1:colcon.colcon_core.environment:checking '/rm_version/install/ros2_video/bin'
[0.367s] INFO:colcon.colcon_core.shell:Creating package script '/rm_version/install/ros2_video/share/ros2_video/package.ps1'
[0.367s] INFO:colcon.colcon_core.shell:Creating package descriptor '/rm_version/install/ros2_video/share/ros2_video/package.dsv'
[0.367s] INFO:colcon.colcon_core.shell:Creating package script '/rm_version/install/ros2_video/share/ros2_video/package.sh'
[0.368s] INFO:colcon.colcon_core.shell:Creating package script '/rm_version/install/ros2_video/share/ros2_video/package.bash'
[0.368s] INFO:colcon.colcon_core.shell:Creating package script '/rm_version/install/ros2_video/share/ros2_video/package.zsh'
[0.368s] Level 1:colcon.colcon_core.environment:create_file_with_runtime_dependencies(/rm_version/install/ros2_video/share/colcon-core/packages/ros2_video)
[0.412s] DEBUG:colcon.colcon_core.event_handler.log_command:Invoked command in '/rm_version/build/rm_msg_interfaces' returned '0': CMAKE_PREFIX_PATH=${CMAKE_PREFIX_PATH}:/opt/ros/humble /usr/bin/cmake --build /rm_version/build/rm_msg_interfaces -- -j20 -l20
[0.461s] DEBUG:colcon.colcon_core.event_handler.log_command:Invoking command in '/rm_version/build/rm_msg_interfaces': CMAKE_PREFIX_PATH=${CMAKE_PREFIX_PATH}:/opt/ros/humble /usr/bin/cmake --install /rm_version/build/rm_msg_interfaces
[0.491s] Level 1:colcon.colcon_core.environment:create_environment_scripts_only(rm_msg_interfaces)
[0.493s] Level 1:colcon.colcon_core.environment:checking '/rm_version/install/rm_msg_interfaces' for CMake module files
[0.493s] DEBUG:colcon.colcon_core.event_handler.log_command:Invoked command in '/rm_version/build/rm_msg_interfaces' returned '0': CMAKE_PREFIX_PATH=${CMAKE_PREFIX_PATH}:/opt/ros/humble /usr/bin/cmake --install /rm_version/build/rm_msg_interfaces
[0.493s] Level 1:colcon.colcon_core.environment:checking '/rm_version/install/rm_msg_interfaces' for CMake config files
[0.494s] Level 1:colcon.colcon_core.shell:create_environment_hook('rm_msg_interfaces', 'cmake_prefix_path')
[0.494s] INFO:colcon.colcon_core.shell:Creating environment hook '/rm_version/install/rm_msg_interfaces/share/rm_msg_interfaces/hook/cmake_prefix_path.ps1'
[0.494s] INFO:colcon.colcon_core.shell:Creating environment descriptor '/rm_version/install/rm_msg_interfaces/share/rm_msg_interfaces/hook/cmake_prefix_path.dsv'
[0.495s] INFO:colcon.colcon_core.shell:Creating environment hook '/rm_version/install/rm_msg_interfaces/share/rm_msg_interfaces/hook/cmake_prefix_path.sh'
[0.495s] Level 1:colcon.colcon_core.environment:checking '/rm_version/install/rm_msg_interfaces/lib'
[0.495s] Level 1:colcon.colcon_core.shell:create_environment_hook('rm_msg_interfaces', 'ld_library_path_lib')
[0.496s] INFO:colcon.colcon_core.shell:Creating environment hook '/rm_version/install/rm_msg_interfaces/share/rm_msg_interfaces/hook/ld_library_path_lib.ps1'
[0.496s] INFO:colcon.colcon_core.shell:Creating environment descriptor '/rm_version/install/rm_msg_interfaces/share/rm_msg_interfaces/hook/ld_library_path_lib.dsv'
[0.496s] INFO:colcon.colcon_core.shell:Creating environment hook '/rm_version/install/rm_msg_interfaces/share/rm_msg_interfaces/hook/ld_library_path_lib.sh'
[0.496s] Level 1:colcon.colcon_core.environment:checking '/rm_version/install/rm_msg_interfaces/bin'
[0.496s] Level 1:colcon.colcon_core.environment:checking '/rm_version/install/rm_msg_interfaces/lib/pkgconfig/rm_msg_interfaces.pc'
[0.496s] Level 1:colcon.colcon_core.environment:checking '/rm_version/install/rm_msg_interfaces/lib/python3.10/site-packages'
[0.496s] Level 1:colcon.colcon_core.environment:checking '/rm_version/install/rm_msg_interfaces/bin'
[0.497s] INFO:colcon.colcon_core.shell:Creating package script '/rm_version/install/rm_msg_interfaces/share/rm_msg_interfaces/package.ps1'
[0.497s] INFO:colcon.colcon_core.shell:Creating package descriptor '/rm_version/install/rm_msg_interfaces/share/rm_msg_interfaces/package.dsv'
[0.498s] INFO:colcon.colcon_core.shell:Creating package script '/rm_version/install/rm_msg_interfaces/share/rm_msg_interfaces/package.sh'
[0.498s] INFO:colcon.colcon_core.shell:Creating package script '/rm_version/install/rm_msg_interfaces/share/rm_msg_interfaces/package.bash'
[0.498s] INFO:colcon.colcon_core.shell:Creating package script '/rm_version/install/rm_msg_interfaces/share/rm_msg_interfaces/package.zsh'
[0.498s] Level 1:colcon.colcon_core.environment:create_file_with_runtime_dependencies(/rm_version/install/rm_msg_interfaces/share/colcon-core/packages/rm_msg_interfaces)
[0.545s] Level 1:colcon.colcon_core.environment:create_environment_scripts_only(rm_msg_interfaces)
[0.546s] Level 1:colcon.colcon_core.environment:checking '/rm_version/install/rm_msg_interfaces' for CMake module files
[0.546s] Level 1:colcon.colcon_core.environment:checking '/rm_version/install/rm_msg_interfaces' for CMake config files
[0.547s] Level 1:colcon.colcon_core.shell:create_environment_hook('rm_msg_interfaces', 'cmake_prefix_path')
[0.547s] INFO:colcon.colcon_core.shell:Creating environment hook '/rm_version/install/rm_msg_interfaces/share/rm_msg_interfaces/hook/cmake_prefix_path.ps1'
[0.548s] INFO:colcon.colcon_core.shell:Creating environment descriptor '/rm_version/install/rm_msg_interfaces/share/rm_msg_interfaces/hook/cmake_prefix_path.dsv'
[0.548s] INFO:colcon.colcon_core.shell:Creating environment hook '/rm_version/install/rm_msg_interfaces/share/rm_msg_interfaces/hook/cmake_prefix_path.sh'
[0.548s] Level 1:colcon.colcon_core.environment:checking '/rm_version/install/rm_msg_interfaces/lib'
[0.548s] Level 1:colcon.colcon_core.shell:create_environment_hook('rm_msg_interfaces', 'ld_library_path_lib')
[0.549s] INFO:colcon.colcon_core.shell:Creating environment hook '/rm_version/install/rm_msg_interfaces/share/rm_msg_interfaces/hook/ld_library_path_lib.ps1'
[0.550s] INFO:colcon.colcon_core.shell:Creating environment descriptor '/rm_version/install/rm_msg_interfaces/share/rm_msg_interfaces/hook/ld_library_path_lib.dsv'
[0.550s] INFO:colcon.colcon_core.shell:Creating environment hook '/rm_version/install/rm_msg_interfaces/share/rm_msg_interfaces/hook/ld_library_path_lib.sh'
[0.550s] Level 1:colcon.colcon_core.environment:checking '/rm_version/install/rm_msg_interfaces/bin'
[0.550s] Level 1:colcon.colcon_core.environment:checking '/rm_version/install/rm_msg_interfaces/lib/pkgconfig/rm_msg_interfaces.pc'
[0.550s] Level 1:colcon.colcon_core.environment:checking '/rm_version/install/rm_msg_interfaces/lib/python3.10/site-packages'
[0.550s] Level 1:colcon.colcon_core.environment:checking '/rm_version/install/rm_msg_interfaces/bin'
[0.551s] INFO:colcon.colcon_core.shell:Creating package script '/rm_version/install/rm_msg_interfaces/share/rm_msg_interfaces/package.ps1'
[0.552s] INFO:colcon.colcon_core.shell:Creating package descriptor '/rm_version/install/rm_msg_interfaces/share/rm_msg_interfaces/package.dsv'
[0.552s] INFO:colcon.colcon_core.shell:Creating package script '/rm_version/install/rm_msg_interfaces/share/rm_msg_interfaces/package.sh'
[0.552s] INFO:colcon.colcon_core.shell:Creating package script '/rm_version/install/rm_msg_interfaces/share/rm_msg_interfaces/package.bash'
[0.552s] INFO:colcon.colcon_core.shell:Creating package script '/rm_version/install/rm_msg_interfaces/share/rm_msg_interfaces/package.zsh'
[0.553s] Level 1:colcon.colcon_core.environment:create_file_with_runtime_dependencies(/rm_version/install/rm_msg_interfaces/share/colcon-core/packages/rm_msg_interfaces)
[0.553s] INFO:colcon.colcon_ros.task.ament_cmake.build:Building ROS package in '/rm_version/src/rm_detector' with build type 'ament_cmake'
[0.553s] INFO:colcon.colcon_cmake.task.cmake.build:Building CMake package in '/rm_version/src/rm_detector'
[0.554s] INFO:colcon.colcon_core.shell:Skip shell extension 'powershell' for command environment: Not usable outside of PowerShell
[0.554s] DEBUG:colcon.colcon_core.shell:Skip shell extension 'dsv' for command environment
[0.558s] INFO:colcon.colcon_ros.task.ament_cmake.build:Building ROS package in '/rm_version/src/rm_tracker' with build type 'ament_cmake'
[0.558s] INFO:colcon.colcon_cmake.task.cmake.build:Building CMake package in '/rm_version/src/rm_tracker'
[0.559s] INFO:colcon.colcon_core.shell:Skip shell extension 'powershell' for command environment: Not usable outside of PowerShell
[0.559s] DEBUG:colcon.colcon_core.shell:Skip shell extension 'dsv' for command environment
[0.568s] DEBUG:colcon.colcon_core.event_handler.log_command:Invoking command in '/rm_version/build/rm_detector': CMAKE_PREFIX_PATH=/rm_version/install/rm_msg_interfaces:/rm_version/install/ros2_video:/rm_version/install/rm_tracker:/rm_version/install/rm_detector:/ros_ws/install/ros2_video:/ros_ws/install/rm_vision_bringup:/ros_ws/install/rm_serial_driver:/ros_ws/install/rm_gimbal_description:/ros_ws/install/rm_auto_aim:/ros_ws/install/mindvision_camera:/ros_ws/install/hik_camera:/ros_ws/install/armor_tracker:/ros_ws/install/armor_detector:/ros_ws/install/auto_aim_interfaces:/opt/ros/humble LD_LIBRARY_PATH=/rm_version/install/rm_msg_interfaces/lib:/rm_version/install/ros2_video/lib:/rm_version/install/rm_tracker/lib:/rm_version/install/rm_detector/lib:/ros_ws/install/ros2_video/lib:/ros_ws/install/rm_serial_driver/lib:/ros_ws/install/mindvision_camera/lib:/ros_ws/install/hik_camera/lib:/ros_ws/install/armor_tracker/lib:/ros_ws/install/armor_detector/lib:/ros_ws/install/auto_aim_interfaces/lib:/opt/ros/humble/lib/x86_64-linux-gnu:/opt/ros/humble/lib /usr/bin/cmake --build /rm_version/build/rm_detector -- -j20 -l20
[0.571s] DEBUG:colcon.colcon_core.event_handler.log_command:Invoking command in '/rm_version/build/rm_tracker': CMAKE_PREFIX_PATH=/rm_version/install/rm_msg_interfaces:/rm_version/install/ros2_video:/rm_version/install/rm_tracker:/rm_version/install/rm_detector:/ros_ws/install/ros2_video:/ros_ws/install/rm_vision_bringup:/ros_ws/install/rm_serial_driver:/ros_ws/install/rm_gimbal_description:/ros_ws/install/rm_auto_aim:/ros_ws/install/mindvision_camera:/ros_ws/install/hik_camera:/ros_ws/install/armor_tracker:/ros_ws/install/armor_detector:/ros_ws/install/auto_aim_interfaces:/opt/ros/humble LD_LIBRARY_PATH=/rm_version/install/rm_msg_interfaces/lib:/rm_version/install/ros2_video/lib:/rm_version/install/rm_tracker/lib:/rm_version/install/rm_detector/lib:/ros_ws/install/ros2_video/lib:/ros_ws/install/rm_serial_driver/lib:/ros_ws/install/mindvision_camera/lib:/ros_ws/install/hik_camera/lib:/ros_ws/install/armor_tracker/lib:/ros_ws/install/armor_detector/lib:/ros_ws/install/auto_aim_interfaces/lib:/opt/ros/humble/lib/x86_64-linux-gnu:/opt/ros/humble/lib /usr/bin/cmake --build /rm_version/build/rm_tracker -- -j20 -l20
[0.606s] DEBUG:colcon.colcon_core.event_handler.log_command:Invoked command in '/rm_version/build/rm_detector' returned '0': CMAKE_PREFIX_PATH=/rm_version/install/rm_msg_interfaces:/rm_version/install/ros2_video:/rm_version/install/rm_tracker:/rm_version/install/rm_detector:/ros_ws/install/ros2_video:/ros_ws/install/rm_vision_bringup:/ros_ws/install/rm_serial_driver:/ros_ws/install/rm_gimbal_description:/ros_ws/install/rm_auto_aim:/ros_ws/install/mindvision_camera:/ros_ws/install/hik_camera:/ros_ws/install/armor_tracker:/ros_ws/install/armor_detector:/ros_ws/install/auto_aim_interfaces:/opt/ros/humble LD_LIBRARY_PATH=/rm_version/install/rm_msg_interfaces/lib:/rm_version/install/ros2_video/lib:/rm_version/install/rm_tracker/lib:/rm_version/install/rm_detector/lib:/ros_ws/install/ros2_video/lib:/ros_ws/install/rm_serial_driver/lib:/ros_ws/install/mindvision_camera/lib:/ros_ws/install/hik_camera/lib:/ros_ws/install/armor_tracker/lib:/ros_ws/install/armor_detector/lib:/ros_ws/install/auto_aim_interfaces/lib:/opt/ros/humble/lib/x86_64-linux-gnu:/opt/ros/humble/lib /usr/bin/cmake --build /rm_version/build/rm_detector -- -j20 -l20
[0.623s] DEBUG:colcon.colcon_core.event_handler.log_command:Invoking command in '/rm_version/build/rm_detector': CMAKE_PREFIX_PATH=/rm_version/install/rm_msg_interfaces:/rm_version/install/ros2_video:/rm_version/install/rm_tracker:/rm_version/install/rm_detector:/ros_ws/install/ros2_video:/ros_ws/install/rm_vision_bringup:/ros_ws/install/rm_serial_driver:/ros_ws/install/rm_gimbal_description:/ros_ws/install/rm_auto_aim:/ros_ws/install/mindvision_camera:/ros_ws/install/hik_camera:/ros_ws/install/armor_tracker:/ros_ws/install/armor_detector:/ros_ws/install/auto_aim_interfaces:/opt/ros/humble LD_LIBRARY_PATH=/rm_version/install/rm_msg_interfaces/lib:/rm_version/install/ros2_video/lib:/rm_version/install/rm_tracker/lib:/rm_version/install/rm_detector/lib:/ros_ws/install/ros2_video/lib:/ros_ws/install/rm_serial_driver/lib:/ros_ws/install/mindvision_camera/lib:/ros_ws/install/hik_camera/lib:/ros_ws/install/armor_tracker/lib:/ros_ws/install/armor_detector/lib:/ros_ws/install/auto_aim_interfaces/lib:/opt/ros/humble/lib/x86_64-linux-gnu:/opt/ros/humble/lib /usr/bin/cmake --install /rm_version/build/rm_detector
[0.631s] Level 1:colcon.colcon_core.environment:create_environment_scripts_only(rm_detector)
[0.632s] Level 1:colcon.colcon_core.environment:checking '/rm_version/install/rm_detector' for CMake module files
[0.633s] DEBUG:colcon.colcon_core.event_handler.log_command:Invoked command in '/rm_version/build/rm_detector' returned '0': CMAKE_PREFIX_PATH=/rm_version/install/rm_msg_interfaces:/rm_version/install/ros2_video:/rm_version/install/rm_tracker:/rm_version/install/rm_detector:/ros_ws/install/ros2_video:/ros_ws/install/rm_vision_bringup:/ros_ws/install/rm_serial_driver:/ros_ws/install/rm_gimbal_description:/ros_ws/install/rm_auto_aim:/ros_ws/install/mindvision_camera:/ros_ws/install/hik_camera:/ros_ws/install/armor_tracker:/ros_ws/install/armor_detector:/ros_ws/install/auto_aim_interfaces:/opt/ros/humble LD_LIBRARY_PATH=/rm_version/install/rm_msg_interfaces/lib:/rm_version/install/ros2_video/lib:/rm_version/install/rm_tracker/lib:/rm_version/install/rm_detector/lib:/ros_ws/install/ros2_video/lib:/ros_ws/install/rm_serial_driver/lib:/ros_ws/install/mindvision_camera/lib:/ros_ws/install/hik_camera/lib:/ros_ws/install/armor_tracker/lib:/ros_ws/install/armor_detector/lib:/ros_ws/install/auto_aim_interfaces/lib:/opt/ros/humble/lib/x86_64-linux-gnu:/opt/ros/humble/lib /usr/bin/cmake --install /rm_version/build/rm_detector
[0.633s] Level 1:colcon.colcon_core.environment:checking '/rm_version/install/rm_detector' for CMake config files
[0.633s] Level 1:colcon.colcon_core.shell:create_environment_hook('rm_detector', 'cmake_prefix_path')
[0.634s] INFO:colcon.colcon_core.shell:Creating environment hook '/rm_version/install/rm_detector/share/rm_detector/hook/cmake_prefix_path.ps1'
[0.634s] INFO:colcon.colcon_core.shell:Creating environment descriptor '/rm_version/install/rm_detector/share/rm_detector/hook/cmake_prefix_path.dsv'
[0.634s] INFO:colcon.colcon_core.shell:Creating environment hook '/rm_version/install/rm_detector/share/rm_detector/hook/cmake_prefix_path.sh'
[0.635s] Level 1:colcon.colcon_core.environment:checking '/rm_version/install/rm_detector/lib'
[0.635s] Level 1:colcon.colcon_core.shell:create_environment_hook('rm_detector', 'ld_library_path_lib')
[0.635s] INFO:colcon.colcon_core.shell:Creating environment hook '/rm_version/install/rm_detector/share/rm_detector/hook/ld_library_path_lib.ps1'
[0.636s] INFO:colcon.colcon_core.shell:Creating environment descriptor '/rm_version/install/rm_detector/share/rm_detector/hook/ld_library_path_lib.dsv'
[0.636s] INFO:colcon.colcon_core.shell:Creating environment hook '/rm_version/install/rm_detector/share/rm_detector/hook/ld_library_path_lib.sh'
[0.636s] Level 1:colcon.colcon_core.environment:checking '/rm_version/install/rm_detector/bin'
[0.636s] Level 1:colcon.colcon_core.environment:checking '/rm_version/install/rm_detector/lib/pkgconfig/rm_detector.pc'
[0.636s] Level 1:colcon.colcon_core.environment:checking '/rm_version/install/rm_detector/lib/python3.10/site-packages'
[0.636s] Level 1:colcon.colcon_core.environment:checking '/rm_version/install/rm_detector/bin'
[0.637s] INFO:colcon.colcon_core.shell:Creating package script '/rm_version/install/rm_detector/share/rm_detector/package.ps1'
[0.637s] INFO:colcon.colcon_core.shell:Creating package descriptor '/rm_version/install/rm_detector/share/rm_detector/package.dsv'
[0.638s] INFO:colcon.colcon_core.shell:Creating package script '/rm_version/install/rm_detector/share/rm_detector/package.sh'
[0.638s] INFO:colcon.colcon_core.shell:Creating package script '/rm_version/install/rm_detector/share/rm_detector/package.bash'
[0.638s] INFO:colcon.colcon_core.shell:Creating package script '/rm_version/install/rm_detector/share/rm_detector/package.zsh'
[0.638s] Level 1:colcon.colcon_core.environment:create_file_with_runtime_dependencies(/rm_version/install/rm_detector/share/colcon-core/packages/rm_detector)
[0.660s] Level 1:colcon.colcon_core.environment:create_environment_scripts_only(rm_detector)
[0.661s] Level 1:colcon.colcon_core.environment:checking '/rm_version/install/rm_detector' for CMake module files
[0.661s] Level 1:colcon.colcon_core.environment:checking '/rm_version/install/rm_detector' for CMake config files
[0.662s] Level 1:colcon.colcon_core.shell:create_environment_hook('rm_detector', 'cmake_prefix_path')
[0.662s] INFO:colcon.colcon_core.shell:Creating environment hook '/rm_version/install/rm_detector/share/rm_detector/hook/cmake_prefix_path.ps1'
[0.663s] INFO:colcon.colcon_core.shell:Creating environment descriptor '/rm_version/install/rm_detector/share/rm_detector/hook/cmake_prefix_path.dsv'
[0.663s] INFO:colcon.colcon_core.shell:Creating environment hook '/rm_version/install/rm_detector/share/rm_detector/hook/cmake_prefix_path.sh'
[0.663s] Level 1:colcon.colcon_core.environment:checking '/rm_version/install/rm_detector/lib'
[0.663s] Level 1:colcon.colcon_core.shell:create_environment_hook('rm_detector', 'ld_library_path_lib')
[0.664s] INFO:colcon.colcon_core.shell:Creating environment hook '/rm_version/install/rm_detector/share/rm_detector/hook/ld_library_path_lib.ps1'
[0.664s] INFO:colcon.colcon_core.shell:Creating environment descriptor '/rm_version/install/rm_detector/share/rm_detector/hook/ld_library_path_lib.dsv'
[0.664s] INFO:colcon.colcon_core.shell:Creating environment hook '/rm_version/install/rm_detector/share/rm_detector/hook/ld_library_path_lib.sh'
[0.664s] Level 1:colcon.colcon_core.environment:checking '/rm_version/install/rm_detector/bin'
[0.664s] Level 1:colcon.colcon_core.environment:checking '/rm_version/install/rm_detector/lib/pkgconfig/rm_detector.pc'
[0.665s] Level 1:colcon.colcon_core.environment:checking '/rm_version/install/rm_detector/lib/python3.10/site-packages'
[0.665s] Level 1:colcon.colcon_core.environment:checking '/rm_version/install/rm_detector/bin'
[0.666s] INFO:colcon.colcon_core.shell:Creating package script '/rm_version/install/rm_detector/share/rm_detector/package.ps1'
[0.666s] INFO:colcon.colcon_core.shell:Creating package descriptor '/rm_version/install/rm_detector/share/rm_detector/package.dsv'
[0.666s] INFO:colcon.colcon_core.shell:Creating package script '/rm_version/install/rm_detector/share/rm_detector/package.sh'
[0.667s] INFO:colcon.colcon_core.shell:Creating package script '/rm_version/install/rm_detector/share/rm_detector/package.bash'
[0.667s] INFO:colcon.colcon_core.shell:Creating package script '/rm_version/install/rm_detector/share/rm_detector/package.zsh'
[0.667s] Level 1:colcon.colcon_core.environment:create_file_with_runtime_dependencies(/rm_version/install/rm_detector/share/colcon-core/packages/rm_detector)
[5.306s] DEBUG:colcon.colcon_core.event_handler.log_command:Invoked command in '/rm_version/build/rm_tracker' returned '2': CMAKE_PREFIX_PATH=/rm_version/install/rm_msg_interfaces:/rm_version/install/ros2_video:/rm_version/install/rm_tracker:/rm_version/install/rm_detector:/ros_ws/install/ros2_video:/ros_ws/install/rm_vision_bringup:/ros_ws/install/rm_serial_driver:/ros_ws/install/rm_gimbal_description:/ros_ws/install/rm_auto_aim:/ros_ws/install/mindvision_camera:/ros_ws/install/hik_camera:/ros_ws/install/armor_tracker:/ros_ws/install/armor_detector:/ros_ws/install/auto_aim_interfaces:/opt/ros/humble LD_LIBRARY_PATH=/rm_version/install/rm_msg_interfaces/lib:/rm_version/install/ros2_video/lib:/rm_version/install/rm_tracker/lib:/rm_version/install/rm_detector/lib:/ros_ws/install/ros2_video/lib:/ros_ws/install/rm_serial_driver/lib:/ros_ws/install/mindvision_camera/lib:/ros_ws/install/hik_camera/lib:/ros_ws/install/armor_tracker/lib:/ros_ws/install/armor_detector/lib:/ros_ws/install/auto_aim_interfaces/lib:/opt/ros/humble/lib/x86_64-linux-gnu:/opt/ros/humble/lib /usr/bin/cmake --build /rm_version/build/rm_tracker -- -j20 -l20
[5.322s] Level 1:colcon.colcon_core.environment:create_environment_scripts_only(rm_tracker)
[5.323s] Level 1:colcon.colcon_core.environment:checking '/rm_version/install/rm_tracker' for CMake module files
[5.323s] Level 1:colcon.colcon_core.environment:checking '/rm_version/install/rm_tracker' for CMake config files
[5.323s] Level 1:colcon.colcon_core.shell:create_environment_hook('rm_tracker', 'cmake_prefix_path')
[5.324s] INFO:colcon.colcon_core.shell:Creating environment hook '/rm_version/install/rm_tracker/share/rm_tracker/hook/cmake_prefix_path.ps1'
[5.324s] INFO:colcon.colcon_core.shell:Creating environment descriptor '/rm_version/install/rm_tracker/share/rm_tracker/hook/cmake_prefix_path.dsv'
[5.324s] INFO:colcon.colcon_core.shell:Creating environment hook '/rm_version/install/rm_tracker/share/rm_tracker/hook/cmake_prefix_path.sh'
[5.324s] Level 1:colcon.colcon_core.environment:checking '/rm_version/install/rm_tracker/lib'
[5.325s] Level 1:colcon.colcon_core.shell:create_environment_hook('rm_tracker', 'ld_library_path_lib')
[5.325s] INFO:colcon.colcon_core.shell:Creating environment hook '/rm_version/install/rm_tracker/share/rm_tracker/hook/ld_library_path_lib.ps1'
[5.325s] INFO:colcon.colcon_core.shell:Creating environment descriptor '/rm_version/install/rm_tracker/share/rm_tracker/hook/ld_library_path_lib.dsv'
[5.326s] INFO:colcon.colcon_core.shell:Creating environment hook '/rm_version/install/rm_tracker/share/rm_tracker/hook/ld_library_path_lib.sh'
[5.326s] Level 1:colcon.colcon_core.environment:checking '/rm_version/install/rm_tracker/bin'
[5.326s] Level 1:colcon.colcon_core.environment:checking '/rm_version/install/rm_tracker/lib/pkgconfig/rm_tracker.pc'
[5.326s] Level 1:colcon.colcon_core.environment:checking '/rm_version/install/rm_tracker/lib/python3.10/site-packages'
[5.326s] Level 1:colcon.colcon_core.environment:checking '/rm_version/install/rm_tracker/bin'
[5.327s] INFO:colcon.colcon_core.shell:Creating package script '/rm_version/install/rm_tracker/share/rm_tracker/package.ps1'
[5.327s] INFO:colcon.colcon_core.shell:Creating package descriptor '/rm_version/install/rm_tracker/share/rm_tracker/package.dsv'
[5.327s] INFO:colcon.colcon_core.shell:Creating package script '/rm_version/install/rm_tracker/share/rm_tracker/package.sh'
[5.328s] INFO:colcon.colcon_core.shell:Creating package script '/rm_version/install/rm_tracker/share/rm_tracker/package.bash'
[5.328s] INFO:colcon.colcon_core.shell:Creating package script '/rm_version/install/rm_tracker/share/rm_tracker/package.zsh'
[5.328s] Level 1:colcon.colcon_core.environment:create_file_with_runtime_dependencies(/rm_version/install/rm_tracker/share/colcon-core/packages/rm_tracker)
[5.338s] DEBUG:colcon.colcon_parallel_executor.executor.parallel:closing loop
[5.338s] DEBUG:colcon.colcon_parallel_executor.executor.parallel:loop closed
[5.338s] DEBUG:colcon.colcon_parallel_executor.executor.parallel:run_until_complete finished with '2'
[5.338s] DEBUG:colcon.colcon_core.event_reactor:joining thread
[5.342s] INFO:colcon.colcon_core.plugin_system:Skipping extension 'colcon_notification.desktop_notification.notify_send': Could not find 'notify-send'
[5.342s] INFO:colcon.colcon_core.plugin_system:Skipping extension 'colcon_notification.desktop_notification.terminal_notifier': Not used on non-Darwin systems
[5.342s] INFO:colcon.colcon_core.plugin_system:Skipping extension 'colcon_notification.desktop_notification.win32': Not used on non-Windows systems
[5.342s] INFO:colcon.colcon_notification.desktop_notification:Sending desktop notification using 'notify2'
[5.342s] DEBUG:colcon.colcon_notification.desktop_notification.notify2:Failed to initialize notify2: org.freedesktop.DBus.Error.NotSupported: Unable to autolaunch a dbus-daemon without a $DISPLAY for X11
[5.342s] DEBUG:colcon.colcon_core.event_reactor:joined thread
[5.343s] INFO:colcon.colcon_core.shell:Creating prefix script '/rm_version/install/local_setup.ps1'
[5.344s] INFO:colcon.colcon_core.shell:Creating prefix util module '/rm_version/install/_local_setup_util_ps1.py'
[5.345s] INFO:colcon.colcon_core.shell:Creating prefix chain script '/rm_version/install/setup.ps1'
[5.346s] INFO:colcon.colcon_core.shell:Creating prefix script '/rm_version/install/local_setup.sh'
[5.347s] INFO:colcon.colcon_core.shell:Creating prefix util module '/rm_version/install/_local_setup_util_sh.py'
[5.347s] INFO:colcon.colcon_core.shell:Creating prefix chain script '/rm_version/install/setup.sh'
[5.348s] INFO:colcon.colcon_core.shell:Creating prefix script '/rm_version/install/local_setup.bash'
[5.348s] INFO:colcon.colcon_core.shell:Creating prefix chain script '/rm_version/install/setup.bash'
[5.349s] INFO:colcon.colcon_core.shell:Creating prefix script '/rm_version/install/local_setup.zsh'
[5.349s] INFO:colcon.colcon_core.shell:Creating prefix chain script '/rm_version/install/setup.zsh'
