-- Found ament_cmake: 1.3.4 (/opt/ros/humble/share/ament_cmake/cmake)
-- Found rosidl_default_generators: 1.2.0 (/opt/ros/humble/share/rosidl_default_generators/cmake)
-- Using all available rosidl_typesupport_c: rosidl_typesupport_fastrtps_c;rosidl_typesupport_introspection_c
-- Found rosidl_adapter: 3.1.4 (/opt/ros/humble/share/rosidl_adapter/cmake)
-- Using all available rosidl_typesupport_cpp: rosidl_typesupport_fastrtps_cpp;rosidl_typesupport_introspection_cpp
-- Found geometry_msgs: 4.2.3 (/opt/ros/humble/share/geometry_msgs/cmake)
-- Found ament_cmake_ros: 0.10.0 (/opt/ros/humble/share/ament_cmake_ros/cmake)
-- Using all available rosidl_typesupport_c: rosidl_typesupport_fastrtps_c;rosidl_typesupport_introspection_c
-- Using all available rosidl_typesupport_cpp: rosidl_typesupport_fastrtps_cpp;rosidl_typesupport_introspection_cpp
-- Found python_cmake_module: 0.10.0 (/opt/ros/humble/share/python_cmake_module/cmake)
-- Using PYTHON_EXECUTABLE: /usr/bin/python3
-- Using PYTHON_INCLUDE_DIRS: /usr/include/python3.10
-- Using PYTHON_LIBRARIES: /usr/lib/x86_64-linux-gnu/libpython3.10.so
-- Configuring done
-- Generating done
-- Build files have been written to: /rm_version/build/rm_msg_interfaces
[  2%] [34m[1mGenerating C code for ROS interfaces[0m
[  5%] [34m[1mGenerating C++ code for ROS interfaces[0m
[  5%] Built target ament_cmake_python_copy_rm_msg_interfaces
running egg_info
writing rm_msg_interfaces.egg-info/PKG-INFO
writing dependency_links to rm_msg_interfaces.egg-info/dependency_links.txt
writing top-level names to rm_msg_interfaces.egg-info/top_level.txt
reading manifest file 'rm_msg_interfaces.egg-info/SOURCES.txt'
writing manifest file 'rm_msg_interfaces.egg-info/SOURCES.txt'
[  5%] Built target ament_cmake_python_build_rm_msg_interfaces_egg
[  5%] Built target rm_msg_interfaces__cpp
[  7%] [34m[1mGenerating C++ introspection for ROS interfaces[0m
[ 10%] [34m[1mGenerating C++ type support dispatch for ROS interfaces[0m
[ 12%] [34m[1mGenerating C++ type support for eProsima Fast-RTPS[0m
[35m[1mConsolidate compiler generated dependencies of target rm_msg_interfaces__rosidl_generator_c[0m
[ 17%] [32mBuilding C object CMakeFiles/rm_msg_interfaces__rosidl_generator_c.dir/rosidl_generator_c/rm_msg_interfaces/msg/detail/armor__functions.c.o[0m
[ 17%] [32mBuilding C object CMakeFiles/rm_msg_interfaces__rosidl_generator_c.dir/rosidl_generator_c/rm_msg_interfaces/msg/detail/armors__functions.c.o[0m
[ 20%] [32m[1mLinking C shared library librm_msg_interfaces__rosidl_generator_c.so[0m
[ 20%] Built target rm_msg_interfaces__rosidl_generator_c
[ 25%] [34m[1mGenerating C type support for eProsima Fast-RTPS[0m
[ 25%] [34m[1mGenerating C introspection for ROS interfaces[0m
[ 28%] [34m[1mGenerating C type support dispatch for ROS interfaces[0m
[35m[1mConsolidate compiler generated dependencies of target rm_msg_interfaces__rosidl_typesupport_cpp[0m
[35m[1mConsolidate compiler generated dependencies of target rm_msg_interfaces__rosidl_typesupport_introspection_cpp[0m
[ 30%] [32mBuilding CXX object CMakeFiles/rm_msg_interfaces__rosidl_typesupport_cpp.dir/rosidl_typesupport_cpp/rm_msg_interfaces/msg/armors__type_support.cpp.o[0m
[ 33%] [32mBuilding CXX object CMakeFiles/rm_msg_interfaces__rosidl_typesupport_cpp.dir/rosidl_typesupport_cpp/rm_msg_interfaces/msg/armor__type_support.cpp.o[0m
[ 35%] [32mBuilding CXX object CMakeFiles/rm_msg_interfaces__rosidl_typesupport_introspection_cpp.dir/rosidl_typesupport_introspection_cpp/rm_msg_interfaces/msg/detail/armors__type_support.cpp.o[0m
[ 38%] [32mBuilding CXX object CMakeFiles/rm_msg_interfaces__rosidl_typesupport_introspection_cpp.dir/rosidl_typesupport_introspection_cpp/rm_msg_interfaces/msg/detail/armor__type_support.cpp.o[0m
[35m[1mConsolidate compiler generated dependencies of target rm_msg_interfaces__rosidl_typesupport_fastrtps_cpp[0m
[ 41%] [32mBuilding CXX object CMakeFiles/rm_msg_interfaces__rosidl_typesupport_fastrtps_cpp.dir/rosidl_typesupport_fastrtps_cpp/rm_msg_interfaces/msg/detail/dds_fastrtps/armor__type_support.cpp.o[0m
[ 43%] [32mBuilding CXX object CMakeFiles/rm_msg_interfaces__rosidl_typesupport_fastrtps_cpp.dir/rosidl_typesupport_fastrtps_cpp/rm_msg_interfaces/msg/detail/dds_fastrtps/armors__type_support.cpp.o[0m
[35m[1mConsolidate compiler generated dependencies of target rm_msg_interfaces__rosidl_typesupport_c[0m
[ 46%] [32mBuilding CXX object CMakeFiles/rm_msg_interfaces__rosidl_typesupport_c.dir/rosidl_typesupport_c/rm_msg_interfaces/msg/armor__type_support.cpp.o[0m
[ 48%] [32mBuilding CXX object CMakeFiles/rm_msg_interfaces__rosidl_typesupport_c.dir/rosidl_typesupport_c/rm_msg_interfaces/msg/armors__type_support.cpp.o[0m
[35m[1mConsolidate compiler generated dependencies of target rm_msg_interfaces__rosidl_typesupport_introspection_c[0m
[ 51%] [32mBuilding C object CMakeFiles/rm_msg_interfaces__rosidl_typesupport_introspection_c.dir/rosidl_typesupport_introspection_c/rm_msg_interfaces/msg/detail/armors__type_support.c.o[0m
[ 53%] [32mBuilding C object CMakeFiles/rm_msg_interfaces__rosidl_typesupport_introspection_c.dir/rosidl_typesupport_introspection_c/rm_msg_interfaces/msg/detail/armor__type_support.c.o[0m
[ 56%] [32m[1mLinking CXX shared library librm_msg_interfaces__rosidl_typesupport_c.so[0m
[35m[1mConsolidate compiler generated dependencies of target rm_msg_interfaces__rosidl_typesupport_fastrtps_c[0m
[ 58%] [32m[1mLinking CXX shared library librm_msg_interfaces__rosidl_typesupport_cpp.so[0m
[ 61%] [32mBuilding CXX object CMakeFiles/rm_msg_interfaces__rosidl_typesupport_fastrtps_c.dir/rosidl_typesupport_fastrtps_c/rm_msg_interfaces/msg/detail/armor__type_support_c.cpp.o[0m
[ 64%] [32mBuilding CXX object CMakeFiles/rm_msg_interfaces__rosidl_typesupport_fastrtps_c.dir/rosidl_typesupport_fastrtps_c/rm_msg_interfaces/msg/detail/armors__type_support_c.cpp.o[0m
[ 66%] [32m[1mLinking C shared library librm_msg_interfaces__rosidl_typesupport_introspection_c.so[0m
[ 66%] Built target rm_msg_interfaces__rosidl_typesupport_c
[ 66%] Built target rm_msg_interfaces__rosidl_typesupport_cpp
[ 66%] Built target rm_msg_interfaces__rosidl_typesupport_introspection_c
[ 69%] [32m[1mLinking CXX shared library librm_msg_interfaces__rosidl_typesupport_introspection_cpp.so[0m
[ 71%] [32m[1mLinking CXX shared library librm_msg_interfaces__rosidl_typesupport_fastrtps_cpp.so[0m
[ 71%] Built target rm_msg_interfaces__rosidl_typesupport_introspection_cpp
[ 71%] Built target rm_msg_interfaces__rosidl_typesupport_fastrtps_cpp
[ 74%] [32m[1mLinking CXX shared library librm_msg_interfaces__rosidl_typesupport_fastrtps_c.so[0m
[ 74%] Built target rm_msg_interfaces__rosidl_typesupport_fastrtps_c
[ 74%] Built target rm_msg_interfaces
[ 76%] [34m[1mGenerating Python code for ROS interfaces[0m
[ 76%] Built target rm_msg_interfaces__py
[35m[1mConsolidate compiler generated dependencies of target rm_msg_interfaces__rosidl_generator_py[0m
[ 79%] [32mBuilding C object CMakeFiles/rm_msg_interfaces__rosidl_generator_py.dir/rosidl_generator_py/rm_msg_interfaces/msg/_armor_s.c.o[0m
[ 82%] [32mBuilding C object CMakeFiles/rm_msg_interfaces__rosidl_generator_py.dir/rosidl_generator_py/rm_msg_interfaces/msg/_armors_s.c.o[0m
[ 84%] [32m[1mLinking C shared library rosidl_generator_py/rm_msg_interfaces/librm_msg_interfaces__rosidl_generator_py.so[0m
[ 84%] Built target rm_msg_interfaces__rosidl_generator_py
[35m[1mConsolidate compiler generated dependencies of target rm_msg_interfaces__rosidl_typesupport_c__pyext[0m
[35m[1mConsolidate compiler generated dependencies of target rm_msg_interfaces__rosidl_typesupport_introspection_c__pyext[0m
[35m[1mConsolidate compiler generated dependencies of target rm_msg_interfaces__rosidl_typesupport_fastrtps_c__pyext[0m
[ 87%] [32mBuilding C object CMakeFiles/rm_msg_interfaces__rosidl_typesupport_fastrtps_c__pyext.dir/rosidl_generator_py/rm_msg_interfaces/_rm_msg_interfaces_s.ep.rosidl_typesupport_fastrtps_c.c.o[0m
[ 89%] [32mBuilding C object CMakeFiles/rm_msg_interfaces__rosidl_typesupport_c__pyext.dir/rosidl_generator_py/rm_msg_interfaces/_rm_msg_interfaces_s.ep.rosidl_typesupport_c.c.o[0m
[ 92%] [32mBuilding C object CMakeFiles/rm_msg_interfaces__rosidl_typesupport_introspection_c__pyext.dir/rosidl_generator_py/rm_msg_interfaces/_rm_msg_interfaces_s.ep.rosidl_typesupport_introspection_c.c.o[0m
[ 97%] [32m[1mLinking C shared library rosidl_generator_py/rm_msg_interfaces/rm_msg_interfaces_s__rosidl_typesupport_c.cpython-310-x86_64-linux-gnu.so[0m
[ 97%] [32m[1mLinking C shared library rosidl_generator_py/rm_msg_interfaces/rm_msg_interfaces_s__rosidl_typesupport_introspection_c.cpython-310-x86_64-linux-gnu.so[0m
[100%] [32m[1mLinking C shared library rosidl_generator_py/rm_msg_interfaces/rm_msg_interfaces_s__rosidl_typesupport_fastrtps_c.cpython-310-x86_64-linux-gnu.so[0m
[100%] Built target rm_msg_interfaces__rosidl_typesupport_fastrtps_c__pyext
[100%] Built target rm_msg_interfaces__rosidl_typesupport_c__pyext
[100%] Built target rm_msg_interfaces__rosidl_typesupport_introspection_c__pyext
-- Install configuration: ""
-- Up-to-date: /rm_version/install/rm_msg_interfaces/share/ament_index/resource_index/rosidl_interfaces/rm_msg_interfaces
-- Up-to-date: /rm_version/install/rm_msg_interfaces/include/rm_msg_interfaces/rm_msg_interfaces
-- Up-to-date: /rm_version/install/rm_msg_interfaces/include/rm_msg_interfaces/rm_msg_interfaces/msg
-- Installing: /rm_version/install/rm_msg_interfaces/include/rm_msg_interfaces/rm_msg_interfaces/msg/armors.h
-- Installing: /rm_version/install/rm_msg_interfaces/include/rm_msg_interfaces/rm_msg_interfaces/msg/armor.h
-- Up-to-date: /rm_version/install/rm_msg_interfaces/include/rm_msg_interfaces/rm_msg_interfaces/msg/rosidl_generator_c__visibility_control.h
-- Up-to-date: /rm_version/install/rm_msg_interfaces/include/rm_msg_interfaces/rm_msg_interfaces/msg/detail
-- Installing: /rm_version/install/rm_msg_interfaces/include/rm_msg_interfaces/rm_msg_interfaces/msg/detail/armor__functions.c
-- Installing: /rm_version/install/rm_msg_interfaces/include/rm_msg_interfaces/rm_msg_interfaces/msg/detail/armors__struct.h
-- Installing: /rm_version/install/rm_msg_interfaces/include/rm_msg_interfaces/rm_msg_interfaces/msg/detail/armor__type_support.h
-- Installing: /rm_version/install/rm_msg_interfaces/include/rm_msg_interfaces/rm_msg_interfaces/msg/detail/armor__struct.h
-- Installing: /rm_version/install/rm_msg_interfaces/include/rm_msg_interfaces/rm_msg_interfaces/msg/detail/armors__type_support.h
-- Installing: /rm_version/install/rm_msg_interfaces/include/rm_msg_interfaces/rm_msg_interfaces/msg/detail/armor__functions.h
-- Installing: /rm_version/install/rm_msg_interfaces/include/rm_msg_interfaces/rm_msg_interfaces/msg/detail/armors__functions.h
-- Installing: /rm_version/install/rm_msg_interfaces/include/rm_msg_interfaces/rm_msg_interfaces/msg/detail/armors__functions.c
-- Up-to-date: /rm_version/install/rm_msg_interfaces/share/rm_msg_interfaces/environment/library_path.sh
-- Installing: /rm_version/install/rm_msg_interfaces/share/rm_msg_interfaces/environment/library_path.dsv
-- Installing: /rm_version/install/rm_msg_interfaces/lib/librm_msg_interfaces__rosidl_generator_c.so
-- Set runtime path of "/rm_version/install/rm_msg_interfaces/lib/librm_msg_interfaces__rosidl_generator_c.so" to ""
-- Up-to-date: /rm_version/install/rm_msg_interfaces/include/rm_msg_interfaces/rm_msg_interfaces
-- Up-to-date: /rm_version/install/rm_msg_interfaces/include/rm_msg_interfaces/rm_msg_interfaces/msg
-- Up-to-date: /rm_version/install/rm_msg_interfaces/include/rm_msg_interfaces/rm_msg_interfaces/msg/rosidl_typesupport_fastrtps_c__visibility_control.h
-- Up-to-date: /rm_version/install/rm_msg_interfaces/include/rm_msg_interfaces/rm_msg_interfaces/msg/detail
-- Installing: /rm_version/install/rm_msg_interfaces/include/rm_msg_interfaces/rm_msg_interfaces/msg/detail/armors__rosidl_typesupport_fastrtps_c.h
-- Installing: /rm_version/install/rm_msg_interfaces/include/rm_msg_interfaces/rm_msg_interfaces/msg/detail/armor__rosidl_typesupport_fastrtps_c.h
-- Installing: /rm_version/install/rm_msg_interfaces/lib/librm_msg_interfaces__rosidl_typesupport_fastrtps_c.so
-- Set runtime path of "/rm_version/install/rm_msg_interfaces/lib/librm_msg_interfaces__rosidl_typesupport_fastrtps_c.so" to ""
-- Up-to-date: /rm_version/install/rm_msg_interfaces/include/rm_msg_interfaces/rm_msg_interfaces
-- Up-to-date: /rm_version/install/rm_msg_interfaces/include/rm_msg_interfaces/rm_msg_interfaces/msg
-- Up-to-date: /rm_version/install/rm_msg_interfaces/include/rm_msg_interfaces/rm_msg_interfaces/msg/rosidl_typesupport_introspection_c__visibility_control.h
-- Up-to-date: /rm_version/install/rm_msg_interfaces/include/rm_msg_interfaces/rm_msg_interfaces/msg/detail
-- Installing: /rm_version/install/rm_msg_interfaces/include/rm_msg_interfaces/rm_msg_interfaces/msg/detail/armor__rosidl_typesupport_introspection_c.h
-- Installing: /rm_version/install/rm_msg_interfaces/include/rm_msg_interfaces/rm_msg_interfaces/msg/detail/armors__type_support.c
-- Installing: /rm_version/install/rm_msg_interfaces/include/rm_msg_interfaces/rm_msg_interfaces/msg/detail/armor__type_support.c
-- Installing: /rm_version/install/rm_msg_interfaces/include/rm_msg_interfaces/rm_msg_interfaces/msg/detail/armors__rosidl_typesupport_introspection_c.h
-- Installing: /rm_version/install/rm_msg_interfaces/lib/librm_msg_interfaces__rosidl_typesupport_introspection_c.so
-- Set runtime path of "/rm_version/install/rm_msg_interfaces/lib/librm_msg_interfaces__rosidl_typesupport_introspection_c.so" to ""
-- Installing: /rm_version/install/rm_msg_interfaces/lib/librm_msg_interfaces__rosidl_typesupport_c.so
-- Set runtime path of "/rm_version/install/rm_msg_interfaces/lib/librm_msg_interfaces__rosidl_typesupport_c.so" to ""
-- Up-to-date: /rm_version/install/rm_msg_interfaces/include/rm_msg_interfaces/rm_msg_interfaces
-- Up-to-date: /rm_version/install/rm_msg_interfaces/include/rm_msg_interfaces/rm_msg_interfaces/msg
-- Installing: /rm_version/install/rm_msg_interfaces/include/rm_msg_interfaces/rm_msg_interfaces/msg/armors.hpp
-- Installing: /rm_version/install/rm_msg_interfaces/include/rm_msg_interfaces/rm_msg_interfaces/msg/armor.hpp
-- Up-to-date: /rm_version/install/rm_msg_interfaces/include/rm_msg_interfaces/rm_msg_interfaces/msg/detail
-- Installing: /rm_version/install/rm_msg_interfaces/include/rm_msg_interfaces/rm_msg_interfaces/msg/detail/armors__traits.hpp
-- Installing: /rm_version/install/rm_msg_interfaces/include/rm_msg_interfaces/rm_msg_interfaces/msg/detail/armor__builder.hpp
-- Installing: /rm_version/install/rm_msg_interfaces/include/rm_msg_interfaces/rm_msg_interfaces/msg/detail/armor__struct.hpp
-- Installing: /rm_version/install/rm_msg_interfaces/include/rm_msg_interfaces/rm_msg_interfaces/msg/detail/armor__traits.hpp
-- Installing: /rm_version/install/rm_msg_interfaces/include/rm_msg_interfaces/rm_msg_interfaces/msg/detail/armors__builder.hpp
-- Installing: /rm_version/install/rm_msg_interfaces/include/rm_msg_interfaces/rm_msg_interfaces/msg/detail/armors__struct.hpp
-- Up-to-date: /rm_version/install/rm_msg_interfaces/include/rm_msg_interfaces/rm_msg_interfaces
-- Up-to-date: /rm_version/install/rm_msg_interfaces/include/rm_msg_interfaces/rm_msg_interfaces/msg
-- Up-to-date: /rm_version/install/rm_msg_interfaces/include/rm_msg_interfaces/rm_msg_interfaces/msg/rosidl_typesupport_fastrtps_cpp__visibility_control.h
-- Up-to-date: /rm_version/install/rm_msg_interfaces/include/rm_msg_interfaces/rm_msg_interfaces/msg/detail
-- Installing: /rm_version/install/rm_msg_interfaces/include/rm_msg_interfaces/rm_msg_interfaces/msg/detail/armor__rosidl_typesupport_fastrtps_cpp.hpp
-- Installing: /rm_version/install/rm_msg_interfaces/include/rm_msg_interfaces/rm_msg_interfaces/msg/detail/armors__rosidl_typesupport_fastrtps_cpp.hpp
-- Up-to-date: /rm_version/install/rm_msg_interfaces/include/rm_msg_interfaces/rm_msg_interfaces/msg/detail/dds_fastrtps
-- Installing: /rm_version/install/rm_msg_interfaces/lib/librm_msg_interfaces__rosidl_typesupport_fastrtps_cpp.so
-- Set runtime path of "/rm_version/install/rm_msg_interfaces/lib/librm_msg_interfaces__rosidl_typesupport_fastrtps_cpp.so" to ""
-- Up-to-date: /rm_version/install/rm_msg_interfaces/include/rm_msg_interfaces/rm_msg_interfaces
-- Up-to-date: /rm_version/install/rm_msg_interfaces/include/rm_msg_interfaces/rm_msg_interfaces/msg
-- Up-to-date: /rm_version/install/rm_msg_interfaces/include/rm_msg_interfaces/rm_msg_interfaces/msg/detail
-- Installing: /rm_version/install/rm_msg_interfaces/include/rm_msg_interfaces/rm_msg_interfaces/msg/detail/armors__rosidl_typesupport_introspection_cpp.hpp
-- Installing: /rm_version/install/rm_msg_interfaces/include/rm_msg_interfaces/rm_msg_interfaces/msg/detail/armors__type_support.cpp
-- Installing: /rm_version/install/rm_msg_interfaces/include/rm_msg_interfaces/rm_msg_interfaces/msg/detail/armor__type_support.cpp
-- Installing: /rm_version/install/rm_msg_interfaces/include/rm_msg_interfaces/rm_msg_interfaces/msg/detail/armor__rosidl_typesupport_introspection_cpp.hpp
-- Installing: /rm_version/install/rm_msg_interfaces/lib/librm_msg_interfaces__rosidl_typesupport_introspection_cpp.so
-- Set runtime path of "/rm_version/install/rm_msg_interfaces/lib/librm_msg_interfaces__rosidl_typesupport_introspection_cpp.so" to ""
-- Installing: /rm_version/install/rm_msg_interfaces/lib/librm_msg_interfaces__rosidl_typesupport_cpp.so
-- Set runtime path of "/rm_version/install/rm_msg_interfaces/lib/librm_msg_interfaces__rosidl_typesupport_cpp.so" to ""
-- Up-to-date: /rm_version/install/rm_msg_interfaces/share/rm_msg_interfaces/environment/pythonpath.sh
-- Installing: /rm_version/install/rm_msg_interfaces/share/rm_msg_interfaces/environment/pythonpath.dsv
-- Up-to-date: /rm_version/install/rm_msg_interfaces/local/lib/python3.10/dist-packages/rm_msg_interfaces-0.0.0-py3.10.egg-info
-- Installing: /rm_version/install/rm_msg_interfaces/local/lib/python3.10/dist-packages/rm_msg_interfaces-0.0.0-py3.10.egg-info/top_level.txt
-- Installing: /rm_version/install/rm_msg_interfaces/local/lib/python3.10/dist-packages/rm_msg_interfaces-0.0.0-py3.10.egg-info/dependency_links.txt
-- Installing: /rm_version/install/rm_msg_interfaces/local/lib/python3.10/dist-packages/rm_msg_interfaces-0.0.0-py3.10.egg-info/SOURCES.txt
-- Installing: /rm_version/install/rm_msg_interfaces/local/lib/python3.10/dist-packages/rm_msg_interfaces-0.0.0-py3.10.egg-info/PKG-INFO
-- Up-to-date: /rm_version/install/rm_msg_interfaces/local/lib/python3.10/dist-packages/rm_msg_interfaces
-- Installing: /rm_version/install/rm_msg_interfaces/local/lib/python3.10/dist-packages/rm_msg_interfaces/rm_msg_interfaces_s__rosidl_typesupport_fastrtps_c.cpython-310-x86_64-linux-gnu.so
-- Installing: /rm_version/install/rm_msg_interfaces/local/lib/python3.10/dist-packages/rm_msg_interfaces/_rm_msg_interfaces_s.ep.rosidl_typesupport_introspection_c.c
-- Installing: /rm_version/install/rm_msg_interfaces/local/lib/python3.10/dist-packages/rm_msg_interfaces/_rm_msg_interfaces_s.ep.rosidl_typesupport_c.c
-- Up-to-date: /rm_version/install/rm_msg_interfaces/local/lib/python3.10/dist-packages/rm_msg_interfaces/msg
-- Installing: /rm_version/install/rm_msg_interfaces/local/lib/python3.10/dist-packages/rm_msg_interfaces/msg/_armors.py
-- Installing: /rm_version/install/rm_msg_interfaces/local/lib/python3.10/dist-packages/rm_msg_interfaces/msg/_armor_s.c
-- Installing: /rm_version/install/rm_msg_interfaces/local/lib/python3.10/dist-packages/rm_msg_interfaces/msg/_armor.py
-- Installing: /rm_version/install/rm_msg_interfaces/local/lib/python3.10/dist-packages/rm_msg_interfaces/msg/_armors_s.c
-- Installing: /rm_version/install/rm_msg_interfaces/local/lib/python3.10/dist-packages/rm_msg_interfaces/msg/__init__.py
-- Installing: /rm_version/install/rm_msg_interfaces/local/lib/python3.10/dist-packages/rm_msg_interfaces/librm_msg_interfaces__rosidl_generator_py.so
-- Installing: /rm_version/install/rm_msg_interfaces/local/lib/python3.10/dist-packages/rm_msg_interfaces/_rm_msg_interfaces_s.ep.rosidl_typesupport_fastrtps_c.c
-- Installing: /rm_version/install/rm_msg_interfaces/local/lib/python3.10/dist-packages/rm_msg_interfaces/rm_msg_interfaces_s__rosidl_typesupport_c.cpython-310-x86_64-linux-gnu.so
-- Installing: /rm_version/install/rm_msg_interfaces/local/lib/python3.10/dist-packages/rm_msg_interfaces/__init__.py
-- Installing: /rm_version/install/rm_msg_interfaces/local/lib/python3.10/dist-packages/rm_msg_interfaces/rm_msg_interfaces_s__rosidl_typesupport_introspection_c.cpython-310-x86_64-linux-gnu.so
Listing '/rm_version/install/rm_msg_interfaces/local/lib/python3.10/dist-packages/rm_msg_interfaces'...
Compiling '/rm_version/install/rm_msg_interfaces/local/lib/python3.10/dist-packages/rm_msg_interfaces/__init__.py'...
Listing '/rm_version/install/rm_msg_interfaces/local/lib/python3.10/dist-packages/rm_msg_interfaces/msg'...
Compiling '/rm_version/install/rm_msg_interfaces/local/lib/python3.10/dist-packages/rm_msg_interfaces/msg/__init__.py'...
Compiling '/rm_version/install/rm_msg_interfaces/local/lib/python3.10/dist-packages/rm_msg_interfaces/msg/_armor.py'...
Compiling '/rm_version/install/rm_msg_interfaces/local/lib/python3.10/dist-packages/rm_msg_interfaces/msg/_armors.py'...
-- Installing: /rm_version/install/rm_msg_interfaces/local/lib/python3.10/dist-packages/rm_msg_interfaces/rm_msg_interfaces_s__rosidl_typesupport_fastrtps_c.cpython-310-x86_64-linux-gnu.so
-- Set runtime path of "/rm_version/install/rm_msg_interfaces/local/lib/python3.10/dist-packages/rm_msg_interfaces/rm_msg_interfaces_s__rosidl_typesupport_fastrtps_c.cpython-310-x86_64-linux-gnu.so" to ""
-- Installing: /rm_version/install/rm_msg_interfaces/local/lib/python3.10/dist-packages/rm_msg_interfaces/rm_msg_interfaces_s__rosidl_typesupport_introspection_c.cpython-310-x86_64-linux-gnu.so
-- Set runtime path of "/rm_version/install/rm_msg_interfaces/local/lib/python3.10/dist-packages/rm_msg_interfaces/rm_msg_interfaces_s__rosidl_typesupport_introspection_c.cpython-310-x86_64-linux-gnu.so" to ""
-- Installing: /rm_version/install/rm_msg_interfaces/local/lib/python3.10/dist-packages/rm_msg_interfaces/rm_msg_interfaces_s__rosidl_typesupport_c.cpython-310-x86_64-linux-gnu.so
-- Set runtime path of "/rm_version/install/rm_msg_interfaces/local/lib/python3.10/dist-packages/rm_msg_interfaces/rm_msg_interfaces_s__rosidl_typesupport_c.cpython-310-x86_64-linux-gnu.so" to ""
-- Installing: /rm_version/install/rm_msg_interfaces/lib/librm_msg_interfaces__rosidl_generator_py.so
-- Set runtime path of "/rm_version/install/rm_msg_interfaces/lib/librm_msg_interfaces__rosidl_generator_py.so" to ""
-- Up-to-date: /rm_version/install/rm_msg_interfaces/share/rm_msg_interfaces/msg/Armor.idl
-- Installing: /rm_version/install/rm_msg_interfaces/share/rm_msg_interfaces/msg/Armors.idl
-- Up-to-date: /rm_version/install/rm_msg_interfaces/share/rm_msg_interfaces/msg/Armor.msg
-- Installing: /rm_version/install/rm_msg_interfaces/share/rm_msg_interfaces/msg/Armors.msg
-- Up-to-date: /rm_version/install/rm_msg_interfaces/share/ament_index/resource_index/package_run_dependencies/rm_msg_interfaces
-- Up-to-date: /rm_version/install/rm_msg_interfaces/share/ament_index/resource_index/parent_prefix_path/rm_msg_interfaces
-- Up-to-date: /rm_version/install/rm_msg_interfaces/share/rm_msg_interfaces/environment/ament_prefix_path.sh
-- Installing: /rm_version/install/rm_msg_interfaces/share/rm_msg_interfaces/environment/ament_prefix_path.dsv
-- Up-to-date: /rm_version/install/rm_msg_interfaces/share/rm_msg_interfaces/environment/path.sh
-- Installing: /rm_version/install/rm_msg_interfaces/share/rm_msg_interfaces/environment/path.dsv
-- Up-to-date: /rm_version/install/rm_msg_interfaces/share/rm_msg_interfaces/local_setup.bash
-- Up-to-date: /rm_version/install/rm_msg_interfaces/share/rm_msg_interfaces/local_setup.sh
-- Up-to-date: /rm_version/install/rm_msg_interfaces/share/rm_msg_interfaces/local_setup.zsh
-- Installing: /rm_version/install/rm_msg_interfaces/share/rm_msg_interfaces/local_setup.dsv
-- Installing: /rm_version/install/rm_msg_interfaces/share/rm_msg_interfaces/package.dsv
-- Up-to-date: /rm_version/install/rm_msg_interfaces/share/ament_index/resource_index/packages/rm_msg_interfaces
-- Up-to-date: /rm_version/install/rm_msg_interfaces/share/rm_msg_interfaces/cmake/export_rm_msg_interfaces__rosidl_generator_cExport.cmake
-- Up-to-date: /rm_version/install/rm_msg_interfaces/share/rm_msg_interfaces/cmake/export_rm_msg_interfaces__rosidl_generator_cExport-noconfig.cmake
-- Up-to-date: /rm_version/install/rm_msg_interfaces/share/rm_msg_interfaces/cmake/export_rm_msg_interfaces__rosidl_typesupport_fastrtps_cExport.cmake
-- Up-to-date: /rm_version/install/rm_msg_interfaces/share/rm_msg_interfaces/cmake/export_rm_msg_interfaces__rosidl_typesupport_fastrtps_cExport-noconfig.cmake
-- Up-to-date: /rm_version/install/rm_msg_interfaces/share/rm_msg_interfaces/cmake/rm_msg_interfaces__rosidl_typesupport_introspection_cExport.cmake
-- Up-to-date: /rm_version/install/rm_msg_interfaces/share/rm_msg_interfaces/cmake/rm_msg_interfaces__rosidl_typesupport_introspection_cExport-noconfig.cmake
-- Up-to-date: /rm_version/install/rm_msg_interfaces/share/rm_msg_interfaces/cmake/rm_msg_interfaces__rosidl_typesupport_cExport.cmake
-- Up-to-date: /rm_version/install/rm_msg_interfaces/share/rm_msg_interfaces/cmake/rm_msg_interfaces__rosidl_typesupport_cExport-noconfig.cmake
-- Up-to-date: /rm_version/install/rm_msg_interfaces/share/rm_msg_interfaces/cmake/export_rm_msg_interfaces__rosidl_generator_cppExport.cmake
-- Up-to-date: /rm_version/install/rm_msg_interfaces/share/rm_msg_interfaces/cmake/export_rm_msg_interfaces__rosidl_typesupport_fastrtps_cppExport.cmake
-- Up-to-date: /rm_version/install/rm_msg_interfaces/share/rm_msg_interfaces/cmake/export_rm_msg_interfaces__rosidl_typesupport_fastrtps_cppExport-noconfig.cmake
-- Up-to-date: /rm_version/install/rm_msg_interfaces/share/rm_msg_interfaces/cmake/rm_msg_interfaces__rosidl_typesupport_introspection_cppExport.cmake
-- Up-to-date: /rm_version/install/rm_msg_interfaces/share/rm_msg_interfaces/cmake/rm_msg_interfaces__rosidl_typesupport_introspection_cppExport-noconfig.cmake
-- Up-to-date: /rm_version/install/rm_msg_interfaces/share/rm_msg_interfaces/cmake/rm_msg_interfaces__rosidl_typesupport_cppExport.cmake
-- Up-to-date: /rm_version/install/rm_msg_interfaces/share/rm_msg_interfaces/cmake/rm_msg_interfaces__rosidl_typesupport_cppExport-noconfig.cmake
-- Up-to-date: /rm_version/install/rm_msg_interfaces/share/rm_msg_interfaces/cmake/export_rm_msg_interfaces__rosidl_generator_pyExport.cmake
-- Up-to-date: /rm_version/install/rm_msg_interfaces/share/rm_msg_interfaces/cmake/export_rm_msg_interfaces__rosidl_generator_pyExport-noconfig.cmake
-- Up-to-date: /rm_version/install/rm_msg_interfaces/share/rm_msg_interfaces/cmake/rosidl_cmake-extras.cmake
-- Up-to-date: /rm_version/install/rm_msg_interfaces/share/rm_msg_interfaces/cmake/ament_cmake_export_dependencies-extras.cmake
-- Up-to-date: /rm_version/install/rm_msg_interfaces/share/rm_msg_interfaces/cmake/ament_cmake_export_include_directories-extras.cmake
-- Up-to-date: /rm_version/install/rm_msg_interfaces/share/rm_msg_interfaces/cmake/ament_cmake_export_libraries-extras.cmake
-- Up-to-date: /rm_version/install/rm_msg_interfaces/share/rm_msg_interfaces/cmake/ament_cmake_export_targets-extras.cmake
-- Up-to-date: /rm_version/install/rm_msg_interfaces/share/rm_msg_interfaces/cmake/rosidl_cmake_export_typesupport_targets-extras.cmake
-- Up-to-date: /rm_version/install/rm_msg_interfaces/share/rm_msg_interfaces/cmake/rosidl_cmake_export_typesupport_libraries-extras.cmake
-- Up-to-date: /rm_version/install/rm_msg_interfaces/share/rm_msg_interfaces/cmake/rm_msg_interfacesConfig.cmake
-- Up-to-date: /rm_version/install/rm_msg_interfaces/share/rm_msg_interfaces/cmake/rm_msg_interfacesConfig-version.cmake
-- Up-to-date: /rm_version/install/rm_msg_interfaces/share/rm_msg_interfaces/package.xml
