[0.026s] Invoking command in '/rm_version/build/hik_camera': CMAKE_PREFIX_PATH=${CMAKE_PREFIX_PATH}:/opt/ros/humble /usr/bin/cmake --build /rm_version/build/hik_camera -- -j20 -l20
[0.042s] -- Found ament_cmake_auto: 1.3.4 (/opt/ros/humble/share/ament_cmake_auto/cmake)
[0.185s] -- Found rosidl_generator_c: 3.1.4 (/opt/ros/humble/share/rosidl_generator_c/cmake)
[0.187s] -- Found rosidl_adapter: 3.1.4 (/opt/ros/humble/share/rosidl_adapter/cmake)
[0.190s] -- Found rosidl_generator_cpp: 3.1.4 (/opt/ros/humble/share/rosidl_generator_cpp/cmake)
[0.196s] -- Using all available rosidl_typesupport_c: rosidl_typesupport_fastrtps_c;rosidl_typesupport_introspection_c
[0.205s] -- Using all available rosidl_typesupport_cpp: rosidl_typesupport_fastrtps_cpp;rosidl_typesupport_introspection_cpp
[0.238s] -- Found rmw_implementation_cmake: 6.1.1 (/opt/ros/humble/share/rmw_implementation_cmake/cmake)
[0.239s] -- Found rmw_fastrtps_cpp: 6.2.2 (/opt/ros/humble/share/rmw_fastrtps_cpp/cmake)
[0.295s] -- Using RMW implementation 'rmw_fastrtps_cpp' as default
[0.620s] -- Found eigen3_cmake_module: 0.1.1 (/opt/ros/humble/share/eigen3_cmake_module/cmake)
[0.621s] -- Ensuring Eigen3 include directory is part of orocos-kdl CMake target
[0.802s] -- Found ament_lint_auto: 0.12.6 (/opt/ros/humble/share/ament_lint_auto/cmake)
[0.814s] -- Added test 'cppcheck' to perform static code analysis on C / C++ code
[0.814s] -- Configured cppcheck include dirs: /rm_version/src/hik_camera_node/hikSDK/include
[0.815s] -- Configured cppcheck exclude dirs and/or files: 
[0.815s] -- Added test 'lint_cmake' to check CMake code style
[0.815s] -- Added test 'xmllint' to check XML markup files
[0.817s] -- Configuring done
[0.819s] [31mCMake Error at /opt/ros/humble/share/ament_cmake_auto/cmake/ament_auto_add_library.cmake:66 (add_library):
[0.820s]   Cannot find source file:
[0.820s] 
[0.820s]     src/hik_camera_node.cpp
[0.820s] 
[0.820s]   Tried extensions .c .C .c++ .cc .cpp .cxx .cu .mpp .m .M .mm .ixx .cppm .h
[0.820s]   .hh .h++ .hm .hpp .hxx .in .txx .f .F .for .f77 .f90 .f95 .f03 .hip .ispc
[0.820s] Call Stack (most recent call first):
[0.820s]   CMakeLists.txt:18 (ament_auto_add_library)
[0.820s] 
[0.820s] [0m
[0.820s] [31mCMake Error at /opt/ros/humble/share/ament_cmake_auto/cmake/ament_auto_add_library.cmake:66 (add_library):
[0.821s]   No SOURCES given to target: hik_camera
[0.821s] Call Stack (most recent call first):
[0.821s]   CMakeLists.txt:18 (ament_auto_add_library)
[0.821s] 
[0.821s] [0m
[0.821s] [0mCMake Generate step failed.  Build files cannot be regenerated correctly.[0m
[0.825s] gmake: *** [Makefile:308: cmake_check_build_system] Error 1
[0.827s] Invoked command in '/rm_version/build/hik_camera' returned '2': CMAKE_PREFIX_PATH=${CMAKE_PREFIX_PATH}:/opt/ros/humble /usr/bin/cmake --build /rm_version/build/hik_camera -- -j20 -l20
