[0.027s] Invoking command in '/rm_version/build/start_directory': CMAKE_PREFIX_PATH=${CMAKE_PREFIX_PATH}:/opt/ros/humble /usr/bin/cmake --build /rm_version/build/start_directory -- -j20 -l20
[0.038s] -- Found ament_cmake_auto: 1.3.4 (/opt/ros/humble/share/ament_cmake_auto/cmake)
[0.122s] -- Found ament_lint_auto: 0.12.6 (/opt/ros/humble/share/ament_lint_auto/cmake)
[0.160s] -- Configuring done
[0.161s] -- Generating done
[0.162s] -- Build files have been written to: /rm_version/build/start_directory
[0.174s] Invoked command in '/rm_version/build/start_directory' returned '0': CMAKE_PREFIX_PATH=${CMAKE_PREFIX_PATH}:/opt/ros/humble /usr/bin/cmake --build /rm_version/build/start_directory -- -j20 -l20
[0.184s] Invoking command in '/rm_version/build/start_directory': CMAKE_PREFIX_PATH=${CMAKE_PREFIX_PATH}:/opt/ros/humble /usr/bin/cmake --install /rm_version/build/start_directory
[0.187s] -- Install configuration: ""
[0.187s] -- Up-to-date: /rm_version/install/start_directory/share/start_directory/launch
[0.187s] -- Up-to-date: /rm_version/install/start_directory/share/start_directory/launch/test.launch.py
[0.187s] -- Up-to-date: /rm_version/install/start_directory/share/start_directory/config
[0.187s] -- Up-to-date: /rm_version/install/start_directory/share/start_directory/config/launch_param.yaml
[0.187s] -- Up-to-date: /rm_version/install/start_directory/share/ament_index/resource_index/package_run_dependencies/start_directory
[0.187s] -- Installing: /rm_version/install/start_directory/share/ament_index/resource_index/parent_prefix_path/start_directory
[0.188s] -- Up-to-date: /rm_version/install/start_directory/share/start_directory/environment/ament_prefix_path.sh
[0.188s] -- Installing: /rm_version/install/start_directory/share/start_directory/environment/ament_prefix_path.dsv
[0.188s] -- Up-to-date: /rm_version/install/start_directory/share/start_directory/environment/path.sh
[0.188s] -- Installing: /rm_version/install/start_directory/share/start_directory/environment/path.dsv
[0.188s] -- Up-to-date: /rm_version/install/start_directory/share/start_directory/local_setup.bash
[0.188s] -- Up-to-date: /rm_version/install/start_directory/share/start_directory/local_setup.sh
[0.188s] -- Up-to-date: /rm_version/install/start_directory/share/start_directory/local_setup.zsh
[0.188s] -- Installing: /rm_version/install/start_directory/share/start_directory/local_setup.dsv
[0.188s] -- Installing: /rm_version/install/start_directory/share/start_directory/package.dsv
[0.188s] -- Up-to-date: /rm_version/install/start_directory/share/ament_index/resource_index/packages/start_directory
[0.188s] -- Up-to-date: /rm_version/install/start_directory/share/start_directory/cmake/start_directoryConfig.cmake
[0.188s] -- Up-to-date: /rm_version/install/start_directory/share/start_directory/cmake/start_directoryConfig-version.cmake
[0.189s] -- Up-to-date: /rm_version/install/start_directory/share/start_directory/package.xml
[0.191s] Invoked command in '/rm_version/build/start_directory' returned '0': CMAKE_PREFIX_PATH=${CMAKE_PREFIX_PATH}:/opt/ros/humble /usr/bin/cmake --install /rm_version/build/start_directory
