[0.034s] Invoking command in '/rm_version/build/ros2_static_tf_node': CMAKE_PREFIX_PATH=${CMAKE_PREFIX_PATH}:/opt/ros/humble /usr/bin/cmake --build /rm_version/build/ros2_static_tf_node -- -j20 -l20
[0.063s] [35m[1mConsolidate compiler generated dependencies of target ros2_static_tf_node[0m
[0.072s] [ 50%] Built target ros2_static_tf_node_node
[0.082s] [100%] Built target ros2_static_tf_node
[0.108s] Invoked command in '/rm_version/build/ros2_static_tf_node' returned '0': CMAKE_PREFIX_PATH=${CMAKE_PREFIX_PATH}:/opt/ros/humble /usr/bin/cmake --build /rm_version/build/ros2_static_tf_node -- -j20 -l20
[0.134s] Invoking command in '/rm_version/build/ros2_static_tf_node': CMAKE_PREFIX_PATH=${CMAKE_PREFIX_PATH}:/opt/ros/humble /usr/bin/cmake --install /rm_version/build/ros2_static_tf_node
[0.142s] -- Install configuration: ""
[0.143s] -- Up-to-date: /rm_version/install/ros2_static_tf_node/lib/ros2_static_tf_node/ros2_static_tf_node_node
[0.143s] -- Up-to-date: /rm_version/install/ros2_static_tf_node/share/ament_index/resource_index/package_run_dependencies/ros2_static_tf_node
[0.143s] -- Up-to-date: /rm_version/install/ros2_static_tf_node/share/ament_index/resource_index/parent_prefix_path/ros2_static_tf_node
[0.143s] -- Up-to-date: /rm_version/install/ros2_static_tf_node/share/ros2_static_tf_node/environment/ament_prefix_path.sh
[0.143s] -- Up-to-date: /rm_version/install/ros2_static_tf_node/share/ros2_static_tf_node/environment/ament_prefix_path.dsv
[0.143s] -- Up-to-date: /rm_version/install/ros2_static_tf_node/share/ros2_static_tf_node/environment/path.sh
[0.143s] -- Up-to-date: /rm_version/install/ros2_static_tf_node/share/ros2_static_tf_node/environment/path.dsv
[0.143s] -- Up-to-date: /rm_version/install/ros2_static_tf_node/share/ros2_static_tf_node/local_setup.bash
[0.143s] -- Up-to-date: /rm_version/install/ros2_static_tf_node/share/ros2_static_tf_node/local_setup.sh
[0.143s] -- Up-to-date: /rm_version/install/ros2_static_tf_node/share/ros2_static_tf_node/local_setup.zsh
[0.143s] -- Up-to-date: /rm_version/install/ros2_static_tf_node/share/ros2_static_tf_node/local_setup.dsv
[0.143s] -- Installing: /rm_version/install/ros2_static_tf_node/share/ros2_static_tf_node/package.dsv
[0.144s] -- Up-to-date: /rm_version/install/ros2_static_tf_node/share/ament_index/resource_index/packages/ros2_static_tf_node
[0.144s] -- Up-to-date: /rm_version/install/ros2_static_tf_node/share/ament_index/resource_index/rclcpp_components/ros2_static_tf_node
[0.144s] -- Up-to-date: /rm_version/install/ros2_static_tf_node/share/ros2_static_tf_node/cmake/ros2_static_tf_nodeConfig.cmake
[0.144s] -- Up-to-date: /rm_version/install/ros2_static_tf_node/share/ros2_static_tf_node/cmake/ros2_static_tf_nodeConfig-version.cmake
[0.144s] -- Up-to-date: /rm_version/install/ros2_static_tf_node/share/ros2_static_tf_node/package.xml
[0.144s] Invoked command in '/rm_version/build/ros2_static_tf_node' returned '0': CMAKE_PREFIX_PATH=${CMAKE_PREFIX_PATH}:/opt/ros/humble /usr/bin/cmake --install /rm_version/build/ros2_static_tf_node
