[0.160s] DEBUG:colcon:Command line arguments: ['/usr/bin/colcon', 'build']
[0.160s] DEBUG:colcon:Parsed command line arguments: Namespace(log_base=None, log_level=None, verb_name='build', build_base='build', install_base='install', merge_install=False, symlink_install=False, test_result_base=None, continue_on_error=False, executor='parallel', parallel_workers=20, event_handlers=None, ignore_user_meta=False, metas=['./colcon.meta'], base_paths=['.'], packages_ignore=None, packages_ignore_regex=None, paths=None, packages_up_to=None, packages_up_to_regex=None, packages_above=None, packages_above_and_dependencies=None, packages_above_depth=None, packages_select_by_dep=None, packages_skip_by_dep=None, packages_skip_up_to=None, packages_select_build_failed=False, packages_skip_build_finished=False, packages_select_test_failures=False, packages_skip_test_passed=False, packages_select=None, packages_skip=None, packages_select_regex=None, packages_skip_regex=None, packages_start=None, packages_end=None, cmake_args=None, cmake_target=None, cmake_target_skip_unavailable=False, cmake_clean_cache=False, cmake_clean_first=False, cmake_force_configure=False, ament_cmake_args=None, catkin_cmake_args=None, catkin_skip_building_tests=False, mixin_files=None, mixin=None, verb_parser=<colcon_mixin.mixin.mixin_argument.MixinArgumentDecorator object at 0x7f14b1f51c60>, verb_extension=<colcon_core.verb.build.BuildVerb object at 0x7f14b21c22f0>, main=<bound method BuildVerb.main of <colcon_core.verb.build.BuildVerb object at 0x7f14b21c22f0>>, mixin_verb=('build',))
[0.174s] Level 1:colcon.colcon_core.package_discovery:discover_packages(colcon_meta) check parameters
[0.175s] INFO:colcon.colcon_metadata.package_discovery.colcon_meta:Using configuration from '/root/.colcon/metadata/default/Gazebo.meta'
[0.175s] INFO:colcon.colcon_metadata.package_discovery.colcon_meta:Using configuration from '/root/.colcon/metadata/default/fastrtps.meta'
[0.175s] Level 1:colcon.colcon_core.package_discovery:discover_packages(recursive) check parameters
[0.175s] Level 1:colcon.colcon_core.package_discovery:discover_packages(ignore) check parameters
[0.175s] Level 1:colcon.colcon_core.package_discovery:discover_packages(path) check parameters
[0.175s] Level 1:colcon.colcon_core.package_discovery:discover_packages(colcon_meta) discover
[0.175s] Level 1:colcon.colcon_core.package_discovery:discover_packages(recursive) discover
[0.175s] INFO:colcon.colcon_core.package_discovery:Crawling recursively for packages in '/rm_version'
[0.175s] Level 1:colcon.colcon_core.package_identification:_identify(.) by extensions ['ignore', 'ignore_ament_install']
[0.175s] Level 1:colcon.colcon_core.package_identification:_identify(.) by extension 'ignore'
[0.175s] Level 1:colcon.colcon_core.package_identification:_identify(.) by extension 'ignore_ament_install'
[0.175s] Level 1:colcon.colcon_core.package_identification:_identify(.) by extensions ['colcon_pkg']
[0.175s] Level 1:colcon.colcon_core.package_identification:_identify(.) by extension 'colcon_pkg'
[0.175s] Level 1:colcon.colcon_core.package_identification:_identify(.) by extensions ['colcon_meta']
[0.175s] Level 1:colcon.colcon_core.package_identification:_identify(.) by extension 'colcon_meta'
[0.175s] Level 1:colcon.colcon_core.package_identification:_identify(.) by extensions ['ros']
[0.176s] Level 1:colcon.colcon_core.package_identification:_identify(.) by extension 'ros'
[0.186s] Level 1:colcon.colcon_core.package_identification:_identify(.) by extensions ['cmake', 'python']
[0.187s] Level 1:colcon.colcon_core.package_identification:_identify(.) by extension 'cmake'
[0.187s] Level 1:colcon.colcon_core.package_identification:_identify(.) by extension 'python'
[0.187s] Level 1:colcon.colcon_core.package_identification:_identify(.) by extensions ['python_setup_py']
[0.187s] Level 1:colcon.colcon_core.package_identification:_identify(.) by extension 'python_setup_py'
[0.187s] Level 1:colcon.colcon_core.package_identification:_identify(build) by extensions ['ignore', 'ignore_ament_install']
[0.187s] Level 1:colcon.colcon_core.package_identification:_identify(build) by extension 'ignore'
[0.187s] Level 1:colcon.colcon_core.package_identification:_identify(build) ignored
[0.187s] Level 1:colcon.colcon_core.package_identification:_identify(install) by extensions ['ignore', 'ignore_ament_install']
[0.187s] Level 1:colcon.colcon_core.package_identification:_identify(install) by extension 'ignore'
[0.187s] Level 1:colcon.colcon_core.package_identification:_identify(install) ignored
[0.187s] Level 1:colcon.colcon_core.package_identification:_identify(log) by extensions ['ignore', 'ignore_ament_install']
[0.187s] Level 1:colcon.colcon_core.package_identification:_identify(log) by extension 'ignore'
[0.187s] Level 1:colcon.colcon_core.package_identification:_identify(log) ignored
[0.187s] Level 1:colcon.colcon_core.package_identification:_identify(src) by extensions ['ignore', 'ignore_ament_install']
[0.187s] Level 1:colcon.colcon_core.package_identification:_identify(src) by extension 'ignore'
[0.187s] Level 1:colcon.colcon_core.package_identification:_identify(src) by extension 'ignore_ament_install'
[0.187s] Level 1:colcon.colcon_core.package_identification:_identify(src) by extensions ['colcon_pkg']
[0.187s] Level 1:colcon.colcon_core.package_identification:_identify(src) by extension 'colcon_pkg'
[0.187s] Level 1:colcon.colcon_core.package_identification:_identify(src) by extensions ['colcon_meta']
[0.187s] Level 1:colcon.colcon_core.package_identification:_identify(src) by extension 'colcon_meta'
[0.187s] Level 1:colcon.colcon_core.package_identification:_identify(src) by extensions ['ros']
[0.187s] Level 1:colcon.colcon_core.package_identification:_identify(src) by extension 'ros'
[0.187s] Level 1:colcon.colcon_core.package_identification:_identify(src) by extensions ['cmake', 'python']
[0.187s] Level 1:colcon.colcon_core.package_identification:_identify(src) by extension 'cmake'
[0.187s] Level 1:colcon.colcon_core.package_identification:_identify(src) by extension 'python'
[0.187s] Level 1:colcon.colcon_core.package_identification:_identify(src) by extensions ['python_setup_py']
[0.187s] Level 1:colcon.colcon_core.package_identification:_identify(src) by extension 'python_setup_py'
[0.188s] Level 1:colcon.colcon_core.package_identification:_identify(src/hik_camera_node) by extensions ['ignore', 'ignore_ament_install']
[0.188s] Level 1:colcon.colcon_core.package_identification:_identify(src/hik_camera_node) by extension 'ignore'
[0.188s] Level 1:colcon.colcon_core.package_identification:_identify(src/hik_camera_node) by extension 'ignore_ament_install'
[0.188s] Level 1:colcon.colcon_core.package_identification:_identify(src/hik_camera_node) by extensions ['colcon_pkg']
[0.188s] Level 1:colcon.colcon_core.package_identification:_identify(src/hik_camera_node) by extension 'colcon_pkg'
[0.188s] Level 1:colcon.colcon_core.package_identification:_identify(src/hik_camera_node) by extensions ['colcon_meta']
[0.188s] Level 1:colcon.colcon_core.package_identification:_identify(src/hik_camera_node) by extension 'colcon_meta'
[0.188s] Level 1:colcon.colcon_core.package_identification:_identify(src/hik_camera_node) by extensions ['ros']
[0.188s] Level 1:colcon.colcon_core.package_identification:_identify(src/hik_camera_node) by extension 'ros'
[0.190s] DEBUG:colcon.colcon_core.package_identification:Package 'src/hik_camera_node' with type 'ros.ament_cmake' and name 'hik_camera'
[0.191s] Level 1:colcon.colcon_core.package_identification:_identify(src/rm_detector) by extensions ['ignore', 'ignore_ament_install']
[0.191s] Level 1:colcon.colcon_core.package_identification:_identify(src/rm_detector) by extension 'ignore'
[0.191s] Level 1:colcon.colcon_core.package_identification:_identify(src/rm_detector) by extension 'ignore_ament_install'
[0.191s] Level 1:colcon.colcon_core.package_identification:_identify(src/rm_detector) by extensions ['colcon_pkg']
[0.191s] Level 1:colcon.colcon_core.package_identification:_identify(src/rm_detector) by extension 'colcon_pkg'
[0.191s] Level 1:colcon.colcon_core.package_identification:_identify(src/rm_detector) by extensions ['colcon_meta']
[0.191s] Level 1:colcon.colcon_core.package_identification:_identify(src/rm_detector) by extension 'colcon_meta'
[0.191s] Level 1:colcon.colcon_core.package_identification:_identify(src/rm_detector) by extensions ['ros']
[0.191s] Level 1:colcon.colcon_core.package_identification:_identify(src/rm_detector) by extension 'ros'
[0.192s] DEBUG:colcon.colcon_core.package_identification:Package 'src/rm_detector' with type 'ros.ament_cmake' and name 'rm_detector'
[0.192s] Level 1:colcon.colcon_core.package_identification:_identify(src/rm_gimbal_description) by extensions ['ignore', 'ignore_ament_install']
[0.192s] Level 1:colcon.colcon_core.package_identification:_identify(src/rm_gimbal_description) by extension 'ignore'
[0.192s] Level 1:colcon.colcon_core.package_identification:_identify(src/rm_gimbal_description) by extension 'ignore_ament_install'
[0.192s] Level 1:colcon.colcon_core.package_identification:_identify(src/rm_gimbal_description) by extensions ['colcon_pkg']
[0.192s] Level 1:colcon.colcon_core.package_identification:_identify(src/rm_gimbal_description) by extension 'colcon_pkg'
[0.192s] Level 1:colcon.colcon_core.package_identification:_identify(src/rm_gimbal_description) by extensions ['colcon_meta']
[0.192s] Level 1:colcon.colcon_core.package_identification:_identify(src/rm_gimbal_description) by extension 'colcon_meta'
[0.192s] Level 1:colcon.colcon_core.package_identification:_identify(src/rm_gimbal_description) by extensions ['ros']
[0.192s] Level 1:colcon.colcon_core.package_identification:_identify(src/rm_gimbal_description) by extension 'ros'
[0.193s] DEBUG:colcon.colcon_core.package_identification:Package 'src/rm_gimbal_description' with type 'ros.ament_cmake' and name 'rm_gimbal_description'
[0.193s] Level 1:colcon.colcon_core.package_identification:_identify(src/rm_msg_interfaces) by extensions ['ignore', 'ignore_ament_install']
[0.193s] Level 1:colcon.colcon_core.package_identification:_identify(src/rm_msg_interfaces) by extension 'ignore'
[0.193s] Level 1:colcon.colcon_core.package_identification:_identify(src/rm_msg_interfaces) by extension 'ignore_ament_install'
[0.193s] Level 1:colcon.colcon_core.package_identification:_identify(src/rm_msg_interfaces) by extensions ['colcon_pkg']
[0.193s] Level 1:colcon.colcon_core.package_identification:_identify(src/rm_msg_interfaces) by extension 'colcon_pkg'
[0.193s] Level 1:colcon.colcon_core.package_identification:_identify(src/rm_msg_interfaces) by extensions ['colcon_meta']
[0.193s] Level 1:colcon.colcon_core.package_identification:_identify(src/rm_msg_interfaces) by extension 'colcon_meta'
[0.193s] Level 1:colcon.colcon_core.package_identification:_identify(src/rm_msg_interfaces) by extensions ['ros']
[0.193s] Level 1:colcon.colcon_core.package_identification:_identify(src/rm_msg_interfaces) by extension 'ros'
[0.193s] DEBUG:colcon.colcon_core.package_identification:Package 'src/rm_msg_interfaces' with type 'ros.ament_cmake' and name 'rm_msg_interfaces'
[0.193s] Level 1:colcon.colcon_core.package_identification:_identify(src/rm_serial) by extensions ['ignore', 'ignore_ament_install']
[0.193s] Level 1:colcon.colcon_core.package_identification:_identify(src/rm_serial) by extension 'ignore'
[0.193s] Level 1:colcon.colcon_core.package_identification:_identify(src/rm_serial) by extension 'ignore_ament_install'
[0.193s] Level 1:colcon.colcon_core.package_identification:_identify(src/rm_serial) by extensions ['colcon_pkg']
[0.193s] Level 1:colcon.colcon_core.package_identification:_identify(src/rm_serial) by extension 'colcon_pkg'
[0.193s] Level 1:colcon.colcon_core.package_identification:_identify(src/rm_serial) by extensions ['colcon_meta']
[0.193s] Level 1:colcon.colcon_core.package_identification:_identify(src/rm_serial) by extension 'colcon_meta'
[0.193s] Level 1:colcon.colcon_core.package_identification:_identify(src/rm_serial) by extensions ['ros']
[0.193s] Level 1:colcon.colcon_core.package_identification:_identify(src/rm_serial) by extension 'ros'
[0.194s] DEBUG:colcon.colcon_core.package_identification:Package 'src/rm_serial' with type 'ros.ament_cmake' and name 'rm_serial'
[0.194s] Level 1:colcon.colcon_core.package_identification:_identify(src/rm_tracker) by extensions ['ignore', 'ignore_ament_install']
[0.194s] Level 1:colcon.colcon_core.package_identification:_identify(src/rm_tracker) by extension 'ignore'
[0.195s] Level 1:colcon.colcon_core.package_identification:_identify(src/rm_tracker) by extension 'ignore_ament_install'
[0.195s] Level 1:colcon.colcon_core.package_identification:_identify(src/rm_tracker) by extensions ['colcon_pkg']
[0.195s] Level 1:colcon.colcon_core.package_identification:_identify(src/rm_tracker) by extension 'colcon_pkg'
[0.195s] Level 1:colcon.colcon_core.package_identification:_identify(src/rm_tracker) by extensions ['colcon_meta']
[0.195s] Level 1:colcon.colcon_core.package_identification:_identify(src/rm_tracker) by extension 'colcon_meta'
[0.195s] Level 1:colcon.colcon_core.package_identification:_identify(src/rm_tracker) by extensions ['ros']
[0.195s] Level 1:colcon.colcon_core.package_identification:_identify(src/rm_tracker) by extension 'ros'
[0.195s] DEBUG:colcon.colcon_core.package_identification:Package 'src/rm_tracker' with type 'ros.ament_cmake' and name 'rm_tracker'
[0.196s] Level 1:colcon.colcon_core.package_identification:_identify(src/ros2_video_node) by extensions ['ignore', 'ignore_ament_install']
[0.196s] Level 1:colcon.colcon_core.package_identification:_identify(src/ros2_video_node) by extension 'ignore'
[0.196s] Level 1:colcon.colcon_core.package_identification:_identify(src/ros2_video_node) by extension 'ignore_ament_install'
[0.196s] Level 1:colcon.colcon_core.package_identification:_identify(src/ros2_video_node) by extensions ['colcon_pkg']
[0.196s] Level 1:colcon.colcon_core.package_identification:_identify(src/ros2_video_node) by extension 'colcon_pkg'
[0.196s] Level 1:colcon.colcon_core.package_identification:_identify(src/ros2_video_node) by extensions ['colcon_meta']
[0.196s] Level 1:colcon.colcon_core.package_identification:_identify(src/ros2_video_node) by extension 'colcon_meta'
[0.196s] Level 1:colcon.colcon_core.package_identification:_identify(src/ros2_video_node) by extensions ['ros']
[0.196s] Level 1:colcon.colcon_core.package_identification:_identify(src/ros2_video_node) by extension 'ros'
[0.197s] DEBUG:colcon.colcon_core.package_identification:Package 'src/ros2_video_node' with type 'ros.ament_cmake' and name 'ros2_video'
[0.197s] Level 1:colcon.colcon_core.package_identification:_identify(src/start_directory) by extensions ['ignore', 'ignore_ament_install']
[0.197s] Level 1:colcon.colcon_core.package_identification:_identify(src/start_directory) by extension 'ignore'
[0.197s] Level 1:colcon.colcon_core.package_identification:_identify(src/start_directory) by extension 'ignore_ament_install'
[0.197s] Level 1:colcon.colcon_core.package_identification:_identify(src/start_directory) by extensions ['colcon_pkg']
[0.197s] Level 1:colcon.colcon_core.package_identification:_identify(src/start_directory) by extension 'colcon_pkg'
[0.197s] Level 1:colcon.colcon_core.package_identification:_identify(src/start_directory) by extensions ['colcon_meta']
[0.197s] Level 1:colcon.colcon_core.package_identification:_identify(src/start_directory) by extension 'colcon_meta'
[0.197s] Level 1:colcon.colcon_core.package_identification:_identify(src/start_directory) by extensions ['ros']
[0.197s] Level 1:colcon.colcon_core.package_identification:_identify(src/start_directory) by extension 'ros'
[0.197s] DEBUG:colcon.colcon_core.package_identification:Package 'src/start_directory' with type 'ros.ament_cmake' and name 'start_directory'
[0.197s] Level 1:colcon.colcon_core.package_discovery:discover_packages(recursive) using defaults
[0.198s] Level 1:colcon.colcon_core.package_discovery:discover_packages(ignore) discover
[0.198s] Level 1:colcon.colcon_core.package_discovery:discover_packages(ignore) using defaults
[0.198s] Level 1:colcon.colcon_core.package_discovery:discover_packages(path) discover
[0.198s] Level 1:colcon.colcon_core.package_discovery:discover_packages(path) using defaults
[0.216s] Level 5:colcon.colcon_core.verb:set package 'hik_camera' build argument 'cmake_args' from command line to 'None'
[0.216s] Level 5:colcon.colcon_core.verb:set package 'hik_camera' build argument 'cmake_target' from command line to 'None'
[0.216s] Level 5:colcon.colcon_core.verb:set package 'hik_camera' build argument 'cmake_target_skip_unavailable' from command line to 'False'
[0.216s] Level 5:colcon.colcon_core.verb:set package 'hik_camera' build argument 'cmake_clean_cache' from command line to 'False'
[0.216s] Level 5:colcon.colcon_core.verb:set package 'hik_camera' build argument 'cmake_clean_first' from command line to 'False'
[0.216s] Level 5:colcon.colcon_core.verb:set package 'hik_camera' build argument 'cmake_force_configure' from command line to 'False'
[0.217s] Level 5:colcon.colcon_core.verb:set package 'hik_camera' build argument 'ament_cmake_args' from command line to 'None'
[0.217s] Level 5:colcon.colcon_core.verb:set package 'hik_camera' build argument 'catkin_cmake_args' from command line to 'None'
[0.217s] Level 5:colcon.colcon_core.verb:set package 'hik_camera' build argument 'catkin_skip_building_tests' from command line to 'False'
[0.217s] DEBUG:colcon.colcon_core.verb:Building package 'hik_camera' with the following arguments: {'ament_cmake_args': None, 'build_base': '/rm_version/build/hik_camera', 'catkin_cmake_args': None, 'catkin_skip_building_tests': False, 'cmake_args': None, 'cmake_clean_cache': False, 'cmake_clean_first': False, 'cmake_force_configure': False, 'cmake_target': None, 'cmake_target_skip_unavailable': False, 'install_base': '/rm_version/install/hik_camera', 'merge_install': False, 'path': '/rm_version/src/hik_camera_node', 'symlink_install': False, 'test_result_base': None}
[0.217s] Level 5:colcon.colcon_core.verb:set package 'rm_gimbal_description' build argument 'cmake_args' from command line to 'None'
[0.217s] Level 5:colcon.colcon_core.verb:set package 'rm_gimbal_description' build argument 'cmake_target' from command line to 'None'
[0.217s] Level 5:colcon.colcon_core.verb:set package 'rm_gimbal_description' build argument 'cmake_target_skip_unavailable' from command line to 'False'
[0.217s] Level 5:colcon.colcon_core.verb:set package 'rm_gimbal_description' build argument 'cmake_clean_cache' from command line to 'False'
[0.217s] Level 5:colcon.colcon_core.verb:set package 'rm_gimbal_description' build argument 'cmake_clean_first' from command line to 'False'
[0.217s] Level 5:colcon.colcon_core.verb:set package 'rm_gimbal_description' build argument 'cmake_force_configure' from command line to 'False'
[0.217s] Level 5:colcon.colcon_core.verb:set package 'rm_gimbal_description' build argument 'ament_cmake_args' from command line to 'None'
[0.217s] Level 5:colcon.colcon_core.verb:set package 'rm_gimbal_description' build argument 'catkin_cmake_args' from command line to 'None'
[0.217s] Level 5:colcon.colcon_core.verb:set package 'rm_gimbal_description' build argument 'catkin_skip_building_tests' from command line to 'False'
[0.217s] DEBUG:colcon.colcon_core.verb:Building package 'rm_gimbal_description' with the following arguments: {'ament_cmake_args': None, 'build_base': '/rm_version/build/rm_gimbal_description', 'catkin_cmake_args': None, 'catkin_skip_building_tests': False, 'cmake_args': None, 'cmake_clean_cache': False, 'cmake_clean_first': False, 'cmake_force_configure': False, 'cmake_target': None, 'cmake_target_skip_unavailable': False, 'install_base': '/rm_version/install/rm_gimbal_description', 'merge_install': False, 'path': '/rm_version/src/rm_gimbal_description', 'symlink_install': False, 'test_result_base': None}
[0.218s] Level 5:colcon.colcon_core.verb:set package 'rm_msg_interfaces' build argument 'cmake_args' from command line to 'None'
[0.218s] Level 5:colcon.colcon_core.verb:set package 'rm_msg_interfaces' build argument 'cmake_target' from command line to 'None'
[0.218s] Level 5:colcon.colcon_core.verb:set package 'rm_msg_interfaces' build argument 'cmake_target_skip_unavailable' from command line to 'False'
[0.218s] Level 5:colcon.colcon_core.verb:set package 'rm_msg_interfaces' build argument 'cmake_clean_cache' from command line to 'False'
[0.218s] Level 5:colcon.colcon_core.verb:set package 'rm_msg_interfaces' build argument 'cmake_clean_first' from command line to 'False'
[0.218s] Level 5:colcon.colcon_core.verb:set package 'rm_msg_interfaces' build argument 'cmake_force_configure' from command line to 'False'
[0.218s] Level 5:colcon.colcon_core.verb:set package 'rm_msg_interfaces' build argument 'ament_cmake_args' from command line to 'None'
[0.218s] Level 5:colcon.colcon_core.verb:set package 'rm_msg_interfaces' build argument 'catkin_cmake_args' from command line to 'None'
[0.218s] Level 5:colcon.colcon_core.verb:set package 'rm_msg_interfaces' build argument 'catkin_skip_building_tests' from command line to 'False'
[0.218s] DEBUG:colcon.colcon_core.verb:Building package 'rm_msg_interfaces' with the following arguments: {'ament_cmake_args': None, 'build_base': '/rm_version/build/rm_msg_interfaces', 'catkin_cmake_args': None, 'catkin_skip_building_tests': False, 'cmake_args': None, 'cmake_clean_cache': False, 'cmake_clean_first': False, 'cmake_force_configure': False, 'cmake_target': None, 'cmake_target_skip_unavailable': False, 'install_base': '/rm_version/install/rm_msg_interfaces', 'merge_install': False, 'path': '/rm_version/src/rm_msg_interfaces', 'symlink_install': False, 'test_result_base': None}
[0.218s] Level 5:colcon.colcon_core.verb:set package 'ros2_video' build argument 'cmake_args' from command line to 'None'
[0.218s] Level 5:colcon.colcon_core.verb:set package 'ros2_video' build argument 'cmake_target' from command line to 'None'
[0.218s] Level 5:colcon.colcon_core.verb:set package 'ros2_video' build argument 'cmake_target_skip_unavailable' from command line to 'False'
[0.218s] Level 5:colcon.colcon_core.verb:set package 'ros2_video' build argument 'cmake_clean_cache' from command line to 'False'
[0.218s] Level 5:colcon.colcon_core.verb:set package 'ros2_video' build argument 'cmake_clean_first' from command line to 'False'
[0.219s] Level 5:colcon.colcon_core.verb:set package 'ros2_video' build argument 'cmake_force_configure' from command line to 'False'
[0.219s] Level 5:colcon.colcon_core.verb:set package 'ros2_video' build argument 'ament_cmake_args' from command line to 'None'
[0.219s] Level 5:colcon.colcon_core.verb:set package 'ros2_video' build argument 'catkin_cmake_args' from command line to 'None'
[0.219s] Level 5:colcon.colcon_core.verb:set package 'ros2_video' build argument 'catkin_skip_building_tests' from command line to 'False'
[0.219s] DEBUG:colcon.colcon_core.verb:Building package 'ros2_video' with the following arguments: {'ament_cmake_args': None, 'build_base': '/rm_version/build/ros2_video', 'catkin_cmake_args': None, 'catkin_skip_building_tests': False, 'cmake_args': None, 'cmake_clean_cache': False, 'cmake_clean_first': False, 'cmake_force_configure': False, 'cmake_target': None, 'cmake_target_skip_unavailable': False, 'install_base': '/rm_version/install/ros2_video', 'merge_install': False, 'path': '/rm_version/src/ros2_video_node', 'symlink_install': False, 'test_result_base': None}
[0.219s] Level 5:colcon.colcon_core.verb:set package 'start_directory' build argument 'cmake_args' from command line to 'None'
[0.219s] Level 5:colcon.colcon_core.verb:set package 'start_directory' build argument 'cmake_target' from command line to 'None'
[0.219s] Level 5:colcon.colcon_core.verb:set package 'start_directory' build argument 'cmake_target_skip_unavailable' from command line to 'False'
[0.219s] Level 5:colcon.colcon_core.verb:set package 'start_directory' build argument 'cmake_clean_cache' from command line to 'False'
[0.219s] Level 5:colcon.colcon_core.verb:set package 'start_directory' build argument 'cmake_clean_first' from command line to 'False'
[0.219s] Level 5:colcon.colcon_core.verb:set package 'start_directory' build argument 'cmake_force_configure' from command line to 'False'
[0.219s] Level 5:colcon.colcon_core.verb:set package 'start_directory' build argument 'ament_cmake_args' from command line to 'None'
[0.219s] Level 5:colcon.colcon_core.verb:set package 'start_directory' build argument 'catkin_cmake_args' from command line to 'None'
[0.219s] Level 5:colcon.colcon_core.verb:set package 'start_directory' build argument 'catkin_skip_building_tests' from command line to 'False'
[0.219s] DEBUG:colcon.colcon_core.verb:Building package 'start_directory' with the following arguments: {'ament_cmake_args': None, 'build_base': '/rm_version/build/start_directory', 'catkin_cmake_args': None, 'catkin_skip_building_tests': False, 'cmake_args': None, 'cmake_clean_cache': False, 'cmake_clean_first': False, 'cmake_force_configure': False, 'cmake_target': None, 'cmake_target_skip_unavailable': False, 'install_base': '/rm_version/install/start_directory', 'merge_install': False, 'path': '/rm_version/src/start_directory', 'symlink_install': False, 'test_result_base': None}
[0.220s] Level 5:colcon.colcon_core.verb:set package 'rm_detector' build argument 'cmake_args' from command line to 'None'
[0.220s] Level 5:colcon.colcon_core.verb:set package 'rm_detector' build argument 'cmake_target' from command line to 'None'
[0.220s] Level 5:colcon.colcon_core.verb:set package 'rm_detector' build argument 'cmake_target_skip_unavailable' from command line to 'False'
[0.220s] Level 5:colcon.colcon_core.verb:set package 'rm_detector' build argument 'cmake_clean_cache' from command line to 'False'
[0.220s] Level 5:colcon.colcon_core.verb:set package 'rm_detector' build argument 'cmake_clean_first' from command line to 'False'
[0.220s] Level 5:colcon.colcon_core.verb:set package 'rm_detector' build argument 'cmake_force_configure' from command line to 'False'
[0.220s] Level 5:colcon.colcon_core.verb:set package 'rm_detector' build argument 'ament_cmake_args' from command line to 'None'
[0.220s] Level 5:colcon.colcon_core.verb:set package 'rm_detector' build argument 'catkin_cmake_args' from command line to 'None'
[0.220s] Level 5:colcon.colcon_core.verb:set package 'rm_detector' build argument 'catkin_skip_building_tests' from command line to 'False'
[0.220s] DEBUG:colcon.colcon_core.verb:Building package 'rm_detector' with the following arguments: {'ament_cmake_args': None, 'build_base': '/rm_version/build/rm_detector', 'catkin_cmake_args': None, 'catkin_skip_building_tests': False, 'cmake_args': None, 'cmake_clean_cache': False, 'cmake_clean_first': False, 'cmake_force_configure': False, 'cmake_target': None, 'cmake_target_skip_unavailable': False, 'install_base': '/rm_version/install/rm_detector', 'merge_install': False, 'path': '/rm_version/src/rm_detector', 'symlink_install': False, 'test_result_base': None}
[0.220s] Level 5:colcon.colcon_core.verb:set package 'rm_serial' build argument 'cmake_args' from command line to 'None'
[0.220s] Level 5:colcon.colcon_core.verb:set package 'rm_serial' build argument 'cmake_target' from command line to 'None'
[0.220s] Level 5:colcon.colcon_core.verb:set package 'rm_serial' build argument 'cmake_target_skip_unavailable' from command line to 'False'
[0.220s] Level 5:colcon.colcon_core.verb:set package 'rm_serial' build argument 'cmake_clean_cache' from command line to 'False'
[0.220s] Level 5:colcon.colcon_core.verb:set package 'rm_serial' build argument 'cmake_clean_first' from command line to 'False'
[0.220s] Level 5:colcon.colcon_core.verb:set package 'rm_serial' build argument 'cmake_force_configure' from command line to 'False'
[0.220s] Level 5:colcon.colcon_core.verb:set package 'rm_serial' build argument 'ament_cmake_args' from command line to 'None'
[0.221s] Level 5:colcon.colcon_core.verb:set package 'rm_serial' build argument 'catkin_cmake_args' from command line to 'None'
[0.221s] Level 5:colcon.colcon_core.verb:set package 'rm_serial' build argument 'catkin_skip_building_tests' from command line to 'False'
[0.221s] DEBUG:colcon.colcon_core.verb:Building package 'rm_serial' with the following arguments: {'ament_cmake_args': None, 'build_base': '/rm_version/build/rm_serial', 'catkin_cmake_args': None, 'catkin_skip_building_tests': False, 'cmake_args': None, 'cmake_clean_cache': False, 'cmake_clean_first': False, 'cmake_force_configure': False, 'cmake_target': None, 'cmake_target_skip_unavailable': False, 'install_base': '/rm_version/install/rm_serial', 'merge_install': False, 'path': '/rm_version/src/rm_serial', 'symlink_install': False, 'test_result_base': None}
[0.221s] Level 5:colcon.colcon_core.verb:set package 'rm_tracker' build argument 'cmake_args' from command line to 'None'
[0.221s] Level 5:colcon.colcon_core.verb:set package 'rm_tracker' build argument 'cmake_target' from command line to 'None'
[0.221s] Level 5:colcon.colcon_core.verb:set package 'rm_tracker' build argument 'cmake_target_skip_unavailable' from command line to 'False'
[0.221s] Level 5:colcon.colcon_core.verb:set package 'rm_tracker' build argument 'cmake_clean_cache' from command line to 'False'
[0.221s] Level 5:colcon.colcon_core.verb:set package 'rm_tracker' build argument 'cmake_clean_first' from command line to 'False'
[0.221s] Level 5:colcon.colcon_core.verb:set package 'rm_tracker' build argument 'cmake_force_configure' from command line to 'False'
[0.221s] Level 5:colcon.colcon_core.verb:set package 'rm_tracker' build argument 'ament_cmake_args' from command line to 'None'
[0.221s] Level 5:colcon.colcon_core.verb:set package 'rm_tracker' build argument 'catkin_cmake_args' from command line to 'None'
[0.221s] Level 5:colcon.colcon_core.verb:set package 'rm_tracker' build argument 'catkin_skip_building_tests' from command line to 'False'
[0.221s] DEBUG:colcon.colcon_core.verb:Building package 'rm_tracker' with the following arguments: {'ament_cmake_args': None, 'build_base': '/rm_version/build/rm_tracker', 'catkin_cmake_args': None, 'catkin_skip_building_tests': False, 'cmake_args': None, 'cmake_clean_cache': False, 'cmake_clean_first': False, 'cmake_force_configure': False, 'cmake_target': None, 'cmake_target_skip_unavailable': False, 'install_base': '/rm_version/install/rm_tracker', 'merge_install': False, 'path': '/rm_version/src/rm_tracker', 'symlink_install': False, 'test_result_base': None}
[0.222s] INFO:colcon.colcon_core.executor:Executing jobs using 'parallel' executor
[0.224s] DEBUG:colcon.colcon_parallel_executor.executor.parallel:run_until_complete
[0.224s] INFO:colcon.colcon_ros.task.ament_cmake.build:Building ROS package in '/rm_version/src/rm_msg_interfaces' with build type 'ament_cmake'
[0.224s] INFO:colcon.colcon_cmake.task.cmake.build:Building CMake package in '/rm_version/src/rm_msg_interfaces'
[0.227s] INFO:colcon.colcon_core.plugin_system:Skipping extension 'colcon_core.shell.bat': Not used on non-Windows systems
[0.227s] INFO:colcon.colcon_core.shell:Skip shell extension 'powershell' for command environment: Not usable outside of PowerShell
[0.227s] DEBUG:colcon.colcon_core.shell:Skip shell extension 'dsv' for command environment
[0.230s] INFO:colcon.colcon_ros.task.ament_cmake.build:Building ROS package in '/rm_version/src/hik_camera_node' with build type 'ament_cmake'
[0.231s] INFO:colcon.colcon_cmake.task.cmake.build:Building CMake package in '/rm_version/src/hik_camera_node'
[0.231s] INFO:colcon.colcon_core.shell:Skip shell extension 'powershell' for command environment: Not usable outside of PowerShell
[0.231s] DEBUG:colcon.colcon_core.shell:Skip shell extension 'dsv' for command environment
[0.234s] INFO:colcon.colcon_ros.task.ament_cmake.build:Building ROS package in '/rm_version/src/rm_gimbal_description' with build type 'ament_cmake'
[0.234s] INFO:colcon.colcon_cmake.task.cmake.build:Building CMake package in '/rm_version/src/rm_gimbal_description'
[0.235s] INFO:colcon.colcon_core.shell:Skip shell extension 'powershell' for command environment: Not usable outside of PowerShell
[0.235s] DEBUG:colcon.colcon_core.shell:Skip shell extension 'dsv' for command environment
[0.238s] INFO:colcon.colcon_ros.task.ament_cmake.build:Building ROS package in '/rm_version/src/ros2_video_node' with build type 'ament_cmake'
[0.238s] INFO:colcon.colcon_cmake.task.cmake.build:Building CMake package in '/rm_version/src/ros2_video_node'
[0.239s] INFO:colcon.colcon_core.shell:Skip shell extension 'powershell' for command environment: Not usable outside of PowerShell
[0.239s] DEBUG:colcon.colcon_core.shell:Skip shell extension 'dsv' for command environment
[0.242s] INFO:colcon.colcon_ros.task.ament_cmake.build:Building ROS package in '/rm_version/src/start_directory' with build type 'ament_cmake'
[0.243s] INFO:colcon.colcon_cmake.task.cmake.build:Building CMake package in '/rm_version/src/start_directory'
[0.243s] INFO:colcon.colcon_core.shell:Skip shell extension 'powershell' for command environment: Not usable outside of PowerShell
[0.243s] DEBUG:colcon.colcon_core.shell:Skip shell extension 'dsv' for command environment
[0.255s] DEBUG:colcon.colcon_core.event_handler.log_command:Invoking command in '/rm_version/build/rm_msg_interfaces': CMAKE_PREFIX_PATH=${CMAKE_PREFIX_PATH}:/opt/ros/humble /usr/bin/cmake --build /rm_version/build/rm_msg_interfaces -- -j20 -l20
[0.258s] DEBUG:colcon.colcon_core.event_handler.log_command:Invoking command in '/rm_version/build/hik_camera': CMAKE_PREFIX_PATH=${CMAKE_PREFIX_PATH}:/opt/ros/humble /usr/bin/cmake --build /rm_version/build/hik_camera -- -j20 -l20
[0.260s] DEBUG:colcon.colcon_core.event_handler.log_command:Invoking command in '/rm_version/build/rm_gimbal_description': CMAKE_PREFIX_PATH=${CMAKE_PREFIX_PATH}:/opt/ros/humble /usr/bin/cmake --build /rm_version/build/rm_gimbal_description -- -j20 -l20
[0.266s] DEBUG:colcon.colcon_core.event_handler.log_command:Invoking command in '/rm_version/build/ros2_video': CMAKE_PREFIX_PATH=${CMAKE_PREFIX_PATH}:/opt/ros/humble /usr/bin/cmake --build /rm_version/build/ros2_video -- -j20 -l20
[0.270s] DEBUG:colcon.colcon_core.event_handler.log_command:Invoking command in '/rm_version/build/start_directory': CMAKE_PREFIX_PATH=${CMAKE_PREFIX_PATH}:/opt/ros/humble /usr/bin/cmake --build /rm_version/build/start_directory -- -j20 -l20
[0.280s] DEBUG:colcon.colcon_core.event_handler.log_command:Invoked command in '/rm_version/build/rm_gimbal_description' returned '0': CMAKE_PREFIX_PATH=${CMAKE_PREFIX_PATH}:/opt/ros/humble /usr/bin/cmake --build /rm_version/build/rm_gimbal_description -- -j20 -l20
[0.294s] DEBUG:colcon.colcon_core.event_handler.log_command:Invoked command in '/rm_version/build/start_directory' returned '0': CMAKE_PREFIX_PATH=${CMAKE_PREFIX_PATH}:/opt/ros/humble /usr/bin/cmake --build /rm_version/build/start_directory -- -j20 -l20
[0.304s] DEBUG:colcon.colcon_core.event_handler.log_command:Invoking command in '/rm_version/build/rm_gimbal_description': CMAKE_PREFIX_PATH=${CMAKE_PREFIX_PATH}:/opt/ros/humble /usr/bin/cmake --install /rm_version/build/rm_gimbal_description
[0.307s] DEBUG:colcon.colcon_core.event_handler.log_command:Invoked command in '/rm_version/build/hik_camera' returned '0': CMAKE_PREFIX_PATH=${CMAKE_PREFIX_PATH}:/opt/ros/humble /usr/bin/cmake --build /rm_version/build/hik_camera -- -j20 -l20
[0.311s] Level 1:colcon.colcon_core.environment:create_environment_scripts_only(rm_gimbal_description)
[0.315s] DEBUG:colcon.colcon_core.event_handler.log_command:Invoked command in '/rm_version/build/rm_gimbal_description' returned '0': CMAKE_PREFIX_PATH=${CMAKE_PREFIX_PATH}:/opt/ros/humble /usr/bin/cmake --install /rm_version/build/rm_gimbal_description
[0.318s] Level 1:colcon.colcon_core.environment:checking '/rm_version/install/rm_gimbal_description' for CMake module files
[0.318s] Level 1:colcon.colcon_core.environment:checking '/rm_version/install/rm_gimbal_description' for CMake config files
[0.318s] Level 1:colcon.colcon_core.shell:create_environment_hook('rm_gimbal_description', 'cmake_prefix_path')
[0.319s] INFO:colcon.colcon_core.shell:Creating environment hook '/rm_version/install/rm_gimbal_description/share/rm_gimbal_description/hook/cmake_prefix_path.ps1'
[0.320s] INFO:colcon.colcon_core.shell:Creating environment descriptor '/rm_version/install/rm_gimbal_description/share/rm_gimbal_description/hook/cmake_prefix_path.dsv'
[0.320s] INFO:colcon.colcon_core.shell:Creating environment hook '/rm_version/install/rm_gimbal_description/share/rm_gimbal_description/hook/cmake_prefix_path.sh'
[0.321s] Level 1:colcon.colcon_core.environment:checking '/rm_version/install/rm_gimbal_description/bin'
[0.321s] Level 1:colcon.colcon_core.environment:checking '/rm_version/install/rm_gimbal_description/lib/pkgconfig/rm_gimbal_description.pc'
[0.322s] Level 1:colcon.colcon_core.environment:checking '/rm_version/install/rm_gimbal_description/lib/python3.10/site-packages'
[0.322s] Level 1:colcon.colcon_core.environment:checking '/rm_version/install/rm_gimbal_description/bin'
[0.323s] INFO:colcon.colcon_core.shell:Creating package script '/rm_version/install/rm_gimbal_description/share/rm_gimbal_description/package.ps1'
[0.324s] INFO:colcon.colcon_core.shell:Creating package descriptor '/rm_version/install/rm_gimbal_description/share/rm_gimbal_description/package.dsv'
[0.324s] INFO:colcon.colcon_core.shell:Creating package script '/rm_version/install/rm_gimbal_description/share/rm_gimbal_description/package.sh'
[0.325s] INFO:colcon.colcon_core.shell:Creating package script '/rm_version/install/rm_gimbal_description/share/rm_gimbal_description/package.bash'
[0.325s] INFO:colcon.colcon_core.shell:Creating package script '/rm_version/install/rm_gimbal_description/share/rm_gimbal_description/package.zsh'
[0.326s] Level 1:colcon.colcon_core.environment:create_file_with_runtime_dependencies(/rm_version/install/rm_gimbal_description/share/colcon-core/packages/rm_gimbal_description)
[0.328s] DEBUG:colcon.colcon_core.event_handler.log_command:Invoking command in '/rm_version/build/start_directory': CMAKE_PREFIX_PATH=${CMAKE_PREFIX_PATH}:/opt/ros/humble /usr/bin/cmake --install /rm_version/build/start_directory
[0.329s] DEBUG:colcon.colcon_core.event_handler.log_command:Invoked command in '/rm_version/build/ros2_video' returned '0': CMAKE_PREFIX_PATH=${CMAKE_PREFIX_PATH}:/opt/ros/humble /usr/bin/cmake --build /rm_version/build/ros2_video -- -j20 -l20
[0.335s] Level 1:colcon.colcon_core.environment:create_environment_scripts_only(start_directory)
[0.337s] Level 1:colcon.colcon_core.environment:checking '/rm_version/install/start_directory' for CMake module files
[0.340s] DEBUG:colcon.colcon_core.event_handler.log_command:Invoking command in '/rm_version/build/hik_camera': CMAKE_PREFIX_PATH=${CMAKE_PREFIX_PATH}:/opt/ros/humble /usr/bin/cmake --install /rm_version/build/hik_camera
[0.341s] DEBUG:colcon.colcon_core.event_handler.log_command:Invoked command in '/rm_version/build/start_directory' returned '0': CMAKE_PREFIX_PATH=${CMAKE_PREFIX_PATH}:/opt/ros/humble /usr/bin/cmake --install /rm_version/build/start_directory
[0.342s] Level 1:colcon.colcon_core.environment:checking '/rm_version/install/start_directory' for CMake config files
[0.345s] Level 1:colcon.colcon_core.shell:create_environment_hook('start_directory', 'cmake_prefix_path')
[0.346s] INFO:colcon.colcon_core.shell:Creating environment hook '/rm_version/install/start_directory/share/start_directory/hook/cmake_prefix_path.ps1'
[0.347s] INFO:colcon.colcon_core.shell:Creating environment descriptor '/rm_version/install/start_directory/share/start_directory/hook/cmake_prefix_path.dsv'
[0.347s] INFO:colcon.colcon_core.shell:Creating environment hook '/rm_version/install/start_directory/share/start_directory/hook/cmake_prefix_path.sh'
[0.347s] Level 1:colcon.colcon_core.environment:checking '/rm_version/install/start_directory/bin'
[0.347s] Level 1:colcon.colcon_core.environment:checking '/rm_version/install/start_directory/lib/pkgconfig/start_directory.pc'
[0.347s] Level 1:colcon.colcon_core.environment:checking '/rm_version/install/start_directory/lib/python3.10/site-packages'
[0.348s] Level 1:colcon.colcon_core.environment:checking '/rm_version/install/start_directory/bin'
[0.348s] INFO:colcon.colcon_core.shell:Creating package script '/rm_version/install/start_directory/share/start_directory/package.ps1'
[0.349s] INFO:colcon.colcon_core.shell:Creating package descriptor '/rm_version/install/start_directory/share/start_directory/package.dsv'
[0.349s] INFO:colcon.colcon_core.shell:Creating package script '/rm_version/install/start_directory/share/start_directory/package.sh'
[0.350s] INFO:colcon.colcon_core.shell:Creating package script '/rm_version/install/start_directory/share/start_directory/package.bash'
[0.350s] INFO:colcon.colcon_core.shell:Creating package script '/rm_version/install/start_directory/share/start_directory/package.zsh'
[0.351s] Level 1:colcon.colcon_core.environment:create_file_with_runtime_dependencies(/rm_version/install/start_directory/share/colcon-core/packages/start_directory)
[0.353s] Level 1:colcon.colcon_core.environment:create_environment_scripts_only(rm_gimbal_description)
[0.354s] Level 1:colcon.colcon_core.environment:checking '/rm_version/install/rm_gimbal_description' for CMake module files
[0.355s] Level 1:colcon.colcon_core.environment:checking '/rm_version/install/rm_gimbal_description' for CMake config files
[0.355s] Level 1:colcon.colcon_core.shell:create_environment_hook('rm_gimbal_description', 'cmake_prefix_path')
[0.356s] INFO:colcon.colcon_core.shell:Creating environment hook '/rm_version/install/rm_gimbal_description/share/rm_gimbal_description/hook/cmake_prefix_path.ps1'
[0.356s] INFO:colcon.colcon_core.shell:Creating environment descriptor '/rm_version/install/rm_gimbal_description/share/rm_gimbal_description/hook/cmake_prefix_path.dsv'
[0.357s] INFO:colcon.colcon_core.shell:Creating environment hook '/rm_version/install/rm_gimbal_description/share/rm_gimbal_description/hook/cmake_prefix_path.sh'
[0.357s] Level 1:colcon.colcon_core.environment:checking '/rm_version/install/rm_gimbal_description/bin'
[0.357s] Level 1:colcon.colcon_core.environment:checking '/rm_version/install/rm_gimbal_description/lib/pkgconfig/rm_gimbal_description.pc'
[0.357s] Level 1:colcon.colcon_core.environment:checking '/rm_version/install/rm_gimbal_description/lib/python3.10/site-packages'
[0.357s] Level 1:colcon.colcon_core.environment:checking '/rm_version/install/rm_gimbal_description/bin'
[0.358s] INFO:colcon.colcon_core.shell:Creating package script '/rm_version/install/rm_gimbal_description/share/rm_gimbal_description/package.ps1'
[0.358s] INFO:colcon.colcon_core.shell:Creating package descriptor '/rm_version/install/rm_gimbal_description/share/rm_gimbal_description/package.dsv'
[0.359s] INFO:colcon.colcon_core.shell:Creating package script '/rm_version/install/rm_gimbal_description/share/rm_gimbal_description/package.sh'
[0.359s] INFO:colcon.colcon_core.shell:Creating package script '/rm_version/install/rm_gimbal_description/share/rm_gimbal_description/package.bash'
[0.359s] INFO:colcon.colcon_core.shell:Creating package script '/rm_version/install/rm_gimbal_description/share/rm_gimbal_description/package.zsh'
[0.359s] Level 1:colcon.colcon_core.environment:create_file_with_runtime_dependencies(/rm_version/install/rm_gimbal_description/share/colcon-core/packages/rm_gimbal_description)
[0.361s] Level 1:colcon.colcon_core.environment:create_environment_scripts_only(hik_camera)
[0.363s] Level 1:colcon.colcon_core.environment:checking '/rm_version/install/hik_camera' for CMake module files
[0.366s] DEBUG:colcon.colcon_core.event_handler.log_command:Invoking command in '/rm_version/build/ros2_video': CMAKE_PREFIX_PATH=${CMAKE_PREFIX_PATH}:/opt/ros/humble /usr/bin/cmake --install /rm_version/build/ros2_video
[0.366s] DEBUG:colcon.colcon_core.event_handler.log_command:Invoked command in '/rm_version/build/hik_camera' returned '0': CMAKE_PREFIX_PATH=${CMAKE_PREFIX_PATH}:/opt/ros/humble /usr/bin/cmake --install /rm_version/build/hik_camera
[0.368s] Level 1:colcon.colcon_core.environment:checking '/rm_version/install/hik_camera' for CMake config files
[0.370s] Level 1:colcon.colcon_core.shell:create_environment_hook('hik_camera', 'cmake_prefix_path')
[0.372s] INFO:colcon.colcon_core.shell:Creating environment hook '/rm_version/install/hik_camera/share/hik_camera/hook/cmake_prefix_path.ps1'
[0.372s] INFO:colcon.colcon_core.shell:Creating environment descriptor '/rm_version/install/hik_camera/share/hik_camera/hook/cmake_prefix_path.dsv'
[0.372s] INFO:colcon.colcon_core.shell:Creating environment hook '/rm_version/install/hik_camera/share/hik_camera/hook/cmake_prefix_path.sh'
[0.373s] Level 1:colcon.colcon_core.environment:checking '/rm_version/install/hik_camera/lib'
[0.373s] Level 1:colcon.colcon_core.shell:create_environment_hook('hik_camera', 'ld_library_path_lib')
[0.373s] INFO:colcon.colcon_core.shell:Creating environment hook '/rm_version/install/hik_camera/share/hik_camera/hook/ld_library_path_lib.ps1'
[0.374s] INFO:colcon.colcon_core.shell:Creating environment descriptor '/rm_version/install/hik_camera/share/hik_camera/hook/ld_library_path_lib.dsv'
[0.374s] INFO:colcon.colcon_core.shell:Creating environment hook '/rm_version/install/hik_camera/share/hik_camera/hook/ld_library_path_lib.sh'
[0.374s] Level 1:colcon.colcon_core.environment:checking '/rm_version/install/hik_camera/bin'
[0.374s] Level 1:colcon.colcon_core.environment:checking '/rm_version/install/hik_camera/lib/pkgconfig/hik_camera.pc'
[0.374s] Level 1:colcon.colcon_core.environment:checking '/rm_version/install/hik_camera/lib/python3.10/site-packages'
[0.374s] Level 1:colcon.colcon_core.environment:checking '/rm_version/install/hik_camera/bin'
[0.375s] INFO:colcon.colcon_core.shell:Creating package script '/rm_version/install/hik_camera/share/hik_camera/package.ps1'
[0.375s] INFO:colcon.colcon_core.shell:Creating package descriptor '/rm_version/install/hik_camera/share/hik_camera/package.dsv'
[0.376s] INFO:colcon.colcon_core.shell:Creating package script '/rm_version/install/hik_camera/share/hik_camera/package.sh'
[0.376s] INFO:colcon.colcon_core.shell:Creating package script '/rm_version/install/hik_camera/share/hik_camera/package.bash'
[0.376s] INFO:colcon.colcon_core.shell:Creating package script '/rm_version/install/hik_camera/share/hik_camera/package.zsh'
[0.376s] Level 1:colcon.colcon_core.environment:create_file_with_runtime_dependencies(/rm_version/install/hik_camera/share/colcon-core/packages/hik_camera)
[0.378s] Level 1:colcon.colcon_core.environment:create_environment_scripts_only(start_directory)
[0.380s] Level 1:colcon.colcon_core.environment:checking '/rm_version/install/start_directory' for CMake module files
[0.380s] Level 1:colcon.colcon_core.environment:checking '/rm_version/install/start_directory' for CMake config files
[0.380s] Level 1:colcon.colcon_core.shell:create_environment_hook('start_directory', 'cmake_prefix_path')
[0.381s] INFO:colcon.colcon_core.shell:Creating environment hook '/rm_version/install/start_directory/share/start_directory/hook/cmake_prefix_path.ps1'
[0.382s] INFO:colcon.colcon_core.shell:Creating environment descriptor '/rm_version/install/start_directory/share/start_directory/hook/cmake_prefix_path.dsv'
[0.382s] INFO:colcon.colcon_core.shell:Creating environment hook '/rm_version/install/start_directory/share/start_directory/hook/cmake_prefix_path.sh'
[0.382s] Level 1:colcon.colcon_core.environment:checking '/rm_version/install/start_directory/bin'
[0.382s] Level 1:colcon.colcon_core.environment:checking '/rm_version/install/start_directory/lib/pkgconfig/start_directory.pc'
[0.382s] Level 1:colcon.colcon_core.environment:checking '/rm_version/install/start_directory/lib/python3.10/site-packages'
[0.382s] Level 1:colcon.colcon_core.environment:checking '/rm_version/install/start_directory/bin'
[0.383s] INFO:colcon.colcon_core.shell:Creating package script '/rm_version/install/start_directory/share/start_directory/package.ps1'
[0.384s] INFO:colcon.colcon_core.shell:Creating package descriptor '/rm_version/install/start_directory/share/start_directory/package.dsv'
[0.384s] INFO:colcon.colcon_core.shell:Creating package script '/rm_version/install/start_directory/share/start_directory/package.sh'
[0.384s] INFO:colcon.colcon_core.shell:Creating package script '/rm_version/install/start_directory/share/start_directory/package.bash'
[0.384s] INFO:colcon.colcon_core.shell:Creating package script '/rm_version/install/start_directory/share/start_directory/package.zsh'
[0.384s] Level 1:colcon.colcon_core.environment:create_file_with_runtime_dependencies(/rm_version/install/start_directory/share/colcon-core/packages/start_directory)
[0.385s] Level 1:colcon.colcon_core.environment:create_environment_scripts_only(ros2_video)
[0.386s] Level 1:colcon.colcon_core.environment:checking '/rm_version/install/ros2_video' for CMake module files
[0.387s] DEBUG:colcon.colcon_core.event_handler.log_command:Invoked command in '/rm_version/build/ros2_video' returned '0': CMAKE_PREFIX_PATH=${CMAKE_PREFIX_PATH}:/opt/ros/humble /usr/bin/cmake --install /rm_version/build/ros2_video
[0.387s] Level 1:colcon.colcon_core.environment:checking '/rm_version/install/ros2_video' for CMake config files
[0.387s] Level 1:colcon.colcon_core.shell:create_environment_hook('ros2_video', 'cmake_prefix_path')
[0.388s] INFO:colcon.colcon_core.shell:Creating environment hook '/rm_version/install/ros2_video/share/ros2_video/hook/cmake_prefix_path.ps1'
[0.388s] INFO:colcon.colcon_core.shell:Creating environment descriptor '/rm_version/install/ros2_video/share/ros2_video/hook/cmake_prefix_path.dsv'
[0.388s] INFO:colcon.colcon_core.shell:Creating environment hook '/rm_version/install/ros2_video/share/ros2_video/hook/cmake_prefix_path.sh'
[0.389s] Level 1:colcon.colcon_core.environment:checking '/rm_version/install/ros2_video/lib'
[0.389s] Level 1:colcon.colcon_core.shell:create_environment_hook('ros2_video', 'ld_library_path_lib')
[0.389s] INFO:colcon.colcon_core.shell:Creating environment hook '/rm_version/install/ros2_video/share/ros2_video/hook/ld_library_path_lib.ps1'
[0.390s] INFO:colcon.colcon_core.shell:Creating environment descriptor '/rm_version/install/ros2_video/share/ros2_video/hook/ld_library_path_lib.dsv'
[0.390s] INFO:colcon.colcon_core.shell:Creating environment hook '/rm_version/install/ros2_video/share/ros2_video/hook/ld_library_path_lib.sh'
[0.390s] Level 1:colcon.colcon_core.environment:checking '/rm_version/install/ros2_video/bin'
[0.390s] Level 1:colcon.colcon_core.environment:checking '/rm_version/install/ros2_video/lib/pkgconfig/ros2_video.pc'
[0.390s] Level 1:colcon.colcon_core.environment:checking '/rm_version/install/ros2_video/lib/python3.10/site-packages'
[0.390s] Level 1:colcon.colcon_core.environment:checking '/rm_version/install/ros2_video/bin'
[0.391s] INFO:colcon.colcon_core.shell:Creating package script '/rm_version/install/ros2_video/share/ros2_video/package.ps1'
[0.391s] INFO:colcon.colcon_core.shell:Creating package descriptor '/rm_version/install/ros2_video/share/ros2_video/package.dsv'
[0.392s] INFO:colcon.colcon_core.shell:Creating package script '/rm_version/install/ros2_video/share/ros2_video/package.sh'
[0.392s] INFO:colcon.colcon_core.shell:Creating package script '/rm_version/install/ros2_video/share/ros2_video/package.bash'
[0.392s] INFO:colcon.colcon_core.shell:Creating package script '/rm_version/install/ros2_video/share/ros2_video/package.zsh'
[0.392s] Level 1:colcon.colcon_core.environment:create_file_with_runtime_dependencies(/rm_version/install/ros2_video/share/colcon-core/packages/ros2_video)
[0.394s] Level 1:colcon.colcon_core.environment:create_environment_scripts_only(hik_camera)
[0.395s] Level 1:colcon.colcon_core.environment:checking '/rm_version/install/hik_camera' for CMake module files
[0.395s] Level 1:colcon.colcon_core.environment:checking '/rm_version/install/hik_camera' for CMake config files
[0.396s] Level 1:colcon.colcon_core.shell:create_environment_hook('hik_camera', 'cmake_prefix_path')
[0.396s] INFO:colcon.colcon_core.shell:Creating environment hook '/rm_version/install/hik_camera/share/hik_camera/hook/cmake_prefix_path.ps1'
[0.397s] INFO:colcon.colcon_core.shell:Creating environment descriptor '/rm_version/install/hik_camera/share/hik_camera/hook/cmake_prefix_path.dsv'
[0.397s] INFO:colcon.colcon_core.shell:Creating environment hook '/rm_version/install/hik_camera/share/hik_camera/hook/cmake_prefix_path.sh'
[0.397s] Level 1:colcon.colcon_core.environment:checking '/rm_version/install/hik_camera/lib'
[0.397s] Level 1:colcon.colcon_core.shell:create_environment_hook('hik_camera', 'ld_library_path_lib')
[0.398s] INFO:colcon.colcon_core.shell:Creating environment hook '/rm_version/install/hik_camera/share/hik_camera/hook/ld_library_path_lib.ps1'
[0.398s] INFO:colcon.colcon_core.shell:Creating environment descriptor '/rm_version/install/hik_camera/share/hik_camera/hook/ld_library_path_lib.dsv'
[0.398s] INFO:colcon.colcon_core.shell:Creating environment hook '/rm_version/install/hik_camera/share/hik_camera/hook/ld_library_path_lib.sh'
[0.399s] Level 1:colcon.colcon_core.environment:checking '/rm_version/install/hik_camera/bin'
[0.399s] Level 1:colcon.colcon_core.environment:checking '/rm_version/install/hik_camera/lib/pkgconfig/hik_camera.pc'
[0.399s] Level 1:colcon.colcon_core.environment:checking '/rm_version/install/hik_camera/lib/python3.10/site-packages'
[0.399s] Level 1:colcon.colcon_core.environment:checking '/rm_version/install/hik_camera/bin'
[0.400s] INFO:colcon.colcon_core.shell:Creating package script '/rm_version/install/hik_camera/share/hik_camera/package.ps1'
[0.400s] INFO:colcon.colcon_core.shell:Creating package descriptor '/rm_version/install/hik_camera/share/hik_camera/package.dsv'
[0.400s] INFO:colcon.colcon_core.shell:Creating package script '/rm_version/install/hik_camera/share/hik_camera/package.sh'
[0.400s] INFO:colcon.colcon_core.shell:Creating package script '/rm_version/install/hik_camera/share/hik_camera/package.bash'
[0.401s] INFO:colcon.colcon_core.shell:Creating package script '/rm_version/install/hik_camera/share/hik_camera/package.zsh'
[0.401s] Level 1:colcon.colcon_core.environment:create_file_with_runtime_dependencies(/rm_version/install/hik_camera/share/colcon-core/packages/hik_camera)
[0.410s] Level 1:colcon.colcon_core.environment:create_environment_scripts_only(ros2_video)
[0.411s] Level 1:colcon.colcon_core.environment:checking '/rm_version/install/ros2_video' for CMake module files
[0.412s] Level 1:colcon.colcon_core.environment:checking '/rm_version/install/ros2_video' for CMake config files
[0.412s] Level 1:colcon.colcon_core.shell:create_environment_hook('ros2_video', 'cmake_prefix_path')
[0.412s] INFO:colcon.colcon_core.shell:Creating environment hook '/rm_version/install/ros2_video/share/ros2_video/hook/cmake_prefix_path.ps1'
[0.413s] INFO:colcon.colcon_core.shell:Creating environment descriptor '/rm_version/install/ros2_video/share/ros2_video/hook/cmake_prefix_path.dsv'
[0.413s] INFO:colcon.colcon_core.shell:Creating environment hook '/rm_version/install/ros2_video/share/ros2_video/hook/cmake_prefix_path.sh'
[0.413s] Level 1:colcon.colcon_core.environment:checking '/rm_version/install/ros2_video/lib'
[0.413s] Level 1:colcon.colcon_core.shell:create_environment_hook('ros2_video', 'ld_library_path_lib')
[0.414s] INFO:colcon.colcon_core.shell:Creating environment hook '/rm_version/install/ros2_video/share/ros2_video/hook/ld_library_path_lib.ps1'
[0.414s] INFO:colcon.colcon_core.shell:Creating environment descriptor '/rm_version/install/ros2_video/share/ros2_video/hook/ld_library_path_lib.dsv'
[0.414s] INFO:colcon.colcon_core.shell:Creating environment hook '/rm_version/install/ros2_video/share/ros2_video/hook/ld_library_path_lib.sh'
[0.415s] Level 1:colcon.colcon_core.environment:checking '/rm_version/install/ros2_video/bin'
[0.415s] Level 1:colcon.colcon_core.environment:checking '/rm_version/install/ros2_video/lib/pkgconfig/ros2_video.pc'
[0.415s] Level 1:colcon.colcon_core.environment:checking '/rm_version/install/ros2_video/lib/python3.10/site-packages'
[0.415s] Level 1:colcon.colcon_core.environment:checking '/rm_version/install/ros2_video/bin'
[0.416s] INFO:colcon.colcon_core.shell:Creating package script '/rm_version/install/ros2_video/share/ros2_video/package.ps1'
[0.416s] INFO:colcon.colcon_core.shell:Creating package descriptor '/rm_version/install/ros2_video/share/ros2_video/package.dsv'
[0.416s] INFO:colcon.colcon_core.shell:Creating package script '/rm_version/install/ros2_video/share/ros2_video/package.sh'
[0.417s] INFO:colcon.colcon_core.shell:Creating package script '/rm_version/install/ros2_video/share/ros2_video/package.bash'
[0.417s] INFO:colcon.colcon_core.shell:Creating package script '/rm_version/install/ros2_video/share/ros2_video/package.zsh'
[0.417s] Level 1:colcon.colcon_core.environment:create_file_with_runtime_dependencies(/rm_version/install/ros2_video/share/colcon-core/packages/ros2_video)
[0.431s] DEBUG:colcon.colcon_core.event_handler.log_command:Invoked command in '/rm_version/build/rm_msg_interfaces' returned '0': CMAKE_PREFIX_PATH=${CMAKE_PREFIX_PATH}:/opt/ros/humble /usr/bin/cmake --build /rm_version/build/rm_msg_interfaces -- -j20 -l20
[0.476s] DEBUG:colcon.colcon_core.event_handler.log_command:Invoking command in '/rm_version/build/rm_msg_interfaces': CMAKE_PREFIX_PATH=${CMAKE_PREFIX_PATH}:/opt/ros/humble /usr/bin/cmake --install /rm_version/build/rm_msg_interfaces
[0.505s] Level 1:colcon.colcon_core.environment:create_environment_scripts_only(rm_msg_interfaces)
[0.507s] Level 1:colcon.colcon_core.environment:checking '/rm_version/install/rm_msg_interfaces' for CMake module files
[0.507s] DEBUG:colcon.colcon_core.event_handler.log_command:Invoked command in '/rm_version/build/rm_msg_interfaces' returned '0': CMAKE_PREFIX_PATH=${CMAKE_PREFIX_PATH}:/opt/ros/humble /usr/bin/cmake --install /rm_version/build/rm_msg_interfaces
[0.507s] Level 1:colcon.colcon_core.environment:checking '/rm_version/install/rm_msg_interfaces' for CMake config files
[0.507s] Level 1:colcon.colcon_core.shell:create_environment_hook('rm_msg_interfaces', 'cmake_prefix_path')
[0.508s] INFO:colcon.colcon_core.shell:Creating environment hook '/rm_version/install/rm_msg_interfaces/share/rm_msg_interfaces/hook/cmake_prefix_path.ps1'
[0.508s] INFO:colcon.colcon_core.shell:Creating environment descriptor '/rm_version/install/rm_msg_interfaces/share/rm_msg_interfaces/hook/cmake_prefix_path.dsv'
[0.509s] INFO:colcon.colcon_core.shell:Creating environment hook '/rm_version/install/rm_msg_interfaces/share/rm_msg_interfaces/hook/cmake_prefix_path.sh'
[0.509s] Level 1:colcon.colcon_core.environment:checking '/rm_version/install/rm_msg_interfaces/lib'
[0.509s] Level 1:colcon.colcon_core.shell:create_environment_hook('rm_msg_interfaces', 'ld_library_path_lib')
[0.510s] INFO:colcon.colcon_core.shell:Creating environment hook '/rm_version/install/rm_msg_interfaces/share/rm_msg_interfaces/hook/ld_library_path_lib.ps1'
[0.510s] INFO:colcon.colcon_core.shell:Creating environment descriptor '/rm_version/install/rm_msg_interfaces/share/rm_msg_interfaces/hook/ld_library_path_lib.dsv'
[0.510s] INFO:colcon.colcon_core.shell:Creating environment hook '/rm_version/install/rm_msg_interfaces/share/rm_msg_interfaces/hook/ld_library_path_lib.sh'
[0.510s] Level 1:colcon.colcon_core.environment:checking '/rm_version/install/rm_msg_interfaces/bin'
[0.510s] Level 1:colcon.colcon_core.environment:checking '/rm_version/install/rm_msg_interfaces/lib/pkgconfig/rm_msg_interfaces.pc'
[0.510s] Level 1:colcon.colcon_core.environment:checking '/rm_version/install/rm_msg_interfaces/lib/python3.10/site-packages'
[0.510s] Level 1:colcon.colcon_core.environment:checking '/rm_version/install/rm_msg_interfaces/bin'
[0.511s] INFO:colcon.colcon_core.shell:Creating package script '/rm_version/install/rm_msg_interfaces/share/rm_msg_interfaces/package.ps1'
[0.511s] INFO:colcon.colcon_core.shell:Creating package descriptor '/rm_version/install/rm_msg_interfaces/share/rm_msg_interfaces/package.dsv'
[0.511s] INFO:colcon.colcon_core.shell:Creating package script '/rm_version/install/rm_msg_interfaces/share/rm_msg_interfaces/package.sh'
[0.512s] INFO:colcon.colcon_core.shell:Creating package script '/rm_version/install/rm_msg_interfaces/share/rm_msg_interfaces/package.bash'
[0.512s] INFO:colcon.colcon_core.shell:Creating package script '/rm_version/install/rm_msg_interfaces/share/rm_msg_interfaces/package.zsh'
[0.512s] Level 1:colcon.colcon_core.environment:create_file_with_runtime_dependencies(/rm_version/install/rm_msg_interfaces/share/colcon-core/packages/rm_msg_interfaces)
[0.557s] Level 1:colcon.colcon_core.environment:create_environment_scripts_only(rm_msg_interfaces)
[0.558s] Level 1:colcon.colcon_core.environment:checking '/rm_version/install/rm_msg_interfaces' for CMake module files
[0.558s] Level 1:colcon.colcon_core.environment:checking '/rm_version/install/rm_msg_interfaces' for CMake config files
[0.559s] Level 1:colcon.colcon_core.shell:create_environment_hook('rm_msg_interfaces', 'cmake_prefix_path')
[0.559s] INFO:colcon.colcon_core.shell:Creating environment hook '/rm_version/install/rm_msg_interfaces/share/rm_msg_interfaces/hook/cmake_prefix_path.ps1'
[0.560s] INFO:colcon.colcon_core.shell:Creating environment descriptor '/rm_version/install/rm_msg_interfaces/share/rm_msg_interfaces/hook/cmake_prefix_path.dsv'
[0.560s] INFO:colcon.colcon_core.shell:Creating environment hook '/rm_version/install/rm_msg_interfaces/share/rm_msg_interfaces/hook/cmake_prefix_path.sh'
[0.560s] Level 1:colcon.colcon_core.environment:checking '/rm_version/install/rm_msg_interfaces/lib'
[0.560s] Level 1:colcon.colcon_core.shell:create_environment_hook('rm_msg_interfaces', 'ld_library_path_lib')
[0.561s] INFO:colcon.colcon_core.shell:Creating environment hook '/rm_version/install/rm_msg_interfaces/share/rm_msg_interfaces/hook/ld_library_path_lib.ps1'
[0.561s] INFO:colcon.colcon_core.shell:Creating environment descriptor '/rm_version/install/rm_msg_interfaces/share/rm_msg_interfaces/hook/ld_library_path_lib.dsv'
[0.561s] INFO:colcon.colcon_core.shell:Creating environment hook '/rm_version/install/rm_msg_interfaces/share/rm_msg_interfaces/hook/ld_library_path_lib.sh'
[0.561s] Level 1:colcon.colcon_core.environment:checking '/rm_version/install/rm_msg_interfaces/bin'
[0.561s] Level 1:colcon.colcon_core.environment:checking '/rm_version/install/rm_msg_interfaces/lib/pkgconfig/rm_msg_interfaces.pc'
[0.561s] Level 1:colcon.colcon_core.environment:checking '/rm_version/install/rm_msg_interfaces/lib/python3.10/site-packages'
[0.562s] Level 1:colcon.colcon_core.environment:checking '/rm_version/install/rm_msg_interfaces/bin'
[0.562s] INFO:colcon.colcon_core.shell:Creating package script '/rm_version/install/rm_msg_interfaces/share/rm_msg_interfaces/package.ps1'
[0.563s] INFO:colcon.colcon_core.shell:Creating package descriptor '/rm_version/install/rm_msg_interfaces/share/rm_msg_interfaces/package.dsv'
[0.563s] INFO:colcon.colcon_core.shell:Creating package script '/rm_version/install/rm_msg_interfaces/share/rm_msg_interfaces/package.sh'
[0.563s] INFO:colcon.colcon_core.shell:Creating package script '/rm_version/install/rm_msg_interfaces/share/rm_msg_interfaces/package.bash'
[0.563s] INFO:colcon.colcon_core.shell:Creating package script '/rm_version/install/rm_msg_interfaces/share/rm_msg_interfaces/package.zsh'
[0.563s] Level 1:colcon.colcon_core.environment:create_file_with_runtime_dependencies(/rm_version/install/rm_msg_interfaces/share/colcon-core/packages/rm_msg_interfaces)
[0.564s] INFO:colcon.colcon_ros.task.ament_cmake.build:Building ROS package in '/rm_version/src/rm_detector' with build type 'ament_cmake'
[0.564s] INFO:colcon.colcon_cmake.task.cmake.build:Building CMake package in '/rm_version/src/rm_detector'
[0.564s] INFO:colcon.colcon_core.shell:Skip shell extension 'powershell' for command environment: Not usable outside of PowerShell
[0.565s] DEBUG:colcon.colcon_core.shell:Skip shell extension 'dsv' for command environment
[0.567s] INFO:colcon.colcon_ros.task.ament_cmake.build:Building ROS package in '/rm_version/src/rm_serial' with build type 'ament_cmake'
[0.567s] INFO:colcon.colcon_cmake.task.cmake.build:Building CMake package in '/rm_version/src/rm_serial'
[0.568s] INFO:colcon.colcon_core.shell:Skip shell extension 'powershell' for command environment: Not usable outside of PowerShell
[0.568s] DEBUG:colcon.colcon_core.shell:Skip shell extension 'dsv' for command environment
[0.570s] INFO:colcon.colcon_ros.task.ament_cmake.build:Building ROS package in '/rm_version/src/rm_tracker' with build type 'ament_cmake'
[0.570s] INFO:colcon.colcon_cmake.task.cmake.build:Building CMake package in '/rm_version/src/rm_tracker'
[0.571s] INFO:colcon.colcon_core.shell:Skip shell extension 'powershell' for command environment: Not usable outside of PowerShell
[0.571s] DEBUG:colcon.colcon_core.shell:Skip shell extension 'dsv' for command environment
[0.578s] DEBUG:colcon.colcon_core.event_handler.log_command:Invoking command in '/rm_version/build/rm_detector': AMENT_PREFIX_PATH=/rm_version/install/rm_msg_interfaces:${AMENT_PREFIX_PATH} CMAKE_PREFIX_PATH=/rm_version/install/rm_msg_interfaces:/ros_ws/install/ros2_video:/ros_ws/install/rm_vision_bringup:/ros_ws/install/rm_serial_driver:/ros_ws/install/rm_gimbal_description:/ros_ws/install/rm_auto_aim:/ros_ws/install/mindvision_camera:/ros_ws/install/hik_camera:/ros_ws/install/armor_tracker:/ros_ws/install/armor_detector:/ros_ws/install/auto_aim_interfaces:/opt/ros/humble LD_LIBRARY_PATH=/rm_version/install/rm_msg_interfaces/lib:${LD_LIBRARY_PATH} PYTHONPATH=/rm_version/install/rm_msg_interfaces/local/lib/python3.10/dist-packages:${PYTHONPATH} /usr/bin/cmake --build /rm_version/build/rm_detector -- -j20 -l20
[0.582s] DEBUG:colcon.colcon_core.event_handler.log_command:Invoking command in '/rm_version/build/rm_serial': AMENT_PREFIX_PATH=/rm_version/install/rm_msg_interfaces:${AMENT_PREFIX_PATH} CMAKE_PREFIX_PATH=/rm_version/install/rm_msg_interfaces:/ros_ws/install/ros2_video:/ros_ws/install/rm_vision_bringup:/ros_ws/install/rm_serial_driver:/ros_ws/install/rm_gimbal_description:/ros_ws/install/rm_auto_aim:/ros_ws/install/mindvision_camera:/ros_ws/install/hik_camera:/ros_ws/install/armor_tracker:/ros_ws/install/armor_detector:/ros_ws/install/auto_aim_interfaces:/opt/ros/humble LD_LIBRARY_PATH=/rm_version/install/rm_msg_interfaces/lib:${LD_LIBRARY_PATH} PYTHONPATH=/rm_version/install/rm_msg_interfaces/local/lib/python3.10/dist-packages:${PYTHONPATH} /usr/bin/cmake --build /rm_version/build/rm_serial -- -j20 -l20
[0.585s] DEBUG:colcon.colcon_core.event_handler.log_command:Invoking command in '/rm_version/build/rm_tracker': AMENT_PREFIX_PATH=/rm_version/install/rm_msg_interfaces:${AMENT_PREFIX_PATH} CMAKE_PREFIX_PATH=/rm_version/install/rm_msg_interfaces:/ros_ws/install/ros2_video:/ros_ws/install/rm_vision_bringup:/ros_ws/install/rm_serial_driver:/ros_ws/install/rm_gimbal_description:/ros_ws/install/rm_auto_aim:/ros_ws/install/mindvision_camera:/ros_ws/install/hik_camera:/ros_ws/install/armor_tracker:/ros_ws/install/armor_detector:/ros_ws/install/auto_aim_interfaces:/opt/ros/humble LD_LIBRARY_PATH=/rm_version/install/rm_msg_interfaces/lib:${LD_LIBRARY_PATH} PYTHONPATH=/rm_version/install/rm_msg_interfaces/local/lib/python3.10/dist-packages:${PYTHONPATH} /usr/bin/cmake --build /rm_version/build/rm_tracker -- -j20 -l20
[0.616s] DEBUG:colcon.colcon_core.event_handler.log_command:Invoked command in '/rm_version/build/rm_detector' returned '0': AMENT_PREFIX_PATH=/rm_version/install/rm_msg_interfaces:${AMENT_PREFIX_PATH} CMAKE_PREFIX_PATH=/rm_version/install/rm_msg_interfaces:/ros_ws/install/ros2_video:/ros_ws/install/rm_vision_bringup:/ros_ws/install/rm_serial_driver:/ros_ws/install/rm_gimbal_description:/ros_ws/install/rm_auto_aim:/ros_ws/install/mindvision_camera:/ros_ws/install/hik_camera:/ros_ws/install/armor_tracker:/ros_ws/install/armor_detector:/ros_ws/install/auto_aim_interfaces:/opt/ros/humble LD_LIBRARY_PATH=/rm_version/install/rm_msg_interfaces/lib:${LD_LIBRARY_PATH} PYTHONPATH=/rm_version/install/rm_msg_interfaces/local/lib/python3.10/dist-packages:${PYTHONPATH} /usr/bin/cmake --build /rm_version/build/rm_detector -- -j20 -l20
[0.622s] DEBUG:colcon.colcon_core.event_handler.log_command:Invoked command in '/rm_version/build/rm_tracker' returned '0': AMENT_PREFIX_PATH=/rm_version/install/rm_msg_interfaces:${AMENT_PREFIX_PATH} CMAKE_PREFIX_PATH=/rm_version/install/rm_msg_interfaces:/ros_ws/install/ros2_video:/ros_ws/install/rm_vision_bringup:/ros_ws/install/rm_serial_driver:/ros_ws/install/rm_gimbal_description:/ros_ws/install/rm_auto_aim:/ros_ws/install/mindvision_camera:/ros_ws/install/hik_camera:/ros_ws/install/armor_tracker:/ros_ws/install/armor_detector:/ros_ws/install/auto_aim_interfaces:/opt/ros/humble LD_LIBRARY_PATH=/rm_version/install/rm_msg_interfaces/lib:${LD_LIBRARY_PATH} PYTHONPATH=/rm_version/install/rm_msg_interfaces/local/lib/python3.10/dist-packages:${PYTHONPATH} /usr/bin/cmake --build /rm_version/build/rm_tracker -- -j20 -l20
[0.633s] DEBUG:colcon.colcon_core.event_handler.log_command:Invoking command in '/rm_version/build/rm_detector': AMENT_PREFIX_PATH=/rm_version/install/rm_msg_interfaces:${AMENT_PREFIX_PATH} CMAKE_PREFIX_PATH=/rm_version/install/rm_msg_interfaces:/ros_ws/install/ros2_video:/ros_ws/install/rm_vision_bringup:/ros_ws/install/rm_serial_driver:/ros_ws/install/rm_gimbal_description:/ros_ws/install/rm_auto_aim:/ros_ws/install/mindvision_camera:/ros_ws/install/hik_camera:/ros_ws/install/armor_tracker:/ros_ws/install/armor_detector:/ros_ws/install/auto_aim_interfaces:/opt/ros/humble LD_LIBRARY_PATH=/rm_version/install/rm_msg_interfaces/lib:${LD_LIBRARY_PATH} PYTHONPATH=/rm_version/install/rm_msg_interfaces/local/lib/python3.10/dist-packages:${PYTHONPATH} /usr/bin/cmake --install /rm_version/build/rm_detector
[0.642s] Level 1:colcon.colcon_core.environment:create_environment_scripts_only(rm_detector)
[0.644s] Level 1:colcon.colcon_core.environment:checking '/rm_version/install/rm_detector' for CMake module files
[0.646s] Level 1:colcon.colcon_core.environment:checking '/rm_version/install/rm_detector' for CMake config files
[0.646s] DEBUG:colcon.colcon_core.event_handler.log_command:Invoking command in '/rm_version/build/rm_tracker': AMENT_PREFIX_PATH=/rm_version/install/rm_msg_interfaces:${AMENT_PREFIX_PATH} CMAKE_PREFIX_PATH=/rm_version/install/rm_msg_interfaces:/ros_ws/install/ros2_video:/ros_ws/install/rm_vision_bringup:/ros_ws/install/rm_serial_driver:/ros_ws/install/rm_gimbal_description:/ros_ws/install/rm_auto_aim:/ros_ws/install/mindvision_camera:/ros_ws/install/hik_camera:/ros_ws/install/armor_tracker:/ros_ws/install/armor_detector:/ros_ws/install/auto_aim_interfaces:/opt/ros/humble LD_LIBRARY_PATH=/rm_version/install/rm_msg_interfaces/lib:${LD_LIBRARY_PATH} PYTHONPATH=/rm_version/install/rm_msg_interfaces/local/lib/python3.10/dist-packages:${PYTHONPATH} /usr/bin/cmake --install /rm_version/build/rm_tracker
[0.646s] DEBUG:colcon.colcon_core.event_handler.log_command:Invoked command in '/rm_version/build/rm_detector' returned '0': AMENT_PREFIX_PATH=/rm_version/install/rm_msg_interfaces:${AMENT_PREFIX_PATH} CMAKE_PREFIX_PATH=/rm_version/install/rm_msg_interfaces:/ros_ws/install/ros2_video:/ros_ws/install/rm_vision_bringup:/ros_ws/install/rm_serial_driver:/ros_ws/install/rm_gimbal_description:/ros_ws/install/rm_auto_aim:/ros_ws/install/mindvision_camera:/ros_ws/install/hik_camera:/ros_ws/install/armor_tracker:/ros_ws/install/armor_detector:/ros_ws/install/auto_aim_interfaces:/opt/ros/humble LD_LIBRARY_PATH=/rm_version/install/rm_msg_interfaces/lib:${LD_LIBRARY_PATH} PYTHONPATH=/rm_version/install/rm_msg_interfaces/local/lib/python3.10/dist-packages:${PYTHONPATH} /usr/bin/cmake --install /rm_version/build/rm_detector
[0.649s] Level 1:colcon.colcon_core.shell:create_environment_hook('rm_detector', 'cmake_prefix_path')
[0.650s] INFO:colcon.colcon_core.shell:Creating environment hook '/rm_version/install/rm_detector/share/rm_detector/hook/cmake_prefix_path.ps1'
[0.650s] INFO:colcon.colcon_core.shell:Creating environment descriptor '/rm_version/install/rm_detector/share/rm_detector/hook/cmake_prefix_path.dsv'
[0.651s] INFO:colcon.colcon_core.shell:Creating environment hook '/rm_version/install/rm_detector/share/rm_detector/hook/cmake_prefix_path.sh'
[0.651s] Level 1:colcon.colcon_core.environment:checking '/rm_version/install/rm_detector/lib'
[0.651s] Level 1:colcon.colcon_core.shell:create_environment_hook('rm_detector', 'ld_library_path_lib')
[0.652s] INFO:colcon.colcon_core.shell:Creating environment hook '/rm_version/install/rm_detector/share/rm_detector/hook/ld_library_path_lib.ps1'
[0.652s] INFO:colcon.colcon_core.shell:Creating environment descriptor '/rm_version/install/rm_detector/share/rm_detector/hook/ld_library_path_lib.dsv'
[0.652s] INFO:colcon.colcon_core.shell:Creating environment hook '/rm_version/install/rm_detector/share/rm_detector/hook/ld_library_path_lib.sh'
[0.652s] Level 1:colcon.colcon_core.environment:checking '/rm_version/install/rm_detector/bin'
[0.652s] Level 1:colcon.colcon_core.environment:checking '/rm_version/install/rm_detector/lib/pkgconfig/rm_detector.pc'
[0.652s] Level 1:colcon.colcon_core.environment:checking '/rm_version/install/rm_detector/lib/python3.10/site-packages'
[0.653s] Level 1:colcon.colcon_core.environment:checking '/rm_version/install/rm_detector/bin'
[0.653s] INFO:colcon.colcon_core.shell:Creating package script '/rm_version/install/rm_detector/share/rm_detector/package.ps1'
[0.654s] INFO:colcon.colcon_core.shell:Creating package descriptor '/rm_version/install/rm_detector/share/rm_detector/package.dsv'
[0.654s] INFO:colcon.colcon_core.shell:Creating package script '/rm_version/install/rm_detector/share/rm_detector/package.sh'
[0.654s] INFO:colcon.colcon_core.shell:Creating package script '/rm_version/install/rm_detector/share/rm_detector/package.bash'
[0.654s] INFO:colcon.colcon_core.shell:Creating package script '/rm_version/install/rm_detector/share/rm_detector/package.zsh'
[0.654s] Level 1:colcon.colcon_core.environment:create_file_with_runtime_dependencies(/rm_version/install/rm_detector/share/colcon-core/packages/rm_detector)
[0.656s] Level 1:colcon.colcon_core.environment:create_environment_scripts_only(rm_tracker)
[0.656s] DEBUG:colcon.colcon_core.event_handler.log_command:Invoked command in '/rm_version/build/rm_tracker' returned '0': AMENT_PREFIX_PATH=/rm_version/install/rm_msg_interfaces:${AMENT_PREFIX_PATH} CMAKE_PREFIX_PATH=/rm_version/install/rm_msg_interfaces:/ros_ws/install/ros2_video:/ros_ws/install/rm_vision_bringup:/ros_ws/install/rm_serial_driver:/ros_ws/install/rm_gimbal_description:/ros_ws/install/rm_auto_aim:/ros_ws/install/mindvision_camera:/ros_ws/install/hik_camera:/ros_ws/install/armor_tracker:/ros_ws/install/armor_detector:/ros_ws/install/auto_aim_interfaces:/opt/ros/humble LD_LIBRARY_PATH=/rm_version/install/rm_msg_interfaces/lib:${LD_LIBRARY_PATH} PYTHONPATH=/rm_version/install/rm_msg_interfaces/local/lib/python3.10/dist-packages:${PYTHONPATH} /usr/bin/cmake --install /rm_version/build/rm_tracker
[0.657s] Level 1:colcon.colcon_core.environment:checking '/rm_version/install/rm_tracker' for CMake module files
[0.657s] Level 1:colcon.colcon_core.environment:checking '/rm_version/install/rm_tracker' for CMake config files
[0.657s] Level 1:colcon.colcon_core.shell:create_environment_hook('rm_tracker', 'cmake_prefix_path')
[0.658s] INFO:colcon.colcon_core.shell:Creating environment hook '/rm_version/install/rm_tracker/share/rm_tracker/hook/cmake_prefix_path.ps1'
[0.658s] INFO:colcon.colcon_core.shell:Creating environment descriptor '/rm_version/install/rm_tracker/share/rm_tracker/hook/cmake_prefix_path.dsv'
[0.659s] INFO:colcon.colcon_core.shell:Creating environment hook '/rm_version/install/rm_tracker/share/rm_tracker/hook/cmake_prefix_path.sh'
[0.659s] Level 1:colcon.colcon_core.environment:checking '/rm_version/install/rm_tracker/lib'
[0.659s] Level 1:colcon.colcon_core.shell:create_environment_hook('rm_tracker', 'ld_library_path_lib')
[0.660s] INFO:colcon.colcon_core.shell:Creating environment hook '/rm_version/install/rm_tracker/share/rm_tracker/hook/ld_library_path_lib.ps1'
[0.660s] INFO:colcon.colcon_core.shell:Creating environment descriptor '/rm_version/install/rm_tracker/share/rm_tracker/hook/ld_library_path_lib.dsv'
[0.660s] INFO:colcon.colcon_core.shell:Creating environment hook '/rm_version/install/rm_tracker/share/rm_tracker/hook/ld_library_path_lib.sh'
[0.660s] Level 1:colcon.colcon_core.environment:checking '/rm_version/install/rm_tracker/bin'
[0.660s] Level 1:colcon.colcon_core.environment:checking '/rm_version/install/rm_tracker/lib/pkgconfig/rm_tracker.pc'
[0.660s] Level 1:colcon.colcon_core.environment:checking '/rm_version/install/rm_tracker/lib/python3.10/site-packages'
[0.660s] Level 1:colcon.colcon_core.environment:checking '/rm_version/install/rm_tracker/bin'
[0.661s] INFO:colcon.colcon_core.shell:Creating package script '/rm_version/install/rm_tracker/share/rm_tracker/package.ps1'
[0.661s] INFO:colcon.colcon_core.shell:Creating package descriptor '/rm_version/install/rm_tracker/share/rm_tracker/package.dsv'
[0.662s] INFO:colcon.colcon_core.shell:Creating package script '/rm_version/install/rm_tracker/share/rm_tracker/package.sh'
[0.662s] INFO:colcon.colcon_core.shell:Creating package script '/rm_version/install/rm_tracker/share/rm_tracker/package.bash'
[0.662s] INFO:colcon.colcon_core.shell:Creating package script '/rm_version/install/rm_tracker/share/rm_tracker/package.zsh'
[0.662s] Level 1:colcon.colcon_core.environment:create_file_with_runtime_dependencies(/rm_version/install/rm_tracker/share/colcon-core/packages/rm_tracker)
[0.673s] Level 1:colcon.colcon_core.environment:create_environment_scripts_only(rm_detector)
[0.674s] Level 1:colcon.colcon_core.environment:checking '/rm_version/install/rm_detector' for CMake module files
[0.675s] Level 1:colcon.colcon_core.environment:checking '/rm_version/install/rm_detector' for CMake config files
[0.675s] Level 1:colcon.colcon_core.shell:create_environment_hook('rm_detector', 'cmake_prefix_path')
[0.676s] INFO:colcon.colcon_core.shell:Creating environment hook '/rm_version/install/rm_detector/share/rm_detector/hook/cmake_prefix_path.ps1'
[0.676s] INFO:colcon.colcon_core.shell:Creating environment descriptor '/rm_version/install/rm_detector/share/rm_detector/hook/cmake_prefix_path.dsv'
[0.676s] INFO:colcon.colcon_core.shell:Creating environment hook '/rm_version/install/rm_detector/share/rm_detector/hook/cmake_prefix_path.sh'
[0.676s] Level 1:colcon.colcon_core.environment:checking '/rm_version/install/rm_detector/lib'
[0.676s] Level 1:colcon.colcon_core.shell:create_environment_hook('rm_detector', 'ld_library_path_lib')
[0.677s] INFO:colcon.colcon_core.shell:Creating environment hook '/rm_version/install/rm_detector/share/rm_detector/hook/ld_library_path_lib.ps1'
[0.677s] INFO:colcon.colcon_core.shell:Creating environment descriptor '/rm_version/install/rm_detector/share/rm_detector/hook/ld_library_path_lib.dsv'
[0.678s] INFO:colcon.colcon_core.shell:Creating environment hook '/rm_version/install/rm_detector/share/rm_detector/hook/ld_library_path_lib.sh'
[0.678s] Level 1:colcon.colcon_core.environment:checking '/rm_version/install/rm_detector/bin'
[0.678s] Level 1:colcon.colcon_core.environment:checking '/rm_version/install/rm_detector/lib/pkgconfig/rm_detector.pc'
[0.678s] Level 1:colcon.colcon_core.environment:checking '/rm_version/install/rm_detector/lib/python3.10/site-packages'
[0.678s] Level 1:colcon.colcon_core.environment:checking '/rm_version/install/rm_detector/bin'
[0.679s] INFO:colcon.colcon_core.shell:Creating package script '/rm_version/install/rm_detector/share/rm_detector/package.ps1'
[0.679s] INFO:colcon.colcon_core.shell:Creating package descriptor '/rm_version/install/rm_detector/share/rm_detector/package.dsv'
[0.680s] INFO:colcon.colcon_core.shell:Creating package script '/rm_version/install/rm_detector/share/rm_detector/package.sh'
[0.680s] INFO:colcon.colcon_core.shell:Creating package script '/rm_version/install/rm_detector/share/rm_detector/package.bash'
[0.680s] INFO:colcon.colcon_core.shell:Creating package script '/rm_version/install/rm_detector/share/rm_detector/package.zsh'
[0.680s] Level 1:colcon.colcon_core.environment:create_file_with_runtime_dependencies(/rm_version/install/rm_detector/share/colcon-core/packages/rm_detector)
[0.681s] Level 1:colcon.colcon_core.environment:create_environment_scripts_only(rm_tracker)
[0.683s] Level 1:colcon.colcon_core.environment:checking '/rm_version/install/rm_tracker' for CMake module files
[0.683s] Level 1:colcon.colcon_core.environment:checking '/rm_version/install/rm_tracker' for CMake config files
[0.683s] Level 1:colcon.colcon_core.shell:create_environment_hook('rm_tracker', 'cmake_prefix_path')
[0.684s] INFO:colcon.colcon_core.shell:Creating environment hook '/rm_version/install/rm_tracker/share/rm_tracker/hook/cmake_prefix_path.ps1'
[0.684s] INFO:colcon.colcon_core.shell:Creating environment descriptor '/rm_version/install/rm_tracker/share/rm_tracker/hook/cmake_prefix_path.dsv'
[0.684s] INFO:colcon.colcon_core.shell:Creating environment hook '/rm_version/install/rm_tracker/share/rm_tracker/hook/cmake_prefix_path.sh'
[0.685s] Level 1:colcon.colcon_core.environment:checking '/rm_version/install/rm_tracker/lib'
[0.685s] Level 1:colcon.colcon_core.shell:create_environment_hook('rm_tracker', 'ld_library_path_lib')
[0.685s] INFO:colcon.colcon_core.shell:Creating environment hook '/rm_version/install/rm_tracker/share/rm_tracker/hook/ld_library_path_lib.ps1'
[0.685s] INFO:colcon.colcon_core.shell:Creating environment descriptor '/rm_version/install/rm_tracker/share/rm_tracker/hook/ld_library_path_lib.dsv'
[0.686s] INFO:colcon.colcon_core.shell:Creating environment hook '/rm_version/install/rm_tracker/share/rm_tracker/hook/ld_library_path_lib.sh'
[0.686s] Level 1:colcon.colcon_core.environment:checking '/rm_version/install/rm_tracker/bin'
[0.686s] Level 1:colcon.colcon_core.environment:checking '/rm_version/install/rm_tracker/lib/pkgconfig/rm_tracker.pc'
[0.686s] Level 1:colcon.colcon_core.environment:checking '/rm_version/install/rm_tracker/lib/python3.10/site-packages'
[0.686s] Level 1:colcon.colcon_core.environment:checking '/rm_version/install/rm_tracker/bin'
[0.687s] INFO:colcon.colcon_core.shell:Creating package script '/rm_version/install/rm_tracker/share/rm_tracker/package.ps1'
[0.687s] INFO:colcon.colcon_core.shell:Creating package descriptor '/rm_version/install/rm_tracker/share/rm_tracker/package.dsv'
[0.687s] INFO:colcon.colcon_core.shell:Creating package script '/rm_version/install/rm_tracker/share/rm_tracker/package.sh'
[0.688s] INFO:colcon.colcon_core.shell:Creating package script '/rm_version/install/rm_tracker/share/rm_tracker/package.bash'
[0.688s] INFO:colcon.colcon_core.shell:Creating package script '/rm_version/install/rm_tracker/share/rm_tracker/package.zsh'
[0.688s] Level 1:colcon.colcon_core.environment:create_file_with_runtime_dependencies(/rm_version/install/rm_tracker/share/colcon-core/packages/rm_tracker)
[5.670s] DEBUG:colcon.colcon_core.event_handler.log_command:Invoked command in '/rm_version/build/rm_serial' returned '0': AMENT_PREFIX_PATH=/rm_version/install/rm_msg_interfaces:${AMENT_PREFIX_PATH} CMAKE_PREFIX_PATH=/rm_version/install/rm_msg_interfaces:/ros_ws/install/ros2_video:/ros_ws/install/rm_vision_bringup:/ros_ws/install/rm_serial_driver:/ros_ws/install/rm_gimbal_description:/ros_ws/install/rm_auto_aim:/ros_ws/install/mindvision_camera:/ros_ws/install/hik_camera:/ros_ws/install/armor_tracker:/ros_ws/install/armor_detector:/ros_ws/install/auto_aim_interfaces:/opt/ros/humble LD_LIBRARY_PATH=/rm_version/install/rm_msg_interfaces/lib:${LD_LIBRARY_PATH} PYTHONPATH=/rm_version/install/rm_msg_interfaces/local/lib/python3.10/dist-packages:${PYTHONPATH} /usr/bin/cmake --build /rm_version/build/rm_serial -- -j20 -l20
[5.684s] DEBUG:colcon.colcon_core.event_handler.log_command:Invoking command in '/rm_version/build/rm_serial': AMENT_PREFIX_PATH=/rm_version/install/rm_msg_interfaces:${AMENT_PREFIX_PATH} CMAKE_PREFIX_PATH=/rm_version/install/rm_msg_interfaces:/ros_ws/install/ros2_video:/ros_ws/install/rm_vision_bringup:/ros_ws/install/rm_serial_driver:/ros_ws/install/rm_gimbal_description:/ros_ws/install/rm_auto_aim:/ros_ws/install/mindvision_camera:/ros_ws/install/hik_camera:/ros_ws/install/armor_tracker:/ros_ws/install/armor_detector:/ros_ws/install/auto_aim_interfaces:/opt/ros/humble LD_LIBRARY_PATH=/rm_version/install/rm_msg_interfaces/lib:${LD_LIBRARY_PATH} PYTHONPATH=/rm_version/install/rm_msg_interfaces/local/lib/python3.10/dist-packages:${PYTHONPATH} /usr/bin/cmake --install /rm_version/build/rm_serial
[5.700s] Level 1:colcon.colcon_core.environment:create_environment_scripts_only(rm_serial)
[5.701s] DEBUG:colcon.colcon_core.event_handler.log_command:Invoked command in '/rm_version/build/rm_serial' returned '0': AMENT_PREFIX_PATH=/rm_version/install/rm_msg_interfaces:${AMENT_PREFIX_PATH} CMAKE_PREFIX_PATH=/rm_version/install/rm_msg_interfaces:/ros_ws/install/ros2_video:/ros_ws/install/rm_vision_bringup:/ros_ws/install/rm_serial_driver:/ros_ws/install/rm_gimbal_description:/ros_ws/install/rm_auto_aim:/ros_ws/install/mindvision_camera:/ros_ws/install/hik_camera:/ros_ws/install/armor_tracker:/ros_ws/install/armor_detector:/ros_ws/install/auto_aim_interfaces:/opt/ros/humble LD_LIBRARY_PATH=/rm_version/install/rm_msg_interfaces/lib:${LD_LIBRARY_PATH} PYTHONPATH=/rm_version/install/rm_msg_interfaces/local/lib/python3.10/dist-packages:${PYTHONPATH} /usr/bin/cmake --install /rm_version/build/rm_serial
[5.702s] Level 1:colcon.colcon_core.environment:checking '/rm_version/install/rm_serial' for CMake module files
[5.702s] Level 1:colcon.colcon_core.environment:checking '/rm_version/install/rm_serial' for CMake config files
[5.702s] Level 1:colcon.colcon_core.shell:create_environment_hook('rm_serial', 'cmake_prefix_path')
[5.703s] INFO:colcon.colcon_core.shell:Creating environment hook '/rm_version/install/rm_serial/share/rm_serial/hook/cmake_prefix_path.ps1'
[5.703s] INFO:colcon.colcon_core.shell:Creating environment descriptor '/rm_version/install/rm_serial/share/rm_serial/hook/cmake_prefix_path.dsv'
[5.704s] INFO:colcon.colcon_core.shell:Creating environment hook '/rm_version/install/rm_serial/share/rm_serial/hook/cmake_prefix_path.sh'
[5.704s] Level 1:colcon.colcon_core.environment:checking '/rm_version/install/rm_serial/lib'
[5.704s] Level 1:colcon.colcon_core.shell:create_environment_hook('rm_serial', 'ld_library_path_lib')
[5.705s] INFO:colcon.colcon_core.shell:Creating environment hook '/rm_version/install/rm_serial/share/rm_serial/hook/ld_library_path_lib.ps1'
[5.705s] INFO:colcon.colcon_core.shell:Creating environment descriptor '/rm_version/install/rm_serial/share/rm_serial/hook/ld_library_path_lib.dsv'
[5.705s] INFO:colcon.colcon_core.shell:Creating environment hook '/rm_version/install/rm_serial/share/rm_serial/hook/ld_library_path_lib.sh'
[5.705s] Level 1:colcon.colcon_core.environment:checking '/rm_version/install/rm_serial/bin'
[5.705s] Level 1:colcon.colcon_core.environment:checking '/rm_version/install/rm_serial/lib/pkgconfig/rm_serial.pc'
[5.705s] Level 1:colcon.colcon_core.environment:checking '/rm_version/install/rm_serial/lib/python3.10/site-packages'
[5.705s] Level 1:colcon.colcon_core.environment:checking '/rm_version/install/rm_serial/bin'
[5.706s] INFO:colcon.colcon_core.shell:Creating package script '/rm_version/install/rm_serial/share/rm_serial/package.ps1'
[5.707s] INFO:colcon.colcon_core.shell:Creating package descriptor '/rm_version/install/rm_serial/share/rm_serial/package.dsv'
[5.707s] INFO:colcon.colcon_core.shell:Creating package script '/rm_version/install/rm_serial/share/rm_serial/package.sh'
[5.707s] INFO:colcon.colcon_core.shell:Creating package script '/rm_version/install/rm_serial/share/rm_serial/package.bash'
[5.707s] INFO:colcon.colcon_core.shell:Creating package script '/rm_version/install/rm_serial/share/rm_serial/package.zsh'
[5.707s] Level 1:colcon.colcon_core.environment:create_file_with_runtime_dependencies(/rm_version/install/rm_serial/share/colcon-core/packages/rm_serial)
[5.721s] Level 1:colcon.colcon_core.environment:create_environment_scripts_only(rm_serial)
[5.722s] Level 1:colcon.colcon_core.environment:checking '/rm_version/install/rm_serial' for CMake module files
[5.723s] Level 1:colcon.colcon_core.environment:checking '/rm_version/install/rm_serial' for CMake config files
[5.723s] Level 1:colcon.colcon_core.shell:create_environment_hook('rm_serial', 'cmake_prefix_path')
[5.724s] INFO:colcon.colcon_core.shell:Creating environment hook '/rm_version/install/rm_serial/share/rm_serial/hook/cmake_prefix_path.ps1'
[5.724s] INFO:colcon.colcon_core.shell:Creating environment descriptor '/rm_version/install/rm_serial/share/rm_serial/hook/cmake_prefix_path.dsv'
[5.724s] INFO:colcon.colcon_core.shell:Creating environment hook '/rm_version/install/rm_serial/share/rm_serial/hook/cmake_prefix_path.sh'
[5.724s] Level 1:colcon.colcon_core.environment:checking '/rm_version/install/rm_serial/lib'
[5.724s] Level 1:colcon.colcon_core.shell:create_environment_hook('rm_serial', 'ld_library_path_lib')
[5.725s] INFO:colcon.colcon_core.shell:Creating environment hook '/rm_version/install/rm_serial/share/rm_serial/hook/ld_library_path_lib.ps1'
[5.725s] INFO:colcon.colcon_core.shell:Creating environment descriptor '/rm_version/install/rm_serial/share/rm_serial/hook/ld_library_path_lib.dsv'
[5.725s] INFO:colcon.colcon_core.shell:Creating environment hook '/rm_version/install/rm_serial/share/rm_serial/hook/ld_library_path_lib.sh'
[5.726s] Level 1:colcon.colcon_core.environment:checking '/rm_version/install/rm_serial/bin'
[5.726s] Level 1:colcon.colcon_core.environment:checking '/rm_version/install/rm_serial/lib/pkgconfig/rm_serial.pc'
[5.726s] Level 1:colcon.colcon_core.environment:checking '/rm_version/install/rm_serial/lib/python3.10/site-packages'
[5.726s] Level 1:colcon.colcon_core.environment:checking '/rm_version/install/rm_serial/bin'
[5.727s] INFO:colcon.colcon_core.shell:Creating package script '/rm_version/install/rm_serial/share/rm_serial/package.ps1'
[5.727s] INFO:colcon.colcon_core.shell:Creating package descriptor '/rm_version/install/rm_serial/share/rm_serial/package.dsv'
[5.727s] INFO:colcon.colcon_core.shell:Creating package script '/rm_version/install/rm_serial/share/rm_serial/package.sh'
[5.727s] INFO:colcon.colcon_core.shell:Creating package script '/rm_version/install/rm_serial/share/rm_serial/package.bash'
[5.728s] INFO:colcon.colcon_core.shell:Creating package script '/rm_version/install/rm_serial/share/rm_serial/package.zsh'
[5.728s] Level 1:colcon.colcon_core.environment:create_file_with_runtime_dependencies(/rm_version/install/rm_serial/share/colcon-core/packages/rm_serial)
[5.728s] DEBUG:colcon.colcon_parallel_executor.executor.parallel:closing loop
[5.728s] DEBUG:colcon.colcon_parallel_executor.executor.parallel:loop closed
[5.728s] DEBUG:colcon.colcon_parallel_executor.executor.parallel:run_until_complete finished with '0'
[5.728s] DEBUG:colcon.colcon_core.event_reactor:joining thread
[5.732s] INFO:colcon.colcon_core.plugin_system:Skipping extension 'colcon_notification.desktop_notification.notify_send': Could not find 'notify-send'
[5.732s] INFO:colcon.colcon_core.plugin_system:Skipping extension 'colcon_notification.desktop_notification.terminal_notifier': Not used on non-Darwin systems
[5.732s] INFO:colcon.colcon_core.plugin_system:Skipping extension 'colcon_notification.desktop_notification.win32': Not used on non-Windows systems
[5.732s] INFO:colcon.colcon_notification.desktop_notification:Sending desktop notification using 'notify2'
[5.732s] DEBUG:colcon.colcon_notification.desktop_notification.notify2:Failed to initialize notify2: org.freedesktop.DBus.Error.NotSupported: Unable to autolaunch a dbus-daemon without a $DISPLAY for X11
[5.733s] DEBUG:colcon.colcon_core.event_reactor:joined thread
[5.733s] INFO:colcon.colcon_core.shell:Creating prefix script '/rm_version/install/local_setup.ps1'
[5.734s] INFO:colcon.colcon_core.shell:Creating prefix util module '/rm_version/install/_local_setup_util_ps1.py'
[5.735s] INFO:colcon.colcon_core.shell:Creating prefix chain script '/rm_version/install/setup.ps1'
[5.736s] INFO:colcon.colcon_core.shell:Creating prefix script '/rm_version/install/local_setup.sh'
[5.736s] INFO:colcon.colcon_core.shell:Creating prefix util module '/rm_version/install/_local_setup_util_sh.py'
[5.736s] INFO:colcon.colcon_core.shell:Creating prefix chain script '/rm_version/install/setup.sh'
[5.737s] INFO:colcon.colcon_core.shell:Creating prefix script '/rm_version/install/local_setup.bash'
[5.737s] INFO:colcon.colcon_core.shell:Creating prefix chain script '/rm_version/install/setup.bash'
[5.738s] INFO:colcon.colcon_core.shell:Creating prefix script '/rm_version/install/local_setup.zsh'
[5.739s] INFO:colcon.colcon_core.shell:Creating prefix chain script '/rm_version/install/setup.zsh'
