[0.015s] Invoking command in '/rm_version/build/rm_tracker': /usr/bin/cmake /rm_version/src/rm_tracker -DCMAKE_INSTALL_PREFIX=/rm_version/install/rm_tracker
[0.102s] -- The C compiler identification is GNU 11.3.0
[0.144s] -- The CXX compiler identification is GNU 11.3.0
[0.149s] -- Detecting C compiler ABI info
[0.192s] -- Detecting C compiler ABI info - done
[0.195s] -- Check for working C compiler: /usr/bin/cc - skipped
[0.196s] -- Detecting C compile features
[0.196s] -- Detecting C compile features - done
[0.198s] -- Detecting CXX compiler ABI info
[0.241s] -- Detecting CXX compiler ABI info - done
[0.245s] -- Check for working CXX compiler: /usr/bin/c++ - skipped
[0.246s] -- Detecting CXX compile features
[0.246s] -- Detecting CXX compile features - done
[0.248s] -- Found ament_cmake_auto: 1.3.4 (/opt/ros/humble/share/ament_cmake_auto/cmake)
[0.337s] -- Found Python3: /usr/bin/python3.10 (found version "3.10.6") found components: Interpreter 
[0.427s] Error parsing '/rm_version/src/rm_tracker/package.xml':
[0.428s] Traceback (most recent call last):
[0.428s]   File "/opt/ros/humble/share/ament_cmake_core/cmake/core/package_xml_2_cmake.py", line 150, in <module>
[0.428s]     main()
[0.428s]   File "/opt/ros/humble/share/ament_cmake_core/cmake/core/package_xml_2_cmake.py", line 53, in main
[0.428s]     raise e
[0.428s]   File "/opt/ros/humble/share/ament_cmake_core/cmake/core/package_xml_2_cmake.py", line 49, in main
[0.428s]     package = parse_package_string(
[0.428s]   File "/usr/lib/python3/dist-packages/catkin_pkg/package.py", line 788, in parse_package_string
[0.429s]     pkg.validate(warnings=warnings)
[0.429s]   File "/usr/lib/python3/dist-packages/catkin_pkg/package.py", line 330, in validate
[0.429s]     raise InvalidPackage('\n'.join(errors), self.filename)
[0.429s] catkin_pkg.package.InvalidPackage: Error(s) in package '/rm_version/src/rm_tracker/package.xml':
[0.429s] Invalid email "@outlook.com" for person "Chen Jun"
[0.429s] Invalid email "@outlook.com" for person "Chen Jun"
[0.433s] [31mCMake Error at /opt/ros/humble/share/ament_cmake_core/cmake/core/ament_package_xml.cmake:95 (message):
[0.433s]   execute_process(/usr/bin/python3.10
[0.433s]   /opt/ros/humble/share/ament_cmake_core/cmake/core/package_xml_2_cmake.py
[0.433s]   /rm_version/src/rm_tracker/package.xml
[0.433s]   /rm_version/build/rm_tracker/ament_cmake_core/package.cmake) returned error
[0.433s]   code 1
[0.433s] Call Stack (most recent call first):
[0.433s]   /opt/ros/humble/share/ament_cmake_core/cmake/core/ament_package_xml.cmake:49 (_ament_package_xml)
[0.433s]   /opt/ros/humble/share/ament_cmake_auto/cmake/ament_auto_find_build_dependencies.cmake:42 (ament_package_xml)
[0.433s]   CMakeLists.txt:20 (ament_auto_find_build_dependencies)
[0.433s] 
[0.433s] [0m
[0.433s] -- Configuring incomplete, errors occurred!
[0.433s] See also "/rm_version/build/rm_tracker/CMakeFiles/CMakeOutput.log".
[0.435s] Invoked command in '/rm_version/build/rm_tracker' returned '1': /usr/bin/cmake /rm_version/src/rm_tracker -DCMAKE_INSTALL_PREFIX=/rm_version/install/rm_tracker
