[0.012s] Invoking command in '/rm_version/build/ros2_video': CMAKE_PREFIX_PATH=${CMAKE_PREFIX_PATH}:/opt/ros/humble /usr/bin/cmake --build /rm_version/build/ros2_video -- -j20 -l20
[0.049s] [ 20%] Built target gtest_main
[0.050s] [ 40%] Built target ros2_video_node
[0.052s] [ 60%] Built target gtest
[0.055s] [ 80%] Built target ros2_video
[0.069s] [100%] Built target video_node
[0.074s] Invoked command in '/rm_version/build/ros2_video' returned '0': CMAKE_PREFIX_PATH=${CMAKE_PREFIX_PATH}:/opt/ros/humble /usr/bin/cmake --build /rm_version/build/ros2_video -- -j20 -l20
[0.094s] Invoking command in '/rm_version/build/ros2_video': CMAKE_PREFIX_PATH=${CMAKE_PREFIX_PATH}:/opt/ros/humble /usr/bin/cmake --install /rm_version/build/ros2_video
[0.098s] -- Install configuration: ""
[0.098s] -- Up-to-date: /rm_version/install/ros2_video/lib/ros2_video/ros2_video_node
[0.098s] -- Up-to-date: /rm_version/install/ros2_video/include
[0.099s] -- Up-to-date: /rm_version/install/ros2_video/share/ros2_video/environment/library_path.sh
[0.099s] -- Up-to-date: /rm_version/install/ros2_video/share/ros2_video/environment/library_path.dsv
[0.099s] -- Up-to-date: /rm_version/install/ros2_video/lib/libros2_video.so
[0.099s] -- Up-to-date: /rm_version/install/ros2_video/share/ros2_video/launch
[0.099s] -- Up-to-date: /rm_version/install/ros2_video/share/ros2_video/launch/video_node.launch.py
[0.099s] -- Up-to-date: /rm_version/install/ros2_video/share/ros2_video/config
[0.100s] -- Up-to-date: /rm_version/install/ros2_video/share/ros2_video/config/node_params.yaml
[0.100s] -- Up-to-date: /rm_version/install/ros2_video/share/ament_index/resource_index/package_run_dependencies/ros2_video
[0.100s] -- Up-to-date: /rm_version/install/ros2_video/share/ament_index/resource_index/parent_prefix_path/ros2_video
[0.100s] -- Up-to-date: /rm_version/install/ros2_video/share/ros2_video/environment/ament_prefix_path.sh
[0.100s] -- Up-to-date: /rm_version/install/ros2_video/share/ros2_video/environment/ament_prefix_path.dsv
[0.100s] -- Up-to-date: /rm_version/install/ros2_video/share/ros2_video/environment/path.sh
[0.100s] -- Up-to-date: /rm_version/install/ros2_video/share/ros2_video/environment/path.dsv
[0.100s] -- Up-to-date: /rm_version/install/ros2_video/share/ros2_video/local_setup.bash
[0.100s] -- Up-to-date: /rm_version/install/ros2_video/share/ros2_video/local_setup.sh
[0.100s] -- Up-to-date: /rm_version/install/ros2_video/share/ros2_video/local_setup.zsh
[0.100s] -- Up-to-date: /rm_version/install/ros2_video/share/ros2_video/local_setup.dsv
[0.100s] -- Installing: /rm_version/install/ros2_video/share/ros2_video/package.dsv
[0.100s] -- Up-to-date: /rm_version/install/ros2_video/share/ament_index/resource_index/packages/ros2_video
[0.101s] -- Up-to-date: /rm_version/install/ros2_video/share/ament_index/resource_index/rclcpp_components/ros2_video
[0.101s] -- Up-to-date: /rm_version/install/ros2_video/share/ros2_video/cmake/ament_cmake_export_dependencies-extras.cmake
[0.101s] -- Up-to-date: /rm_version/install/ros2_video/share/ros2_video/cmake/ament_cmake_export_include_directories-extras.cmake
[0.102s] -- Up-to-date: /rm_version/install/ros2_video/share/ros2_video/cmake/ament_cmake_export_libraries-extras.cmake
[0.102s] -- Up-to-date: /rm_version/install/ros2_video/share/ros2_video/cmake/ros2_videoConfig.cmake
[0.103s] -- Up-to-date: /rm_version/install/ros2_video/share/ros2_video/cmake/ros2_videoConfig-version.cmake
[0.104s] -- Up-to-date: /rm_version/install/ros2_video/share/ros2_video/package.xml
[0.104s] Invoked command in '/rm_version/build/ros2_video' returned '0': CMAKE_PREFIX_PATH=${CMAKE_PREFIX_PATH}:/opt/ros/humble /usr/bin/cmake --install /rm_version/build/ros2_video
