[0.012s] Invoking command in '/rm_version/build/rm_detector': AMENT_PREFIX_PATH=/rm_version/install/rm_msg_interfaces:${AMENT_PREFIX_PATH} CMAKE_PREFIX_PATH=/rm_version/install/rm_msg_interfaces:/ros_ws/install/ros2_video:/ros_ws/install/rm_vision_bringup:/ros_ws/install/rm_serial_driver:/ros_ws/install/rm_gimbal_description:/ros_ws/install/rm_auto_aim:/ros_ws/install/mindvision_camera:/ros_ws/install/hik_camera:/ros_ws/install/armor_tracker:/ros_ws/install/armor_detector:/ros_ws/install/auto_aim_interfaces:/opt/ros/humble LD_LIBRARY_PATH=/rm_version/install/rm_msg_interfaces/lib:${LD_LIBRARY_PATH} PYTHONPATH=/rm_version/install/rm_msg_interfaces/local/lib/python3.10/dist-packages:${PYTHONPATH} /usr/bin/cmake --build /rm_version/build/rm_detector -- -j20 -l20
[0.044s] [ 25%] Built target rm_detector_node
[0.048s] [100%] Built target rm_detector
[0.053s] Invoked command in '/rm_version/build/rm_detector' returned '0': AMENT_PREFIX_PATH=/rm_version/install/rm_msg_interfaces:${AMENT_PREFIX_PATH} CMAKE_PREFIX_PATH=/rm_version/install/rm_msg_interfaces:/ros_ws/install/ros2_video:/ros_ws/install/rm_vision_bringup:/ros_ws/install/rm_serial_driver:/ros_ws/install/rm_gimbal_description:/ros_ws/install/rm_auto_aim:/ros_ws/install/mindvision_camera:/ros_ws/install/hik_camera:/ros_ws/install/armor_tracker:/ros_ws/install/armor_detector:/ros_ws/install/auto_aim_interfaces:/opt/ros/humble LD_LIBRARY_PATH=/rm_version/install/rm_msg_interfaces/lib:${LD_LIBRARY_PATH} PYTHONPATH=/rm_version/install/rm_msg_interfaces/local/lib/python3.10/dist-packages:${PYTHONPATH} /usr/bin/cmake --build /rm_version/build/rm_detector -- -j20 -l20
[0.071s] Invoking command in '/rm_version/build/rm_detector': AMENT_PREFIX_PATH=/rm_version/install/rm_msg_interfaces:${AMENT_PREFIX_PATH} CMAKE_PREFIX_PATH=/rm_version/install/rm_msg_interfaces:/ros_ws/install/ros2_video:/ros_ws/install/rm_vision_bringup:/ros_ws/install/rm_serial_driver:/ros_ws/install/rm_gimbal_description:/ros_ws/install/rm_auto_aim:/ros_ws/install/mindvision_camera:/ros_ws/install/hik_camera:/ros_ws/install/armor_tracker:/ros_ws/install/armor_detector:/ros_ws/install/auto_aim_interfaces:/opt/ros/humble LD_LIBRARY_PATH=/rm_version/install/rm_msg_interfaces/lib:${LD_LIBRARY_PATH} PYTHONPATH=/rm_version/install/rm_msg_interfaces/local/lib/python3.10/dist-packages:${PYTHONPATH} /usr/bin/cmake --install /rm_version/build/rm_detector
[0.074s] -- Install configuration: ""
[0.075s] -- Up-to-date: /rm_version/install/rm_detector/lib/rm_detector/rm_detector_node
[0.075s] -- Up-to-date: /rm_version/install/rm_detector/include
[0.075s] -- Up-to-date: /rm_version/install/rm_detector/include/number_classifier.hpp
[0.075s] -- Up-to-date: /rm_version/install/rm_detector/include/detector_node.hpp
[0.075s] -- Up-to-date: /rm_version/install/rm_detector/include/detector.hpp
[0.075s] -- Up-to-date: /rm_version/install/rm_detector/include/armor.hpp
[0.075s] -- Up-to-date: /rm_version/install/rm_detector/include/pnp_solver.hpp
[0.075s] -- Up-to-date: /rm_version/install/rm_detector/share/rm_detector/environment/library_path.sh
[0.075s] -- Up-to-date: /rm_version/install/rm_detector/share/rm_detector/environment/library_path.dsv
[0.075s] -- Up-to-date: /rm_version/install/rm_detector/lib/librm_detector.so
[0.075s] -- Up-to-date: /rm_version/install/rm_detector/share/rm_detector/model
[0.076s] -- Up-to-date: /rm_version/install/rm_detector/share/rm_detector/model/mlp.onnx
[0.076s] -- Up-to-date: /rm_version/install/rm_detector/share/rm_detector/model/label.txt
[0.076s] -- Up-to-date: /rm_version/install/rm_detector/share/rm_detector/config
[0.076s] -- Up-to-date: /rm_version/install/rm_detector/share/rm_detector/config/camera_parm.yaml
[0.076s] -- Up-to-date: /rm_version/install/rm_detector/share/rm_detector/config/detector.yaml
[0.076s] -- Up-to-date: /rm_version/install/rm_detector/share/rm_detector/launch
[0.076s] -- Up-to-date: /rm_version/install/rm_detector/share/rm_detector/launch/armor_detector.launch.py
[0.076s] -- Up-to-date: /rm_version/install/rm_detector/share/ament_index/resource_index/package_run_dependencies/rm_detector
[0.076s] -- Up-to-date: /rm_version/install/rm_detector/share/ament_index/resource_index/parent_prefix_path/rm_detector
[0.077s] -- Up-to-date: /rm_version/install/rm_detector/share/rm_detector/environment/ament_prefix_path.sh
[0.077s] -- Up-to-date: /rm_version/install/rm_detector/share/rm_detector/environment/ament_prefix_path.dsv
[0.077s] -- Up-to-date: /rm_version/install/rm_detector/share/rm_detector/environment/path.sh
[0.077s] -- Up-to-date: /rm_version/install/rm_detector/share/rm_detector/environment/path.dsv
[0.077s] -- Up-to-date: /rm_version/install/rm_detector/share/rm_detector/local_setup.bash
[0.077s] -- Up-to-date: /rm_version/install/rm_detector/share/rm_detector/local_setup.sh
[0.077s] -- Up-to-date: /rm_version/install/rm_detector/share/rm_detector/local_setup.zsh
[0.077s] -- Up-to-date: /rm_version/install/rm_detector/share/rm_detector/local_setup.dsv
[0.077s] -- Installing: /rm_version/install/rm_detector/share/rm_detector/package.dsv
[0.078s] -- Up-to-date: /rm_version/install/rm_detector/share/ament_index/resource_index/packages/rm_detector
[0.078s] -- Up-to-date: /rm_version/install/rm_detector/share/ament_index/resource_index/rclcpp_components/rm_detector
[0.078s] -- Up-to-date: /rm_version/install/rm_detector/share/rm_detector/cmake/ament_cmake_export_dependencies-extras.cmake
[0.078s] -- Up-to-date: /rm_version/install/rm_detector/share/rm_detector/cmake/ament_cmake_export_include_directories-extras.cmake
[0.078s] -- Up-to-date: /rm_version/install/rm_detector/share/rm_detector/cmake/ament_cmake_export_libraries-extras.cmake
[0.079s] -- Up-to-date: /rm_version/install/rm_detector/share/rm_detector/cmake/rm_detectorConfig.cmake
[0.079s] -- Up-to-date: /rm_version/install/rm_detector/share/rm_detector/cmake/rm_detectorConfig-version.cmake
[0.079s] -- Up-to-date: /rm_version/install/rm_detector/share/rm_detector/package.xml
[0.083s] Invoked command in '/rm_version/build/rm_detector' returned '0': AMENT_PREFIX_PATH=/rm_version/install/rm_msg_interfaces:${AMENT_PREFIX_PATH} CMAKE_PREFIX_PATH=/rm_version/install/rm_msg_interfaces:/ros_ws/install/ros2_video:/ros_ws/install/rm_vision_bringup:/ros_ws/install/rm_serial_driver:/ros_ws/install/rm_gimbal_description:/ros_ws/install/rm_auto_aim:/ros_ws/install/mindvision_camera:/ros_ws/install/hik_camera:/ros_ws/install/armor_tracker:/ros_ws/install/armor_detector:/ros_ws/install/auto_aim_interfaces:/opt/ros/humble LD_LIBRARY_PATH=/rm_version/install/rm_msg_interfaces/lib:${LD_LIBRARY_PATH} PYTHONPATH=/rm_version/install/rm_msg_interfaces/local/lib/python3.10/dist-packages:${PYTHONPATH} /usr/bin/cmake --install /rm_version/build/rm_detector
