-- The C compiler identification is GNU 11.3.0
-- The CXX compiler identification is GNU 11.3.0
-- Detecting C compiler ABI info
-- Detecting C compiler ABI info - done
-- Check for working C compiler: /usr/bin/cc - skipped
-- Detecting C compile features
-- Detecting C compile features - done
-- Detecting CXX compiler ABI info
-- Detecting CXX compiler ABI info - done
-- Check for working CXX compiler: /usr/bin/c++ - skipped
-- Detecting CXX compile features
-- Detecting CXX compile features - done
-- Found ament_cmake_auto: 1.3.4 (/opt/ros/humble/share/ament_cmake_auto/cmake)
-- Found Python3: /usr/bin/python3.10 (found version "3.10.6") found components: Interpreter 
-- Found OpenCV: /usr (found version "4.5.4") 
-- Found rm_msg_interfaces: 0.0.0 (/rm_version/install/rm_msg_interfaces/share/rm_msg_interfaces/cmake)
-- Found rosidl_generator_c: 3.1.4 (/opt/ros/humble/share/rosidl_generator_c/cmake)
-- Found rosidl_adapter: 3.1.4 (/opt/ros/humble/share/rosidl_adapter/cmake)
-- Found rosidl_generator_cpp: 3.1.4 (/opt/ros/humble/share/rosidl_generator_cpp/cmake)
-- Using all available rosidl_typesupport_c: rosidl_typesupport_fastrtps_c;rosidl_typesupport_introspection_c
-- Using all available rosidl_typesupport_cpp: rosidl_typesupport_fastrtps_cpp;rosidl_typesupport_introspection_cpp
-- Found rmw_implementation_cmake: 6.1.1 (/opt/ros/humble/share/rmw_implementation_cmake/cmake)
-- Found rmw_fastrtps_cpp: 6.2.2 (/opt/ros/humble/share/rmw_fastrtps_cpp/cmake)
-- Found OpenSSL: /usr/lib/x86_64-linux-gnu/libcrypto.so (found version "3.0.2")  
-- Found FastRTPS: /opt/ros/humble/include  
-- Using RMW implementation 'rmw_fastrtps_cpp' as default
-- Looking for pthread.h
-- Looking for pthread.h - found
-- Performing Test CMAKE_HAVE_LIBC_PTHREAD
-- Performing Test CMAKE_HAVE_LIBC_PTHREAD - Success
-- Found Threads: TRUE  
-- Found eigen3_cmake_module: 0.1.1 (/opt/ros/humble/share/eigen3_cmake_module/cmake)
-- Found Eigen3: TRUE (found version "3.4.0") 
-- Ensuring Eigen3 include directory is part of orocos-kdl CMake target
-- Found ament_lint_auto: 0.12.6 (/opt/ros/humble/share/ament_lint_auto/cmake)
-- Added test 'cppcheck' to perform static code analysis on C / C++ code
-- Configured cppcheck include dirs: /rm_version/src/rm_detector/include
-- Configured cppcheck exclude dirs and/or files: 
-- Added test 'flake8' to check Python code syntax and style conventions
-- Added test 'lint_cmake' to check CMake code style
-- Added test 'pep257' to check Python code against some of the docstring style conventions in PEP 257
-- Added test 'xmllint' to check XML markup files
-- Added test 'clang_format' to check C / C++ code style
-- Configuring done
-- Generating done
-- Build files have been written to: /rm_version/build/rm_detector
[ 37%] [32mBuilding CXX object CMakeFiles/rm_detector.dir/src/armor.cpp.o[0m
[ 37%] [32mBuilding CXX object CMakeFiles/rm_detector_node.dir/rclcpp_components/node_main_rm_detector_node.cpp.o[0m
[ 37%] [32mBuilding CXX object CMakeFiles/rm_detector.dir/src/detector_node.cpp.o[0m
[ 50%] [32mBuilding CXX object CMakeFiles/rm_detector.dir/src/detector.cpp.o[0m
[ 62%] [32mBuilding CXX object CMakeFiles/rm_detector.dir/src/pnp_solver.cpp.o[0m
[ 75%] [32mBuilding CXX object CMakeFiles/rm_detector.dir/src/number_classifier.cpp.o[0m
[ 87%] [32m[1mLinking CXX executable rm_detector_node[0m
[ 87%] Built target rm_detector_node
[100%] [32m[1mLinking CXX shared library librm_detector.so[0m
[100%] Built target rm_detector
-- Install configuration: ""
-- Installing: /rm_version/install/rm_detector/lib/rm_detector/rm_detector_node
-- Set runtime path of "/rm_version/install/rm_detector/lib/rm_detector/rm_detector_node" to ""
-- Installing: /rm_version/install/rm_detector/include
-- Installing: /rm_version/install/rm_detector/include/number_classifier.hpp
-- Installing: /rm_version/install/rm_detector/include/detector_node.hpp
-- Installing: /rm_version/install/rm_detector/include/detector.hpp
-- Installing: /rm_version/install/rm_detector/include/armor.hpp
-- Installing: /rm_version/install/rm_detector/include/pnp_solver.hpp
-- Installing: /rm_version/install/rm_detector/share/rm_detector/environment/library_path.sh
-- Installing: /rm_version/install/rm_detector/share/rm_detector/environment/library_path.dsv
-- Installing: /rm_version/install/rm_detector/lib/librm_detector.so
-- Set runtime path of "/rm_version/install/rm_detector/lib/librm_detector.so" to ""
-- Installing: /rm_version/install/rm_detector/share/rm_detector/model
-- Installing: /rm_version/install/rm_detector/share/rm_detector/model/mlp.onnx
-- Installing: /rm_version/install/rm_detector/share/rm_detector/model/label.txt
-- Installing: /rm_version/install/rm_detector/share/rm_detector/config
-- Installing: /rm_version/install/rm_detector/share/rm_detector/config/camera_parm.yaml
-- Installing: /rm_version/install/rm_detector/share/rm_detector/config/detector.yaml
-- Installing: /rm_version/install/rm_detector/share/rm_detector/launch
-- Installing: /rm_version/install/rm_detector/share/rm_detector/launch/armor_detector.launch.py
-- Installing: /rm_version/install/rm_detector/share/ament_index/resource_index/package_run_dependencies/rm_detector
-- Installing: /rm_version/install/rm_detector/share/ament_index/resource_index/parent_prefix_path/rm_detector
-- Installing: /rm_version/install/rm_detector/share/rm_detector/environment/ament_prefix_path.sh
-- Installing: /rm_version/install/rm_detector/share/rm_detector/environment/ament_prefix_path.dsv
-- Installing: /rm_version/install/rm_detector/share/rm_detector/environment/path.sh
-- Installing: /rm_version/install/rm_detector/share/rm_detector/environment/path.dsv
-- Installing: /rm_version/install/rm_detector/share/rm_detector/local_setup.bash
-- Installing: /rm_version/install/rm_detector/share/rm_detector/local_setup.sh
-- Installing: /rm_version/install/rm_detector/share/rm_detector/local_setup.zsh
-- Installing: /rm_version/install/rm_detector/share/rm_detector/local_setup.dsv
-- Installing: /rm_version/install/rm_detector/share/rm_detector/package.dsv
-- Installing: /rm_version/install/rm_detector/share/ament_index/resource_index/packages/rm_detector
-- Installing: /rm_version/install/rm_detector/share/ament_index/resource_index/rclcpp_components/rm_detector
-- Installing: /rm_version/install/rm_detector/share/rm_detector/cmake/ament_cmake_export_dependencies-extras.cmake
-- Installing: /rm_version/install/rm_detector/share/rm_detector/cmake/ament_cmake_export_include_directories-extras.cmake
-- Installing: /rm_version/install/rm_detector/share/rm_detector/cmake/ament_cmake_export_libraries-extras.cmake
-- Installing: /rm_version/install/rm_detector/share/rm_detector/cmake/rm_detectorConfig.cmake
-- Installing: /rm_version/install/rm_detector/share/rm_detector/cmake/rm_detectorConfig-version.cmake
-- Installing: /rm_version/install/rm_detector/share/rm_detector/package.xml
