[0.007s] Invoking command in '/rm_version/build/rm_detector': CMAKE_PREFIX_PATH=/rm_version/install/rm_msg_interfaces:/rm_version/install/ros2_video:/rm_version/install/rm_detector:/ros_ws/install/ros2_video:/ros_ws/install/rm_vision_bringup:/ros_ws/install/rm_serial_driver:/ros_ws/install/rm_gimbal_description:/ros_ws/install/rm_auto_aim:/ros_ws/install/mindvision_camera:/ros_ws/install/hik_camera:/ros_ws/install/armor_tracker:/ros_ws/install/armor_detector:/ros_ws/install/auto_aim_interfaces:/opt/ros/humble LD_LIBRARY_PATH=/rm_version/install/rm_msg_interfaces/lib:/rm_version/install/ros2_video/lib:/rm_version/install/rm_detector/lib:/ros_ws/install/ros2_video/lib:/ros_ws/install/rm_serial_driver/lib:/ros_ws/install/mindvision_camera/lib:/ros_ws/install/hik_camera/lib:/ros_ws/install/armor_tracker/lib:/ros_ws/install/armor_detector/lib:/ros_ws/install/auto_aim_interfaces/lib:/opt/ros/humble/lib/x86_64-linux-gnu:/opt/ros/humble/lib /usr/bin/cmake /rm_version/src/rm_detector -DCMAKE_INSTALL_PREFIX=/rm_version/install/rm_detector
[0.039s] -- The C compiler identification is GNU 11.3.0
[0.069s] -- The CXX compiler identification is GNU 11.3.0
[0.073s] -- Detecting C compiler ABI info
[0.108s] -- Detecting C compiler ABI info - done
[0.112s] -- Check for working C compiler: /usr/bin/cc - skipped
[0.112s] -- Detecting C compile features
[0.112s] -- Detecting C compile features - done
[0.114s] -- Detecting CXX compiler ABI info
[0.158s] -- Detecting CXX compiler ABI info - done
[0.162s] -- Check for working CXX compiler: /usr/bin/c++ - skipped
[0.162s] -- Detecting CXX compile features
[0.162s] -- Detecting CXX compile features - done
[0.163s] -- Found ament_cmake_auto: 1.3.4 (/opt/ros/humble/share/ament_cmake_auto/cmake)
[0.253s] -- Found Python3: /usr/bin/python3.10 (found version "3.10.6") found components: Interpreter 
[0.313s] -- Found OpenCV: /usr (found version "4.5.4") 
[0.314s] -- Found rm_msg_interfaces: 0.0.0 (/rm_version/install/rm_msg_interfaces/share/rm_msg_interfaces/cmake)
[0.335s] -- Found rosidl_generator_c: 3.1.4 (/opt/ros/humble/share/rosidl_generator_c/cmake)
[0.339s] -- Found rosidl_adapter: 3.1.4 (/opt/ros/humble/share/rosidl_adapter/cmake)
[0.347s] -- Found rosidl_generator_cpp: 3.1.4 (/opt/ros/humble/share/rosidl_generator_cpp/cmake)
[0.355s] -- Using all available rosidl_typesupport_c: rosidl_typesupport_fastrtps_c;rosidl_typesupport_introspection_c
[0.367s] -- Using all available rosidl_typesupport_cpp: rosidl_typesupport_fastrtps_cpp;rosidl_typesupport_introspection_cpp
[0.557s] -- Found rmw_implementation_cmake: 6.1.1 (/opt/ros/humble/share/rmw_implementation_cmake/cmake)
[0.559s] -- Found rmw_fastrtps_cpp: 6.2.2 (/opt/ros/humble/share/rmw_fastrtps_cpp/cmake)
[0.613s] -- Found OpenSSL: /usr/lib/x86_64-linux-gnu/libcrypto.so (found version "3.0.2")  
[0.626s] -- Found FastRTPS: /opt/ros/humble/include  
[0.650s] -- Using RMW implementation 'rmw_fastrtps_cpp' as default
[0.656s] -- Looking for pthread.h
[0.691s] -- Looking for pthread.h - found
[0.691s] -- Performing Test CMAKE_HAVE_LIBC_PTHREAD
[0.729s] -- Performing Test CMAKE_HAVE_LIBC_PTHREAD - Success
[0.730s] -- Found Threads: TRUE  
[1.018s] -- Found eigen3_cmake_module: 0.1.1 (/opt/ros/humble/share/eigen3_cmake_module/cmake)
[1.019s] -- Found Eigen3: TRUE (found version "3.4.0") 
[1.019s] -- Ensuring Eigen3 include directory is part of orocos-kdl CMake target
[1.189s] -- Found ament_lint_auto: 0.12.6 (/opt/ros/humble/share/ament_lint_auto/cmake)
[1.203s] -- Added test 'cppcheck' to perform static code analysis on C / C++ code
[1.203s] -- Configured cppcheck include dirs: /rm_version/src/rm_detector/include
[1.203s] -- Configured cppcheck exclude dirs and/or files: 
[1.203s] -- Added test 'flake8' to check Python code syntax and style conventions
[1.204s] -- Added test 'lint_cmake' to check CMake code style
[1.204s] -- Added test 'pep257' to check Python code against some of the docstring style conventions in PEP 257
[1.204s] -- Added test 'xmllint' to check XML markup files
[1.205s] -- Added test 'clang_format' to check C / C++ code style
[1.207s] -- Configuring done
[1.219s] -- Generating done
[1.220s] -- Build files have been written to: /rm_version/build/rm_detector
[1.226s] Invoked command in '/rm_version/build/rm_detector' returned '0': CMAKE_PREFIX_PATH=/rm_version/install/rm_msg_interfaces:/rm_version/install/ros2_video:/rm_version/install/rm_detector:/ros_ws/install/ros2_video:/ros_ws/install/rm_vision_bringup:/ros_ws/install/rm_serial_driver:/ros_ws/install/rm_gimbal_description:/ros_ws/install/rm_auto_aim:/ros_ws/install/mindvision_camera:/ros_ws/install/hik_camera:/ros_ws/install/armor_tracker:/ros_ws/install/armor_detector:/ros_ws/install/auto_aim_interfaces:/opt/ros/humble LD_LIBRARY_PATH=/rm_version/install/rm_msg_interfaces/lib:/rm_version/install/ros2_video/lib:/rm_version/install/rm_detector/lib:/ros_ws/install/ros2_video/lib:/ros_ws/install/rm_serial_driver/lib:/ros_ws/install/mindvision_camera/lib:/ros_ws/install/hik_camera/lib:/ros_ws/install/armor_tracker/lib:/ros_ws/install/armor_detector/lib:/ros_ws/install/auto_aim_interfaces/lib:/opt/ros/humble/lib/x86_64-linux-gnu:/opt/ros/humble/lib /usr/bin/cmake /rm_version/src/rm_detector -DCMAKE_INSTALL_PREFIX=/rm_version/install/rm_detector
[1.227s] Invoking command in '/rm_version/build/rm_detector': CMAKE_PREFIX_PATH=/rm_version/install/rm_msg_interfaces:/rm_version/install/ros2_video:/rm_version/install/rm_detector:/ros_ws/install/ros2_video:/ros_ws/install/rm_vision_bringup:/ros_ws/install/rm_serial_driver:/ros_ws/install/rm_gimbal_description:/ros_ws/install/rm_auto_aim:/ros_ws/install/mindvision_camera:/ros_ws/install/hik_camera:/ros_ws/install/armor_tracker:/ros_ws/install/armor_detector:/ros_ws/install/auto_aim_interfaces:/opt/ros/humble LD_LIBRARY_PATH=/rm_version/install/rm_msg_interfaces/lib:/rm_version/install/ros2_video/lib:/rm_version/install/rm_detector/lib:/ros_ws/install/ros2_video/lib:/ros_ws/install/rm_serial_driver/lib:/ros_ws/install/mindvision_camera/lib:/ros_ws/install/hik_camera/lib:/ros_ws/install/armor_tracker/lib:/ros_ws/install/armor_detector/lib:/ros_ws/install/auto_aim_interfaces/lib:/opt/ros/humble/lib/x86_64-linux-gnu:/opt/ros/humble/lib /usr/bin/cmake --build /rm_version/build/rm_detector -- -j20 -l20
[1.254s] [ 37%] [32mBuilding CXX object CMakeFiles/rm_detector.dir/src/armor.cpp.o[0m
[1.254s] [ 37%] [32mBuilding CXX object CMakeFiles/rm_detector_node.dir/rclcpp_components/node_main_rm_detector_node.cpp.o[0m
[1.254s] [ 37%] [32mBuilding CXX object CMakeFiles/rm_detector.dir/src/detector_node.cpp.o[0m
[1.254s] [ 50%] [32mBuilding CXX object CMakeFiles/rm_detector.dir/src/detector.cpp.o[0m
[1.254s] [ 62%] [32mBuilding CXX object CMakeFiles/rm_detector.dir/src/pnp_solver.cpp.o[0m
[1.255s] [ 75%] [32mBuilding CXX object CMakeFiles/rm_detector.dir/src/number_classifier.cpp.o[0m
[3.661s] [ 87%] [32m[1mLinking CXX executable rm_detector_node[0m
[3.736s] [ 87%] Built target rm_detector_node
[8.333s] [100%] [32m[1mLinking CXX shared library librm_detector.so[0m
[8.706s] [100%] Built target rm_detector
[8.712s] Invoked command in '/rm_version/build/rm_detector' returned '0': CMAKE_PREFIX_PATH=/rm_version/install/rm_msg_interfaces:/rm_version/install/ros2_video:/rm_version/install/rm_detector:/ros_ws/install/ros2_video:/ros_ws/install/rm_vision_bringup:/ros_ws/install/rm_serial_driver:/ros_ws/install/rm_gimbal_description:/ros_ws/install/rm_auto_aim:/ros_ws/install/mindvision_camera:/ros_ws/install/hik_camera:/ros_ws/install/armor_tracker:/ros_ws/install/armor_detector:/ros_ws/install/auto_aim_interfaces:/opt/ros/humble LD_LIBRARY_PATH=/rm_version/install/rm_msg_interfaces/lib:/rm_version/install/ros2_video/lib:/rm_version/install/rm_detector/lib:/ros_ws/install/ros2_video/lib:/ros_ws/install/rm_serial_driver/lib:/ros_ws/install/mindvision_camera/lib:/ros_ws/install/hik_camera/lib:/ros_ws/install/armor_tracker/lib:/ros_ws/install/armor_detector/lib:/ros_ws/install/auto_aim_interfaces/lib:/opt/ros/humble/lib/x86_64-linux-gnu:/opt/ros/humble/lib /usr/bin/cmake --build /rm_version/build/rm_detector -- -j20 -l20
[8.734s] Invoking command in '/rm_version/build/rm_detector': CMAKE_PREFIX_PATH=/rm_version/install/rm_msg_interfaces:/rm_version/install/ros2_video:/rm_version/install/rm_detector:/ros_ws/install/ros2_video:/ros_ws/install/rm_vision_bringup:/ros_ws/install/rm_serial_driver:/ros_ws/install/rm_gimbal_description:/ros_ws/install/rm_auto_aim:/ros_ws/install/mindvision_camera:/ros_ws/install/hik_camera:/ros_ws/install/armor_tracker:/ros_ws/install/armor_detector:/ros_ws/install/auto_aim_interfaces:/opt/ros/humble LD_LIBRARY_PATH=/rm_version/install/rm_msg_interfaces/lib:/rm_version/install/ros2_video/lib:/rm_version/install/rm_detector/lib:/ros_ws/install/ros2_video/lib:/ros_ws/install/rm_serial_driver/lib:/ros_ws/install/mindvision_camera/lib:/ros_ws/install/hik_camera/lib:/ros_ws/install/armor_tracker/lib:/ros_ws/install/armor_detector/lib:/ros_ws/install/auto_aim_interfaces/lib:/opt/ros/humble/lib/x86_64-linux-gnu:/opt/ros/humble/lib /usr/bin/cmake --install /rm_version/build/rm_detector
[8.737s] -- Install configuration: ""
[8.737s] -- Installing: /rm_version/install/rm_detector/lib/rm_detector/rm_detector_node
[8.738s] -- Set runtime path of "/rm_version/install/rm_detector/lib/rm_detector/rm_detector_node" to ""
[8.738s] -- Installing: /rm_version/install/rm_detector/include
[8.738s] -- Installing: /rm_version/install/rm_detector/include/number_classifier.hpp
[8.738s] -- Installing: /rm_version/install/rm_detector/include/detector_node.hpp
[8.738s] -- Installing: /rm_version/install/rm_detector/include/detector.hpp
[8.738s] -- Installing: /rm_version/install/rm_detector/include/armor.hpp
[8.738s] -- Installing: /rm_version/install/rm_detector/include/pnp_solver.hpp
[8.738s] -- Installing: /rm_version/install/rm_detector/share/rm_detector/environment/library_path.sh
[8.738s] -- Installing: /rm_version/install/rm_detector/share/rm_detector/environment/library_path.dsv
[8.738s] -- Installing: /rm_version/install/rm_detector/lib/librm_detector.so
[8.743s] -- Set runtime path of "/rm_version/install/rm_detector/lib/librm_detector.so" to ""
[8.743s] -- Installing: /rm_version/install/rm_detector/share/rm_detector/model
[8.743s] -- Installing: /rm_version/install/rm_detector/share/rm_detector/model/mlp.onnx
[8.748s] -- Installing: /rm_version/install/rm_detector/share/rm_detector/model/label.txt
[8.748s] -- Installing: /rm_version/install/rm_detector/share/rm_detector/config
[8.748s] -- Installing: /rm_version/install/rm_detector/share/rm_detector/config/camera_parm.yaml
[8.749s] -- Installing: /rm_version/install/rm_detector/share/rm_detector/config/detector.yaml
[8.749s] -- Installing: /rm_version/install/rm_detector/share/rm_detector/launch
[8.749s] -- Installing: /rm_version/install/rm_detector/share/rm_detector/launch/armor_detector.launch.py
[8.749s] -- Installing: /rm_version/install/rm_detector/share/ament_index/resource_index/package_run_dependencies/rm_detector
[8.749s] -- Installing: /rm_version/install/rm_detector/share/ament_index/resource_index/parent_prefix_path/rm_detector
[8.749s] -- Installing: /rm_version/install/rm_detector/share/rm_detector/environment/ament_prefix_path.sh
[8.749s] -- Installing: /rm_version/install/rm_detector/share/rm_detector/environment/ament_prefix_path.dsv
[8.749s] -- Installing: /rm_version/install/rm_detector/share/rm_detector/environment/path.sh
[8.749s] -- Installing: /rm_version/install/rm_detector/share/rm_detector/environment/path.dsv
[8.750s] -- Installing: /rm_version/install/rm_detector/share/rm_detector/local_setup.bash
[8.750s] -- Installing: /rm_version/install/rm_detector/share/rm_detector/local_setup.sh
[8.750s] -- Installing: /rm_version/install/rm_detector/share/rm_detector/local_setup.zsh
[8.750s] -- Installing: /rm_version/install/rm_detector/share/rm_detector/local_setup.dsv
[8.750s] -- Installing: /rm_version/install/rm_detector/share/rm_detector/package.dsv
[8.750s] -- Installing: /rm_version/install/rm_detector/share/ament_index/resource_index/packages/rm_detector
[8.750s] -- Installing: /rm_version/install/rm_detector/share/ament_index/resource_index/rclcpp_components/rm_detector
[8.750s] -- Installing: /rm_version/install/rm_detector/share/rm_detector/cmake/ament_cmake_export_dependencies-extras.cmake
[8.750s] -- Installing: /rm_version/install/rm_detector/share/rm_detector/cmake/ament_cmake_export_include_directories-extras.cmake
[8.750s] -- Installing: /rm_version/install/rm_detector/share/rm_detector/cmake/ament_cmake_export_libraries-extras.cmake
[8.750s] -- Installing: /rm_version/install/rm_detector/share/rm_detector/cmake/rm_detectorConfig.cmake
[8.750s] -- Installing: /rm_version/install/rm_detector/share/rm_detector/cmake/rm_detectorConfig-version.cmake
[8.750s] -- Installing: /rm_version/install/rm_detector/share/rm_detector/package.xml
[8.751s] Invoked command in '/rm_version/build/rm_detector' returned '0': CMAKE_PREFIX_PATH=/rm_version/install/rm_msg_interfaces:/rm_version/install/ros2_video:/rm_version/install/rm_detector:/ros_ws/install/ros2_video:/ros_ws/install/rm_vision_bringup:/ros_ws/install/rm_serial_driver:/ros_ws/install/rm_gimbal_description:/ros_ws/install/rm_auto_aim:/ros_ws/install/mindvision_camera:/ros_ws/install/hik_camera:/ros_ws/install/armor_tracker:/ros_ws/install/armor_detector:/ros_ws/install/auto_aim_interfaces:/opt/ros/humble LD_LIBRARY_PATH=/rm_version/install/rm_msg_interfaces/lib:/rm_version/install/ros2_video/lib:/rm_version/install/rm_detector/lib:/ros_ws/install/ros2_video/lib:/ros_ws/install/rm_serial_driver/lib:/ros_ws/install/mindvision_camera/lib:/ros_ws/install/hik_camera/lib:/ros_ws/install/armor_tracker/lib:/ros_ws/install/armor_detector/lib:/ros_ws/install/auto_aim_interfaces/lib:/opt/ros/humble/lib/x86_64-linux-gnu:/opt/ros/humble/lib /usr/bin/cmake --install /rm_version/build/rm_detector
