[0.015s] Invoking command in '/rm_version/build/rm_serial': AMENT_PREFIX_PATH=/rm_version/install/rm_msg_interfaces:${AMENT_PREFIX_PATH} CMAKE_PREFIX_PATH=/rm_version/install/rm_msg_interfaces:/ros_ws/install/ros2_video:/ros_ws/install/rm_vision_bringup:/ros_ws/install/rm_serial_driver:/ros_ws/install/rm_gimbal_description:/ros_ws/install/rm_auto_aim:/ros_ws/install/mindvision_camera:/ros_ws/install/hik_camera:/ros_ws/install/armor_tracker:/ros_ws/install/armor_detector:/ros_ws/install/auto_aim_interfaces:/opt/ros/humble LD_LIBRARY_PATH=/rm_version/install/rm_msg_interfaces/lib:${LD_LIBRARY_PATH} PYTHONPATH=/rm_version/install/rm_msg_interfaces/local/lib/python3.10/dist-packages:${PYTHONPATH} /usr/bin/cmake --build /rm_version/build/rm_serial -- -j20 -l20
[0.033s] [35m[1mConsolidate compiler generated dependencies of target rm_serial[0m
[0.042s] [ 50%] Built target rm_serial_node
[0.043s] [ 75%] [32mBuilding CXX object CMakeFiles/rm_serial.dir/src/rm_serial_node.cpp.o[0m
[4.791s] [100%] [32m[1mLinking CXX shared library librm_serial.so[0m
[5.097s] [100%] Built target rm_serial
[5.102s] Invoked command in '/rm_version/build/rm_serial' returned '0': AMENT_PREFIX_PATH=/rm_version/install/rm_msg_interfaces:${AMENT_PREFIX_PATH} CMAKE_PREFIX_PATH=/rm_version/install/rm_msg_interfaces:/ros_ws/install/ros2_video:/ros_ws/install/rm_vision_bringup:/ros_ws/install/rm_serial_driver:/ros_ws/install/rm_gimbal_description:/ros_ws/install/rm_auto_aim:/ros_ws/install/mindvision_camera:/ros_ws/install/hik_camera:/ros_ws/install/armor_tracker:/ros_ws/install/armor_detector:/ros_ws/install/auto_aim_interfaces:/opt/ros/humble LD_LIBRARY_PATH=/rm_version/install/rm_msg_interfaces/lib:${LD_LIBRARY_PATH} PYTHONPATH=/rm_version/install/rm_msg_interfaces/local/lib/python3.10/dist-packages:${PYTHONPATH} /usr/bin/cmake --build /rm_version/build/rm_serial -- -j20 -l20
[5.116s] Invoking command in '/rm_version/build/rm_serial': AMENT_PREFIX_PATH=/rm_version/install/rm_msg_interfaces:${AMENT_PREFIX_PATH} CMAKE_PREFIX_PATH=/rm_version/install/rm_msg_interfaces:/ros_ws/install/ros2_video:/ros_ws/install/rm_vision_bringup:/ros_ws/install/rm_serial_driver:/ros_ws/install/rm_gimbal_description:/ros_ws/install/rm_auto_aim:/ros_ws/install/mindvision_camera:/ros_ws/install/hik_camera:/ros_ws/install/armor_tracker:/ros_ws/install/armor_detector:/ros_ws/install/auto_aim_interfaces:/opt/ros/humble LD_LIBRARY_PATH=/rm_version/install/rm_msg_interfaces/lib:${LD_LIBRARY_PATH} PYTHONPATH=/rm_version/install/rm_msg_interfaces/local/lib/python3.10/dist-packages:${PYTHONPATH} /usr/bin/cmake --install /rm_version/build/rm_serial
[5.120s] -- Install configuration: ""
[5.120s] -- Installing: /rm_version/install/rm_serial/lib/rm_serial/rm_serial_node
[5.121s] -- Set runtime path of "/rm_version/install/rm_serial/lib/rm_serial/rm_serial_node" to ""
[5.122s] -- Installing: /rm_version/install/rm_serial/include
[5.122s] -- Installing: /rm_version/install/rm_serial/include/rm_serial_node.hpp
[5.122s] -- Installing: /rm_version/install/rm_serial/share/rm_serial/environment/library_path.sh
[5.122s] -- Installing: /rm_version/install/rm_serial/share/rm_serial/environment/library_path.dsv
[5.123s] -- Installing: /rm_version/install/rm_serial/lib/librm_serial.so
[5.126s] -- Set runtime path of "/rm_version/install/rm_serial/lib/librm_serial.so" to ""
[5.126s] -- Installing: /rm_version/install/rm_serial/share/ament_index/resource_index/package_run_dependencies/rm_serial
[5.127s] -- Installing: /rm_version/install/rm_serial/share/ament_index/resource_index/parent_prefix_path/rm_serial
[5.127s] -- Installing: /rm_version/install/rm_serial/share/rm_serial/environment/ament_prefix_path.sh
[5.127s] -- Installing: /rm_version/install/rm_serial/share/rm_serial/environment/ament_prefix_path.dsv
[5.128s] -- Installing: /rm_version/install/rm_serial/share/rm_serial/environment/path.sh
[5.128s] -- Installing: /rm_version/install/rm_serial/share/rm_serial/environment/path.dsv
[5.129s] -- Installing: /rm_version/install/rm_serial/share/rm_serial/local_setup.bash
[5.129s] -- Installing: /rm_version/install/rm_serial/share/rm_serial/local_setup.sh
[5.129s] -- Installing: /rm_version/install/rm_serial/share/rm_serial/local_setup.zsh
[5.130s] -- Installing: /rm_version/install/rm_serial/share/rm_serial/local_setup.dsv
[5.130s] -- Installing: /rm_version/install/rm_serial/share/rm_serial/package.dsv
[5.130s] -- Installing: /rm_version/install/rm_serial/share/ament_index/resource_index/packages/rm_serial
[5.130s] -- Installing: /rm_version/install/rm_serial/share/ament_index/resource_index/rclcpp_components/rm_serial
[5.131s] -- Installing: /rm_version/install/rm_serial/share/rm_serial/cmake/ament_cmake_export_dependencies-extras.cmake
[5.131s] -- Installing: /rm_version/install/rm_serial/share/rm_serial/cmake/ament_cmake_export_include_directories-extras.cmake
[5.131s] -- Installing: /rm_version/install/rm_serial/share/rm_serial/cmake/ament_cmake_export_libraries-extras.cmake
[5.132s] -- Installing: /rm_version/install/rm_serial/share/rm_serial/cmake/rm_serialConfig.cmake
[5.132s] -- Installing: /rm_version/install/rm_serial/share/rm_serial/cmake/rm_serialConfig-version.cmake
[5.132s] -- Installing: /rm_version/install/rm_serial/share/rm_serial/package.xml
[5.133s] Invoked command in '/rm_version/build/rm_serial' returned '0': AMENT_PREFIX_PATH=/rm_version/install/rm_msg_interfaces:${AMENT_PREFIX_PATH} CMAKE_PREFIX_PATH=/rm_version/install/rm_msg_interfaces:/ros_ws/install/ros2_video:/ros_ws/install/rm_vision_bringup:/ros_ws/install/rm_serial_driver:/ros_ws/install/rm_gimbal_description:/ros_ws/install/rm_auto_aim:/ros_ws/install/mindvision_camera:/ros_ws/install/hik_camera:/ros_ws/install/armor_tracker:/ros_ws/install/armor_detector:/ros_ws/install/auto_aim_interfaces:/opt/ros/humble LD_LIBRARY_PATH=/rm_version/install/rm_msg_interfaces/lib:${LD_LIBRARY_PATH} PYTHONPATH=/rm_version/install/rm_msg_interfaces/local/lib/python3.10/dist-packages:${PYTHONPATH} /usr/bin/cmake --install /rm_version/build/rm_serial
