-- Install configuration: ""
-- Up-to-date: /rm_version/install/start_directory/share/start_directory/launch
-- Up-to-date: /rm_version/install/start_directory/share/start_directory/launch/test.launch.py
-- Up-to-date: /rm_version/install/start_directory/share/start_directory/config
-- Up-to-date: /rm_version/install/start_directory/share/start_directory/config/launch_param.yaml
-- Up-to-date: /rm_version/install/start_directory/share/ament_index/resource_index/package_run_dependencies/start_directory
-- Up-to-date: /rm_version/install/start_directory/share/ament_index/resource_index/parent_prefix_path/start_directory
-- Up-to-date: /rm_version/install/start_directory/share/start_directory/environment/ament_prefix_path.sh
-- Up-to-date: /rm_version/install/start_directory/share/start_directory/environment/ament_prefix_path.dsv
-- Up-to-date: /rm_version/install/start_directory/share/start_directory/environment/path.sh
-- Up-to-date: /rm_version/install/start_directory/share/start_directory/environment/path.dsv
-- Up-to-date: /rm_version/install/start_directory/share/start_directory/local_setup.bash
-- Up-to-date: /rm_version/install/start_directory/share/start_directory/local_setup.sh
-- Up-to-date: /rm_version/install/start_directory/share/start_directory/local_setup.zsh
-- Up-to-date: /rm_version/install/start_directory/share/start_directory/local_setup.dsv
-- Up-to-date: /rm_version/install/start_directory/share/start_directory/package.dsv
-- Up-to-date: /rm_version/install/start_directory/share/ament_index/resource_index/packages/start_directory
-- Up-to-date: /rm_version/install/start_directory/share/start_directory/cmake/start_directoryConfig.cmake
-- Up-to-date: /rm_version/install/start_directory/share/start_directory/cmake/start_directoryConfig-version.cmake
-- Up-to-date: /rm_version/install/start_directory/share/start_directory/package.xml
