[0.028s] Invoking command in '/rm_version/build/rm_tracker': CMAKE_PREFIX_PATH=${CMAKE_PREFIX_PATH}:/opt/ros/humble /usr/bin/cmake /rm_version/src/rm_tracker -DCMAKE_INSTALL_PREFIX=/rm_version/install/rm_tracker
[0.033s] -- Found ament_cmake_auto: 1.3.4 (/opt/ros/humble/share/ament_cmake_auto/cmake)
[0.327s] -- Found rosidl_generator_c: 3.1.4 (/opt/ros/humble/share/rosidl_generator_c/cmake)
[0.370s] -- Found rosidl_adapter: 3.1.4 (/opt/ros/humble/share/rosidl_adapter/cmake)
[0.400s] -- Found rosidl_generator_cpp: 3.1.4 (/opt/ros/humble/share/rosidl_generator_cpp/cmake)
[0.414s] -- Using all available rosidl_typesupport_c: rosidl_typesupport_fastrtps_c;rosidl_typesupport_introspection_c
[0.431s] -- Using all available rosidl_typesupport_cpp: rosidl_typesupport_fastrtps_cpp;rosidl_typesupport_introspection_cpp
[0.487s] -- Found rmw_implementation_cmake: 6.1.1 (/opt/ros/humble/share/rmw_implementation_cmake/cmake)
[0.493s] -- Found rmw_fastrtps_cpp: 6.2.2 (/opt/ros/humble/share/rmw_fastrtps_cpp/cmake)
[0.821s] -- Found OpenSSL: /usr/lib/x86_64-linux-gnu/libcrypto.so (found version "3.0.2")  
[0.861s] -- Found FastRTPS: /opt/ros/humble/include  
[0.883s] -- Using RMW implementation 'rmw_fastrtps_cpp' as default
[0.892s] -- Looking for pthread.h
[0.930s] -- Looking for pthread.h - found
[0.930s] -- Performing Test CMAKE_HAVE_LIBC_PTHREAD
[0.976s] -- Performing Test CMAKE_HAVE_LIBC_PTHREAD - Success
[0.977s] -- Found Threads: TRUE  
[2.057s] -- Found eigen3_cmake_module: 0.1.1 (/opt/ros/humble/share/eigen3_cmake_module/cmake)
[2.059s] -- Found Eigen3: TRUE (found version "3.4.0") 
[2.059s] -- Ensuring Eigen3 include directory is part of orocos-kdl CMake target
[2.686s] -- Found ament_lint_auto: 0.12.6 (/opt/ros/humble/share/ament_lint_auto/cmake)
[2.861s] -- Added test 'cppcheck' to perform static code analysis on C / C++ code
[2.861s] -- Configured cppcheck include dirs: /rm_version/src/rm_tracker/include
[2.861s] -- Configured cppcheck exclude dirs and/or files: 
[2.862s] -- Added test 'lint_cmake' to check CMake code style
[2.863s] -- Added test 'xmllint' to check XML markup files
[2.887s] -- Added test 'clang_format' to check C / C++ code style
[2.908s] -- Configuring done
[2.922s] -- Generating done
[2.924s] -- Build files have been written to: /rm_version/build/rm_tracker
[2.931s] Invoked command in '/rm_version/build/rm_tracker' returned '0': CMAKE_PREFIX_PATH=${CMAKE_PREFIX_PATH}:/opt/ros/humble /usr/bin/cmake /rm_version/src/rm_tracker -DCMAKE_INSTALL_PREFIX=/rm_version/install/rm_tracker
[2.932s] Invoking command in '/rm_version/build/rm_tracker': CMAKE_PREFIX_PATH=${CMAKE_PREFIX_PATH}:/opt/ros/humble /usr/bin/cmake --build /rm_version/build/rm_tracker -- -j20 -l20
[2.958s] [ 33%] [32mBuilding CXX object CMakeFiles/rm_tracker_node.dir/rclcpp_components/node_main_rm_tracker_node.cpp.o[0m
[2.958s] [ 33%] [32mBuilding CXX object CMakeFiles/rm_tracker.dir/src/extended_kalman_filiter.cpp.o[0m
[2.958s] [ 50%] [32mBuilding CXX object CMakeFiles/rm_tracker.dir/src/tracker.cpp.o[0m
[2.958s] [ 66%] [32mBuilding CXX object CMakeFiles/rm_tracker.dir/src/tracker_node.cpp.o[0m
[3.549s] [ 83%] [32m[1mLinking CXX shared library librm_tracker.so[0m
[3.660s] [ 83%] Built target rm_tracker
[4.660s] [100%] [32m[1mLinking CXX executable rm_tracker_node[0m
[4.719s] [100%] Built target rm_tracker_node
[4.725s] Invoked command in '/rm_version/build/rm_tracker' returned '0': CMAKE_PREFIX_PATH=${CMAKE_PREFIX_PATH}:/opt/ros/humble /usr/bin/cmake --build /rm_version/build/rm_tracker -- -j20 -l20
[4.744s] Invoking command in '/rm_version/build/rm_tracker': CMAKE_PREFIX_PATH=${CMAKE_PREFIX_PATH}:/opt/ros/humble /usr/bin/cmake --install /rm_version/build/rm_tracker
[4.747s] -- Install configuration: ""
[4.748s] -- Installing: /rm_version/install/rm_tracker/lib/rm_tracker/rm_tracker_node
[4.748s] -- Set runtime path of "/rm_version/install/rm_tracker/lib/rm_tracker/rm_tracker_node" to ""
[4.748s] -- Installing: /rm_version/install/rm_tracker/include
[4.748s] -- Installing: /rm_version/install/rm_tracker/include/tracker_node.hpp
[4.748s] -- Installing: /rm_version/install/rm_tracker/include/tracker.hpp
[4.748s] -- Installing: /rm_version/install/rm_tracker/include/extended_kalman_filiter.hpp
[4.748s] -- Installing: /rm_version/install/rm_tracker/share/rm_tracker/environment/library_path.sh
[4.748s] -- Installing: /rm_version/install/rm_tracker/share/rm_tracker/environment/library_path.dsv
[4.748s] -- Installing: /rm_version/install/rm_tracker/lib/librm_tracker.so
[4.748s] -- Set runtime path of "/rm_version/install/rm_tracker/lib/librm_tracker.so" to ""
[4.749s] -- Installing: /rm_version/install/rm_tracker/share/ament_index/resource_index/package_run_dependencies/rm_tracker
[4.749s] -- Installing: /rm_version/install/rm_tracker/share/ament_index/resource_index/parent_prefix_path/rm_tracker
[4.749s] -- Installing: /rm_version/install/rm_tracker/share/rm_tracker/environment/ament_prefix_path.sh
[4.749s] -- Installing: /rm_version/install/rm_tracker/share/rm_tracker/environment/ament_prefix_path.dsv
[4.750s] -- Installing: /rm_version/install/rm_tracker/share/rm_tracker/environment/path.sh
[4.750s] -- Installing: /rm_version/install/rm_tracker/share/rm_tracker/environment/path.dsv
[4.750s] -- Installing: /rm_version/install/rm_tracker/share/rm_tracker/local_setup.bash
[4.750s] -- Installing: /rm_version/install/rm_tracker/share/rm_tracker/local_setup.sh
[4.750s] -- Installing: /rm_version/install/rm_tracker/share/rm_tracker/local_setup.zsh
[4.751s] -- Installing: /rm_version/install/rm_tracker/share/rm_tracker/local_setup.dsv
[4.751s] -- Installing: /rm_version/install/rm_tracker/share/rm_tracker/package.dsv
[4.751s] -- Installing: /rm_version/install/rm_tracker/share/ament_index/resource_index/packages/rm_tracker
[4.751s] -- Installing: /rm_version/install/rm_tracker/share/ament_index/resource_index/rclcpp_components/rm_tracker
[4.751s] -- Installing: /rm_version/install/rm_tracker/share/rm_tracker/cmake/ament_cmake_export_dependencies-extras.cmake
[4.751s] -- Installing: /rm_version/install/rm_tracker/share/rm_tracker/cmake/ament_cmake_export_include_directories-extras.cmake
[4.751s] -- Installing: /rm_version/install/rm_tracker/share/rm_tracker/cmake/ament_cmake_export_libraries-extras.cmake
[4.751s] -- Installing: /rm_version/install/rm_tracker/share/rm_tracker/cmake/rm_trackerConfig.cmake
[4.751s] -- Installing: /rm_version/install/rm_tracker/share/rm_tracker/cmake/rm_trackerConfig-version.cmake
[4.751s] -- Installing: /rm_version/install/rm_tracker/share/rm_tracker/package.xml
[4.753s] Invoked command in '/rm_version/build/rm_tracker' returned '0': CMAKE_PREFIX_PATH=${CMAKE_PREFIX_PATH}:/opt/ros/humble /usr/bin/cmake --install /rm_version/build/rm_tracker
