[0.018s] Invoking command in '/rm_version/build/rm_msg_interfaces': CMAKE_PREFIX_PATH=${CMAKE_PREFIX_PATH}:/opt/ros/humble /usr/bin/cmake --build /rm_version/build/rm_msg_interfaces -- -j20 -l20
[0.053s] [ 10%] Built target rm_msg_interfaces__rosidl_generator_c
[0.055s] [ 12%] Built target rm_msg_interfaces__cpp
[0.063s] [ 12%] Built target ament_cmake_python_copy_rm_msg_interfaces
[0.071s] [ 23%] Built target rm_msg_interfaces__rosidl_typesupport_fastrtps_c
[0.072s] [ 33%] Built target rm_msg_interfaces__rosidl_typesupport_c
[0.076s] [ 43%] Built target rm_msg_interfaces__rosidl_typesupport_introspection_c
[0.077s] [ 53%] Built target rm_msg_interfaces__rosidl_typesupport_cpp
[0.078s] [ 64%] Built target rm_msg_interfaces__rosidl_typesupport_introspection_cpp
[0.080s] [ 74%] Built target rm_msg_interfaces__rosidl_typesupport_fastrtps_cpp
[0.091s] [ 74%] Built target rm_msg_interfaces
[0.100s] [ 76%] Built target rm_msg_interfaces__py
[0.112s] [ 84%] Built target rm_msg_interfaces__rosidl_generator_py
[0.126s] [100%] Built target rm_msg_interfaces__rosidl_typesupport_c__pyext
[0.126s] [100%] Built target rm_msg_interfaces__rosidl_typesupport_introspection_c__pyext
[0.127s] [100%] Built target rm_msg_interfaces__rosidl_typesupport_fastrtps_c__pyext
[0.181s] running egg_info
[0.182s] writing rm_msg_interfaces.egg-info/PKG-INFO
[0.182s] writing dependency_links to rm_msg_interfaces.egg-info/dependency_links.txt
[0.182s] writing top-level names to rm_msg_interfaces.egg-info/top_level.txt
[0.183s] reading manifest file 'rm_msg_interfaces.egg-info/SOURCES.txt'
[0.183s] writing manifest file 'rm_msg_interfaces.egg-info/SOURCES.txt'
[0.202s] [100%] Built target ament_cmake_python_build_rm_msg_interfaces_egg
[0.208s] Invoked command in '/rm_version/build/rm_msg_interfaces' returned '0': CMAKE_PREFIX_PATH=${CMAKE_PREFIX_PATH}:/opt/ros/humble /usr/bin/cmake --build /rm_version/build/rm_msg_interfaces -- -j20 -l20
