[0.020s] Invoking command in '/rm_version/build/rm_msg_interfaces': CMAKE_PREFIX_PATH=${CMAKE_PREFIX_PATH}:/opt/ros/humble /usr/bin/cmake --build /rm_version/build/rm_msg_interfaces -- -j20 -l20
[0.060s] [  2%] Built target rm_msg_interfaces__cpp
[0.061s] [ 12%] Built target rm_msg_interfaces__rosidl_generator_c
[0.066s] [ 12%] Built target ament_cmake_python_copy_rm_msg_interfaces
[0.076s] [ 34%] Built target rm_msg_interfaces__rosidl_typesupport_introspection_cpp
[0.076s] [ 34%] Built target rm_msg_interfaces__rosidl_typesupport_cpp
[0.078s] [ 51%] Built target rm_msg_interfaces__rosidl_typesupport_fastrtps_c
[0.078s] [ 55%] Built target rm_msg_interfaces__rosidl_typesupport_c
[0.079s] [ 65%] Built target rm_msg_interfaces__rosidl_typesupport_introspection_c
[0.080s] [ 76%] Built target rm_msg_interfaces__rosidl_typesupport_fastrtps_cpp
[0.091s] [ 76%] Built target rm_msg_interfaces
[0.101s] [ 78%] Built target rm_msg_interfaces__py
[0.113s] [ 87%] Built target rm_msg_interfaces__rosidl_generator_py
[0.127s] [100%] Built target rm_msg_interfaces__rosidl_typesupport_c__pyext
[0.127s] [100%] Built target rm_msg_interfaces__rosidl_typesupport_fastrtps_c__pyext
[0.127s] [100%] Built target rm_msg_interfaces__rosidl_typesupport_introspection_c__pyext
[0.178s] running egg_info
[0.179s] writing rm_msg_interfaces.egg-info/PKG-INFO
[0.179s] writing dependency_links to rm_msg_interfaces.egg-info/dependency_links.txt
[0.179s] writing top-level names to rm_msg_interfaces.egg-info/top_level.txt
[0.180s] reading manifest file 'rm_msg_interfaces.egg-info/SOURCES.txt'
[0.180s] writing manifest file 'rm_msg_interfaces.egg-info/SOURCES.txt'
[0.194s] [100%] Built target ament_cmake_python_build_rm_msg_interfaces_egg
