[0.009s] Invoking command in '/rm_version/build/rm_tracker': AMENT_PREFIX_PATH=/rm_version/install/rm_msg_interfaces:${AMENT_PREFIX_PATH} CMAKE_PREFIX_PATH=/rm_version/install/rm_msg_interfaces:/ros_ws/install/ros2_video:/ros_ws/install/rm_vision_bringup:/ros_ws/install/rm_serial_driver:/ros_ws/install/rm_gimbal_description:/ros_ws/install/rm_auto_aim:/ros_ws/install/mindvision_camera:/ros_ws/install/hik_camera:/ros_ws/install/armor_tracker:/ros_ws/install/armor_detector:/ros_ws/install/auto_aim_interfaces:/opt/ros/humble LD_LIBRARY_PATH=/rm_version/install/rm_msg_interfaces/lib:${LD_LIBRARY_PATH} PYTHONPATH=/rm_version/install/rm_msg_interfaces/local/lib/python3.10/dist-packages:${PYTHONPATH} /usr/bin/cmake --build /rm_version/build/rm_tracker -- -j20 -l20
[0.034s] [35m[1mConsolidate compiler generated dependencies of target rm_tracker[0m
[0.039s] [ 33%] Built target rm_tracker_node
[0.048s] [ 50%] [32mBuilding CXX object CMakeFiles/rm_tracker.dir/src/tracker_node.cpp.o[0m
[2.533s] In file included from [01m[K/rm_version/src/rm_tracker/include/tracker_node.hpp:6[m[K,
[2.533s]                  from [01m[K/rm_version/src/rm_tracker/src/tracker_node.cpp:1[m[K:
[2.534s] /opt/ros/humble/include/tf2_ros/tf2_ros/message_filter.h: In instantiation of ‘[01m[Kvoid tf2_ros::MessageFilter<M, BufferT>::add(const MEvent&) [with M = rm_msg_interfaces::msg::Armors_<std::allocator<void> >; BufferT = tf2_ros::Buffer; tf2_ros::MessageFilter<M, BufferT>::MEvent = message_filters::MessageEvent<const rm_msg_interfaces::msg::Armors_<std::allocator<void> > >][m[K’:
[2.534s] [01m[K/opt/ros/humble/include/tf2_ros/tf2_ros/message_filter.h:603:8:[m[K   required from ‘[01m[Kvoid tf2_ros::MessageFilter<M, BufferT>::incomingMessage(const message_filters::MessageEvent<const M>&) [with M = rm_msg_interfaces::msg::Armors_<std::allocator<void> >; BufferT = tf2_ros::Buffer][m[K’
[2.534s] [01m[K/opt/ros/humble/include/tf2_ros/tf2_ros/message_filter.h:265:46:[m[K   required from ‘[01m[Kvoid tf2_ros::MessageFilter<M, BufferT>::connectInput(F&) [with F = message_filters::Subscriber<rm_msg_interfaces::msg::Armors_<std::allocator<void> > >; M = rm_msg_interfaces::msg::Armors_<std::allocator<void> >; BufferT = tf2_ros::Buffer][m[K’
[2.534s] [01m[K/opt/ros/humble/include/tf2_ros/tf2_ros/message_filter.h:255:17:[m[K   required from ‘[01m[Ktf2_ros::MessageFilter<M, BufferT>::MessageFilter(F&, BufferT&, const string&, uint32_t, const SharedPtr&, const SharedPtr&, std::chrono::duration<TimeRepT, TimeT>) [with F = message_filters::Subscriber<rm_msg_interfaces::msg::Armors_<std::allocator<void> > >; TimeRepT = int; TimeT = std::ratio<1>; M = rm_msg_interfaces::msg::Armors_<std::allocator<void> >; BufferT = tf2_ros::Buffer; std::string = std::__cxx11::basic_string<char>; uint32_t = unsigned int; rclcpp::node_interfaces::NodeLoggingInterface::SharedPtr = std::shared_ptr<rclcpp::node_interfaces::NodeLoggingInterface>; rclcpp::node_interfaces::NodeClockInterface::SharedPtr = std::shared_ptr<rclcpp::node_interfaces::NodeClockInterface>][m[K’
[2.534s] [01m[K/usr/include/c++/11/ext/new_allocator.h:162:4:[m[K   required from ‘[01m[Kvoid __gnu_cxx::new_allocator<_Tp>::construct(_Up*, _Args&& ...) [with _Up = tf2_ros::MessageFilter<rm_msg_interfaces::msg::Armors_<std::allocator<void> > >; _Args = {message_filters::Subscriber<rm_msg_interfaces::msg::Armors_<std::allocator<void> >, rclcpp::Node>&, tf2_ros::Buffer&, std::__cxx11::basic_string<char, std::char_traits<char>, std::allocator<char> >&, int, std::shared_ptr<rclcpp::node_interfaces::NodeLoggingInterface>, std::shared_ptr<rclcpp::node_interfaces::NodeClockInterface>, std::chrono::duration<int, std::ratio<1, 1> >}; _Tp = tf2_ros::MessageFilter<rm_msg_interfaces::msg::Armors_<std::allocator<void> > >][m[K’
[2.534s] [01m[K/usr/include/c++/11/bits/alloc_traits.h:516:17:[m[K   [ skipping 2 instantiation contexts, use -ftemplate-backtrace-limit=0 to disable ]
[2.534s] [01m[K/usr/include/c++/11/bits/shared_ptr_base.h:650:16:[m[K   required from ‘[01m[Kstd::__shared_count<_Lp>::__shared_count(_Tp*&, std::_Sp_alloc_shared_tag<_Alloc>, _Args&& ...) [with _Tp = tf2_ros::MessageFilter<rm_msg_interfaces::msg::Armors_<std::allocator<void> > >; _Alloc = std::allocator<tf2_ros::MessageFilter<rm_msg_interfaces::msg::Armors_<std::allocator<void> > > >; _Args = {message_filters::Subscriber<rm_msg_interfaces::msg::Armors_<std::allocator<void> >, rclcpp::Node>&, tf2_ros::Buffer&, std::__cxx11::basic_string<char, std::char_traits<char>, std::allocator<char> >&, int, std::shared_ptr<rclcpp::node_interfaces::NodeLoggingInterface>, std::shared_ptr<rclcpp::node_interfaces::NodeClockInterface>, std::chrono::duration<int, std::ratio<1, 1> >}; __gnu_cxx::_Lock_policy _Lp = __gnu_cxx::_S_atomic][m[K’
[2.534s] [01m[K/usr/include/c++/11/bits/shared_ptr_base.h:1342:14:[m[K   required from ‘[01m[Kstd::__shared_ptr<_Tp, _Lp>::__shared_ptr(std::_Sp_alloc_shared_tag<_Tp>, _Args&& ...) [with _Alloc = std::allocator<tf2_ros::MessageFilter<rm_msg_interfaces::msg::Armors_<std::allocator<void> > > >; _Args = {message_filters::Subscriber<rm_msg_interfaces::msg::Armors_<std::allocator<void> >, rclcpp::Node>&, tf2_ros::Buffer&, std::__cxx11::basic_string<char, std::char_traits<char>, std::allocator<char> >&, int, std::shared_ptr<rclcpp::node_interfaces::NodeLoggingInterface>, std::shared_ptr<rclcpp::node_interfaces::NodeClockInterface>, std::chrono::duration<int, std::ratio<1, 1> >}; _Tp = tf2_ros::MessageFilter<rm_msg_interfaces::msg::Armors_<std::allocator<void> > >; __gnu_cxx::_Lock_policy _Lp = __gnu_cxx::_S_atomic][m[K’
[2.534s] [01m[K/usr/include/c++/11/bits/shared_ptr.h:409:59:[m[K   required from ‘[01m[Kstd::shared_ptr<_Tp>::shared_ptr(std::_Sp_alloc_shared_tag<_Tp>, _Args&& ...) [with _Alloc = std::allocator<tf2_ros::MessageFilter<rm_msg_interfaces::msg::Armors_<std::allocator<void> > > >; _Args = {message_filters::Subscriber<rm_msg_interfaces::msg::Armors_<std::allocator<void> >, rclcpp::Node>&, tf2_ros::Buffer&, std::__cxx11::basic_string<char, std::char_traits<char>, std::allocator<char> >&, int, std::shared_ptr<rclcpp::node_interfaces::NodeLoggingInterface>, std::shared_ptr<rclcpp::node_interfaces::NodeClockInterface>, std::chrono::duration<int, std::ratio<1, 1> >}; _Tp = tf2_ros::MessageFilter<rm_msg_interfaces::msg::Armors_<std::allocator<void> > >][m[K’
[2.534s] [01m[K/usr/include/c++/11/bits/shared_ptr.h:862:14:[m[K   required from ‘[01m[Kstd::shared_ptr<_Tp> std::allocate_shared(const _Alloc&, _Args&& ...) [with _Tp = tf2_ros::MessageFilter<rm_msg_interfaces::msg::Armors_<std::allocator<void> > >; _Alloc = std::allocator<tf2_ros::MessageFilter<rm_msg_interfaces::msg::Armors_<std::allocator<void> > > >; _Args = {message_filters::Subscriber<rm_msg_interfaces::msg::Armors_<std::allocator<void> >, rclcpp::Node>&, tf2_ros::Buffer&, std::__cxx11::basic_string<char, std::char_traits<char>, std::allocator<char> >&, int, std::shared_ptr<rclcpp::node_interfaces::NodeLoggingInterface>, std::shared_ptr<rclcpp::node_interfaces::NodeClockInterface>, std::chrono::duration<int, std::ratio<1, 1> >}][m[K’
[2.534s] [01m[K/usr/include/c++/11/bits/shared_ptr.h:878:39:[m[K   required from ‘[01m[Kstd::shared_ptr<_Tp> std::make_shared(_Args&& ...) [with _Tp = tf2_ros::MessageFilter<rm_msg_interfaces::msg::Armors_<std::allocator<void> > >; _Args = {message_filters::Subscriber<rm_msg_interfaces::msg::Armors_<std::allocator<void> >, rclcpp::Node>&, tf2_ros::Buffer&, std::__cxx11::basic_string<char, std::char_traits<char>, std::allocator<char> >&, int, std::shared_ptr<rclcpp::node_interfaces::NodeLoggingInterface>, std::shared_ptr<rclcpp::node_interfaces::NodeClockInterface>, std::chrono::duration<int, std::ratio<1, 1> >}][m[K’
[2.534s] [01m[K/rm_version/src/rm_tracker/src/tracker_node.cpp:29:101:[m[K   required from here
[2.534s] [01m[K/opt/ros/humble/include/tf2_ros/tf2_ros/message_filter.h:365:60:[m[K [01;31m[Kerror: [m[K‘[01m[Kvalue[m[K’ is not a member of ‘[01m[Kmessage_filters::message_traits::FrameId<rm_msg_interfaces::msg::Armors_<std::allocator<void> >, void>[m[K’
[2.534s]   365 |     std::string frame_id = stripSlash([01;31m[Kmt::FrameId<M>::value(*message)[m[K);
[2.534s]       |                                       [01;31m[K~~~~~~~~~~~~~~~~~~~~~^~~~~~~~~~[m[K
[2.535s] In file included from [01m[K/opt/ros/humble/include/rclcpp/rclcpp/logging.hpp:24[m[K,
[2.535s]                  from [01m[K/opt/ros/humble/include/rclcpp/rclcpp/client.hpp:40[m[K,
[2.535s]                  from [01m[K/opt/ros/humble/include/rclcpp/rclcpp/callback_group.hpp:24[m[K,
[2.535s]                  from [01m[K/opt/ros/humble/include/rclcpp/rclcpp/any_executable.hpp:20[m[K,
[2.535s]                  from [01m[K/opt/ros/humble/include/rclcpp/rclcpp/memory_strategy.hpp:25[m[K,
[2.535s]                  from [01m[K/opt/ros/humble/include/rclcpp/rclcpp/memory_strategies.hpp:18[m[K,
[2.535s]                  from [01m[K/opt/ros/humble/include/rclcpp/rclcpp/executor_options.hpp:20[m[K,
[2.535s]                  from [01m[K/opt/ros/humble/include/rclcpp/rclcpp/executor.hpp:37[m[K,
[2.535s]                  from [01m[K/opt/ros/humble/include/rclcpp/rclcpp/executors/multi_threaded_executor.hpp:25[m[K,
[2.535s]                  from [01m[K/opt/ros/humble/include/rclcpp/rclcpp/executors.hpp:21[m[K,
[2.535s]                  from [01m[K/opt/ros/humble/include/rclcpp/rclcpp/rclcpp.hpp:155[m[K,
[2.535s]                  from [01m[K/opt/ros/humble/include/message_filters/message_filters/subscriber.h:40[m[K,
[2.535s]                  from [01m[K/rm_version/src/rm_tracker/include/tracker_node.hpp:3[m[K,
[2.535s]                  from [01m[K/rm_version/src/rm_tracker/src/tracker_node.cpp:1[m[K:
[2.535s] [01m[K/opt/ros/humble/include/tf2_ros/tf2_ros/message_filter.h:411:9:[m[K [01;31m[Kerror: [m[K‘[01m[Kvalue[m[K’ is not a member of ‘[01m[Kmessage_filters::message_traits::FrameId<rm_msg_interfaces::msg::Armors_<std::allocator<void> >, void>[m[K’
[2.535s]   411 |         [01;31m[KTF2_ROS_MESSAGEFILTER_DEBUG[m[K(
[2.535s]       |         [01;31m[K^~~~~~~~~~~~~~~~~~~~~~~~~~~[m[K
[3.219s] gmake[2]: *** [CMakeFiles/rm_tracker.dir/build.make:104: CMakeFiles/rm_tracker.dir/src/tracker_node.cpp.o] Error 1
[3.219s] gmake[1]: *** [CMakeFiles/Makefile2:139: CMakeFiles/rm_tracker.dir/all] Error 2
[3.219s] gmake: *** [Makefile:146: all] Error 2
[3.220s] Invoked command in '/rm_version/build/rm_tracker' returned '2': AMENT_PREFIX_PATH=/rm_version/install/rm_msg_interfaces:${AMENT_PREFIX_PATH} CMAKE_PREFIX_PATH=/rm_version/install/rm_msg_interfaces:/ros_ws/install/ros2_video:/ros_ws/install/rm_vision_bringup:/ros_ws/install/rm_serial_driver:/ros_ws/install/rm_gimbal_description:/ros_ws/install/rm_auto_aim:/ros_ws/install/mindvision_camera:/ros_ws/install/hik_camera:/ros_ws/install/armor_tracker:/ros_ws/install/armor_detector:/ros_ws/install/auto_aim_interfaces:/opt/ros/humble LD_LIBRARY_PATH=/rm_version/install/rm_msg_interfaces/lib:${LD_LIBRARY_PATH} PYTHONPATH=/rm_version/install/rm_msg_interfaces/local/lib/python3.10/dist-packages:${PYTHONPATH} /usr/bin/cmake --build /rm_version/build/rm_tracker -- -j20 -l20
