[0.031s] Invoking command in '/rm_version/build/rm_gimbal_description': CMAKE_PREFIX_PATH=${CMAKE_PREFIX_PATH}:/opt/ros/humble /usr/bin/cmake --build /rm_version/build/rm_gimbal_description -- -j20 -l20
[0.066s] Invoked command in '/rm_version/build/rm_gimbal_description' returned '0': CMAKE_PREFIX_PATH=${CMAKE_PREFIX_PATH}:/opt/ros/humble /usr/bin/cmake --build /rm_version/build/rm_gimbal_description -- -j20 -l20
[0.089s] Invoking command in '/rm_version/build/rm_gimbal_description': CMAKE_PREFIX_PATH=${CMAKE_PREFIX_PATH}:/opt/ros/humble /usr/bin/cmake --install /rm_version/build/rm_gimbal_description
[0.094s] -- Install configuration: ""
[0.094s] -- Up-to-date: /rm_version/install/rm_gimbal_description/share/rm_gimbal_description/urdf
[0.094s] -- Up-to-date: /rm_version/install/rm_gimbal_description/share/rm_gimbal_description/urdf/rm_gimbal.urdf.xacro
[0.094s] -- Up-to-date: /rm_version/install/rm_gimbal_description/share/ament_index/resource_index/package_run_dependencies/rm_gimbal_description
[0.094s] -- Up-to-date: /rm_version/install/rm_gimbal_description/share/ament_index/resource_index/parent_prefix_path/rm_gimbal_description
[0.095s] -- Up-to-date: /rm_version/install/rm_gimbal_description/share/rm_gimbal_description/environment/ament_prefix_path.sh
[0.095s] -- Up-to-date: /rm_version/install/rm_gimbal_description/share/rm_gimbal_description/environment/ament_prefix_path.dsv
[0.095s] -- Up-to-date: /rm_version/install/rm_gimbal_description/share/rm_gimbal_description/environment/path.sh
[0.095s] -- Up-to-date: /rm_version/install/rm_gimbal_description/share/rm_gimbal_description/environment/path.dsv
[0.096s] -- Up-to-date: /rm_version/install/rm_gimbal_description/share/rm_gimbal_description/local_setup.bash
[0.097s] -- Up-to-date: /rm_version/install/rm_gimbal_description/share/rm_gimbal_description/local_setup.sh
[0.098s] -- Up-to-date: /rm_version/install/rm_gimbal_description/share/rm_gimbal_description/local_setup.zsh
[0.098s] -- Up-to-date: /rm_version/install/rm_gimbal_description/share/rm_gimbal_description/local_setup.dsv
[0.098s] -- Installing: /rm_version/install/rm_gimbal_description/share/rm_gimbal_description/package.dsv
[0.098s] -- Up-to-date: /rm_version/install/rm_gimbal_description/share/ament_index/resource_index/packages/rm_gimbal_description
[0.098s] -- Up-to-date: /rm_version/install/rm_gimbal_description/share/rm_gimbal_description/cmake/rm_gimbal_descriptionConfig.cmake
[0.099s] -- Up-to-date: /rm_version/install/rm_gimbal_description/share/rm_gimbal_description/cmake/rm_gimbal_descriptionConfig-version.cmake
[0.101s] -- Up-to-date: /rm_version/install/rm_gimbal_description/share/rm_gimbal_description/package.xml
[0.102s] Invoked command in '/rm_version/build/rm_gimbal_description' returned '0': CMAKE_PREFIX_PATH=${CMAKE_PREFIX_PATH}:/opt/ros/humble /usr/bin/cmake --install /rm_version/build/rm_gimbal_description
