-- Install configuration: ""
-- Up-to-date: /rm_version/install/start_dirtectory/share/start_dirtectory/launch
-- Up-to-date: /rm_version/install/start_dirtectory/share/start_dirtectory/launch/test.launch.py
-- Up-to-date: /rm_version/install/start_dirtectory/share/start_dirtectory/config
-- Up-to-date: /rm_version/install/start_dirtectory/share/start_dirtectory/config/launch_param.yaml
-- Up-to-date: /rm_version/install/start_dirtectory/share/ament_index/resource_index/package_run_dependencies/start_dirtectory
-- Up-to-date: /rm_version/install/start_dirtectory/share/ament_index/resource_index/parent_prefix_path/start_dirtectory
-- Up-to-date: /rm_version/install/start_dirtectory/share/start_dirtectory/environment/ament_prefix_path.sh
-- Up-to-date: /rm_version/install/start_dirtectory/share/start_dirtectory/environment/ament_prefix_path.dsv
-- Up-to-date: /rm_version/install/start_dirtectory/share/start_dirtectory/environment/path.sh
-- Up-to-date: /rm_version/install/start_dirtectory/share/start_dirtectory/environment/path.dsv
-- Up-to-date: /rm_version/install/start_dirtectory/share/start_dirtectory/local_setup.bash
-- Up-to-date: /rm_version/install/start_dirtectory/share/start_dirtectory/local_setup.sh
-- Up-to-date: /rm_version/install/start_dirtectory/share/start_dirtectory/local_setup.zsh
-- Up-to-date: /rm_version/install/start_dirtectory/share/start_dirtectory/local_setup.dsv
-- Up-to-date: /rm_version/install/start_dirtectory/share/start_dirtectory/package.dsv
-- Up-to-date: /rm_version/install/start_dirtectory/share/ament_index/resource_index/packages/start_dirtectory
-- Up-to-date: /rm_version/install/start_dirtectory/share/start_dirtectory/cmake/start_dirtectoryConfig.cmake
-- Up-to-date: /rm_version/install/start_dirtectory/share/start_dirtectory/cmake/start_dirtectoryConfig-version.cmake
-- Up-to-date: /rm_version/install/start_dirtectory/share/start_dirtectory/package.xml
