-- Found rm_msg_interfaces: 0.0.0 (/rm_version/install/rm_msg_interfaces/share/rm_msg_interfaces/cmake)
-- Found rosidl_generator_c: 3.1.4 (/opt/ros/humble/share/rosidl_generator_c/cmake)
-- Found rosidl_adapter: 3.1.4 (/opt/ros/humble/share/rosidl_adapter/cmake)
-- Found rosidl_generator_cpp: 3.1.4 (/opt/ros/humble/share/rosidl_generator_cpp/cmake)
-- Using all available rosidl_typesupport_c: rosidl_typesupport_fastrtps_c;rosidl_typesupport_introspection_c
-- Using all available rosidl_typesupport_cpp: rosidl_typesupport_fastrtps_cpp;rosidl_typesupport_introspection_cpp
-- Found ament_cmake_auto: 1.3.4 (/opt/ros/humble/share/ament_cmake_auto/cmake)
-- Found rmw_implementation_cmake: 6.1.1 (/opt/ros/humble/share/rmw_implementation_cmake/cmake)
-- Found rmw_fastrtps_cpp: 6.2.2 (/opt/ros/humble/share/rmw_fastrtps_cpp/cmake)
-- Using RMW implementation 'rmw_fastrtps_cpp' as default
-- Found eigen3_cmake_module: 0.1.1 (/opt/ros/humble/share/eigen3_cmake_module/cmake)
-- Ensuring Eigen3 include directory is part of orocos-kdl CMake target
-- Found ament_lint_auto: 0.12.6 (/opt/ros/humble/share/ament_lint_auto/cmake)
-- Added test 'cppcheck' to perform static code analysis on C / C++ code
-- Configured cppcheck include dirs: /rm_version/src/rm_detector/include
-- Configured cppcheck exclude dirs and/or files: 
-- Added test 'flake8' to check Python code syntax and style conventions
-- Added test 'lint_cmake' to check CMake code style
-- Added test 'pep257' to check Python code against some of the docstring style conventions in PEP 257
-- Added test 'xmllint' to check XML markup files
-- Added test 'clang_format' to check C / C++ code style
-- Configuring done
-- Generating done
-- Build files have been written to: /rm_version/build/rm_detector
[35m[1mConsolidate compiler generated dependencies of target rm_detector_node[0m
[35m[1mConsolidate compiler generated dependencies of target rm_detector[0m
[ 25%] Built target rm_detector_node
[100%] Built target rm_detector
-- Install configuration: ""
-- Up-to-date: /rm_version/install/rm_detector/lib/rm_detector/rm_detector_node
-- Up-to-date: /rm_version/install/rm_detector/include
-- Up-to-date: /rm_version/install/rm_detector/include/number_classifier.hpp
-- Up-to-date: /rm_version/install/rm_detector/include/detector_node.hpp
-- Up-to-date: /rm_version/install/rm_detector/include/detector.hpp
-- Up-to-date: /rm_version/install/rm_detector/include/armor.hpp
-- Up-to-date: /rm_version/install/rm_detector/include/pnp_solver.hpp
-- Up-to-date: /rm_version/install/rm_detector/share/rm_detector/environment/library_path.sh
-- Installing: /rm_version/install/rm_detector/share/rm_detector/environment/library_path.dsv
-- Up-to-date: /rm_version/install/rm_detector/lib/librm_detector.so
-- Up-to-date: /rm_version/install/rm_detector/share/rm_detector/model
-- Up-to-date: /rm_version/install/rm_detector/share/rm_detector/model/mlp.onnx
-- Up-to-date: /rm_version/install/rm_detector/share/rm_detector/model/label.txt
-- Up-to-date: /rm_version/install/rm_detector/share/rm_detector/config
-- Up-to-date: /rm_version/install/rm_detector/share/rm_detector/config/camera_parm.yaml
-- Up-to-date: /rm_version/install/rm_detector/share/rm_detector/config/detector.yaml
-- Up-to-date: /rm_version/install/rm_detector/share/rm_detector/launch
-- Up-to-date: /rm_version/install/rm_detector/share/rm_detector/launch/armor_detector.launch.py
-- Up-to-date: /rm_version/install/rm_detector/share/ament_index/resource_index/package_run_dependencies/rm_detector
-- Installing: /rm_version/install/rm_detector/share/ament_index/resource_index/parent_prefix_path/rm_detector
-- Up-to-date: /rm_version/install/rm_detector/share/rm_detector/environment/ament_prefix_path.sh
-- Installing: /rm_version/install/rm_detector/share/rm_detector/environment/ament_prefix_path.dsv
-- Up-to-date: /rm_version/install/rm_detector/share/rm_detector/environment/path.sh
-- Installing: /rm_version/install/rm_detector/share/rm_detector/environment/path.dsv
-- Up-to-date: /rm_version/install/rm_detector/share/rm_detector/local_setup.bash
-- Up-to-date: /rm_version/install/rm_detector/share/rm_detector/local_setup.sh
-- Up-to-date: /rm_version/install/rm_detector/share/rm_detector/local_setup.zsh
-- Installing: /rm_version/install/rm_detector/share/rm_detector/local_setup.dsv
-- Installing: /rm_version/install/rm_detector/share/rm_detector/package.dsv
-- Up-to-date: /rm_version/install/rm_detector/share/ament_index/resource_index/packages/rm_detector
-- Up-to-date: /rm_version/install/rm_detector/share/ament_index/resource_index/rclcpp_components/rm_detector
-- Up-to-date: /rm_version/install/rm_detector/share/rm_detector/cmake/ament_cmake_export_dependencies-extras.cmake
-- Up-to-date: /rm_version/install/rm_detector/share/rm_detector/cmake/ament_cmake_export_include_directories-extras.cmake
-- Up-to-date: /rm_version/install/rm_detector/share/rm_detector/cmake/ament_cmake_export_libraries-extras.cmake
-- Up-to-date: /rm_version/install/rm_detector/share/rm_detector/cmake/rm_detectorConfig.cmake
-- Up-to-date: /rm_version/install/rm_detector/share/rm_detector/cmake/rm_detectorConfig-version.cmake
-- Up-to-date: /rm_version/install/rm_detector/share/rm_detector/package.xml
