[0.157s] DEBUG:colcon:Command line arguments: ['/usr/bin/colcon', 'build']
[0.157s] DEBUG:colcon:Parsed command line arguments: Namespace(log_base=None, log_level=None, verb_name='build', build_base='build', install_base='install', merge_install=False, symlink_install=False, test_result_base=None, continue_on_error=False, executor='parallel', parallel_workers=20, event_handlers=None, ignore_user_meta=False, metas=['./colcon.meta'], base_paths=['.'], packages_ignore=None, packages_ignore_regex=None, paths=None, packages_up_to=None, packages_up_to_regex=None, packages_above=None, packages_above_and_dependencies=None, packages_above_depth=None, packages_select_by_dep=None, packages_skip_by_dep=None, packages_skip_up_to=None, packages_select_build_failed=False, packages_skip_build_finished=False, packages_select_test_failures=False, packages_skip_test_passed=False, packages_select=None, packages_skip=None, packages_select_regex=None, packages_skip_regex=None, packages_start=None, packages_end=None, cmake_args=None, cmake_target=None, cmake_target_skip_unavailable=False, cmake_clean_cache=False, cmake_clean_first=False, cmake_force_configure=False, ament_cmake_args=None, catkin_cmake_args=None, catkin_skip_building_tests=False, mixin_files=None, mixin=None, verb_parser=<colcon_mixin.mixin.mixin_argument.MixinArgumentDecorator object at 0x7fbbfdc11d20>, verb_extension=<colcon_core.verb.build.BuildVerb object at 0x7fbbfdec6830>, main=<bound method BuildVerb.main of <colcon_core.verb.build.BuildVerb object at 0x7fbbfdec6830>>, mixin_verb=('build',))
[0.171s] Level 1:colcon.colcon_core.package_discovery:discover_packages(colcon_meta) check parameters
[0.171s] INFO:colcon.colcon_metadata.package_discovery.colcon_meta:Using configuration from '/root/.colcon/metadata/default/Gazebo.meta'
[0.172s] INFO:colcon.colcon_metadata.package_discovery.colcon_meta:Using configuration from '/root/.colcon/metadata/default/fastrtps.meta'
[0.172s] Level 1:colcon.colcon_core.package_discovery:discover_packages(recursive) check parameters
[0.172s] Level 1:colcon.colcon_core.package_discovery:discover_packages(ignore) check parameters
[0.172s] Level 1:colcon.colcon_core.package_discovery:discover_packages(path) check parameters
[0.172s] Level 1:colcon.colcon_core.package_discovery:discover_packages(colcon_meta) discover
[0.172s] Level 1:colcon.colcon_core.package_discovery:discover_packages(recursive) discover
[0.172s] INFO:colcon.colcon_core.package_discovery:Crawling recursively for packages in '/rm_version'
[0.172s] Level 1:colcon.colcon_core.package_identification:_identify(.) by extensions ['ignore', 'ignore_ament_install']
[0.172s] Level 1:colcon.colcon_core.package_identification:_identify(.) by extension 'ignore'
[0.172s] Level 1:colcon.colcon_core.package_identification:_identify(.) by extension 'ignore_ament_install'
[0.172s] Level 1:colcon.colcon_core.package_identification:_identify(.) by extensions ['colcon_pkg']
[0.172s] Level 1:colcon.colcon_core.package_identification:_identify(.) by extension 'colcon_pkg'
[0.172s] Level 1:colcon.colcon_core.package_identification:_identify(.) by extensions ['colcon_meta']
[0.172s] Level 1:colcon.colcon_core.package_identification:_identify(.) by extension 'colcon_meta'
[0.172s] Level 1:colcon.colcon_core.package_identification:_identify(.) by extensions ['ros']
[0.172s] Level 1:colcon.colcon_core.package_identification:_identify(.) by extension 'ros'
[0.185s] Level 1:colcon.colcon_core.package_identification:_identify(.) by extensions ['cmake', 'python']
[0.185s] Level 1:colcon.colcon_core.package_identification:_identify(.) by extension 'cmake'
[0.185s] Level 1:colcon.colcon_core.package_identification:_identify(.) by extension 'python'
[0.185s] Level 1:colcon.colcon_core.package_identification:_identify(.) by extensions ['python_setup_py']
[0.185s] Level 1:colcon.colcon_core.package_identification:_identify(.) by extension 'python_setup_py'
[0.185s] Level 1:colcon.colcon_core.package_identification:_identify(build) by extensions ['ignore', 'ignore_ament_install']
[0.185s] Level 1:colcon.colcon_core.package_identification:_identify(build) by extension 'ignore'
[0.185s] Level 1:colcon.colcon_core.package_identification:_identify(build) ignored
[0.185s] Level 1:colcon.colcon_core.package_identification:_identify(install) by extensions ['ignore', 'ignore_ament_install']
[0.185s] Level 1:colcon.colcon_core.package_identification:_identify(install) by extension 'ignore'
[0.185s] Level 1:colcon.colcon_core.package_identification:_identify(install) ignored
[0.185s] Level 1:colcon.colcon_core.package_identification:_identify(log) by extensions ['ignore', 'ignore_ament_install']
[0.185s] Level 1:colcon.colcon_core.package_identification:_identify(log) by extension 'ignore'
[0.185s] Level 1:colcon.colcon_core.package_identification:_identify(log) ignored
[0.185s] Level 1:colcon.colcon_core.package_identification:_identify(src) by extensions ['ignore', 'ignore_ament_install']
[0.185s] Level 1:colcon.colcon_core.package_identification:_identify(src) by extension 'ignore'
[0.185s] Level 1:colcon.colcon_core.package_identification:_identify(src) by extension 'ignore_ament_install'
[0.186s] Level 1:colcon.colcon_core.package_identification:_identify(src) by extensions ['colcon_pkg']
[0.186s] Level 1:colcon.colcon_core.package_identification:_identify(src) by extension 'colcon_pkg'
[0.186s] Level 1:colcon.colcon_core.package_identification:_identify(src) by extensions ['colcon_meta']
[0.186s] Level 1:colcon.colcon_core.package_identification:_identify(src) by extension 'colcon_meta'
[0.186s] Level 1:colcon.colcon_core.package_identification:_identify(src) by extensions ['ros']
[0.186s] Level 1:colcon.colcon_core.package_identification:_identify(src) by extension 'ros'
[0.186s] Level 1:colcon.colcon_core.package_identification:_identify(src) by extensions ['cmake', 'python']
[0.186s] Level 1:colcon.colcon_core.package_identification:_identify(src) by extension 'cmake'
[0.186s] Level 1:colcon.colcon_core.package_identification:_identify(src) by extension 'python'
[0.186s] Level 1:colcon.colcon_core.package_identification:_identify(src) by extensions ['python_setup_py']
[0.186s] Level 1:colcon.colcon_core.package_identification:_identify(src) by extension 'python_setup_py'
[0.186s] Level 1:colcon.colcon_core.package_identification:_identify(src/rm_carme) by extensions ['ignore', 'ignore_ament_install']
[0.186s] Level 1:colcon.colcon_core.package_identification:_identify(src/rm_carme) by extension 'ignore'
[0.186s] Level 1:colcon.colcon_core.package_identification:_identify(src/rm_carme) by extension 'ignore_ament_install'
[0.186s] Level 1:colcon.colcon_core.package_identification:_identify(src/rm_carme) by extensions ['colcon_pkg']
[0.186s] Level 1:colcon.colcon_core.package_identification:_identify(src/rm_carme) by extension 'colcon_pkg'
[0.186s] Level 1:colcon.colcon_core.package_identification:_identify(src/rm_carme) by extensions ['colcon_meta']
[0.186s] Level 1:colcon.colcon_core.package_identification:_identify(src/rm_carme) by extension 'colcon_meta'
[0.186s] Level 1:colcon.colcon_core.package_identification:_identify(src/rm_carme) by extensions ['ros']
[0.186s] Level 1:colcon.colcon_core.package_identification:_identify(src/rm_carme) by extension 'ros'
[0.186s] Level 1:colcon.colcon_core.package_identification:_identify(src/rm_carme) by extensions ['cmake', 'python']
[0.186s] Level 1:colcon.colcon_core.package_identification:_identify(src/rm_carme) by extension 'cmake'
[0.186s] Level 1:colcon.colcon_core.package_identification:_identify(src/rm_carme) by extension 'python'
[0.186s] Level 1:colcon.colcon_core.package_identification:_identify(src/rm_carme) by extensions ['python_setup_py']
[0.186s] Level 1:colcon.colcon_core.package_identification:_identify(src/rm_carme) by extension 'python_setup_py'
[0.186s] Level 1:colcon.colcon_core.package_identification:_identify(src/rm_detector) by extensions ['ignore', 'ignore_ament_install']
[0.186s] Level 1:colcon.colcon_core.package_identification:_identify(src/rm_detector) by extension 'ignore'
[0.186s] Level 1:colcon.colcon_core.package_identification:_identify(src/rm_detector) by extension 'ignore_ament_install'
[0.186s] Level 1:colcon.colcon_core.package_identification:_identify(src/rm_detector) by extensions ['colcon_pkg']
[0.186s] Level 1:colcon.colcon_core.package_identification:_identify(src/rm_detector) by extension 'colcon_pkg'
[0.186s] Level 1:colcon.colcon_core.package_identification:_identify(src/rm_detector) by extensions ['colcon_meta']
[0.186s] Level 1:colcon.colcon_core.package_identification:_identify(src/rm_detector) by extension 'colcon_meta'
[0.186s] Level 1:colcon.colcon_core.package_identification:_identify(src/rm_detector) by extensions ['ros']
[0.186s] Level 1:colcon.colcon_core.package_identification:_identify(src/rm_detector) by extension 'ros'
[0.189s] DEBUG:colcon.colcon_core.package_identification:Package 'src/rm_detector' with type 'ros.ament_cmake' and name 'rm_detector'
[0.189s] Level 1:colcon.colcon_core.package_identification:_identify(src/rm_msg_interfaces) by extensions ['ignore', 'ignore_ament_install']
[0.189s] Level 1:colcon.colcon_core.package_identification:_identify(src/rm_msg_interfaces) by extension 'ignore'
[0.189s] Level 1:colcon.colcon_core.package_identification:_identify(src/rm_msg_interfaces) by extension 'ignore_ament_install'
[0.189s] Level 1:colcon.colcon_core.package_identification:_identify(src/rm_msg_interfaces) by extensions ['colcon_pkg']
[0.189s] Level 1:colcon.colcon_core.package_identification:_identify(src/rm_msg_interfaces) by extension 'colcon_pkg'
[0.189s] Level 1:colcon.colcon_core.package_identification:_identify(src/rm_msg_interfaces) by extensions ['colcon_meta']
[0.189s] Level 1:colcon.colcon_core.package_identification:_identify(src/rm_msg_interfaces) by extension 'colcon_meta'
[0.189s] Level 1:colcon.colcon_core.package_identification:_identify(src/rm_msg_interfaces) by extensions ['ros']
[0.189s] Level 1:colcon.colcon_core.package_identification:_identify(src/rm_msg_interfaces) by extension 'ros'
[0.189s] DEBUG:colcon.colcon_core.package_identification:Package 'src/rm_msg_interfaces' with type 'ros.ament_cmake' and name 'rm_msg_interfaces'
[0.189s] Level 1:colcon.colcon_core.package_identification:_identify(src/rm_tracker) by extensions ['ignore', 'ignore_ament_install']
[0.189s] Level 1:colcon.colcon_core.package_identification:_identify(src/rm_tracker) by extension 'ignore'
[0.190s] Level 1:colcon.colcon_core.package_identification:_identify(src/rm_tracker) by extension 'ignore_ament_install'
[0.190s] Level 1:colcon.colcon_core.package_identification:_identify(src/rm_tracker) by extensions ['colcon_pkg']
[0.190s] Level 1:colcon.colcon_core.package_identification:_identify(src/rm_tracker) by extension 'colcon_pkg'
[0.190s] Level 1:colcon.colcon_core.package_identification:_identify(src/rm_tracker) by extensions ['colcon_meta']
[0.190s] Level 1:colcon.colcon_core.package_identification:_identify(src/rm_tracker) by extension 'colcon_meta'
[0.190s] Level 1:colcon.colcon_core.package_identification:_identify(src/rm_tracker) by extensions ['ros']
[0.190s] Level 1:colcon.colcon_core.package_identification:_identify(src/rm_tracker) by extension 'ros'
[0.190s] DEBUG:colcon.colcon_core.package_identification:Package 'src/rm_tracker' with type 'ros.ament_cmake' and name 'rm_tracker'
[0.191s] Level 1:colcon.colcon_core.package_identification:_identify(src/ros2_video_node) by extensions ['ignore', 'ignore_ament_install']
[0.191s] Level 1:colcon.colcon_core.package_identification:_identify(src/ros2_video_node) by extension 'ignore'
[0.191s] Level 1:colcon.colcon_core.package_identification:_identify(src/ros2_video_node) by extension 'ignore_ament_install'
[0.191s] Level 1:colcon.colcon_core.package_identification:_identify(src/ros2_video_node) by extensions ['colcon_pkg']
[0.191s] Level 1:colcon.colcon_core.package_identification:_identify(src/ros2_video_node) by extension 'colcon_pkg'
[0.191s] Level 1:colcon.colcon_core.package_identification:_identify(src/ros2_video_node) by extensions ['colcon_meta']
[0.191s] Level 1:colcon.colcon_core.package_identification:_identify(src/ros2_video_node) by extension 'colcon_meta'
[0.191s] Level 1:colcon.colcon_core.package_identification:_identify(src/ros2_video_node) by extensions ['ros']
[0.191s] Level 1:colcon.colcon_core.package_identification:_identify(src/ros2_video_node) by extension 'ros'
[0.192s] DEBUG:colcon.colcon_core.package_identification:Package 'src/ros2_video_node' with type 'ros.ament_cmake' and name 'ros2_video'
[0.192s] Level 1:colcon.colcon_core.package_discovery:discover_packages(recursive) using defaults
[0.192s] Level 1:colcon.colcon_core.package_discovery:discover_packages(ignore) discover
[0.192s] Level 1:colcon.colcon_core.package_discovery:discover_packages(ignore) using defaults
[0.192s] Level 1:colcon.colcon_core.package_discovery:discover_packages(path) discover
[0.192s] Level 1:colcon.colcon_core.package_discovery:discover_packages(path) using defaults
[0.206s] Level 5:colcon.colcon_core.verb:set package 'rm_msg_interfaces' build argument 'cmake_args' from command line to 'None'
[0.206s] Level 5:colcon.colcon_core.verb:set package 'rm_msg_interfaces' build argument 'cmake_target' from command line to 'None'
[0.206s] Level 5:colcon.colcon_core.verb:set package 'rm_msg_interfaces' build argument 'cmake_target_skip_unavailable' from command line to 'False'
[0.206s] Level 5:colcon.colcon_core.verb:set package 'rm_msg_interfaces' build argument 'cmake_clean_cache' from command line to 'False'
[0.206s] Level 5:colcon.colcon_core.verb:set package 'rm_msg_interfaces' build argument 'cmake_clean_first' from command line to 'False'
[0.206s] Level 5:colcon.colcon_core.verb:set package 'rm_msg_interfaces' build argument 'cmake_force_configure' from command line to 'False'
[0.206s] Level 5:colcon.colcon_core.verb:set package 'rm_msg_interfaces' build argument 'ament_cmake_args' from command line to 'None'
[0.206s] Level 5:colcon.colcon_core.verb:set package 'rm_msg_interfaces' build argument 'catkin_cmake_args' from command line to 'None'
[0.206s] Level 5:colcon.colcon_core.verb:set package 'rm_msg_interfaces' build argument 'catkin_skip_building_tests' from command line to 'False'
[0.206s] DEBUG:colcon.colcon_core.verb:Building package 'rm_msg_interfaces' with the following arguments: {'ament_cmake_args': None, 'build_base': '/rm_version/build/rm_msg_interfaces', 'catkin_cmake_args': None, 'catkin_skip_building_tests': False, 'cmake_args': None, 'cmake_clean_cache': False, 'cmake_clean_first': False, 'cmake_force_configure': False, 'cmake_target': None, 'cmake_target_skip_unavailable': False, 'install_base': '/rm_version/install/rm_msg_interfaces', 'merge_install': False, 'path': '/rm_version/src/rm_msg_interfaces', 'symlink_install': False, 'test_result_base': None}
[0.207s] Level 5:colcon.colcon_core.verb:set package 'ros2_video' build argument 'cmake_args' from command line to 'None'
[0.207s] Level 5:colcon.colcon_core.verb:set package 'ros2_video' build argument 'cmake_target' from command line to 'None'
[0.207s] Level 5:colcon.colcon_core.verb:set package 'ros2_video' build argument 'cmake_target_skip_unavailable' from command line to 'False'
[0.207s] Level 5:colcon.colcon_core.verb:set package 'ros2_video' build argument 'cmake_clean_cache' from command line to 'False'
[0.207s] Level 5:colcon.colcon_core.verb:set package 'ros2_video' build argument 'cmake_clean_first' from command line to 'False'
[0.207s] Level 5:colcon.colcon_core.verb:set package 'ros2_video' build argument 'cmake_force_configure' from command line to 'False'
[0.207s] Level 5:colcon.colcon_core.verb:set package 'ros2_video' build argument 'ament_cmake_args' from command line to 'None'
[0.207s] Level 5:colcon.colcon_core.verb:set package 'ros2_video' build argument 'catkin_cmake_args' from command line to 'None'
[0.207s] Level 5:colcon.colcon_core.verb:set package 'ros2_video' build argument 'catkin_skip_building_tests' from command line to 'False'
[0.207s] DEBUG:colcon.colcon_core.verb:Building package 'ros2_video' with the following arguments: {'ament_cmake_args': None, 'build_base': '/rm_version/build/ros2_video', 'catkin_cmake_args': None, 'catkin_skip_building_tests': False, 'cmake_args': None, 'cmake_clean_cache': False, 'cmake_clean_first': False, 'cmake_force_configure': False, 'cmake_target': None, 'cmake_target_skip_unavailable': False, 'install_base': '/rm_version/install/ros2_video', 'merge_install': False, 'path': '/rm_version/src/ros2_video_node', 'symlink_install': False, 'test_result_base': None}
[0.207s] Level 5:colcon.colcon_core.verb:set package 'rm_detector' build argument 'cmake_args' from command line to 'None'
[0.207s] Level 5:colcon.colcon_core.verb:set package 'rm_detector' build argument 'cmake_target' from command line to 'None'
[0.208s] Level 5:colcon.colcon_core.verb:set package 'rm_detector' build argument 'cmake_target_skip_unavailable' from command line to 'False'
[0.208s] Level 5:colcon.colcon_core.verb:set package 'rm_detector' build argument 'cmake_clean_cache' from command line to 'False'
[0.208s] Level 5:colcon.colcon_core.verb:set package 'rm_detector' build argument 'cmake_clean_first' from command line to 'False'
[0.208s] Level 5:colcon.colcon_core.verb:set package 'rm_detector' build argument 'cmake_force_configure' from command line to 'False'
[0.208s] Level 5:colcon.colcon_core.verb:set package 'rm_detector' build argument 'ament_cmake_args' from command line to 'None'
[0.208s] Level 5:colcon.colcon_core.verb:set package 'rm_detector' build argument 'catkin_cmake_args' from command line to 'None'
[0.208s] Level 5:colcon.colcon_core.verb:set package 'rm_detector' build argument 'catkin_skip_building_tests' from command line to 'False'
[0.208s] DEBUG:colcon.colcon_core.verb:Building package 'rm_detector' with the following arguments: {'ament_cmake_args': None, 'build_base': '/rm_version/build/rm_detector', 'catkin_cmake_args': None, 'catkin_skip_building_tests': False, 'cmake_args': None, 'cmake_clean_cache': False, 'cmake_clean_first': False, 'cmake_force_configure': False, 'cmake_target': None, 'cmake_target_skip_unavailable': False, 'install_base': '/rm_version/install/rm_detector', 'merge_install': False, 'path': '/rm_version/src/rm_detector', 'symlink_install': False, 'test_result_base': None}
[0.208s] Level 5:colcon.colcon_core.verb:set package 'rm_tracker' build argument 'cmake_args' from command line to 'None'
[0.208s] Level 5:colcon.colcon_core.verb:set package 'rm_tracker' build argument 'cmake_target' from command line to 'None'
[0.208s] Level 5:colcon.colcon_core.verb:set package 'rm_tracker' build argument 'cmake_target_skip_unavailable' from command line to 'False'
[0.208s] Level 5:colcon.colcon_core.verb:set package 'rm_tracker' build argument 'cmake_clean_cache' from command line to 'False'
[0.208s] Level 5:colcon.colcon_core.verb:set package 'rm_tracker' build argument 'cmake_clean_first' from command line to 'False'
[0.208s] Level 5:colcon.colcon_core.verb:set package 'rm_tracker' build argument 'cmake_force_configure' from command line to 'False'
[0.208s] Level 5:colcon.colcon_core.verb:set package 'rm_tracker' build argument 'ament_cmake_args' from command line to 'None'
[0.208s] Level 5:colcon.colcon_core.verb:set package 'rm_tracker' build argument 'catkin_cmake_args' from command line to 'None'
[0.208s] Level 5:colcon.colcon_core.verb:set package 'rm_tracker' build argument 'catkin_skip_building_tests' from command line to 'False'
[0.208s] DEBUG:colcon.colcon_core.verb:Building package 'rm_tracker' with the following arguments: {'ament_cmake_args': None, 'build_base': '/rm_version/build/rm_tracker', 'catkin_cmake_args': None, 'catkin_skip_building_tests': False, 'cmake_args': None, 'cmake_clean_cache': False, 'cmake_clean_first': False, 'cmake_force_configure': False, 'cmake_target': None, 'cmake_target_skip_unavailable': False, 'install_base': '/rm_version/install/rm_tracker', 'merge_install': False, 'path': '/rm_version/src/rm_tracker', 'symlink_install': False, 'test_result_base': None}
[0.209s] INFO:colcon.colcon_core.executor:Executing jobs using 'parallel' executor
[0.210s] DEBUG:colcon.colcon_parallel_executor.executor.parallel:run_until_complete
[0.211s] INFO:colcon.colcon_ros.task.ament_cmake.build:Building ROS package in '/rm_version/src/rm_msg_interfaces' with build type 'ament_cmake'
[0.211s] INFO:colcon.colcon_cmake.task.cmake.build:Building CMake package in '/rm_version/src/rm_msg_interfaces'
[0.213s] INFO:colcon.colcon_core.plugin_system:Skipping extension 'colcon_core.shell.bat': Not used on non-Windows systems
[0.214s] INFO:colcon.colcon_core.shell:Skip shell extension 'powershell' for command environment: Not usable outside of PowerShell
[0.214s] DEBUG:colcon.colcon_core.shell:Skip shell extension 'dsv' for command environment
[0.217s] INFO:colcon.colcon_ros.task.ament_cmake.build:Building ROS package in '/rm_version/src/ros2_video_node' with build type 'ament_cmake'
[0.217s] INFO:colcon.colcon_cmake.task.cmake.build:Building CMake package in '/rm_version/src/ros2_video_node'
[0.218s] INFO:colcon.colcon_core.shell:Skip shell extension 'powershell' for command environment: Not usable outside of PowerShell
[0.218s] DEBUG:colcon.colcon_core.shell:Skip shell extension 'dsv' for command environment
[0.225s] DEBUG:colcon.colcon_core.event_handler.log_command:Invoking command in '/rm_version/build/rm_msg_interfaces': CMAKE_PREFIX_PATH=${CMAKE_PREFIX_PATH}:/opt/ros/humble /usr/bin/cmake --build /rm_version/build/rm_msg_interfaces -- -j20 -l20
[0.232s] DEBUG:colcon.colcon_core.event_handler.log_command:Invoking command in '/rm_version/build/ros2_video': CMAKE_PREFIX_PATH=${CMAKE_PREFIX_PATH}:/opt/ros/humble /usr/bin/cmake --build /rm_version/build/ros2_video -- -j20 -l20
[0.285s] DEBUG:colcon.colcon_core.event_handler.log_command:Invoked command in '/rm_version/build/ros2_video' returned '0': CMAKE_PREFIX_PATH=${CMAKE_PREFIX_PATH}:/opt/ros/humble /usr/bin/cmake --build /rm_version/build/ros2_video -- -j20 -l20
[0.302s] DEBUG:colcon.colcon_core.event_handler.log_command:Invoking command in '/rm_version/build/ros2_video': CMAKE_PREFIX_PATH=${CMAKE_PREFIX_PATH}:/opt/ros/humble /usr/bin/cmake --install /rm_version/build/ros2_video
[0.308s] Level 1:colcon.colcon_core.environment:create_environment_scripts_only(ros2_video)
[0.309s] DEBUG:colcon.colcon_core.event_handler.log_command:Invoked command in '/rm_version/build/ros2_video' returned '0': CMAKE_PREFIX_PATH=${CMAKE_PREFIX_PATH}:/opt/ros/humble /usr/bin/cmake --install /rm_version/build/ros2_video
[0.313s] Level 1:colcon.colcon_core.environment:checking '/rm_version/install/ros2_video' for CMake module files
[0.313s] Level 1:colcon.colcon_core.environment:checking '/rm_version/install/ros2_video' for CMake config files
[0.313s] Level 1:colcon.colcon_core.shell:create_environment_hook('ros2_video', 'cmake_prefix_path')
[0.314s] INFO:colcon.colcon_core.shell:Creating environment hook '/rm_version/install/ros2_video/share/ros2_video/hook/cmake_prefix_path.ps1'
[0.314s] INFO:colcon.colcon_core.shell:Creating environment descriptor '/rm_version/install/ros2_video/share/ros2_video/hook/cmake_prefix_path.dsv'
[0.314s] INFO:colcon.colcon_core.shell:Creating environment hook '/rm_version/install/ros2_video/share/ros2_video/hook/cmake_prefix_path.sh'
[0.315s] Level 1:colcon.colcon_core.environment:checking '/rm_version/install/ros2_video/lib'
[0.315s] Level 1:colcon.colcon_core.shell:create_environment_hook('ros2_video', 'ld_library_path_lib')
[0.316s] INFO:colcon.colcon_core.shell:Creating environment hook '/rm_version/install/ros2_video/share/ros2_video/hook/ld_library_path_lib.ps1'
[0.316s] INFO:colcon.colcon_core.shell:Creating environment descriptor '/rm_version/install/ros2_video/share/ros2_video/hook/ld_library_path_lib.dsv'
[0.316s] INFO:colcon.colcon_core.shell:Creating environment hook '/rm_version/install/ros2_video/share/ros2_video/hook/ld_library_path_lib.sh'
[0.316s] Level 1:colcon.colcon_core.environment:checking '/rm_version/install/ros2_video/bin'
[0.316s] Level 1:colcon.colcon_core.environment:checking '/rm_version/install/ros2_video/lib/pkgconfig/ros2_video.pc'
[0.317s] Level 1:colcon.colcon_core.environment:checking '/rm_version/install/ros2_video/lib/python3.10/site-packages'
[0.317s] Level 1:colcon.colcon_core.environment:checking '/rm_version/install/ros2_video/bin'
[0.318s] INFO:colcon.colcon_core.shell:Creating package script '/rm_version/install/ros2_video/share/ros2_video/package.ps1'
[0.319s] INFO:colcon.colcon_core.shell:Creating package descriptor '/rm_version/install/ros2_video/share/ros2_video/package.dsv'
[0.320s] INFO:colcon.colcon_core.shell:Creating package script '/rm_version/install/ros2_video/share/ros2_video/package.sh'
[0.320s] INFO:colcon.colcon_core.shell:Creating package script '/rm_version/install/ros2_video/share/ros2_video/package.bash'
[0.321s] INFO:colcon.colcon_core.shell:Creating package script '/rm_version/install/ros2_video/share/ros2_video/package.zsh'
[0.321s] Level 1:colcon.colcon_core.environment:create_file_with_runtime_dependencies(/rm_version/install/ros2_video/share/colcon-core/packages/ros2_video)
[0.336s] Level 1:colcon.colcon_core.environment:create_environment_scripts_only(ros2_video)
[0.337s] Level 1:colcon.colcon_core.environment:checking '/rm_version/install/ros2_video' for CMake module files
[0.338s] Level 1:colcon.colcon_core.environment:checking '/rm_version/install/ros2_video' for CMake config files
[0.338s] Level 1:colcon.colcon_core.shell:create_environment_hook('ros2_video', 'cmake_prefix_path')
[0.338s] INFO:colcon.colcon_core.shell:Creating environment hook '/rm_version/install/ros2_video/share/ros2_video/hook/cmake_prefix_path.ps1'
[0.339s] INFO:colcon.colcon_core.shell:Creating environment descriptor '/rm_version/install/ros2_video/share/ros2_video/hook/cmake_prefix_path.dsv'
[0.339s] INFO:colcon.colcon_core.shell:Creating environment hook '/rm_version/install/ros2_video/share/ros2_video/hook/cmake_prefix_path.sh'
[0.339s] Level 1:colcon.colcon_core.environment:checking '/rm_version/install/ros2_video/lib'
[0.339s] Level 1:colcon.colcon_core.shell:create_environment_hook('ros2_video', 'ld_library_path_lib')
[0.340s] INFO:colcon.colcon_core.shell:Creating environment hook '/rm_version/install/ros2_video/share/ros2_video/hook/ld_library_path_lib.ps1'
[0.340s] INFO:colcon.colcon_core.shell:Creating environment descriptor '/rm_version/install/ros2_video/share/ros2_video/hook/ld_library_path_lib.dsv'
[0.340s] INFO:colcon.colcon_core.shell:Creating environment hook '/rm_version/install/ros2_video/share/ros2_video/hook/ld_library_path_lib.sh'
[0.340s] Level 1:colcon.colcon_core.environment:checking '/rm_version/install/ros2_video/bin'
[0.340s] Level 1:colcon.colcon_core.environment:checking '/rm_version/install/ros2_video/lib/pkgconfig/ros2_video.pc'
[0.341s] Level 1:colcon.colcon_core.environment:checking '/rm_version/install/ros2_video/lib/python3.10/site-packages'
[0.341s] Level 1:colcon.colcon_core.environment:checking '/rm_version/install/ros2_video/bin'
[0.341s] INFO:colcon.colcon_core.shell:Creating package script '/rm_version/install/ros2_video/share/ros2_video/package.ps1'
[0.342s] INFO:colcon.colcon_core.shell:Creating package descriptor '/rm_version/install/ros2_video/share/ros2_video/package.dsv'
[0.342s] INFO:colcon.colcon_core.shell:Creating package script '/rm_version/install/ros2_video/share/ros2_video/package.sh'
[0.342s] INFO:colcon.colcon_core.shell:Creating package script '/rm_version/install/ros2_video/share/ros2_video/package.bash'
[0.342s] INFO:colcon.colcon_core.shell:Creating package script '/rm_version/install/ros2_video/share/ros2_video/package.zsh'
[0.342s] Level 1:colcon.colcon_core.environment:create_file_with_runtime_dependencies(/rm_version/install/ros2_video/share/colcon-core/packages/ros2_video)
[0.392s] DEBUG:colcon.colcon_core.event_handler.log_command:Invoked command in '/rm_version/build/rm_msg_interfaces' returned '0': CMAKE_PREFIX_PATH=${CMAKE_PREFIX_PATH}:/opt/ros/humble /usr/bin/cmake --build /rm_version/build/rm_msg_interfaces -- -j20 -l20
[0.434s] DEBUG:colcon.colcon_core.event_handler.log_command:Invoking command in '/rm_version/build/rm_msg_interfaces': CMAKE_PREFIX_PATH=${CMAKE_PREFIX_PATH}:/opt/ros/humble /usr/bin/cmake --install /rm_version/build/rm_msg_interfaces
[0.463s] Level 1:colcon.colcon_core.environment:create_environment_scripts_only(rm_msg_interfaces)
[0.464s] DEBUG:colcon.colcon_core.event_handler.log_command:Invoked command in '/rm_version/build/rm_msg_interfaces' returned '0': CMAKE_PREFIX_PATH=${CMAKE_PREFIX_PATH}:/opt/ros/humble /usr/bin/cmake --install /rm_version/build/rm_msg_interfaces
[0.465s] Level 1:colcon.colcon_core.environment:checking '/rm_version/install/rm_msg_interfaces' for CMake module files
[0.465s] Level 1:colcon.colcon_core.environment:checking '/rm_version/install/rm_msg_interfaces' for CMake config files
[0.465s] Level 1:colcon.colcon_core.shell:create_environment_hook('rm_msg_interfaces', 'cmake_prefix_path')
[0.466s] INFO:colcon.colcon_core.shell:Creating environment hook '/rm_version/install/rm_msg_interfaces/share/rm_msg_interfaces/hook/cmake_prefix_path.ps1'
[0.466s] INFO:colcon.colcon_core.shell:Creating environment descriptor '/rm_version/install/rm_msg_interfaces/share/rm_msg_interfaces/hook/cmake_prefix_path.dsv'
[0.466s] INFO:colcon.colcon_core.shell:Creating environment hook '/rm_version/install/rm_msg_interfaces/share/rm_msg_interfaces/hook/cmake_prefix_path.sh'
[0.467s] Level 1:colcon.colcon_core.environment:checking '/rm_version/install/rm_msg_interfaces/lib'
[0.467s] Level 1:colcon.colcon_core.shell:create_environment_hook('rm_msg_interfaces', 'ld_library_path_lib')
[0.467s] INFO:colcon.colcon_core.shell:Creating environment hook '/rm_version/install/rm_msg_interfaces/share/rm_msg_interfaces/hook/ld_library_path_lib.ps1'
[0.468s] INFO:colcon.colcon_core.shell:Creating environment descriptor '/rm_version/install/rm_msg_interfaces/share/rm_msg_interfaces/hook/ld_library_path_lib.dsv'
[0.468s] INFO:colcon.colcon_core.shell:Creating environment hook '/rm_version/install/rm_msg_interfaces/share/rm_msg_interfaces/hook/ld_library_path_lib.sh'
[0.468s] Level 1:colcon.colcon_core.environment:checking '/rm_version/install/rm_msg_interfaces/bin'
[0.468s] Level 1:colcon.colcon_core.environment:checking '/rm_version/install/rm_msg_interfaces/lib/pkgconfig/rm_msg_interfaces.pc'
[0.468s] Level 1:colcon.colcon_core.environment:checking '/rm_version/install/rm_msg_interfaces/lib/python3.10/site-packages'
[0.468s] Level 1:colcon.colcon_core.environment:checking '/rm_version/install/rm_msg_interfaces/bin'
[0.469s] INFO:colcon.colcon_core.shell:Creating package script '/rm_version/install/rm_msg_interfaces/share/rm_msg_interfaces/package.ps1'
[0.469s] INFO:colcon.colcon_core.shell:Creating package descriptor '/rm_version/install/rm_msg_interfaces/share/rm_msg_interfaces/package.dsv'
[0.469s] INFO:colcon.colcon_core.shell:Creating package script '/rm_version/install/rm_msg_interfaces/share/rm_msg_interfaces/package.sh'
[0.470s] INFO:colcon.colcon_core.shell:Creating package script '/rm_version/install/rm_msg_interfaces/share/rm_msg_interfaces/package.bash'
[0.470s] INFO:colcon.colcon_core.shell:Creating package script '/rm_version/install/rm_msg_interfaces/share/rm_msg_interfaces/package.zsh'
[0.470s] Level 1:colcon.colcon_core.environment:create_file_with_runtime_dependencies(/rm_version/install/rm_msg_interfaces/share/colcon-core/packages/rm_msg_interfaces)
[0.509s] Level 1:colcon.colcon_core.environment:create_environment_scripts_only(rm_msg_interfaces)
[0.510s] Level 1:colcon.colcon_core.environment:checking '/rm_version/install/rm_msg_interfaces' for CMake module files
[0.511s] Level 1:colcon.colcon_core.environment:checking '/rm_version/install/rm_msg_interfaces' for CMake config files
[0.511s] Level 1:colcon.colcon_core.shell:create_environment_hook('rm_msg_interfaces', 'cmake_prefix_path')
[0.512s] INFO:colcon.colcon_core.shell:Creating environment hook '/rm_version/install/rm_msg_interfaces/share/rm_msg_interfaces/hook/cmake_prefix_path.ps1'
[0.512s] INFO:colcon.colcon_core.shell:Creating environment descriptor '/rm_version/install/rm_msg_interfaces/share/rm_msg_interfaces/hook/cmake_prefix_path.dsv'
[0.512s] INFO:colcon.colcon_core.shell:Creating environment hook '/rm_version/install/rm_msg_interfaces/share/rm_msg_interfaces/hook/cmake_prefix_path.sh'
[0.513s] Level 1:colcon.colcon_core.environment:checking '/rm_version/install/rm_msg_interfaces/lib'
[0.513s] Level 1:colcon.colcon_core.shell:create_environment_hook('rm_msg_interfaces', 'ld_library_path_lib')
[0.513s] INFO:colcon.colcon_core.shell:Creating environment hook '/rm_version/install/rm_msg_interfaces/share/rm_msg_interfaces/hook/ld_library_path_lib.ps1'
[0.514s] INFO:colcon.colcon_core.shell:Creating environment descriptor '/rm_version/install/rm_msg_interfaces/share/rm_msg_interfaces/hook/ld_library_path_lib.dsv'
[0.514s] INFO:colcon.colcon_core.shell:Creating environment hook '/rm_version/install/rm_msg_interfaces/share/rm_msg_interfaces/hook/ld_library_path_lib.sh'
[0.514s] Level 1:colcon.colcon_core.environment:checking '/rm_version/install/rm_msg_interfaces/bin'
[0.514s] Level 1:colcon.colcon_core.environment:checking '/rm_version/install/rm_msg_interfaces/lib/pkgconfig/rm_msg_interfaces.pc'
[0.514s] Level 1:colcon.colcon_core.environment:checking '/rm_version/install/rm_msg_interfaces/lib/python3.10/site-packages'
[0.514s] Level 1:colcon.colcon_core.environment:checking '/rm_version/install/rm_msg_interfaces/bin'
[0.515s] INFO:colcon.colcon_core.shell:Creating package script '/rm_version/install/rm_msg_interfaces/share/rm_msg_interfaces/package.ps1'
[0.515s] INFO:colcon.colcon_core.shell:Creating package descriptor '/rm_version/install/rm_msg_interfaces/share/rm_msg_interfaces/package.dsv'
[0.516s] INFO:colcon.colcon_core.shell:Creating package script '/rm_version/install/rm_msg_interfaces/share/rm_msg_interfaces/package.sh'
[0.516s] INFO:colcon.colcon_core.shell:Creating package script '/rm_version/install/rm_msg_interfaces/share/rm_msg_interfaces/package.bash'
[0.516s] INFO:colcon.colcon_core.shell:Creating package script '/rm_version/install/rm_msg_interfaces/share/rm_msg_interfaces/package.zsh'
[0.516s] Level 1:colcon.colcon_core.environment:create_file_with_runtime_dependencies(/rm_version/install/rm_msg_interfaces/share/colcon-core/packages/rm_msg_interfaces)
[0.516s] INFO:colcon.colcon_ros.task.ament_cmake.build:Building ROS package in '/rm_version/src/rm_detector' with build type 'ament_cmake'
[0.516s] INFO:colcon.colcon_cmake.task.cmake.build:Building CMake package in '/rm_version/src/rm_detector'
[0.517s] INFO:colcon.colcon_core.shell:Skip shell extension 'powershell' for command environment: Not usable outside of PowerShell
[0.517s] DEBUG:colcon.colcon_core.shell:Skip shell extension 'dsv' for command environment
[0.520s] INFO:colcon.colcon_ros.task.ament_cmake.build:Building ROS package in '/rm_version/src/rm_tracker' with build type 'ament_cmake'
[0.520s] INFO:colcon.colcon_cmake.task.cmake.build:Building CMake package in '/rm_version/src/rm_tracker'
[0.521s] INFO:colcon.colcon_core.shell:Skip shell extension 'powershell' for command environment: Not usable outside of PowerShell
[0.521s] DEBUG:colcon.colcon_core.shell:Skip shell extension 'dsv' for command environment
[0.527s] DEBUG:colcon.colcon_core.event_handler.log_command:Invoking command in '/rm_version/build/rm_detector': AMENT_PREFIX_PATH=/rm_version/install/rm_msg_interfaces:${AMENT_PREFIX_PATH} CMAKE_PREFIX_PATH=/rm_version/install/rm_msg_interfaces:/ros_ws/install/ros2_video:/ros_ws/install/rm_vision_bringup:/ros_ws/install/rm_serial_driver:/ros_ws/install/rm_gimbal_description:/ros_ws/install/rm_auto_aim:/ros_ws/install/mindvision_camera:/ros_ws/install/hik_camera:/ros_ws/install/armor_tracker:/ros_ws/install/armor_detector:/ros_ws/install/auto_aim_interfaces:/opt/ros/humble LD_LIBRARY_PATH=/rm_version/install/rm_msg_interfaces/lib:${LD_LIBRARY_PATH} PYTHONPATH=/rm_version/install/rm_msg_interfaces/local/lib/python3.10/dist-packages:${PYTHONPATH} /usr/bin/cmake --build /rm_version/build/rm_detector -- -j20 -l20
[0.529s] DEBUG:colcon.colcon_core.event_handler.log_command:Invoking command in '/rm_version/build/rm_tracker': AMENT_PREFIX_PATH=/rm_version/install/rm_msg_interfaces:${AMENT_PREFIX_PATH} CMAKE_PREFIX_PATH=/rm_version/install/rm_msg_interfaces:/ros_ws/install/ros2_video:/ros_ws/install/rm_vision_bringup:/ros_ws/install/rm_serial_driver:/ros_ws/install/rm_gimbal_description:/ros_ws/install/rm_auto_aim:/ros_ws/install/mindvision_camera:/ros_ws/install/hik_camera:/ros_ws/install/armor_tracker:/ros_ws/install/armor_detector:/ros_ws/install/auto_aim_interfaces:/opt/ros/humble LD_LIBRARY_PATH=/rm_version/install/rm_msg_interfaces/lib:${LD_LIBRARY_PATH} PYTHONPATH=/rm_version/install/rm_msg_interfaces/local/lib/python3.10/dist-packages:${PYTHONPATH} /usr/bin/cmake --build /rm_version/build/rm_tracker -- -j20 -l20
[0.571s] DEBUG:colcon.colcon_core.event_handler.log_command:Invoked command in '/rm_version/build/rm_detector' returned '0': AMENT_PREFIX_PATH=/rm_version/install/rm_msg_interfaces:${AMENT_PREFIX_PATH} CMAKE_PREFIX_PATH=/rm_version/install/rm_msg_interfaces:/ros_ws/install/ros2_video:/ros_ws/install/rm_vision_bringup:/ros_ws/install/rm_serial_driver:/ros_ws/install/rm_gimbal_description:/ros_ws/install/rm_auto_aim:/ros_ws/install/mindvision_camera:/ros_ws/install/hik_camera:/ros_ws/install/armor_tracker:/ros_ws/install/armor_detector:/ros_ws/install/auto_aim_interfaces:/opt/ros/humble LD_LIBRARY_PATH=/rm_version/install/rm_msg_interfaces/lib:${LD_LIBRARY_PATH} PYTHONPATH=/rm_version/install/rm_msg_interfaces/local/lib/python3.10/dist-packages:${PYTHONPATH} /usr/bin/cmake --build /rm_version/build/rm_detector -- -j20 -l20
[0.572s] DEBUG:colcon.colcon_core.event_handler.log_command:Invoked command in '/rm_version/build/rm_tracker' returned '0': AMENT_PREFIX_PATH=/rm_version/install/rm_msg_interfaces:${AMENT_PREFIX_PATH} CMAKE_PREFIX_PATH=/rm_version/install/rm_msg_interfaces:/ros_ws/install/ros2_video:/ros_ws/install/rm_vision_bringup:/ros_ws/install/rm_serial_driver:/ros_ws/install/rm_gimbal_description:/ros_ws/install/rm_auto_aim:/ros_ws/install/mindvision_camera:/ros_ws/install/hik_camera:/ros_ws/install/armor_tracker:/ros_ws/install/armor_detector:/ros_ws/install/auto_aim_interfaces:/opt/ros/humble LD_LIBRARY_PATH=/rm_version/install/rm_msg_interfaces/lib:${LD_LIBRARY_PATH} PYTHONPATH=/rm_version/install/rm_msg_interfaces/local/lib/python3.10/dist-packages:${PYTHONPATH} /usr/bin/cmake --build /rm_version/build/rm_tracker -- -j20 -l20
[0.587s] DEBUG:colcon.colcon_core.event_handler.log_command:Invoking command in '/rm_version/build/rm_tracker': AMENT_PREFIX_PATH=/rm_version/install/rm_msg_interfaces:${AMENT_PREFIX_PATH} CMAKE_PREFIX_PATH=/rm_version/install/rm_msg_interfaces:/ros_ws/install/ros2_video:/ros_ws/install/rm_vision_bringup:/ros_ws/install/rm_serial_driver:/ros_ws/install/rm_gimbal_description:/ros_ws/install/rm_auto_aim:/ros_ws/install/mindvision_camera:/ros_ws/install/hik_camera:/ros_ws/install/armor_tracker:/ros_ws/install/armor_detector:/ros_ws/install/auto_aim_interfaces:/opt/ros/humble LD_LIBRARY_PATH=/rm_version/install/rm_msg_interfaces/lib:${LD_LIBRARY_PATH} PYTHONPATH=/rm_version/install/rm_msg_interfaces/local/lib/python3.10/dist-packages:${PYTHONPATH} /usr/bin/cmake --install /rm_version/build/rm_tracker
[0.588s] DEBUG:colcon.colcon_core.event_handler.log_command:Invoking command in '/rm_version/build/rm_detector': AMENT_PREFIX_PATH=/rm_version/install/rm_msg_interfaces:${AMENT_PREFIX_PATH} CMAKE_PREFIX_PATH=/rm_version/install/rm_msg_interfaces:/ros_ws/install/ros2_video:/ros_ws/install/rm_vision_bringup:/ros_ws/install/rm_serial_driver:/ros_ws/install/rm_gimbal_description:/ros_ws/install/rm_auto_aim:/ros_ws/install/mindvision_camera:/ros_ws/install/hik_camera:/ros_ws/install/armor_tracker:/ros_ws/install/armor_detector:/ros_ws/install/auto_aim_interfaces:/opt/ros/humble LD_LIBRARY_PATH=/rm_version/install/rm_msg_interfaces/lib:${LD_LIBRARY_PATH} PYTHONPATH=/rm_version/install/rm_msg_interfaces/local/lib/python3.10/dist-packages:${PYTHONPATH} /usr/bin/cmake --install /rm_version/build/rm_detector
[0.596s] Level 1:colcon.colcon_core.environment:create_environment_scripts_only(rm_tracker)
[0.598s] Level 1:colcon.colcon_core.environment:checking '/rm_version/install/rm_tracker' for CMake module files
[0.598s] DEBUG:colcon.colcon_core.event_handler.log_command:Invoked command in '/rm_version/build/rm_tracker' returned '0': AMENT_PREFIX_PATH=/rm_version/install/rm_msg_interfaces:${AMENT_PREFIX_PATH} CMAKE_PREFIX_PATH=/rm_version/install/rm_msg_interfaces:/ros_ws/install/ros2_video:/ros_ws/install/rm_vision_bringup:/ros_ws/install/rm_serial_driver:/ros_ws/install/rm_gimbal_description:/ros_ws/install/rm_auto_aim:/ros_ws/install/mindvision_camera:/ros_ws/install/hik_camera:/ros_ws/install/armor_tracker:/ros_ws/install/armor_detector:/ros_ws/install/auto_aim_interfaces:/opt/ros/humble LD_LIBRARY_PATH=/rm_version/install/rm_msg_interfaces/lib:${LD_LIBRARY_PATH} PYTHONPATH=/rm_version/install/rm_msg_interfaces/local/lib/python3.10/dist-packages:${PYTHONPATH} /usr/bin/cmake --install /rm_version/build/rm_tracker
[0.598s] Level 1:colcon.colcon_core.environment:checking '/rm_version/install/rm_tracker' for CMake config files
[0.598s] Level 1:colcon.colcon_core.shell:create_environment_hook('rm_tracker', 'cmake_prefix_path')
[0.599s] INFO:colcon.colcon_core.shell:Creating environment hook '/rm_version/install/rm_tracker/share/rm_tracker/hook/cmake_prefix_path.ps1'
[0.599s] INFO:colcon.colcon_core.shell:Creating environment descriptor '/rm_version/install/rm_tracker/share/rm_tracker/hook/cmake_prefix_path.dsv'
[0.599s] INFO:colcon.colcon_core.shell:Creating environment hook '/rm_version/install/rm_tracker/share/rm_tracker/hook/cmake_prefix_path.sh'
[0.600s] Level 1:colcon.colcon_core.environment:checking '/rm_version/install/rm_tracker/lib'
[0.600s] Level 1:colcon.colcon_core.shell:create_environment_hook('rm_tracker', 'ld_library_path_lib')
[0.600s] INFO:colcon.colcon_core.shell:Creating environment hook '/rm_version/install/rm_tracker/share/rm_tracker/hook/ld_library_path_lib.ps1'
[0.601s] INFO:colcon.colcon_core.shell:Creating environment descriptor '/rm_version/install/rm_tracker/share/rm_tracker/hook/ld_library_path_lib.dsv'
[0.601s] INFO:colcon.colcon_core.shell:Creating environment hook '/rm_version/install/rm_tracker/share/rm_tracker/hook/ld_library_path_lib.sh'
[0.601s] Level 1:colcon.colcon_core.environment:checking '/rm_version/install/rm_tracker/bin'
[0.601s] Level 1:colcon.colcon_core.environment:checking '/rm_version/install/rm_tracker/lib/pkgconfig/rm_tracker.pc'
[0.601s] Level 1:colcon.colcon_core.environment:checking '/rm_version/install/rm_tracker/lib/python3.10/site-packages'
[0.601s] Level 1:colcon.colcon_core.environment:checking '/rm_version/install/rm_tracker/bin'
[0.602s] INFO:colcon.colcon_core.shell:Creating package script '/rm_version/install/rm_tracker/share/rm_tracker/package.ps1'
[0.602s] INFO:colcon.colcon_core.shell:Creating package descriptor '/rm_version/install/rm_tracker/share/rm_tracker/package.dsv'
[0.602s] INFO:colcon.colcon_core.shell:Creating package script '/rm_version/install/rm_tracker/share/rm_tracker/package.sh'
[0.603s] INFO:colcon.colcon_core.shell:Creating package script '/rm_version/install/rm_tracker/share/rm_tracker/package.bash'
[0.603s] INFO:colcon.colcon_core.shell:Creating package script '/rm_version/install/rm_tracker/share/rm_tracker/package.zsh'
[0.603s] Level 1:colcon.colcon_core.environment:create_file_with_runtime_dependencies(/rm_version/install/rm_tracker/share/colcon-core/packages/rm_tracker)
[0.603s] Level 1:colcon.colcon_core.environment:create_environment_scripts_only(rm_detector)
[0.604s] Level 1:colcon.colcon_core.environment:checking '/rm_version/install/rm_detector' for CMake module files
[0.605s] DEBUG:colcon.colcon_core.event_handler.log_command:Invoked command in '/rm_version/build/rm_detector' returned '0': AMENT_PREFIX_PATH=/rm_version/install/rm_msg_interfaces:${AMENT_PREFIX_PATH} CMAKE_PREFIX_PATH=/rm_version/install/rm_msg_interfaces:/ros_ws/install/ros2_video:/ros_ws/install/rm_vision_bringup:/ros_ws/install/rm_serial_driver:/ros_ws/install/rm_gimbal_description:/ros_ws/install/rm_auto_aim:/ros_ws/install/mindvision_camera:/ros_ws/install/hik_camera:/ros_ws/install/armor_tracker:/ros_ws/install/armor_detector:/ros_ws/install/auto_aim_interfaces:/opt/ros/humble LD_LIBRARY_PATH=/rm_version/install/rm_msg_interfaces/lib:${LD_LIBRARY_PATH} PYTHONPATH=/rm_version/install/rm_msg_interfaces/local/lib/python3.10/dist-packages:${PYTHONPATH} /usr/bin/cmake --install /rm_version/build/rm_detector
[0.605s] Level 1:colcon.colcon_core.environment:checking '/rm_version/install/rm_detector' for CMake config files
[0.605s] Level 1:colcon.colcon_core.shell:create_environment_hook('rm_detector', 'cmake_prefix_path')
[0.606s] INFO:colcon.colcon_core.shell:Creating environment hook '/rm_version/install/rm_detector/share/rm_detector/hook/cmake_prefix_path.ps1'
[0.606s] INFO:colcon.colcon_core.shell:Creating environment descriptor '/rm_version/install/rm_detector/share/rm_detector/hook/cmake_prefix_path.dsv'
[0.606s] INFO:colcon.colcon_core.shell:Creating environment hook '/rm_version/install/rm_detector/share/rm_detector/hook/cmake_prefix_path.sh'
[0.606s] Level 1:colcon.colcon_core.environment:checking '/rm_version/install/rm_detector/lib'
[0.606s] Level 1:colcon.colcon_core.shell:create_environment_hook('rm_detector', 'ld_library_path_lib')
[0.607s] INFO:colcon.colcon_core.shell:Creating environment hook '/rm_version/install/rm_detector/share/rm_detector/hook/ld_library_path_lib.ps1'
[0.607s] INFO:colcon.colcon_core.shell:Creating environment descriptor '/rm_version/install/rm_detector/share/rm_detector/hook/ld_library_path_lib.dsv'
[0.607s] INFO:colcon.colcon_core.shell:Creating environment hook '/rm_version/install/rm_detector/share/rm_detector/hook/ld_library_path_lib.sh'
[0.607s] Level 1:colcon.colcon_core.environment:checking '/rm_version/install/rm_detector/bin'
[0.607s] Level 1:colcon.colcon_core.environment:checking '/rm_version/install/rm_detector/lib/pkgconfig/rm_detector.pc'
[0.608s] Level 1:colcon.colcon_core.environment:checking '/rm_version/install/rm_detector/lib/python3.10/site-packages'
[0.608s] Level 1:colcon.colcon_core.environment:checking '/rm_version/install/rm_detector/bin'
[0.609s] INFO:colcon.colcon_core.shell:Creating package script '/rm_version/install/rm_detector/share/rm_detector/package.ps1'
[0.609s] INFO:colcon.colcon_core.shell:Creating package descriptor '/rm_version/install/rm_detector/share/rm_detector/package.dsv'
[0.609s] INFO:colcon.colcon_core.shell:Creating package script '/rm_version/install/rm_detector/share/rm_detector/package.sh'
[0.610s] INFO:colcon.colcon_core.shell:Creating package script '/rm_version/install/rm_detector/share/rm_detector/package.bash'
[0.610s] INFO:colcon.colcon_core.shell:Creating package script '/rm_version/install/rm_detector/share/rm_detector/package.zsh'
[0.610s] Level 1:colcon.colcon_core.environment:create_file_with_runtime_dependencies(/rm_version/install/rm_detector/share/colcon-core/packages/rm_detector)
[0.617s] Level 1:colcon.colcon_core.environment:create_environment_scripts_only(rm_tracker)
[0.618s] Level 1:colcon.colcon_core.environment:checking '/rm_version/install/rm_tracker' for CMake module files
[0.618s] Level 1:colcon.colcon_core.environment:checking '/rm_version/install/rm_tracker' for CMake config files
[0.618s] Level 1:colcon.colcon_core.shell:create_environment_hook('rm_tracker', 'cmake_prefix_path')
[0.619s] INFO:colcon.colcon_core.shell:Creating environment hook '/rm_version/install/rm_tracker/share/rm_tracker/hook/cmake_prefix_path.ps1'
[0.619s] INFO:colcon.colcon_core.shell:Creating environment descriptor '/rm_version/install/rm_tracker/share/rm_tracker/hook/cmake_prefix_path.dsv'
[0.620s] INFO:colcon.colcon_core.shell:Creating environment hook '/rm_version/install/rm_tracker/share/rm_tracker/hook/cmake_prefix_path.sh'
[0.620s] Level 1:colcon.colcon_core.environment:checking '/rm_version/install/rm_tracker/lib'
[0.620s] Level 1:colcon.colcon_core.shell:create_environment_hook('rm_tracker', 'ld_library_path_lib')
[0.621s] INFO:colcon.colcon_core.shell:Creating environment hook '/rm_version/install/rm_tracker/share/rm_tracker/hook/ld_library_path_lib.ps1'
[0.621s] INFO:colcon.colcon_core.shell:Creating environment descriptor '/rm_version/install/rm_tracker/share/rm_tracker/hook/ld_library_path_lib.dsv'
[0.621s] INFO:colcon.colcon_core.shell:Creating environment hook '/rm_version/install/rm_tracker/share/rm_tracker/hook/ld_library_path_lib.sh'
[0.621s] Level 1:colcon.colcon_core.environment:checking '/rm_version/install/rm_tracker/bin'
[0.621s] Level 1:colcon.colcon_core.environment:checking '/rm_version/install/rm_tracker/lib/pkgconfig/rm_tracker.pc'
[0.621s] Level 1:colcon.colcon_core.environment:checking '/rm_version/install/rm_tracker/lib/python3.10/site-packages'
[0.621s] Level 1:colcon.colcon_core.environment:checking '/rm_version/install/rm_tracker/bin'
[0.622s] INFO:colcon.colcon_core.shell:Creating package script '/rm_version/install/rm_tracker/share/rm_tracker/package.ps1'
[0.622s] INFO:colcon.colcon_core.shell:Creating package descriptor '/rm_version/install/rm_tracker/share/rm_tracker/package.dsv'
[0.623s] INFO:colcon.colcon_core.shell:Creating package script '/rm_version/install/rm_tracker/share/rm_tracker/package.sh'
[0.623s] INFO:colcon.colcon_core.shell:Creating package script '/rm_version/install/rm_tracker/share/rm_tracker/package.bash'
[0.623s] INFO:colcon.colcon_core.shell:Creating package script '/rm_version/install/rm_tracker/share/rm_tracker/package.zsh'
[0.623s] Level 1:colcon.colcon_core.environment:create_file_with_runtime_dependencies(/rm_version/install/rm_tracker/share/colcon-core/packages/rm_tracker)
[0.627s] Level 1:colcon.colcon_core.environment:create_environment_scripts_only(rm_detector)
[0.629s] Level 1:colcon.colcon_core.environment:checking '/rm_version/install/rm_detector' for CMake module files
[0.629s] Level 1:colcon.colcon_core.environment:checking '/rm_version/install/rm_detector' for CMake config files
[0.629s] Level 1:colcon.colcon_core.shell:create_environment_hook('rm_detector', 'cmake_prefix_path')
[0.630s] INFO:colcon.colcon_core.shell:Creating environment hook '/rm_version/install/rm_detector/share/rm_detector/hook/cmake_prefix_path.ps1'
[0.630s] INFO:colcon.colcon_core.shell:Creating environment descriptor '/rm_version/install/rm_detector/share/rm_detector/hook/cmake_prefix_path.dsv'
[0.630s] INFO:colcon.colcon_core.shell:Creating environment hook '/rm_version/install/rm_detector/share/rm_detector/hook/cmake_prefix_path.sh'
[0.630s] Level 1:colcon.colcon_core.environment:checking '/rm_version/install/rm_detector/lib'
[0.630s] Level 1:colcon.colcon_core.shell:create_environment_hook('rm_detector', 'ld_library_path_lib')
[0.631s] INFO:colcon.colcon_core.shell:Creating environment hook '/rm_version/install/rm_detector/share/rm_detector/hook/ld_library_path_lib.ps1'
[0.631s] INFO:colcon.colcon_core.shell:Creating environment descriptor '/rm_version/install/rm_detector/share/rm_detector/hook/ld_library_path_lib.dsv'
[0.632s] INFO:colcon.colcon_core.shell:Creating environment hook '/rm_version/install/rm_detector/share/rm_detector/hook/ld_library_path_lib.sh'
[0.632s] Level 1:colcon.colcon_core.environment:checking '/rm_version/install/rm_detector/bin'
[0.632s] Level 1:colcon.colcon_core.environment:checking '/rm_version/install/rm_detector/lib/pkgconfig/rm_detector.pc'
[0.632s] Level 1:colcon.colcon_core.environment:checking '/rm_version/install/rm_detector/lib/python3.10/site-packages'
[0.632s] Level 1:colcon.colcon_core.environment:checking '/rm_version/install/rm_detector/bin'
[0.633s] INFO:colcon.colcon_core.shell:Creating package script '/rm_version/install/rm_detector/share/rm_detector/package.ps1'
[0.633s] INFO:colcon.colcon_core.shell:Creating package descriptor '/rm_version/install/rm_detector/share/rm_detector/package.dsv'
[0.633s] INFO:colcon.colcon_core.shell:Creating package script '/rm_version/install/rm_detector/share/rm_detector/package.sh'
[0.634s] INFO:colcon.colcon_core.shell:Creating package script '/rm_version/install/rm_detector/share/rm_detector/package.bash'
[0.634s] INFO:colcon.colcon_core.shell:Creating package script '/rm_version/install/rm_detector/share/rm_detector/package.zsh'
[0.634s] Level 1:colcon.colcon_core.environment:create_file_with_runtime_dependencies(/rm_version/install/rm_detector/share/colcon-core/packages/rm_detector)
[0.634s] DEBUG:colcon.colcon_parallel_executor.executor.parallel:closing loop
[0.634s] DEBUG:colcon.colcon_parallel_executor.executor.parallel:loop closed
[0.635s] DEBUG:colcon.colcon_parallel_executor.executor.parallel:run_until_complete finished with '0'
[0.635s] DEBUG:colcon.colcon_core.event_reactor:joining thread
[0.638s] INFO:colcon.colcon_core.plugin_system:Skipping extension 'colcon_notification.desktop_notification.notify_send': Could not find 'notify-send'
[0.638s] INFO:colcon.colcon_core.plugin_system:Skipping extension 'colcon_notification.desktop_notification.terminal_notifier': Not used on non-Darwin systems
[0.638s] INFO:colcon.colcon_core.plugin_system:Skipping extension 'colcon_notification.desktop_notification.win32': Not used on non-Windows systems
[0.639s] INFO:colcon.colcon_notification.desktop_notification:Sending desktop notification using 'notify2'
[0.639s] DEBUG:colcon.colcon_notification.desktop_notification.notify2:Failed to initialize notify2: org.freedesktop.DBus.Error.NotSupported: Unable to autolaunch a dbus-daemon without a $DISPLAY for X11
[0.639s] DEBUG:colcon.colcon_core.event_reactor:joined thread
[0.640s] INFO:colcon.colcon_core.shell:Creating prefix script '/rm_version/install/local_setup.ps1'
[0.640s] INFO:colcon.colcon_core.shell:Creating prefix util module '/rm_version/install/_local_setup_util_ps1.py'
[0.641s] INFO:colcon.colcon_core.shell:Creating prefix chain script '/rm_version/install/setup.ps1'
[0.642s] INFO:colcon.colcon_core.shell:Creating prefix script '/rm_version/install/local_setup.sh'
[0.643s] INFO:colcon.colcon_core.shell:Creating prefix util module '/rm_version/install/_local_setup_util_sh.py'
[0.643s] INFO:colcon.colcon_core.shell:Creating prefix chain script '/rm_version/install/setup.sh'
[0.644s] INFO:colcon.colcon_core.shell:Creating prefix script '/rm_version/install/local_setup.bash'
[0.644s] INFO:colcon.colcon_core.shell:Creating prefix chain script '/rm_version/install/setup.bash'
[0.645s] INFO:colcon.colcon_core.shell:Creating prefix script '/rm_version/install/local_setup.zsh'
[0.645s] INFO:colcon.colcon_core.shell:Creating prefix chain script '/rm_version/install/setup.zsh'
