[0.015s] Invoking command in '/rm_version/build/rm_msg_interfaces': CMAKE_PREFIX_PATH=${CMAKE_PREFIX_PATH}:/opt/ros/humble /usr/bin/cmake /rm_version/src/rm_msg_interfaces -DCMAKE_INSTALL_PREFIX=/rm_version/install/rm_msg_interfaces
[0.106s] -- The C compiler identification is GNU 11.3.0
[0.140s] -- The CXX compiler identification is GNU 11.3.0
[0.144s] -- Detecting C compiler ABI info
[0.182s] -- Detecting C compiler ABI info - done
[0.185s] -- Check for working C compiler: /usr/bin/cc - skipped
[0.186s] -- Detecting C compile features
[0.186s] -- Detecting C compile features - done
[0.188s] -- Detecting CXX compiler ABI info
[0.231s] -- Detecting CXX compiler ABI info - done
[0.235s] -- Check for working CXX compiler: /usr/bin/c++ - skipped
[0.235s] -- Detecting CXX compile features
[0.235s] -- Detecting CXX compile features - done
[0.237s] -- Found ament_cmake: 1.3.4 (/opt/ros/humble/share/ament_cmake/cmake)
[0.319s] -- Found Python3: /usr/bin/python3.10 (found version "3.10.6") found components: Interpreter 
[0.371s] -- Found rosidl_default_generators: 1.2.0 (/opt/ros/humble/share/rosidl_default_generators/cmake)
[0.375s] -- Using all available rosidl_typesupport_c: rosidl_typesupport_fastrtps_c;rosidl_typesupport_introspection_c
[0.382s] -- Found rosidl_adapter: 3.1.4 (/opt/ros/humble/share/rosidl_adapter/cmake)
[0.416s] -- Using all available rosidl_typesupport_cpp: rosidl_typesupport_fastrtps_cpp;rosidl_typesupport_introspection_cpp
[0.445s] -- Found geometry_msgs: 4.2.3 (/opt/ros/humble/share/geometry_msgs/cmake)
[0.705s] -- Found ament_cmake_ros: 0.10.0 (/opt/ros/humble/share/ament_cmake_ros/cmake)
[0.841s] -- Using all available rosidl_typesupport_c: rosidl_typesupport_fastrtps_c;rosidl_typesupport_introspection_c
[1.010s] -- Using all available rosidl_typesupport_cpp: rosidl_typesupport_fastrtps_cpp;rosidl_typesupport_introspection_cpp
[1.022s] -- Found PythonInterp: /usr/bin/python3 (found suitable version "3.10.6", minimum required is "3.6") 
[1.023s] -- Found python_cmake_module: 0.10.0 (/opt/ros/humble/share/python_cmake_module/cmake)
[1.035s] -- Found PythonLibs: /usr/lib/x86_64-linux-gnu/libpython3.10.so (found suitable version "3.10.6", minimum required is "3.5") 
[1.035s] -- Using PYTHON_EXECUTABLE: /usr/bin/python3
[1.035s] -- Using PYTHON_INCLUDE_DIRS: /usr/include/python3.10
[1.035s] -- Using PYTHON_LIBRARIES: /usr/lib/x86_64-linux-gnu/libpython3.10.so
[1.044s] -- Found PythonExtra: .so  
[1.085s] -- Configuring done
[1.106s] -- Generating done
[1.108s] -- Build files have been written to: /rm_version/build/rm_msg_interfaces
[1.115s] Invoked command in '/rm_version/build/rm_msg_interfaces' returned '0': CMAKE_PREFIX_PATH=${CMAKE_PREFIX_PATH}:/opt/ros/humble /usr/bin/cmake /rm_version/src/rm_msg_interfaces -DCMAKE_INSTALL_PREFIX=/rm_version/install/rm_msg_interfaces
[1.117s] Invoking command in '/rm_version/build/rm_msg_interfaces': CMAKE_PREFIX_PATH=${CMAKE_PREFIX_PATH}:/opt/ros/humble /usr/bin/cmake --build /rm_version/build/rm_msg_interfaces -- -j20 -l20
[1.137s] [  2%] [34m[1mGenerating C code for ROS interfaces[0m
[1.142s] [  5%] [34m[1mGenerating C++ code for ROS interfaces[0m
[1.146s] [  5%] Built target ament_cmake_python_copy_rm_msg_interfaces
[1.264s] running egg_info
[1.265s] creating rm_msg_interfaces.egg-info
[1.265s] writing rm_msg_interfaces.egg-info/PKG-INFO
[1.265s] writing dependency_links to rm_msg_interfaces.egg-info/dependency_links.txt
[1.265s] writing top-level names to rm_msg_interfaces.egg-info/top_level.txt
[1.265s] writing manifest file 'rm_msg_interfaces.egg-info/SOURCES.txt'
[1.266s] reading manifest file 'rm_msg_interfaces.egg-info/SOURCES.txt'
[1.266s] writing manifest file 'rm_msg_interfaces.egg-info/SOURCES.txt'
[1.282s] [  5%] Built target ament_cmake_python_build_rm_msg_interfaces_egg
[1.345s] [  5%] Built target rm_msg_interfaces__cpp
[1.351s] [ 10%] [34m[1mGenerating C++ type support for eProsima Fast-RTPS[0m
[1.351s] [ 10%] [34m[1mGenerating C++ introspection for ROS interfaces[0m
[1.351s] [ 12%] [34m[1mGenerating C++ type support dispatch for ROS interfaces[0m
[1.357s] [ 15%] [32mBuilding C object CMakeFiles/rm_msg_interfaces__rosidl_generator_c.dir/rosidl_generator_c/rm_msg_interfaces/msg/detail/armors__functions.c.o[0m
[1.357s] [ 17%] [32mBuilding C object CMakeFiles/rm_msg_interfaces__rosidl_generator_c.dir/rosidl_generator_c/rm_msg_interfaces/msg/detail/armor__functions.c.o[0m
[1.394s] [ 20%] [32m[1mLinking C shared library librm_msg_interfaces__rosidl_generator_c.so[0m
[1.416s] [ 20%] Built target rm_msg_interfaces__rosidl_generator_c
[1.422s] [ 25%] [34m[1mGenerating C introspection for ROS interfaces[0m
[1.422s] [ 25%] [34m[1mGenerating C type support for eProsima Fast-RTPS[0m
[1.422s] [ 28%] [34m[1mGenerating C type support dispatch for ROS interfaces[0m
[1.542s] [ 30%] [32mBuilding CXX object CMakeFiles/rm_msg_interfaces__rosidl_typesupport_cpp.dir/rosidl_typesupport_cpp/rm_msg_interfaces/msg/armor__type_support.cpp.o[0m
[1.543s] [ 33%] [32mBuilding CXX object CMakeFiles/rm_msg_interfaces__rosidl_typesupport_cpp.dir/rosidl_typesupport_cpp/rm_msg_interfaces/msg/armors__type_support.cpp.o[0m
[1.561s] [ 35%] [32mBuilding CXX object CMakeFiles/rm_msg_interfaces__rosidl_typesupport_introspection_cpp.dir/rosidl_typesupport_introspection_cpp/rm_msg_interfaces/msg/detail/armors__type_support.cpp.o[0m
[1.562s] [ 38%] [32mBuilding CXX object CMakeFiles/rm_msg_interfaces__rosidl_typesupport_introspection_cpp.dir/rosidl_typesupport_introspection_cpp/rm_msg_interfaces/msg/detail/armor__type_support.cpp.o[0m
[1.566s] [ 41%] [32mBuilding CXX object CMakeFiles/rm_msg_interfaces__rosidl_typesupport_fastrtps_cpp.dir/rosidl_typesupport_fastrtps_cpp/rm_msg_interfaces/msg/detail/dds_fastrtps/armors__type_support.cpp.o[0m
[1.566s] [ 43%] [32mBuilding CXX object CMakeFiles/rm_msg_interfaces__rosidl_typesupport_fastrtps_cpp.dir/rosidl_typesupport_fastrtps_cpp/rm_msg_interfaces/msg/detail/dds_fastrtps/armor__type_support.cpp.o[0m
[1.628s] [ 46%] [32mBuilding CXX object CMakeFiles/rm_msg_interfaces__rosidl_typesupport_c.dir/rosidl_typesupport_c/rm_msg_interfaces/msg/armor__type_support.cpp.o[0m
[1.628s] [ 48%] [32mBuilding CXX object CMakeFiles/rm_msg_interfaces__rosidl_typesupport_c.dir/rosidl_typesupport_c/rm_msg_interfaces/msg/armors__type_support.cpp.o[0m
[1.656s] [ 51%] [32m[1mLinking CXX shared library librm_msg_interfaces__rosidl_typesupport_c.so[0m
[1.668s] [ 56%] [32mBuilding C object CMakeFiles/rm_msg_interfaces__rosidl_typesupport_introspection_c.dir/rosidl_typesupport_introspection_c/rm_msg_interfaces/msg/detail/armor__type_support.c.o[0m
[1.668s] [ 56%] [32mBuilding C object CMakeFiles/rm_msg_interfaces__rosidl_typesupport_introspection_c.dir/rosidl_typesupport_introspection_c/rm_msg_interfaces/msg/detail/armors__type_support.c.o[0m
[1.679s] [ 58%] [32mBuilding CXX object CMakeFiles/rm_msg_interfaces__rosidl_typesupport_fastrtps_c.dir/rosidl_typesupport_fastrtps_c/rm_msg_interfaces/msg/detail/armor__type_support_c.cpp.o[0m
[1.679s] [ 61%] [32mBuilding CXX object CMakeFiles/rm_msg_interfaces__rosidl_typesupport_fastrtps_c.dir/rosidl_typesupport_fastrtps_c/rm_msg_interfaces/msg/detail/armors__type_support_c.cpp.o[0m
[1.695s] [ 61%] Built target rm_msg_interfaces__rosidl_typesupport_c
[1.705s] [ 64%] [32m[1mLinking C shared library librm_msg_interfaces__rosidl_typesupport_introspection_c.so[0m
[1.737s] [ 64%] Built target rm_msg_interfaces__rosidl_typesupport_introspection_c
[1.812s] [ 66%] [32m[1mLinking CXX shared library librm_msg_interfaces__rosidl_typesupport_cpp.so[0m
[1.847s] [ 66%] Built target rm_msg_interfaces__rosidl_typesupport_cpp
[1.959s] [ 69%] [32m[1mLinking CXX shared library librm_msg_interfaces__rosidl_typesupport_fastrtps_cpp.so[0m
[1.960s] [ 71%] [32m[1mLinking CXX shared library librm_msg_interfaces__rosidl_typesupport_introspection_cpp.so[0m
[1.971s] [ 74%] [32m[1mLinking CXX shared library librm_msg_interfaces__rosidl_typesupport_fastrtps_c.so[0m
[2.022s] [ 74%] Built target rm_msg_interfaces__rosidl_typesupport_introspection_cpp
[2.031s] [ 74%] Built target rm_msg_interfaces__rosidl_typesupport_fastrtps_cpp
[2.044s] [ 74%] Built target rm_msg_interfaces__rosidl_typesupport_fastrtps_c
[2.056s] [ 74%] Built target rm_msg_interfaces
[2.067s] [ 76%] [34m[1mGenerating Python code for ROS interfaces[0m
[2.330s] [ 76%] Built target rm_msg_interfaces__py
[2.341s] [ 82%] [32mBuilding C object CMakeFiles/rm_msg_interfaces__rosidl_generator_py.dir/rosidl_generator_py/rm_msg_interfaces/msg/_armors_s.c.o[0m
[2.341s] [ 82%] [32mBuilding C object CMakeFiles/rm_msg_interfaces__rosidl_generator_py.dir/rosidl_generator_py/rm_msg_interfaces/msg/_armor_s.c.o[0m
[2.403s] [ 84%] [32m[1mLinking C shared library rosidl_generator_py/rm_msg_interfaces/librm_msg_interfaces__rosidl_generator_py.so[0m
[2.426s] [ 84%] Built target rm_msg_interfaces__rosidl_generator_py
[2.436s] [ 89%] [32mBuilding C object CMakeFiles/rm_msg_interfaces__rosidl_typesupport_fastrtps_c__pyext.dir/rosidl_generator_py/rm_msg_interfaces/_rm_msg_interfaces_s.ep.rosidl_typesupport_fastrtps_c.c.o[0m
[2.437s] [ 89%] [32mBuilding C object CMakeFiles/rm_msg_interfaces__rosidl_typesupport_introspection_c__pyext.dir/rosidl_generator_py/rm_msg_interfaces/_rm_msg_interfaces_s.ep.rosidl_typesupport_introspection_c.c.o[0m
[2.438s] [ 92%] [32mBuilding C object CMakeFiles/rm_msg_interfaces__rosidl_typesupport_c__pyext.dir/rosidl_generator_py/rm_msg_interfaces/_rm_msg_interfaces_s.ep.rosidl_typesupport_c.c.o[0m
[2.495s] [ 94%] [32m[1mLinking C shared library rosidl_generator_py/rm_msg_interfaces/rm_msg_interfaces_s__rosidl_typesupport_introspection_c.cpython-310-x86_64-linux-gnu.so[0m
[2.502s] [ 97%] [32m[1mLinking C shared library rosidl_generator_py/rm_msg_interfaces/rm_msg_interfaces_s__rosidl_typesupport_c.cpython-310-x86_64-linux-gnu.so[0m
[2.504s] [100%] [32m[1mLinking C shared library rosidl_generator_py/rm_msg_interfaces/rm_msg_interfaces_s__rosidl_typesupport_fastrtps_c.cpython-310-x86_64-linux-gnu.so[0m
[2.517s] [100%] Built target rm_msg_interfaces__rosidl_typesupport_introspection_c__pyext
[2.526s] [100%] Built target rm_msg_interfaces__rosidl_typesupport_c__pyext
[2.528s] [100%] Built target rm_msg_interfaces__rosidl_typesupport_fastrtps_c__pyext
[2.535s] Invoked command in '/rm_version/build/rm_msg_interfaces' returned '0': CMAKE_PREFIX_PATH=${CMAKE_PREFIX_PATH}:/opt/ros/humble /usr/bin/cmake --build /rm_version/build/rm_msg_interfaces -- -j20 -l20
[2.580s] Invoking command in '/rm_version/build/rm_msg_interfaces': CMAKE_PREFIX_PATH=${CMAKE_PREFIX_PATH}:/opt/ros/humble /usr/bin/cmake --install /rm_version/build/rm_msg_interfaces
[2.584s] -- Install configuration: ""
[2.585s] -- Installing: /rm_version/install/rm_msg_interfaces/share/ament_index/resource_index/rosidl_interfaces/rm_msg_interfaces
[2.585s] -- Installing: /rm_version/install/rm_msg_interfaces/include/rm_msg_interfaces/rm_msg_interfaces
[2.585s] -- Installing: /rm_version/install/rm_msg_interfaces/include/rm_msg_interfaces/rm_msg_interfaces/msg
[2.585s] -- Installing: /rm_version/install/rm_msg_interfaces/include/rm_msg_interfaces/rm_msg_interfaces/msg/armors.h
[2.585s] -- Installing: /rm_version/install/rm_msg_interfaces/include/rm_msg_interfaces/rm_msg_interfaces/msg/armor.h
[2.585s] -- Installing: /rm_version/install/rm_msg_interfaces/include/rm_msg_interfaces/rm_msg_interfaces/msg/rosidl_generator_c__visibility_control.h
[2.585s] -- Installing: /rm_version/install/rm_msg_interfaces/include/rm_msg_interfaces/rm_msg_interfaces/msg/detail
[2.585s] -- Installing: /rm_version/install/rm_msg_interfaces/include/rm_msg_interfaces/rm_msg_interfaces/msg/detail/armor__functions.c
[2.585s] -- Installing: /rm_version/install/rm_msg_interfaces/include/rm_msg_interfaces/rm_msg_interfaces/msg/detail/armors__struct.h
[2.585s] -- Installing: /rm_version/install/rm_msg_interfaces/include/rm_msg_interfaces/rm_msg_interfaces/msg/detail/armor__type_support.h
[2.586s] -- Installing: /rm_version/install/rm_msg_interfaces/include/rm_msg_interfaces/rm_msg_interfaces/msg/detail/armor__struct.h
[2.586s] -- Installing: /rm_version/install/rm_msg_interfaces/include/rm_msg_interfaces/rm_msg_interfaces/msg/detail/armors__type_support.h
[2.586s] -- Installing: /rm_version/install/rm_msg_interfaces/include/rm_msg_interfaces/rm_msg_interfaces/msg/detail/armor__functions.h
[2.586s] -- Installing: /rm_version/install/rm_msg_interfaces/include/rm_msg_interfaces/rm_msg_interfaces/msg/detail/armors__functions.h
[2.586s] -- Installing: /rm_version/install/rm_msg_interfaces/include/rm_msg_interfaces/rm_msg_interfaces/msg/detail/armors__functions.c
[2.586s] -- Installing: /rm_version/install/rm_msg_interfaces/share/rm_msg_interfaces/environment/library_path.sh
[2.586s] -- Installing: /rm_version/install/rm_msg_interfaces/share/rm_msg_interfaces/environment/library_path.dsv
[2.586s] -- Installing: /rm_version/install/rm_msg_interfaces/lib/librm_msg_interfaces__rosidl_generator_c.so
[2.586s] -- Set runtime path of "/rm_version/install/rm_msg_interfaces/lib/librm_msg_interfaces__rosidl_generator_c.so" to ""
[2.587s] -- Up-to-date: /rm_version/install/rm_msg_interfaces/include/rm_msg_interfaces/rm_msg_interfaces
[2.587s] -- Up-to-date: /rm_version/install/rm_msg_interfaces/include/rm_msg_interfaces/rm_msg_interfaces/msg
[2.587s] -- Installing: /rm_version/install/rm_msg_interfaces/include/rm_msg_interfaces/rm_msg_interfaces/msg/rosidl_typesupport_fastrtps_c__visibility_control.h
[2.587s] -- Up-to-date: /rm_version/install/rm_msg_interfaces/include/rm_msg_interfaces/rm_msg_interfaces/msg/detail
[2.587s] -- Installing: /rm_version/install/rm_msg_interfaces/include/rm_msg_interfaces/rm_msg_interfaces/msg/detail/armors__rosidl_typesupport_fastrtps_c.h
[2.587s] -- Installing: /rm_version/install/rm_msg_interfaces/include/rm_msg_interfaces/rm_msg_interfaces/msg/detail/armor__rosidl_typesupport_fastrtps_c.h
[2.587s] -- Installing: /rm_version/install/rm_msg_interfaces/lib/librm_msg_interfaces__rosidl_typesupport_fastrtps_c.so
[2.587s] -- Set runtime path of "/rm_version/install/rm_msg_interfaces/lib/librm_msg_interfaces__rosidl_typesupport_fastrtps_c.so" to ""
[2.587s] -- Up-to-date: /rm_version/install/rm_msg_interfaces/include/rm_msg_interfaces/rm_msg_interfaces
[2.587s] -- Up-to-date: /rm_version/install/rm_msg_interfaces/include/rm_msg_interfaces/rm_msg_interfaces/msg
[2.587s] -- Installing: /rm_version/install/rm_msg_interfaces/include/rm_msg_interfaces/rm_msg_interfaces/msg/rosidl_typesupport_introspection_c__visibility_control.h
[2.587s] -- Up-to-date: /rm_version/install/rm_msg_interfaces/include/rm_msg_interfaces/rm_msg_interfaces/msg/detail
[2.588s] -- Installing: /rm_version/install/rm_msg_interfaces/include/rm_msg_interfaces/rm_msg_interfaces/msg/detail/armor__rosidl_typesupport_introspection_c.h
[2.588s] -- Installing: /rm_version/install/rm_msg_interfaces/include/rm_msg_interfaces/rm_msg_interfaces/msg/detail/armors__type_support.c
[2.588s] -- Installing: /rm_version/install/rm_msg_interfaces/include/rm_msg_interfaces/rm_msg_interfaces/msg/detail/armor__type_support.c
[2.588s] -- Installing: /rm_version/install/rm_msg_interfaces/include/rm_msg_interfaces/rm_msg_interfaces/msg/detail/armors__rosidl_typesupport_introspection_c.h
[2.588s] -- Installing: /rm_version/install/rm_msg_interfaces/lib/librm_msg_interfaces__rosidl_typesupport_introspection_c.so
[2.588s] -- Set runtime path of "/rm_version/install/rm_msg_interfaces/lib/librm_msg_interfaces__rosidl_typesupport_introspection_c.so" to ""
[2.588s] -- Installing: /rm_version/install/rm_msg_interfaces/lib/librm_msg_interfaces__rosidl_typesupport_c.so
[2.589s] -- Set runtime path of "/rm_version/install/rm_msg_interfaces/lib/librm_msg_interfaces__rosidl_typesupport_c.so" to ""
[2.589s] -- Up-to-date: /rm_version/install/rm_msg_interfaces/include/rm_msg_interfaces/rm_msg_interfaces
[2.589s] -- Up-to-date: /rm_version/install/rm_msg_interfaces/include/rm_msg_interfaces/rm_msg_interfaces/msg
[2.589s] -- Installing: /rm_version/install/rm_msg_interfaces/include/rm_msg_interfaces/rm_msg_interfaces/msg/armors.hpp
[2.589s] -- Installing: /rm_version/install/rm_msg_interfaces/include/rm_msg_interfaces/rm_msg_interfaces/msg/armor.hpp
[2.589s] -- Up-to-date: /rm_version/install/rm_msg_interfaces/include/rm_msg_interfaces/rm_msg_interfaces/msg/detail
[2.589s] -- Installing: /rm_version/install/rm_msg_interfaces/include/rm_msg_interfaces/rm_msg_interfaces/msg/detail/armors__traits.hpp
[2.589s] -- Installing: /rm_version/install/rm_msg_interfaces/include/rm_msg_interfaces/rm_msg_interfaces/msg/detail/armor__builder.hpp
[2.589s] -- Installing: /rm_version/install/rm_msg_interfaces/include/rm_msg_interfaces/rm_msg_interfaces/msg/detail/armor__struct.hpp
[2.589s] -- Installing: /rm_version/install/rm_msg_interfaces/include/rm_msg_interfaces/rm_msg_interfaces/msg/detail/armor__traits.hpp
[2.589s] -- Installing: /rm_version/install/rm_msg_interfaces/include/rm_msg_interfaces/rm_msg_interfaces/msg/detail/armors__builder.hpp
[2.590s] -- Installing: /rm_version/install/rm_msg_interfaces/include/rm_msg_interfaces/rm_msg_interfaces/msg/detail/armors__struct.hpp
[2.590s] -- Up-to-date: /rm_version/install/rm_msg_interfaces/include/rm_msg_interfaces/rm_msg_interfaces
[2.590s] -- Up-to-date: /rm_version/install/rm_msg_interfaces/include/rm_msg_interfaces/rm_msg_interfaces/msg
[2.590s] -- Installing: /rm_version/install/rm_msg_interfaces/include/rm_msg_interfaces/rm_msg_interfaces/msg/rosidl_typesupport_fastrtps_cpp__visibility_control.h
[2.590s] -- Up-to-date: /rm_version/install/rm_msg_interfaces/include/rm_msg_interfaces/rm_msg_interfaces/msg/detail
[2.590s] -- Installing: /rm_version/install/rm_msg_interfaces/include/rm_msg_interfaces/rm_msg_interfaces/msg/detail/armor__rosidl_typesupport_fastrtps_cpp.hpp
[2.590s] -- Installing: /rm_version/install/rm_msg_interfaces/include/rm_msg_interfaces/rm_msg_interfaces/msg/detail/armors__rosidl_typesupport_fastrtps_cpp.hpp
[2.590s] -- Installing: /rm_version/install/rm_msg_interfaces/include/rm_msg_interfaces/rm_msg_interfaces/msg/detail/dds_fastrtps
[2.591s] -- Installing: /rm_version/install/rm_msg_interfaces/lib/librm_msg_interfaces__rosidl_typesupport_fastrtps_cpp.so
[2.591s] -- Set runtime path of "/rm_version/install/rm_msg_interfaces/lib/librm_msg_interfaces__rosidl_typesupport_fastrtps_cpp.so" to ""
[2.591s] -- Up-to-date: /rm_version/install/rm_msg_interfaces/include/rm_msg_interfaces/rm_msg_interfaces
[2.591s] -- Up-to-date: /rm_version/install/rm_msg_interfaces/include/rm_msg_interfaces/rm_msg_interfaces/msg
[2.591s] -- Up-to-date: /rm_version/install/rm_msg_interfaces/include/rm_msg_interfaces/rm_msg_interfaces/msg/detail
[2.591s] -- Installing: /rm_version/install/rm_msg_interfaces/include/rm_msg_interfaces/rm_msg_interfaces/msg/detail/armors__rosidl_typesupport_introspection_cpp.hpp
[2.591s] -- Installing: /rm_version/install/rm_msg_interfaces/include/rm_msg_interfaces/rm_msg_interfaces/msg/detail/armors__type_support.cpp
[2.591s] -- Installing: /rm_version/install/rm_msg_interfaces/include/rm_msg_interfaces/rm_msg_interfaces/msg/detail/armor__type_support.cpp
[2.591s] -- Installing: /rm_version/install/rm_msg_interfaces/include/rm_msg_interfaces/rm_msg_interfaces/msg/detail/armor__rosidl_typesupport_introspection_cpp.hpp
[2.591s] -- Installing: /rm_version/install/rm_msg_interfaces/lib/librm_msg_interfaces__rosidl_typesupport_introspection_cpp.so
[2.591s] -- Set runtime path of "/rm_version/install/rm_msg_interfaces/lib/librm_msg_interfaces__rosidl_typesupport_introspection_cpp.so" to ""
[2.591s] -- Installing: /rm_version/install/rm_msg_interfaces/lib/librm_msg_interfaces__rosidl_typesupport_cpp.so
[2.591s] -- Set runtime path of "/rm_version/install/rm_msg_interfaces/lib/librm_msg_interfaces__rosidl_typesupport_cpp.so" to ""
[2.591s] -- Installing: /rm_version/install/rm_msg_interfaces/share/rm_msg_interfaces/environment/pythonpath.sh
[2.591s] -- Installing: /rm_version/install/rm_msg_interfaces/share/rm_msg_interfaces/environment/pythonpath.dsv
[2.591s] -- Installing: /rm_version/install/rm_msg_interfaces/local/lib/python3.10/dist-packages/rm_msg_interfaces-0.0.0-py3.10.egg-info
[2.591s] -- Installing: /rm_version/install/rm_msg_interfaces/local/lib/python3.10/dist-packages/rm_msg_interfaces-0.0.0-py3.10.egg-info/top_level.txt
[2.591s] -- Installing: /rm_version/install/rm_msg_interfaces/local/lib/python3.10/dist-packages/rm_msg_interfaces-0.0.0-py3.10.egg-info/dependency_links.txt
[2.591s] -- Installing: /rm_version/install/rm_msg_interfaces/local/lib/python3.10/dist-packages/rm_msg_interfaces-0.0.0-py3.10.egg-info/SOURCES.txt
[2.591s] -- Installing: /rm_version/install/rm_msg_interfaces/local/lib/python3.10/dist-packages/rm_msg_interfaces-0.0.0-py3.10.egg-info/PKG-INFO
[2.591s] -- Installing: /rm_version/install/rm_msg_interfaces/local/lib/python3.10/dist-packages/rm_msg_interfaces
[2.591s] -- Installing: /rm_version/install/rm_msg_interfaces/local/lib/python3.10/dist-packages/rm_msg_interfaces/rm_msg_interfaces_s__rosidl_typesupport_fastrtps_c.cpython-310-x86_64-linux-gnu.so
[2.591s] -- Installing: /rm_version/install/rm_msg_interfaces/local/lib/python3.10/dist-packages/rm_msg_interfaces/_rm_msg_interfaces_s.ep.rosidl_typesupport_introspection_c.c
[2.591s] -- Installing: /rm_version/install/rm_msg_interfaces/local/lib/python3.10/dist-packages/rm_msg_interfaces/_rm_msg_interfaces_s.ep.rosidl_typesupport_c.c
[2.591s] -- Installing: /rm_version/install/rm_msg_interfaces/local/lib/python3.10/dist-packages/rm_msg_interfaces/msg
[2.591s] -- Installing: /rm_version/install/rm_msg_interfaces/local/lib/python3.10/dist-packages/rm_msg_interfaces/msg/_armors.py
[2.591s] -- Installing: /rm_version/install/rm_msg_interfaces/local/lib/python3.10/dist-packages/rm_msg_interfaces/msg/_armor_s.c
[2.591s] -- Installing: /rm_version/install/rm_msg_interfaces/local/lib/python3.10/dist-packages/rm_msg_interfaces/msg/_armor.py
[2.591s] -- Installing: /rm_version/install/rm_msg_interfaces/local/lib/python3.10/dist-packages/rm_msg_interfaces/msg/_armors_s.c
[2.591s] -- Installing: /rm_version/install/rm_msg_interfaces/local/lib/python3.10/dist-packages/rm_msg_interfaces/msg/__init__.py
[2.592s] -- Installing: /rm_version/install/rm_msg_interfaces/local/lib/python3.10/dist-packages/rm_msg_interfaces/librm_msg_interfaces__rosidl_generator_py.so
[2.592s] -- Installing: /rm_version/install/rm_msg_interfaces/local/lib/python3.10/dist-packages/rm_msg_interfaces/_rm_msg_interfaces_s.ep.rosidl_typesupport_fastrtps_c.c
[2.592s] -- Installing: /rm_version/install/rm_msg_interfaces/local/lib/python3.10/dist-packages/rm_msg_interfaces/rm_msg_interfaces_s__rosidl_typesupport_c.cpython-310-x86_64-linux-gnu.so
[2.592s] -- Installing: /rm_version/install/rm_msg_interfaces/local/lib/python3.10/dist-packages/rm_msg_interfaces/__init__.py
[2.592s] -- Installing: /rm_version/install/rm_msg_interfaces/local/lib/python3.10/dist-packages/rm_msg_interfaces/rm_msg_interfaces_s__rosidl_typesupport_introspection_c.cpython-310-x86_64-linux-gnu.so
[2.613s] Listing '/rm_version/install/rm_msg_interfaces/local/lib/python3.10/dist-packages/rm_msg_interfaces'...
[2.613s] Compiling '/rm_version/install/rm_msg_interfaces/local/lib/python3.10/dist-packages/rm_msg_interfaces/__init__.py'...
[2.613s] Listing '/rm_version/install/rm_msg_interfaces/local/lib/python3.10/dist-packages/rm_msg_interfaces/msg'...
[2.613s] Compiling '/rm_version/install/rm_msg_interfaces/local/lib/python3.10/dist-packages/rm_msg_interfaces/msg/__init__.py'...
[2.613s] Compiling '/rm_version/install/rm_msg_interfaces/local/lib/python3.10/dist-packages/rm_msg_interfaces/msg/_armor.py'...
[2.613s] Compiling '/rm_version/install/rm_msg_interfaces/local/lib/python3.10/dist-packages/rm_msg_interfaces/msg/_armors.py'...
[2.616s] -- Installing: /rm_version/install/rm_msg_interfaces/local/lib/python3.10/dist-packages/rm_msg_interfaces/rm_msg_interfaces_s__rosidl_typesupport_fastrtps_c.cpython-310-x86_64-linux-gnu.so
[2.616s] -- Set runtime path of "/rm_version/install/rm_msg_interfaces/local/lib/python3.10/dist-packages/rm_msg_interfaces/rm_msg_interfaces_s__rosidl_typesupport_fastrtps_c.cpython-310-x86_64-linux-gnu.so" to ""
[2.616s] -- Installing: /rm_version/install/rm_msg_interfaces/local/lib/python3.10/dist-packages/rm_msg_interfaces/rm_msg_interfaces_s__rosidl_typesupport_introspection_c.cpython-310-x86_64-linux-gnu.so
[2.617s] -- Set runtime path of "/rm_version/install/rm_msg_interfaces/local/lib/python3.10/dist-packages/rm_msg_interfaces/rm_msg_interfaces_s__rosidl_typesupport_introspection_c.cpython-310-x86_64-linux-gnu.so" to ""
[2.617s] -- Installing: /rm_version/install/rm_msg_interfaces/local/lib/python3.10/dist-packages/rm_msg_interfaces/rm_msg_interfaces_s__rosidl_typesupport_c.cpython-310-x86_64-linux-gnu.so
[2.617s] -- Set runtime path of "/rm_version/install/rm_msg_interfaces/local/lib/python3.10/dist-packages/rm_msg_interfaces/rm_msg_interfaces_s__rosidl_typesupport_c.cpython-310-x86_64-linux-gnu.so" to ""
[2.617s] -- Installing: /rm_version/install/rm_msg_interfaces/lib/librm_msg_interfaces__rosidl_generator_py.so
[2.617s] -- Set runtime path of "/rm_version/install/rm_msg_interfaces/lib/librm_msg_interfaces__rosidl_generator_py.so" to ""
[2.617s] -- Installing: /rm_version/install/rm_msg_interfaces/share/rm_msg_interfaces/msg/Armor.idl
[2.617s] -- Installing: /rm_version/install/rm_msg_interfaces/share/rm_msg_interfaces/msg/Armors.idl
[2.617s] -- Installing: /rm_version/install/rm_msg_interfaces/share/rm_msg_interfaces/msg/Armor.msg
[2.617s] -- Installing: /rm_version/install/rm_msg_interfaces/share/rm_msg_interfaces/msg/Armors.msg
[2.617s] -- Installing: /rm_version/install/rm_msg_interfaces/share/ament_index/resource_index/package_run_dependencies/rm_msg_interfaces
[2.618s] -- Installing: /rm_version/install/rm_msg_interfaces/share/ament_index/resource_index/parent_prefix_path/rm_msg_interfaces
[2.618s] -- Installing: /rm_version/install/rm_msg_interfaces/share/rm_msg_interfaces/environment/ament_prefix_path.sh
[2.618s] -- Installing: /rm_version/install/rm_msg_interfaces/share/rm_msg_interfaces/environment/ament_prefix_path.dsv
[2.618s] -- Installing: /rm_version/install/rm_msg_interfaces/share/rm_msg_interfaces/environment/path.sh
[2.618s] -- Installing: /rm_version/install/rm_msg_interfaces/share/rm_msg_interfaces/environment/path.dsv
[2.618s] -- Installing: /rm_version/install/rm_msg_interfaces/share/rm_msg_interfaces/local_setup.bash
[2.618s] -- Installing: /rm_version/install/rm_msg_interfaces/share/rm_msg_interfaces/local_setup.sh
[2.618s] -- Installing: /rm_version/install/rm_msg_interfaces/share/rm_msg_interfaces/local_setup.zsh
[2.619s] -- Installing: /rm_version/install/rm_msg_interfaces/share/rm_msg_interfaces/local_setup.dsv
[2.619s] -- Installing: /rm_version/install/rm_msg_interfaces/share/rm_msg_interfaces/package.dsv
[2.619s] -- Installing: /rm_version/install/rm_msg_interfaces/share/ament_index/resource_index/packages/rm_msg_interfaces
[2.619s] -- Installing: /rm_version/install/rm_msg_interfaces/share/rm_msg_interfaces/cmake/export_rm_msg_interfaces__rosidl_generator_cExport.cmake
[2.619s] -- Installing: /rm_version/install/rm_msg_interfaces/share/rm_msg_interfaces/cmake/export_rm_msg_interfaces__rosidl_generator_cExport-noconfig.cmake
[2.619s] -- Installing: /rm_version/install/rm_msg_interfaces/share/rm_msg_interfaces/cmake/export_rm_msg_interfaces__rosidl_typesupport_fastrtps_cExport.cmake
[2.619s] -- Installing: /rm_version/install/rm_msg_interfaces/share/rm_msg_interfaces/cmake/export_rm_msg_interfaces__rosidl_typesupport_fastrtps_cExport-noconfig.cmake
[2.619s] -- Installing: /rm_version/install/rm_msg_interfaces/share/rm_msg_interfaces/cmake/rm_msg_interfaces__rosidl_typesupport_introspection_cExport.cmake
[2.619s] -- Installing: /rm_version/install/rm_msg_interfaces/share/rm_msg_interfaces/cmake/rm_msg_interfaces__rosidl_typesupport_introspection_cExport-noconfig.cmake
[2.620s] -- Installing: /rm_version/install/rm_msg_interfaces/share/rm_msg_interfaces/cmake/rm_msg_interfaces__rosidl_typesupport_cExport.cmake
[2.620s] -- Installing: /rm_version/install/rm_msg_interfaces/share/rm_msg_interfaces/cmake/rm_msg_interfaces__rosidl_typesupport_cExport-noconfig.cmake
[2.620s] -- Installing: /rm_version/install/rm_msg_interfaces/share/rm_msg_interfaces/cmake/export_rm_msg_interfaces__rosidl_generator_cppExport.cmake
[2.620s] -- Installing: /rm_version/install/rm_msg_interfaces/share/rm_msg_interfaces/cmake/export_rm_msg_interfaces__rosidl_typesupport_fastrtps_cppExport.cmake
[2.620s] -- Installing: /rm_version/install/rm_msg_interfaces/share/rm_msg_interfaces/cmake/export_rm_msg_interfaces__rosidl_typesupport_fastrtps_cppExport-noconfig.cmake
[2.620s] -- Installing: /rm_version/install/rm_msg_interfaces/share/rm_msg_interfaces/cmake/rm_msg_interfaces__rosidl_typesupport_introspection_cppExport.cmake
[2.620s] -- Installing: /rm_version/install/rm_msg_interfaces/share/rm_msg_interfaces/cmake/rm_msg_interfaces__rosidl_typesupport_introspection_cppExport-noconfig.cmake
[2.620s] -- Installing: /rm_version/install/rm_msg_interfaces/share/rm_msg_interfaces/cmake/rm_msg_interfaces__rosidl_typesupport_cppExport.cmake
[2.620s] -- Installing: /rm_version/install/rm_msg_interfaces/share/rm_msg_interfaces/cmake/rm_msg_interfaces__rosidl_typesupport_cppExport-noconfig.cmake
[2.620s] -- Installing: /rm_version/install/rm_msg_interfaces/share/rm_msg_interfaces/cmake/export_rm_msg_interfaces__rosidl_generator_pyExport.cmake
[2.620s] -- Installing: /rm_version/install/rm_msg_interfaces/share/rm_msg_interfaces/cmake/export_rm_msg_interfaces__rosidl_generator_pyExport-noconfig.cmake
[2.620s] -- Installing: /rm_version/install/rm_msg_interfaces/share/rm_msg_interfaces/cmake/rosidl_cmake-extras.cmake
[2.620s] -- Installing: /rm_version/install/rm_msg_interfaces/share/rm_msg_interfaces/cmake/ament_cmake_export_dependencies-extras.cmake
[2.620s] -- Installing: /rm_version/install/rm_msg_interfaces/share/rm_msg_interfaces/cmake/ament_cmake_export_include_directories-extras.cmake
[2.620s] -- Installing: /rm_version/install/rm_msg_interfaces/share/rm_msg_interfaces/cmake/ament_cmake_export_libraries-extras.cmake
[2.620s] -- Installing: /rm_version/install/rm_msg_interfaces/share/rm_msg_interfaces/cmake/ament_cmake_export_targets-extras.cmake
[2.620s] -- Installing: /rm_version/install/rm_msg_interfaces/share/rm_msg_interfaces/cmake/rosidl_cmake_export_typesupport_targets-extras.cmake
[2.620s] -- Installing: /rm_version/install/rm_msg_interfaces/share/rm_msg_interfaces/cmake/rosidl_cmake_export_typesupport_libraries-extras.cmake
[2.620s] -- Installing: /rm_version/install/rm_msg_interfaces/share/rm_msg_interfaces/cmake/rm_msg_interfacesConfig.cmake
[2.620s] -- Installing: /rm_version/install/rm_msg_interfaces/share/rm_msg_interfaces/cmake/rm_msg_interfacesConfig-version.cmake
[2.620s] -- Installing: /rm_version/install/rm_msg_interfaces/share/rm_msg_interfaces/package.xml
[2.622s] Invoked command in '/rm_version/build/rm_msg_interfaces' returned '0': CMAKE_PREFIX_PATH=${CMAKE_PREFIX_PATH}:/opt/ros/humble /usr/bin/cmake --install /rm_version/build/rm_msg_interfaces
